2022-01-07 10:10:39:693 - info: main : redis-connect-database = 0 : 49.50.172.145:6379
2022-01-07 10:10:39:699 - info: sub : redis-connect-database = 1 : 49.50.172.145:6379
2022-01-07 10:10:39:700 - info: connect sub redis : ["server_message"]
2022-01-07 10:10:39:703 - info: msg : redis-connect-database = 2 : 49.50.172.145:6379
2022-01-07 10:10:39:709 - info: mysql freemeta_com com db init : 49.50.172.145:3306
2022-01-07 10:10:39:709 - info: mysql freemeta_log log db init : 49.50.172.145:3306
2022-01-07 10:10:39:709 - info: mysql freemeta_msg msg db init : 49.50.172.145:3306
2022-01-07 10:10:39:726 - info: mysql freemeta_01 shard db init : 10.36.69.58:3306
2022-01-07 10:10:39:747 - info: load achievement reference table success !!
2022-01-07 10:10:39:953 - info: load character reference table success !!
2022-01-07 10:10:39:971 - info: load collection reference table success !!
2022-01-07 10:10:39:984 - info: load daily attendance reference table success !!
2022-01-07 10:10:40:032 - info: load item reference table success !!
2022-01-07 10:10:40:042 - info: load open world reference table success !!
2022-01-07 10:10:40:049 - info: load payment reference table success !!
2022-01-07 10:10:40:056 - info: load play world reference table success !!
2022-01-07 10:10:40:063 - info: load ranking reward reference table success !!
2022-01-07 10:10:40:101 - info: load reward reference table success !!
2022-01-07 10:10:40:108 - info: load reward_fishing reference table success !!
2022-01-07 10:10:40:115 - info: load system shop reference table success !!
2022-01-07 10:10:40:827 - info: 서버가 시작되었습니다. [port:30051]
2022-01-07 10:10:40:827 - info: try to start [freemeta game test mode server] : http://127.0.0.1:30051
2022-01-07 10:10:40:827 - info: packet status : packet status not recorded yet.
2022-01-07 10:10:40:851 - error: {"cmd":103,"login_id":"woongda","uuid":"woongda","version":"0.9.1","os_type":1,"login_type":0}
2022-01-07 10:10:40:851 - error: {"data":{"server_info":{"version":"0.9.1","inspect":0,"account":1,"login":1,"notice_page":"","inspect_page":"https://dev.freeblox.net/coupon","help_page":" ","time":1641517840,"timezone_offset":-32400}},"cmd":104,"status":-1023}
2022-01-07 10:10:40:851 - error: -1023
2022-01-07 10:10:40:982 - error: {"cmd":103,"login_id":"woongda2","uuid":"woongda2","version":"0.9.1","os_type":1,"login_type":0}
2022-01-07 10:10:40:982 - error: {"data":{"server_info":{"version":"0.9.1","inspect":0,"account":1,"login":1,"notice_page":"","inspect_page":"https://dev.freeblox.net/coupon","help_page":" ","time":1641517840,"timezone_offset":-32400}},"cmd":104,"status":-1023}
2022-01-07 10:10:40:982 - error: -1023
2022-01-07 10:10:41:100 - error: {"cmd":615,"aidx":69,"session":"95963991","collection_code":"0","seq":1}
2022-01-07 10:10:41:100 - error: {"data":{},"cmd":616,"status":-1078}
2022-01-07 10:10:41:100 - error: -1078
2022-01-07 10:10:41:106 - error: {"cmd":615,"aidx":69,"session":"95963991","collection_code":"1","seq":1}
2022-01-07 10:10:41:106 - error: {"data":{},"cmd":616,"status":-1078}
2022-01-07 10:10:41:106 - error: -1078
2022-01-07 10:10:41:111 - error: {"cmd":615,"aidx":69,"session":"95963991","collection_code":"2","seq":1}
2022-01-07 10:10:41:111 - error: {"data":{},"cmd":616,"status":-1078}
2022-01-07 10:10:41:112 - error: -1078
2022-01-07 10:10:41:116 - error: {"cmd":615,"aidx":69,"session":"95963991","collection_code":"3","seq":1}
2022-01-07 10:10:41:116 - error: {"data":{},"cmd":616,"status":-1078}
2022-01-07 10:10:41:117 - error: -1078
2022-01-07 10:10:41:122 - error: {"cmd":615,"aidx":69,"session":"95963991","collection_code":"4","seq":1}
2022-01-07 10:10:41:122 - error: {"data":{},"cmd":616,"status":-1078}
2022-01-07 10:10:41:122 - error: -1078
2022-01-07 10:10:41:128 - error: {"cmd":615,"aidx":69,"session":"95963991","collection_code":"5","seq":1}
2022-01-07 10:10:41:128 - error: {"data":{},"cmd":616,"status":-1078}
2022-01-07 10:10:41:128 - error: -1078
2022-01-07 10:10:41:136 - error: {"cmd":615,"aidx":69,"session":"95963991","collection_code":"6","seq":1}
2022-01-07 10:10:41:136 - error: {"data":{},"cmd":616,"status":-1078}
2022-01-07 10:10:41:136 - error: -1078
2022-01-07 10:10:41:141 - error: {"cmd":615,"aidx":69,"session":"95963991","collection_code":"7","seq":1}
2022-01-07 10:10:41:141 - error: {"data":{},"cmd":616,"status":-1078}
2022-01-07 10:10:41:141 - error: -1078
2022-01-07 10:10:41:146 - error: {"cmd":615,"aidx":69,"session":"95963991","collection_code":"8","seq":1}
2022-01-07 10:10:41:146 - error: {"data":{},"cmd":616,"status":-1078}
2022-01-07 10:10:41:146 - error: -1078
2022-01-07 10:10:41:151 - error: {"cmd":615,"aidx":69,"session":"95963991","collection_code":"9","seq":1}
2022-01-07 10:10:41:151 - error: {"data":{},"cmd":616,"status":-1078}
2022-01-07 10:10:41:151 - error: -1078
2022-01-07 10:10:41:157 - error: {"cmd":615,"aidx":69,"session":"95963991","collection_code":"10","seq":1}
2022-01-07 10:10:41:157 - error: {"data":{},"cmd":616,"status":-1078}
2022-01-07 10:10:41:157 - error: -1078
2022-01-07 10:10:41:162 - error: {"cmd":615,"aidx":69,"session":"95963991","collection_code":"11","seq":1}
2022-01-07 10:10:41:162 - error: {"data":{},"cmd":616,"status":-1078}
2022-01-07 10:10:41:162 - error: -1078
2022-01-07 10:10:41:167 - error: {"cmd":615,"aidx":69,"session":"95963991","collection_code":"12","seq":1}
2022-01-07 10:10:41:167 - error: {"data":{},"cmd":616,"status":-1078}
2022-01-07 10:10:41:167 - error: -1078
2022-01-07 10:10:41:172 - error: {"cmd":615,"aidx":69,"session":"95963991","collection_code":"13","seq":1}
2022-01-07 10:10:41:172 - error: {"data":{},"cmd":616,"status":-1078}
2022-01-07 10:10:41:172 - error: -1078
2022-01-07 10:10:41:177 - error: {"cmd":615,"aidx":69,"session":"95963991","collection_code":"14","seq":1}
2022-01-07 10:10:41:177 - error: {"data":{},"cmd":616,"status":-1078}
2022-01-07 10:10:41:177 - error: -1078
2022-01-07 10:10:41:182 - error: {"cmd":615,"aidx":69,"session":"95963991","collection_code":"15","seq":1}
2022-01-07 10:10:41:182 - error: {"data":{},"cmd":616,"status":-1078}
2022-01-07 10:10:41:182 - error: -1078
2022-01-07 10:10:41:187 - error: {"cmd":615,"aidx":69,"session":"95963991","collection_code":"16","seq":1}
2022-01-07 10:10:41:187 - error: {"data":{},"cmd":616,"status":-1078}
2022-01-07 10:10:41:187 - error: -1078
2022-01-07 10:10:41:191 - error: {"cmd":615,"aidx":69,"session":"95963991","collection_code":"17","seq":1}
2022-01-07 10:10:41:192 - error: {"data":{},"cmd":616,"status":-1078}
2022-01-07 10:10:41:192 - error: -1078
2022-01-07 10:10:41:196 - error: {"cmd":615,"aidx":69,"session":"95963991","collection_code":"18","seq":1}
2022-01-07 10:10:41:196 - error: {"data":{},"cmd":616,"status":-1078}
2022-01-07 10:10:41:196 - error: -1078
2022-01-07 10:10:41:201 - error: {"cmd":615,"aidx":69,"session":"95963991","collection_code":"19","seq":1}
2022-01-07 10:10:41:201 - error: {"data":{},"cmd":616,"status":-1078}
2022-01-07 10:10:41:201 - error: -1078
2022-01-07 10:10:41:206 - error: {"cmd":615,"aidx":69,"session":"95963991","collection_code":"20","seq":1}
2022-01-07 10:10:41:206 - error: {"data":{},"cmd":616,"status":-1078}
2022-01-07 10:10:41:206 - error: -1078
2022-01-07 10:10:41:211 - error: {"cmd":615,"aidx":69,"session":"95963991","collection_code":"21","seq":1}
2022-01-07 10:10:41:211 - error: {"data":{},"cmd":616,"status":-1078}
2022-01-07 10:10:41:211 - error: -1078
2022-01-07 10:10:41:216 - error: {"cmd":615,"aidx":69,"session":"95963991","collection_code":"22","seq":1}
2022-01-07 10:10:41:216 - error: {"data":{},"cmd":616,"status":-1078}
2022-01-07 10:10:41:216 - error: -1078
2022-01-07 10:10:41:231 - error: {"cmd":615,"aidx":69,"session":"95963991","collection_code":"23","seq":1}
2022-01-07 10:10:41:231 - error: {"data":{},"cmd":616,"status":-1078}
2022-01-07 10:10:41:231 - error: -1078
