2021-12-31 13:45:23:778 - info: main : redis-connect-database = 0 : 49.50.172.145:6379
2021-12-31 13:45:23:784 - info: connect sub redis : ["server_message"]
2021-12-31 13:45:23:784 - info: sub : redis-connect-database = 1 : 49.50.172.145:6379
2021-12-31 13:45:23:788 - info: msg : redis-connect-database = 2 : 49.50.172.145:6379
2021-12-31 13:45:23:791 - info: mysql freemeta_com com db init : 49.50.172.145:3306
2021-12-31 13:45:23:792 - info: mysql freemeta_log log db init : 49.50.172.145:3306
2021-12-31 13:45:23:792 - info: mysql freemeta_msg msg db init : 49.50.172.145:3306
2021-12-31 13:45:23:807 - info: mysql freemeta_01 shard db init : 10.36.69.58:3306
2021-12-31 13:45:23:828 - info: load achievement reference table success !!
2021-12-31 13:45:23:835 - info: load character reference table success !!
2021-12-31 13:45:23:857 - info: load collection reference table success !!
2021-12-31 13:45:23:864 - info: load daily attendance reference table success !!
2021-12-31 13:45:23:923 - info: load item reference table success !!
2021-12-31 13:45:23:943 - info: load open world reference table success !!
2021-12-31 13:45:23:956 - info: load payment reference table success !!
2021-12-31 13:45:23:967 - info: load play world reference table success !!
2021-12-31 13:45:23:980 - info: load ranking reward reference table success !!
2021-12-31 13:45:24:019 - info: load reward reference table success !!
2021-12-31 13:45:24:037 - info: load reward_fishing reference table success !!
2021-12-31 13:45:24:059 - info: load system shop reference table success !!
2021-12-31 13:45:24:476 - info: 서버가 시작되었습니다. [port:30051]
2021-12-31 13:45:24:480 - info: try to start [freemeta game test mode server] : http://127.0.0.1:30051
2021-12-31 13:45:24:480 - info: packet status : packet status not recorded yet.
2021-12-31 13:50:52:822 - error: {"cmd":615,"aidx":139,"session":"14101778","item_code":49910001,"seq":0}
2021-12-31 13:50:52:822 - error: {"data":{},"cmd":616,"status":-1022}
2021-12-31 13:50:52:822 - error: -1022
2021-12-31 13:50:52:825 - info: [game db pool] all : 2, wait : 0, acqu : 0, free : 2
2021-12-31 13:50:52:825 - info: [log db pool ] all : 1, wait : 0, acqu : 1, free : 0
2021-12-31 13:50:52:825 - info: [msg db pool ] all : 1, wait : 0, acqu : 0, free : 1
2021-12-31 13:50:52:825 - info: [shard db pool : [1] ] all : 1, wait : 0, acqu : 0, free : 1
2021-12-31 13:50:52:825 - info: packet status : {"103":{"cmd":103,"key":"login","call":1,"total":0,"max":0,"min":0,"average":0},"615":{"cmd":615,"key":"item_box_reward","call":1,"total":328,"max":328,"min":0,"average":328}}
2021-12-31 13:50:52:827 - error: >>>>>>>>>>>>>>> fail to start freemeta game server(port = 30051, err = Error: Client network socket disconnected before secure TLS connection was established)
2021-12-31 13:51:01:076 - info: server_message : ref_table_reload
2021-12-31 13:51:01:084 - info: load achievement reference table success !!
2021-12-31 13:51:01:101 - info: load character reference table success !!
2021-12-31 13:51:01:122 - info: load collection reference table success !!
2021-12-31 13:51:01:129 - info: load daily attendance reference table success !!
2021-12-31 13:51:01:182 - info: load item reference table success !!
2021-12-31 13:51:01:190 - info: load open world reference table success !!
2021-12-31 13:51:01:213 - info: load payment reference table success !!
2021-12-31 13:51:01:227 - info: load play world reference table success !!
2021-12-31 13:51:01:233 - info: load ranking reward reference table success !!
2021-12-31 13:51:01:250 - info: load reward reference table success !!
2021-12-31 13:51:01:257 - info: load reward_fishing reference table success !!
2021-12-31 13:51:01:262 - info: load system shop reference table success !!
2021-12-31 13:51:01:262 - info: ref table reload success
