2022-01-25 11:38:17:410 - info: main : redis-connect-database = 0 : 49.50.172.145:6379
2022-01-25 11:38:17:415 - info: sub : redis-connect-database = 1 : 49.50.172.145:6379
2022-01-25 11:38:17:416 - info: connect sub redis : ["server_message"]
2022-01-25 11:38:17:419 - info: msg : redis-connect-database = 2 : 49.50.172.145:6379
2022-01-25 11:38:17:423 - info: mysql freemeta_com com db init : 49.50.172.145:3306
2022-01-25 11:38:17:424 - info: mysql freemeta_log log db init : 49.50.172.145:3306
2022-01-25 11:38:17:424 - info: mysql freemeta_msg msg db init : 49.50.172.145:3306
2022-01-25 11:38:17:440 - info: mysql freemeta_01 shard db init : 10.36.69.58:3306
2022-01-25 11:38:17:464 - info: load achievement reference table success !!
2022-01-25 11:38:17:471 - info: load character reference table success !!
2022-01-25 11:38:17:497 - info: load collection reference table success !!
2022-01-25 11:38:17:504 - info: load daily attendance reference table success !!
2022-01-25 11:38:17:561 - info: load item reference table success !!
2022-01-25 11:38:17:571 - info: load open world reference table success !!
2022-01-25 11:38:17:579 - info: load payment reference table success !!
2022-01-25 11:38:17:586 - info: load play world reference table success !!
2022-01-25 11:38:17:594 - info: load ranking reward reference table success !!
2022-01-25 11:38:17:618 - info: load reward reference table success !!
2022-01-25 11:38:17:627 - info: load reward_fishing reference table success !!
2022-01-25 11:38:17:635 - info: load system shop reference table success !!
2022-01-25 11:38:18:143 - info: 서버가 시작되었습니다. [port:8080]
2022-01-25 11:38:18:144 - info: try to start [freemeta game server] : http://127.0.0.1:8080
2022-01-25 11:38:18:144 - info: packet status : packet status not recorded yet.
2022-01-25 11:38:50:312 - error: error cmd : 709 , err: TypeError: Cannot read property 'trans' of undefined
    at Object.exports.sharddb_transaction (C:\workspace\FM_DEV_NCloud\server\trunk\fm_node_server\game_server\db\mysql.js:222:25)
    at Object.exports.sharddb_transaction_my (C:\workspace\FM_DEV_NCloud\server\trunk\fm_node_server\game_server\db\mysql.js:218:15)
    at module.exports (C:\workspace\FM_DEV_NCloud\server\trunk\fm_node_server\game_server\game\handlers\collection_update.js:29:17)
    at processTicksAndRejections (internal/process/task_queues.js:93:5)
2022-01-25 11:38:50:312 - error: {"aidx":2,"session":"35979014","collection_code":101002,"seq":2,"cmd":709}
2022-01-25 11:38:50:313 - error: {"data":{},"cmd":710,"status":-103}
2022-01-25 11:38:50:313 - error: -103
2022-01-25 11:40:07:546 - error: error cmd : 709 , err: TypeError: Cannot read property 'trans' of undefined
    at Object.exports.sharddb_transaction (C:\workspace\FM_DEV_NCloud\server\trunk\fm_node_server\game_server\db\mysql.js:222:25)
    at Object.exports.sharddb_transaction_my (C:\workspace\FM_DEV_NCloud\server\trunk\fm_node_server\game_server\db\mysql.js:218:15)
    at module.exports (C:\workspace\FM_DEV_NCloud\server\trunk\fm_node_server\game_server\game\handlers\collection_update.js:29:17)
    at processTicksAndRejections (internal/process/task_queues.js:93:5)
2022-01-25 11:40:07:546 - error: {"aidx":2,"session":"88657445","collection_code":101002,"seq":2,"cmd":709}
2022-01-25 11:40:07:546 - error: {"data":{},"cmd":710,"status":-103}
2022-01-25 11:40:07:547 - error: -103
2022-01-25 11:41:06:825 - error: error cmd : 709 , err: TypeError: Cannot read property 'trans' of undefined
    at Object.exports.sharddb_transaction (C:\workspace\FM_DEV_NCloud\server\trunk\fm_node_server\game_server\db\mysql.js:222:25)
    at Object.exports.sharddb_transaction_my (C:\workspace\FM_DEV_NCloud\server\trunk\fm_node_server\game_server\db\mysql.js:218:15)
    at module.exports (C:\workspace\FM_DEV_NCloud\server\trunk\fm_node_server\game_server\game\handlers\collection_update.js:29:17)
    at processTicksAndRejections (internal/process/task_queues.js:93:5)
2022-01-25 11:41:06:825 - error: {"aidx":2,"session":"88657445","collection_code":101002,"seq":2,"cmd":709}
2022-01-25 11:41:06:825 - error: {"data":{},"cmd":710,"status":-103}
2022-01-25 11:41:06:825 - error: -103
