2022-01-14 14:06:42:912 - info: main : redis-connect-database = 0 : 49.50.172.145:6379
2022-01-14 14:06:42:918 - info: sub : redis-connect-database = 1 : 49.50.172.145:6379
2022-01-14 14:06:42:919 - info: connect sub redis : ["server_message"]
2022-01-14 14:06:42:922 - info: msg : redis-connect-database = 2 : 49.50.172.145:6379
2022-01-14 14:06:42:925 - info: mysql freemeta_com com db init : 49.50.172.145:3306
2022-01-14 14:06:42:926 - info: mysql freemeta_log log db init : 49.50.172.145:3306
2022-01-14 14:06:42:926 - info: mysql freemeta_msg msg db init : 49.50.172.145:3306
2022-01-14 14:06:42:941 - info: mysql freemeta_01 shard db init : 10.36.69.58:3306
2022-01-14 14:06:42:962 - info: load achievement reference table success !!
2022-01-14 14:06:42:968 - info: load character reference table success !!
2022-01-14 14:06:42:989 - info: load collection reference table success !!
2022-01-14 14:06:42:997 - info: load daily attendance reference table success !!
2022-01-14 14:06:43:041 - info: load item reference table success !!
2022-01-14 14:06:43:050 - info: load open world reference table success !!
2022-01-14 14:06:43:057 - info: load payment reference table success !!
2022-01-14 14:06:43:063 - info: load play world reference table success !!
2022-01-14 14:06:43:070 - info: load ranking reward reference table success !!
2022-01-14 14:06:43:091 - info: load reward reference table success !!
2022-01-14 14:06:43:099 - info: load reward_fishing reference table success !!
2022-01-14 14:06:43:106 - info: load system shop reference table success !!
2022-01-14 14:06:43:497 - info: 서버가 시작되었습니다. [port:30051]
2022-01-14 14:06:43:497 - info: try to start [freemeta game test mode server] : http://127.0.0.1:30051
2022-01-14 14:06:43:497 - info: packet status : packet status not recorded yet.
2022-01-14 14:06:43:524 - error: {"cmd":103,"login_id":"1642136803_0_26804_988712085","uuid":"1642136803_0_26804_988712085","version":"0.16.1","os_type":1,"login_type":1}
2022-01-14 14:06:43:524 - error: {"data":{"server_info":{"version":"0.16.1","inspect":0,"account":1,"login":1,"notice_page":"","inspect_page":"https://dev.freeblox.net/coupon","help_page":" ","time":1642136803,"timezone_offset":-32400}},"cmd":104,"status":-1023}
2022-01-14 14:06:43:524 - error: -1023
2022-01-14 14:06:43:586 - error: null
2022-01-14 14:06:43:639 - error: null
2022-01-14 14:06:43:670 - error: null
2022-01-14 14:06:43:700 - error: null
2022-01-14 14:06:43:716 - error: null
2022-01-14 14:06:43:732 - error: null
2022-01-14 14:06:43:748 - error: null
2022-01-14 14:06:43:764 - error: null
2022-01-14 14:06:43:780 - error: null
2022-01-14 14:06:43:796 - error: null
2022-01-14 14:06:43:808 - error: null
2022-01-14 14:06:43:825 - error: null
2022-01-14 14:06:43:840 - error: null
2022-01-14 14:06:43:857 - error: null
2022-01-14 14:06:43:875 - error: null
2022-01-14 14:06:43:890 - error: null
2022-01-14 14:06:43:908 - error: null
2022-01-14 14:06:43:922 - error: null
2022-01-14 14:06:43:938 - error: null
2022-01-14 14:06:43:952 - error: null
2022-01-14 14:06:43:970 - error: null
2022-01-14 14:06:43:987 - error: null
2022-01-14 14:06:44:004 - error: null
2022-01-14 14:06:44:020 - error: null
2022-01-14 14:06:44:031 - error: null
2022-01-14 14:06:44:048 - error: null
2022-01-14 14:06:44:066 - error: null
2022-01-14 14:06:44:085 - error: null
2022-01-14 14:06:44:100 - error: null
2022-01-14 14:06:44:115 - error: null
2022-01-14 14:06:44:131 - error: null
2022-01-14 14:06:44:142 - error: null
2022-01-14 14:06:44:158 - error: null
2022-01-14 14:06:44:173 - error: null
2022-01-14 14:06:44:190 - error: null
2022-01-14 14:06:44:208 - error: null
2022-01-14 14:06:44:225 - error: null
2022-01-14 14:06:44:239 - error: null
2022-01-14 14:06:44:250 - error: null
2022-01-14 14:06:44:267 - error: null
2022-01-14 14:06:44:282 - error: null
2022-01-14 14:06:44:298 - error: null
2022-01-14 14:06:44:315 - error: null
2022-01-14 14:06:44:331 - error: null
2022-01-14 14:06:44:346 - error: null
2022-01-14 14:06:44:356 - error: null
