2022-03-24 00:16:30:439 - info: main : redis-connect-database = 0 : 49.50.172.145:6379
2022-03-24 00:16:30:449 - info: msg : redis-connect-database = 2 : 49.50.172.145:6379
2022-03-24 00:16:30:453 - info: mysql freemeta_com com db init : 49.50.172.145:3306
2022-03-24 00:16:30:453 - info: mysql freemeta_log log db init : 49.50.172.145:3306
2022-03-24 00:16:30:453 - info: mysql freemeta_msg msg db init : 49.50.172.145:3306
2022-03-24 00:16:30:469 - info: mysql freemeta_01 shard db init : 10.36.69.58:3306
2022-03-24 00:16:30:492 - info: load achievement reference table success !!
2022-03-24 00:16:30:499 - info: load character reference table success !!
2022-03-24 00:16:30:526 - info: load collection reference table success !!
2022-03-24 00:16:30:533 - info: load daily attendance reference table success !!
2022-03-24 00:16:30:596 - info: load item reference table success !!
2022-03-24 00:16:30:606 - info: load open world reference table success !!
2022-03-24 00:16:30:614 - info: load payment reference table success !!
2022-03-24 00:16:30:635 - info: load play rank group reference table success !!
2022-03-24 00:16:30:643 - info: load play world reference table success !!
2022-03-24 00:16:30:650 - info: load ranking reward reference table success !!
2022-03-24 00:16:30:674 - info: load reward reference table success !!
2022-03-24 00:16:30:680 - info: load reward_fishing reference table success !!
2022-03-24 00:16:30:687 - info: load system shop reference table success !!
2022-03-24 00:16:31:347 - info: 서버가 시작되었습니다. [port:8080]
2022-03-24 00:16:31:347 - info: try to start [freemeta game server] : http://175.123.90.25:8080
2022-03-24 00:16:31:348 - info: packet status : packet status not recorded yet.
2022-03-24 00:16:30:445 - info: connect sub redis : ["server_message"]
2022-03-24 00:16:30:445 - info: sub : redis-connect-database = 1 : 49.50.172.145:6379
2022-03-24 00:17:17:301 - error: {"aidx":5,"session":"95939595","world_idx":187,"cmd":435}
2022-03-24 00:17:17:302 - error: {"data":{},"cmd":436,"status":-1112}
2022-03-24 00:17:17:302 - error: -1112
2022-03-24 00:19:15:533 - error: {"aidx":5,"session":"95939595","world_idx":187,"cmd":435}
2022-03-24 00:19:15:533 - error: {"data":{},"cmd":436,"status":-1112}
2022-03-24 00:19:15:533 - error: -1112
2022-03-24 00:19:33:228 - error: error cmd : 435 , err: TypeError: Cannot read property 'rank_reward_code' of undefined
    at Object.exports.get_rank_reward_code (C:\workspace\FM_DEV_NCloud\server\trunk\fm_node_server\game_server\reference\ref_play_rank_group.js:58:21)
    at module.exports (C:\workspace\FM_DEV_NCloud\server\trunk\fm_node_server\game_server\game\handlers\play_world_reward.js:56:50)
    at processTicksAndRejections (internal/process/task_queues.js:93:5)
2022-03-24 00:19:33:228 - error: {"aidx":5,"session":"95939595","world_idx":130,"cmd":435}
2022-03-24 00:19:33:228 - error: {"data":{},"cmd":436,"status":-103}
2022-03-24 00:19:33:229 - error: -103
2022-03-24 00:20:04:604 - error: error cmd : 435 , err: TypeError: Cannot read property 'rank_reward_code' of undefined
    at Object.exports.get_rank_reward_code (C:\workspace\FM_DEV_NCloud\server\trunk\fm_node_server\game_server\reference\ref_play_rank_group.js:58:21)
    at module.exports (C:\workspace\FM_DEV_NCloud\server\trunk\fm_node_server\game_server\game\handlers\play_world_reward.js:56:50)
    at processTicksAndRejections (internal/process/task_queues.js:93:5)
2022-03-24 00:20:04:604 - error: {"aidx":5,"session":"95939595","world_idx":130,"cmd":435}
2022-03-24 00:20:04:604 - error: {"data":{},"cmd":436,"status":-103}
2022-03-24 00:20:04:605 - error: -103
2022-03-24 00:21:03:134 - error: error cmd : 435 , err: TypeError: Cannot read property 'rank_reward_code' of undefined
    at Object.exports.get_rank_reward_code (C:\workspace\FM_DEV_NCloud\server\trunk\fm_node_server\game_server\reference\ref_play_rank_group.js:58:21)
    at module.exports (C:\workspace\FM_DEV_NCloud\server\trunk\fm_node_server\game_server\game\handlers\play_world_reward.js:56:50)
    at processTicksAndRejections (internal/process/task_queues.js:93:5)
2022-03-24 00:21:03:134 - error: {"aidx":5,"session":"95939595","world_idx":130,"cmd":435}
2022-03-24 00:21:03:134 - error: {"data":{},"cmd":436,"status":-103}
2022-03-24 00:21:03:135 - error: -103
2022-03-24 00:21:39:061 - info: [game db pool] all : 2, wait : 0, acqu : 0, free : 1
2022-03-24 00:21:39:061 - info: [log db pool ] all : 1, wait : 0, acqu : 0, free : 1
2022-03-24 00:21:39:062 - info: [msg db pool ] all : 0, wait : 0, acqu : 0, free : 0
2022-03-24 00:21:39:062 - info: [shard db pool : [1] ] all : 1, wait : 0, acqu : 0, free : 0
2022-03-24 00:21:39:062 - info: packet status : {"103":{"cmd":103,"key":"login","call":1,"total":0,"max":0,"min":0,"average":0},"435":{"cmd":435,"key":"play_world_reward","call":5,"total":154,"max":87,"min":0,"average":30.8}}
