2022-01-07 10:20:43:053 - info: main : redis-connect-database = 0 : 49.50.172.145:6379
2022-01-07 10:20:43:058 - info: sub : redis-connect-database = 1 : 49.50.172.145:6379
2022-01-07 10:20:43:059 - info: connect sub redis : ["server_message"]
2022-01-07 10:20:43:063 - info: msg : redis-connect-database = 2 : 49.50.172.145:6379
2022-01-07 10:20:43:066 - info: mysql freemeta_com com db init : 49.50.172.145:3306
2022-01-07 10:20:43:066 - info: mysql freemeta_log log db init : 49.50.172.145:3306
2022-01-07 10:20:43:066 - info: mysql freemeta_msg msg db init : 49.50.172.145:3306
2022-01-07 10:20:43:082 - info: mysql freemeta_01 shard db init : 10.36.69.58:3306
2022-01-07 10:20:43:105 - info: load achievement reference table success !!
2022-01-07 10:20:43:112 - info: load character reference table success !!
2022-01-07 10:20:43:125 - info: load collection reference table success !!
2022-01-07 10:20:43:133 - info: load daily attendance reference table success !!
2022-01-07 10:20:43:179 - info: load item reference table success !!
2022-01-07 10:20:43:193 - info: load open world reference table success !!
2022-01-07 10:20:43:201 - info: load payment reference table success !!
2022-01-07 10:20:43:209 - info: load play world reference table success !!
2022-01-07 10:20:43:216 - info: load ranking reward reference table success !!
2022-01-07 10:20:43:237 - info: load reward reference table success !!
2022-01-07 10:20:43:245 - info: load reward_fishing reference table success !!
2022-01-07 10:20:43:253 - info: load system shop reference table success !!
2022-01-07 10:20:43:595 - info: 서버가 시작되었습니다. [port:30051]
2022-01-07 10:20:43:595 - info: try to start [freemeta game test mode server] : http://127.0.0.1:30051
2022-01-07 10:20:43:595 - info: packet status : packet status not recorded yet.
2022-01-07 10:20:43:734 - error: {"cmd":615,"aidx":69,"session":"68285917","collection_code":101001,"seq":1}
2022-01-07 10:20:43:734 - error: {"data":{},"cmd":616,"status":-1081}
2022-01-07 10:20:43:734 - error: -1081
2022-01-07 10:20:43:745 - error: {"cmd":615,"aidx":69,"session":"68285917","collection_code":101002,"seq":1}
2022-01-07 10:20:43:746 - error: {"data":{},"cmd":616,"status":-1081}
2022-01-07 10:20:43:746 - error: -1081
2022-01-07 10:20:43:756 - error: {"cmd":615,"aidx":69,"session":"68285917","collection_code":101003,"seq":1}
2022-01-07 10:20:43:757 - error: {"data":{},"cmd":616,"status":-1081}
2022-01-07 10:20:43:757 - error: -1081
2022-01-07 10:20:43:768 - error: {"cmd":615,"aidx":69,"session":"68285917","collection_code":101004,"seq":1}
2022-01-07 10:20:43:768 - error: {"data":{},"cmd":616,"status":-1081}
2022-01-07 10:20:43:768 - error: -1081
2022-01-07 10:20:43:778 - error: {"cmd":615,"aidx":69,"session":"68285917","collection_code":101005,"seq":1}
2022-01-07 10:20:43:778 - error: {"data":{},"cmd":616,"status":-1081}
2022-01-07 10:20:43:779 - error: -1081
2022-01-07 10:20:43:789 - error: {"cmd":615,"aidx":69,"session":"68285917","collection_code":101006,"seq":1}
2022-01-07 10:20:43:789 - error: {"data":{},"cmd":616,"status":-1081}
2022-01-07 10:20:43:789 - error: -1081
2022-01-07 10:20:43:800 - error: {"cmd":615,"aidx":69,"session":"68285917","collection_code":101007,"seq":1}
2022-01-07 10:20:43:800 - error: {"data":{},"cmd":616,"status":-1081}
2022-01-07 10:20:43:800 - error: -1081
2022-01-07 10:20:43:811 - error: {"cmd":615,"aidx":69,"session":"68285917","collection_code":101008,"seq":1}
2022-01-07 10:20:43:811 - error: {"data":{},"cmd":616,"status":-1081}
2022-01-07 10:20:43:811 - error: -1081
2022-01-07 10:20:43:821 - error: {"cmd":615,"aidx":69,"session":"68285917","collection_code":101009,"seq":1}
2022-01-07 10:20:43:821 - error: {"data":{},"cmd":616,"status":-1081}
2022-01-07 10:20:43:821 - error: -1081
2022-01-07 10:20:43:831 - error: {"cmd":615,"aidx":69,"session":"68285917","collection_code":101010,"seq":1}
2022-01-07 10:20:43:832 - error: {"data":{},"cmd":616,"status":-1081}
2022-01-07 10:20:43:832 - error: -1081
2022-01-07 10:20:43:843 - error: {"cmd":615,"aidx":69,"session":"68285917","collection_code":101011,"seq":1}
2022-01-07 10:20:43:843 - error: {"data":{},"cmd":616,"status":-1081}
2022-01-07 10:20:43:843 - error: -1081
2022-01-07 10:20:43:853 - error: {"cmd":615,"aidx":69,"session":"68285917","collection_code":101012,"seq":1}
2022-01-07 10:20:43:854 - error: {"data":{},"cmd":616,"status":-1081}
2022-01-07 10:20:43:854 - error: -1081
2022-01-07 10:20:43:864 - error: {"cmd":615,"aidx":69,"session":"68285917","collection_code":101013,"seq":1}
2022-01-07 10:20:43:865 - error: {"data":{},"cmd":616,"status":-1081}
2022-01-07 10:20:43:865 - error: -1081
2022-01-07 10:20:43:875 - error: {"cmd":615,"aidx":69,"session":"68285917","collection_code":101014,"seq":1}
2022-01-07 10:20:43:875 - error: {"data":{},"cmd":616,"status":-1081}
2022-01-07 10:20:43:875 - error: -1081
2022-01-07 10:20:43:885 - error: {"cmd":615,"aidx":69,"session":"68285917","collection_code":101015,"seq":1}
2022-01-07 10:20:43:885 - error: {"data":{},"cmd":616,"status":-1081}
2022-01-07 10:20:43:885 - error: -1081
2022-01-07 10:20:43:897 - error: {"cmd":615,"aidx":69,"session":"68285917","collection_code":101016,"seq":1}
2022-01-07 10:20:43:897 - error: {"data":{},"cmd":616,"status":-1081}
2022-01-07 10:20:43:897 - error: -1081
2022-01-07 10:20:43:907 - error: {"cmd":615,"aidx":69,"session":"68285917","collection_code":101017,"seq":1}
2022-01-07 10:20:43:907 - error: {"data":{},"cmd":616,"status":-1081}
2022-01-07 10:20:43:908 - error: -1081
2022-01-07 10:20:43:918 - error: {"cmd":615,"aidx":69,"session":"68285917","collection_code":101018,"seq":1}
2022-01-07 10:20:43:918 - error: {"data":{},"cmd":616,"status":-1081}
2022-01-07 10:20:43:918 - error: -1081
2022-01-07 10:20:43:927 - error: {"cmd":615,"aidx":69,"session":"68285917","collection_code":101019,"seq":1}
2022-01-07 10:20:43:928 - error: {"data":{},"cmd":616,"status":-1081}
2022-01-07 10:20:43:928 - error: -1081
2022-01-07 10:20:43:939 - error: {"cmd":615,"aidx":69,"session":"68285917","collection_code":101020,"seq":1}
2022-01-07 10:20:43:939 - error: {"data":{},"cmd":616,"status":-1081}
2022-01-07 10:20:43:939 - error: -1081
2022-01-07 10:20:43:949 - error: {"cmd":615,"aidx":69,"session":"68285917","collection_code":101021,"seq":1}
2022-01-07 10:20:43:949 - error: {"data":{},"cmd":616,"status":-1081}
2022-01-07 10:20:43:949 - error: -1081
2022-01-07 10:20:43:960 - error: {"cmd":615,"aidx":69,"session":"68285917","collection_code":101022,"seq":1}
2022-01-07 10:20:43:960 - error: {"data":{},"cmd":616,"status":-1081}
2022-01-07 10:20:43:960 - error: -1081
2022-01-07 10:20:43:970 - error: {"cmd":615,"aidx":69,"session":"68285917","collection_code":101023,"seq":1}
2022-01-07 10:20:43:971 - error: {"data":{},"cmd":616,"status":-1081}
2022-01-07 10:20:43:971 - error: -1081
2022-01-07 10:20:43:981 - error: {"cmd":615,"aidx":69,"session":"68285917","collection_code":101024,"seq":1}
2022-01-07 10:20:43:981 - error: {"data":{},"cmd":616,"status":-1081}
2022-01-07 10:20:43:982 - error: -1081
