2022-01-25 13:21:07:565 - info: main : redis-connect-database = 0 : 49.50.172.145:6379
2022-01-25 13:21:07:570 - info: sub : redis-connect-database = 1 : 49.50.172.145:6379
2022-01-25 13:21:07:571 - info: connect sub redis : ["server_message"]
2022-01-25 13:21:07:574 - info: msg : redis-connect-database = 2 : 49.50.172.145:6379
2022-01-25 13:21:07:578 - info: mysql freemeta_com com db init : 49.50.172.145:3306
2022-01-25 13:21:07:578 - info: mysql freemeta_log log db init : 49.50.172.145:3306
2022-01-25 13:21:07:578 - info: mysql freemeta_msg msg db init : 49.50.172.145:3306
2022-01-25 13:21:07:594 - info: mysql freemeta_01 shard db init : 10.36.69.58:3306
2022-01-25 13:21:07:616 - info: load achievement reference table success !!
2022-01-25 13:21:07:624 - info: load character reference table success !!
2022-01-25 13:21:07:648 - info: load collection reference table success !!
2022-01-25 13:21:07:657 - info: load daily attendance reference table success !!
2022-01-25 13:21:07:714 - info: load item reference table success !!
2022-01-25 13:21:07:724 - info: load open world reference table success !!
2022-01-25 13:21:07:732 - info: load payment reference table success !!
2022-01-25 13:21:07:738 - info: load play world reference table success !!
2022-01-25 13:21:07:745 - info: load ranking reward reference table success !!
2022-01-25 13:21:07:770 - info: load reward reference table success !!
2022-01-25 13:21:07:778 - info: load reward_fishing reference table success !!
2022-01-25 13:21:07:785 - info: load system shop reference table success !!
2022-01-25 13:21:08:235 - info: 서버가 시작되었습니다. [port:8080]
2022-01-25 13:21:08:235 - info: try to start [freemeta game server] : http://127.0.0.1:8080
2022-01-25 13:21:08:235 - info: packet status : packet status not recorded yet.
2022-01-25 13:21:51:685 - info: load achievement reference table success !!
2022-01-25 13:21:51:707 - info: load character reference table success !!
2022-01-25 13:21:51:737 - info: load collection reference table success !!
2022-01-25 13:21:51:747 - info: load daily attendance reference table success !!
2022-01-25 13:21:51:807 - info: load item reference table success !!
2022-01-25 13:21:51:818 - info: load open world reference table success !!
2022-01-25 13:21:51:826 - info: load payment reference table success !!
2022-01-25 13:21:51:838 - info: load play world reference table success !!
2022-01-25 13:21:51:860 - info: load ranking reward reference table success !!
2022-01-25 13:21:51:889 - info: load reward reference table success !!
2022-01-25 13:21:51:897 - info: load reward_fishing reference table success !!
2022-01-25 13:21:51:906 - info: load system shop reference table success !!
2022-01-25 13:21:51:906 - info: ref table reload success
2022-01-25 13:22:26:214 - error: {"aidx":2,"session":"69386499","collection_code":101002,"seq":3,"cmd":709}
2022-01-25 13:22:26:215 - error: {"data":{},"cmd":710,"status":-1081}
2022-01-25 13:22:26:215 - error: -1081
2022-01-25 13:25:33:965 - error: {"aidx":2,"session":"69386499","collection_code":101002,"seq":6,"cmd":709}
2022-01-25 13:25:33:965 - error: {"data":{},"cmd":710,"status":-1078}
2022-01-25 13:25:33:965 - error: -1078
2022-01-25 13:25:47:406 - error: {"aidx":2,"session":"69386499","collection_code":101002,"seq":5,"cmd":709}
2022-01-25 13:25:47:406 - error: {"data":{},"cmd":710,"status":-1081}
2022-01-25 13:25:47:406 - error: -1081
2022-01-25 13:26:00:490 - error: error cmd : 709 , err: ReferenceError: inpu is not defined
    at module.exports (C:\workspace\FM_DEV_NCloud\server\trunk\fm_node_server\game_server\game\handlers\collection_update.js:31:81)
    at processTicksAndRejections (internal/process/task_queues.js:93:5)
2022-01-25 13:26:00:491 - error: {"aidx":2,"session":"69386499","collection_code":101003,"seq":5,"cmd":709}
2022-01-25 13:26:00:491 - error: {"data":{},"cmd":710,"status":-103}
2022-01-25 13:26:00:491 - error: -103
