2022-01-19 15:29:53:301 - info: main : redis-connect-database = 0 : 49.50.172.145:6379
2022-01-19 15:29:53:307 - info: sub : redis-connect-database = 1 : 49.50.172.145:6379
2022-01-19 15:29:53:308 - info: connect sub redis : ["server_message"]
2022-01-19 15:29:53:311 - info: msg : redis-connect-database = 2 : 49.50.172.145:6379
2022-01-19 15:29:53:314 - info: mysql freemeta_com com db init : 49.50.172.145:3306
2022-01-19 15:29:53:314 - info: mysql freemeta_log log db init : 49.50.172.145:3306
2022-01-19 15:29:53:314 - info: mysql freemeta_msg msg db init : 49.50.172.145:3306
2022-01-19 15:29:53:330 - info: mysql freemeta_01 shard db init : 10.36.69.58:3306
2022-01-19 15:29:53:352 - info: load achievement reference table success !!
2022-01-19 15:29:53:359 - info: load character reference table success !!
2022-01-19 15:29:53:383 - info: load collection reference table success !!
2022-01-19 15:29:53:389 - info: load daily attendance reference table success !!
2022-01-19 15:29:53:446 - info: load item reference table success !!
2022-01-19 15:29:53:456 - info: load open world reference table success !!
2022-01-19 15:29:53:465 - info: load payment reference table success !!
2022-01-19 15:29:53:471 - info: load play world reference table success !!
2022-01-19 15:29:53:481 - info: load ranking reward reference table success !!
2022-01-19 15:29:53:506 - info: load reward reference table success !!
2022-01-19 15:29:53:516 - info: load reward_fishing reference table success !!
2022-01-19 15:29:53:521 - info: load system shop reference table success !!
2022-01-19 15:29:53:868 - info: 서버가 시작되었습니다. [port:30051]
2022-01-19 15:29:53:869 - info: try to start [freemeta game server] : http://127.0.0.1:30051
2022-01-19 15:29:53:869 - info: packet status : packet status not recorded yet.
2022-01-19 15:34:53:329 - info: [game db pool] all : 2, wait : 0, acqu : 0, free : 2
2022-01-19 15:34:53:330 - info: [log db pool ] all : 1, wait : 0, acqu : 0, free : 1
2022-01-19 15:34:53:330 - info: [msg db pool ] all : 1, wait : 0, acqu : 0, free : 1
2022-01-19 15:34:53:330 - info: [shard db pool : [1] ] all : 1, wait : 0, acqu : 0, free : 1
2022-01-19 15:34:53:872 - info: packet status : {"103":{"cmd":103,"key":"login","call":1,"total":1,"max":1,"min":0,"average":1}}
2022-01-19 15:38:33:738 - error: {"aidx":5,"session":"45581186","avt_code":10000,"equip_list":[10101002,0,0,0,0,0,0,0,10201002,0,0,0,0,0,0,0,0,0,0,0,0,0,0,0,0,0,0,0,0,0],"cmd":105}
2022-01-19 15:38:33:739 - error: {"data":{},"cmd":106,"status":-110}
2022-01-19 15:38:33:739 - error: -110
2022-01-19 15:39:00:181 - error: {"aidx":5,"session":"68210645","avt_code":10000,"equip_list":[10101002,0,0,0,0,0,0,0,10201002,0,0,0,0,0,0,0,0,0,0,0,0,0,0,0,0,0,0,0,0,0],"cmd":105}
2022-01-19 15:39:00:182 - error: {"data":{},"cmd":106,"status":-1035}
2022-01-19 15:39:00:182 - error: -1035
2022-01-19 15:39:53:296 - info: main: redis pong
2022-01-19 15:39:53:297 - info: sub: redis pong
2022-01-19 15:39:53:299 - info: msg: redis pong
2022-01-19 15:39:53:324 - info: [game db pool] all : 2, wait : 0, acqu : 0, free : 2
2022-01-19 15:39:53:324 - info: [log db pool ] all : 1, wait : 0, acqu : 0, free : 1
2022-01-19 15:39:53:324 - info: [msg db pool ] all : 1, wait : 0, acqu : 0, free : 1
2022-01-19 15:39:53:324 - info: [shard db pool : [1] ] all : 1, wait : 0, acqu : 0, free : 1
2022-01-19 15:39:53:865 - info: packet status : {"103":{"cmd":103,"key":"login","call":3,"total":1,"max":1,"min":0,"average":0.3333333333333333},"105":{"cmd":105,"key":"avatar_register","call":3,"total":0,"max":0,"min":0,"average":0}}
2022-01-19 15:44:53:329 - info: [game db pool] all : 2, wait : 0, acqu : 0, free : 2
2022-01-19 15:44:53:329 - info: [log db pool ] all : 1, wait : 0, acqu : 0, free : 1
2022-01-19 15:44:53:329 - info: [msg db pool ] all : 1, wait : 0, acqu : 0, free : 1
2022-01-19 15:44:53:329 - info: [shard db pool : [1] ] all : 1, wait : 0, acqu : 0, free : 1
2022-01-19 15:44:53:872 - info: packet status : {"103":{"cmd":103,"key":"login","call":3,"total":1,"max":1,"min":0,"average":0.3333333333333333},"105":{"cmd":105,"key":"avatar_register","call":3,"total":0,"max":0,"min":0,"average":0}}
2022-01-19 15:48:52:022 - error: {"aidx":5,"session":"68210645","avt_idx":19,"cmd":109}
2022-01-19 15:48:52:022 - error: {"data":{},"cmd":110,"status":-1033}
2022-01-19 15:48:52:022 - error: -1033
2022-01-19 15:49:53:292 - info: main: redis pong
2022-01-19 15:49:53:293 - info: msg: redis pong
2022-01-19 15:49:53:335 - info: [game db pool] all : 2, wait : 0, acqu : 0, free : 2
2022-01-19 15:49:53:335 - info: [log db pool ] all : 1, wait : 0, acqu : 0, free : 1
2022-01-19 15:49:53:335 - info: [msg db pool ] all : 1, wait : 0, acqu : 0, free : 1
2022-01-19 15:49:53:335 - info: [shard db pool : [1] ] all : 1, wait : 0, acqu : 0, free : 1
2022-01-19 15:49:53:875 - info: packet status : {"103":{"cmd":103,"key":"login","call":3,"total":1,"max":1,"min":0,"average":0.3333333333333333},"105":{"cmd":105,"key":"avatar_register","call":3,"total":0,"max":0,"min":0,"average":0},"109":{"cmd":109,"key":"avatar_select","call":2,"total":0,"max":0,"min":0,"average":0}}
2022-01-19 15:49:53:293 - info: sub: redis pong
2022-01-19 15:53:59:269 - error: {"aidx":5,"session":"68210645","avt_idx":32,"cmd":109}
2022-01-19 15:53:59:270 - error: {"data":{},"cmd":110,"status":-1034}
2022-01-19 15:53:59:270 - error: -1034
