2022-03-14 15:44:47:875 - info: main : redis-connect-database = 0 : 49.50.172.145:6379
2022-03-14 15:44:47:882 - info: connect sub redis : ["server_message"]
2022-03-14 15:44:47:884 - info: msg : redis-connect-database = 2 : 49.50.172.145:6379
2022-03-14 15:44:47:889 - info: mysql freemeta_com com db init : 49.50.172.145:3306
2022-03-14 15:44:47:889 - info: mysql freemeta_log log db init : 49.50.172.145:3306
2022-03-14 15:44:47:889 - info: mysql freemeta_msg msg db init : 49.50.172.145:3306
2022-03-14 15:44:47:906 - info: mysql freemeta_01 shard db init : 10.36.69.58:3306
2022-03-14 15:44:47:930 - info: load achievement reference table success !!
2022-03-14 15:44:47:938 - info: load character reference table success !!
2022-03-14 15:44:47:964 - info: load collection reference table success !!
2022-03-14 15:44:47:972 - info: load daily attendance reference table success !!
2022-03-14 15:44:48:032 - info: load item reference table success !!
2022-03-14 15:44:48:044 - info: load open world reference table success !!
2022-03-14 15:44:48:052 - info: load payment reference table success !!
2022-03-14 15:44:48:060 - info: load play world reference table success !!
2022-03-14 15:44:48:067 - info: load ranking reward reference table success !!
2022-03-14 15:44:48:094 - info: load reward reference table success !!
2022-03-14 15:44:48:102 - info: load reward_fishing reference table success !!
2022-03-14 15:44:48:110 - info: load system shop reference table success !!
2022-03-14 15:44:48:583 - info: 서버가 시작되었습니다. [port:8080]
2022-03-14 15:44:48:584 - info: try to start [freemeta game server] : http://175.123.90.25:8080
2022-03-14 15:44:48:584 - info: packet status : packet status not recorded yet.
2022-03-14 15:44:51:077 - error: {"aidx":5,"session":"67705993","world_item_code":150403004,"world_item_local_id":15,"equip_item_idx":13,"target_obj":{"widx":242,"target_aidx":242,"world_code":2},"world_type":2,"cmd":419}
2022-03-14 15:44:51:077 - error: {"data":{},"cmd":420,"status":-1055}
2022-03-14 15:44:51:077 - error: -1055
2022-03-14 15:44:47:881 - info: sub : redis-connect-database = 1 : 49.50.172.145:6379
2022-03-14 15:45:09:043 - error: {"aidx":5,"session":"99516614","world_item_code":150403004,"world_item_local_id":15,"equip_item_idx":13,"target_obj":{"widx":242,"target_aidx":242,"world_code":2},"world_type":2,"cmd":419}
2022-03-14 15:45:09:043 - error: {"data":{},"cmd":420,"status":-1055}
2022-03-14 15:45:09:044 - error: -1055
2022-03-14 15:45:45:430 - error: {"aidx":5,"session":"99516614","world_item_code":150403004,"world_item_local_id":15,"equip_item_idx":14,"target_obj":{"widx":242,"target_aidx":242,"world_code":2},"world_type":2,"cmd":419}
2022-03-14 15:45:45:430 - error: {"data":{},"cmd":420,"status":-1055}
2022-03-14 15:45:45:430 - error: -1055
2022-03-14 15:46:08:025 - error: {"aidx":5,"session":"99516614","world_item_code":150403004,"world_item_local_id":15,"equip_item_idx":14,"target_obj":{"widx":242,"target_aidx":242,"world_code":2},"world_type":2,"cmd":419}
2022-03-14 15:46:08:025 - error: {"data":{},"cmd":420,"status":-1055}
2022-03-14 15:46:08:025 - error: -1055
2022-03-14 15:46:48:308 - error: {"aidx":5,"session":"99516614","world_item_code":150403004,"world_item_local_id":15,"equip_item_idx":14,"target_obj":{"widx":242,"target_aidx":242,"world_code":2},"world_type":2,"cmd":419}
2022-03-14 15:46:48:308 - error: {"data":{},"cmd":420,"status":-1055}
2022-03-14 15:46:48:308 - error: -1055
2022-03-14 15:47:28:194 - error: {"aidx":5,"session":"99516614","world_item_code":150403004,"world_item_local_id":15,"equip_item_idx":14,"target_obj":{"widx":242,"target_aidx":242,"world_code":2},"world_type":2,"cmd":419}
2022-03-14 15:47:28:194 - error: {"data":{},"cmd":420,"status":-1055}
2022-03-14 15:47:28:194 - error: -1055
2022-03-14 15:49:47:906 - info: [game db pool] all : 2, wait : 0, acqu : 0, free : 2
2022-03-14 15:49:47:906 - info: [log db pool ] all : 1, wait : 0, acqu : 0, free : 1
2022-03-14 15:49:47:906 - info: [msg db pool ] all : 0, wait : 0, acqu : 0, free : 0
2022-03-14 15:49:47:906 - info: [shard db pool : [1] ] all : 1, wait : 0, acqu : 0, free : 1
2022-03-14 15:49:48:580 - info: packet status : {"103":{"cmd":103,"key":"login","call":1,"total":0,"max":0,"min":0,"average":0},"419":{"cmd":419,"key":"world_map_reward_gather","call":12,"total":38,"max":17,"min":0,"average":3.1666666666666665}}
2022-03-14 15:54:47:870 - info: main: redis pong
2022-03-14 15:54:47:870 - info: sub: redis pong
2022-03-14 15:54:47:870 - info: msg: redis pong
2022-03-14 15:54:47:897 - info: [game db pool] all : 2, wait : 0, acqu : 0, free : 2
2022-03-14 15:54:47:897 - info: [log db pool ] all : 1, wait : 0, acqu : 0, free : 1
2022-03-14 15:54:47:897 - info: [msg db pool ] all : 0, wait : 0, acqu : 0, free : 0
2022-03-14 15:54:47:897 - info: [shard db pool : [1] ] all : 1, wait : 0, acqu : 0, free : 1
2022-03-14 15:54:48:576 - info: packet status : {"103":{"cmd":103,"key":"login","call":1,"total":0,"max":0,"min":0,"average":0},"419":{"cmd":419,"key":"world_map_reward_gather","call":12,"total":38,"max":17,"min":0,"average":3.1666666666666665}}
2022-03-14 15:59:47:904 - info: [game db pool] all : 2, wait : 0, acqu : 0, free : 2
2022-03-14 15:59:47:904 - info: [log db pool ] all : 1, wait : 0, acqu : 0, free : 1
2022-03-14 15:59:47:904 - info: [msg db pool ] all : 1, wait : 0, acqu : 0, free : 1
2022-03-14 15:59:47:904 - info: [shard db pool : [1] ] all : 1, wait : 0, acqu : 0, free : 1
2022-03-14 15:59:48:581 - info: packet status : {"103":{"cmd":103,"key":"login","call":4,"total":0,"max":0,"min":0,"average":0},"111":{"cmd":111,"key":"user_preview_list","call":4,"total":0,"max":0,"min":0,"average":0},"301":{"cmd":301,"key":"attendance_list","call":1,"total":0,"max":0,"min":0,"average":0},"305":{"cmd":305,"key":"mail_list","call":3,"total":0,"max":0,"min":0,"average":0},"327":{"cmd":327,"key":"payment_reward","call":3,"total":0,"max":0,"min":0,"average":0},"405":{"cmd":405,"key":"world_list","call":3,"total":0,"max":0,"min":0,"average":0},"419":{"cmd":419,"key":"world_map_reward_gather","call":12,"total":38,"max":17,"min":0,"average":3.1666666666666665},"423":{"cmd":423,"key":"gather_inven_list","call":1,"total":0,"max":0,"min":0,"average":0},"603":{"cmd":603,"key":"friend_list","call":3,"total":0,"max":0,"min":0,"average":0},"605":{"cmd":605,"key":"friend_following_list","call":3,"total":0,"max":0,"min":0,"average":0},"607":{"cmd":607,"key":"friend_follower_list","call":3,"total":0,"max":0,"min":0,"average":0},"615":{"cmd":615,"key":"friend_count","call":3,"total":0,"max":0,"min":0,"average":0},"631":{"cmd":631,"key":"notify","call":3,"total":0,"max":0,"min":0,"average":0},"701":{"cmd":701,"key":"achievement_list","call":3,"total":0,"max":0,"min":0,"average":0},"707":{"cmd":707,"key":"collection_list","call":3,"total":0,"max":0,"min":0,"average":0}}
2022-03-14 16:00:25:761 - error: {"login_id":"82dc10b676ee7483002bf5fdd38da3a4505a489802442e446ff76e67fa279847","uuid":"333","version":"0.12.1","os_type":1,"login_type":1,"cmd":103,"aidx":5,"session":"99516614"}
2022-03-14 16:00:25:761 - error: {"data":{"server_info":{"version":"0.12.1","inspect":0,"account":1,"login":1,"notice_page":"","inspect_page":"https://m.afreecatv.com/report/user/a/view/nBno/130404/szModel/web","help_page":"","time":1647241225,"timezone_offset":-32400}},"cmd":104,"status":-1023}
2022-03-14 16:00:25:761 - error: -1023
2022-03-14 16:00:59:235 - error: {"cmd":111,"aidx":6,"session":"81079994","user_list":[6]}
2022-03-14 16:00:59:235 - error: {"data":{},"cmd":112,"status":-111}
2022-03-14 16:00:59:235 - error: -111
2022-03-14 16:04:47:866 - info: main: redis pong
2022-03-14 16:04:47:866 - info: msg: redis pong
2022-03-14 16:04:47:866 - info: sub: redis pong
2022-03-14 16:04:47:909 - info: [game db pool] all : 2, wait : 0, acqu : 0, free : 2
2022-03-14 16:04:47:909 - info: [log db pool ] all : 1, wait : 0, acqu : 0, free : 1
2022-03-14 16:04:47:909 - info: [msg db pool ] all : 1, wait : 0, acqu : 0, free : 1
2022-03-14 16:04:47:909 - info: [shard db pool : [1] ] all : 1, wait : 0, acqu : 0, free : 1
2022-03-14 16:04:48:590 - info: packet status : {"103":{"cmd":103,"key":"login","call":9,"total":0,"max":0,"min":0,"average":0},"111":{"cmd":111,"key":"user_preview_list","call":13,"total":0,"max":0,"min":0,"average":0},"301":{"cmd":301,"key":"attendance_list","call":3,"total":0,"max":0,"min":0,"average":0},"305":{"cmd":305,"key":"mail_list","call":6,"total":0,"max":0,"min":0,"average":0},"327":{"cmd":327,"key":"payment_reward","call":6,"total":0,"max":0,"min":0,"average":0},"405":{"cmd":405,"key":"world_list","call":6,"total":0,"max":0,"min":0,"average":0},"419":{"cmd":419,"key":"world_map_reward_gather","call":12,"total":38,"max":17,"min":0,"average":3.1666666666666665},"423":{"cmd":423,"key":"gather_inven_list","call":4,"total":0,"max":0,"min":0,"average":0},"425":{"cmd":425,"key":"gather_inven_reward","call":1,"total":1,"max":1,"min":0,"average":1},"603":{"cmd":603,"key":"friend_list","call":6,"total":1,"max":1,"min":0,"average":0.16666666666666666},"605":{"cmd":605,"key":"friend_following_list","call":6,"total":0,"max":0,"min":0,"average":0},"607":{"cmd":607,"key":"friend_follower_list","call":6,"total":0,"max":0,"min":0,"average":0},"615":{"cmd":615,"key":"friend_count","call":6,"total":0,"max":0,"min":0,"average":0},"631":{"cmd":631,"key":"notify","call":6,"total":0,"max":0,"min":0,"average":0},"701":{"cmd":701,"key":"achievement_list","call":6,"total":0,"max":0,"min":0,"average":0},"707":{"cmd":707,"key":"collection_list","call":6,"total":0,"max":0,"min":0,"average":0}}
