2022-01-14 11:12:14:501 - info: main : redis-connect-database = 0 : 49.50.172.145:6379
2022-01-14 11:12:14:507 - info: connect sub redis : ["server_message"]
2022-01-14 11:12:14:508 - info: sub : redis-connect-database = 1 : 49.50.172.145:6379
2022-01-14 11:12:14:511 - info: msg : redis-connect-database = 2 : 49.50.172.145:6379
2022-01-14 11:12:14:514 - info: mysql freemeta_com com db init : 49.50.172.145:3306
2022-01-14 11:12:14:514 - info: mysql freemeta_log log db init : 49.50.172.145:3306
2022-01-14 11:12:14:515 - info: mysql freemeta_msg msg db init : 49.50.172.145:3306
2022-01-14 11:12:14:531 - info: mysql freemeta_01 shard db init : 10.36.69.58:3306
2022-01-14 11:12:14:554 - info: load achievement reference table success !!
2022-01-14 11:12:14:561 - info: load character reference table success !!
2022-01-14 11:12:14:582 - info: load collection reference table success !!
2022-01-14 11:12:14:591 - info: load daily attendance reference table success !!
2022-01-14 11:12:14:659 - info: load item reference table success !!
2022-01-14 11:12:14:670 - info: load open world reference table success !!
2022-01-14 11:12:14:678 - info: load payment reference table success !!
2022-01-14 11:12:14:684 - info: load play world reference table success !!
2022-01-14 11:12:14:691 - info: load ranking reward reference table success !!
2022-01-14 11:12:14:712 - info: load reward reference table success !!
2022-01-14 11:12:14:720 - info: load reward_fishing reference table success !!
2022-01-14 11:12:14:727 - info: load system shop reference table success !!
2022-01-14 11:12:15:124 - info: 서버가 시작되었습니다. [port:30051]
2022-01-14 11:12:15:124 - info: try to start [freemeta game test mode server] : http://127.0.0.1:30051
2022-01-14 11:12:15:124 - info: packet status : packet status not recorded yet.
2022-01-14 11:12:15:165 - error: {"cmd":103,"login_id":"1642126335_0_17964_349888727","uuid":"1642126335_0_17964_349888727","version":"0.16.1","os_type":1,"login_type":1}
2022-01-14 11:12:15:165 - error: {"data":{"server_info":{"version":"0.16.1","inspect":0,"account":1,"login":1,"notice_page":"","inspect_page":"https://dev.freeblox.net/coupon","help_page":" ","time":1642126335,"timezone_offset":-32400}},"cmd":104,"status":-1023}
2022-01-14 11:12:15:165 - error: -1023
2022-01-14 11:12:15:222 - error: null
2022-01-14 11:12:15:276 - error: null
2022-01-14 11:12:15:327 - error: null
2022-01-14 11:12:15:350 - error: null
2022-01-14 11:12:15:373 - error: null
2022-01-14 11:12:15:405 - error: null
2022-01-14 11:12:15:433 - error: null
2022-01-14 11:12:15:480 - error: null
2022-01-14 11:12:15:526 - error: null
2022-01-14 11:13:57:690 - error: null
2022-01-14 11:13:57:714 - error: {"cmd":107,"aidx":84,"session":"68247106","avt_idx":20,"equip_list":[{"eidx":0,"code":0},{"eidx":0,"code":0},{"eidx":0,"code":0},{"eidx":0,"code":0},{"eidx":0,"code":0},{"eidx":0,"code":0},{"eidx":0,"code":0},{"eidx":0,"code":0},{"eidx":0,"code":0},{"eidx":0,"code":0},{"eidx":0,"code":0},{"eidx":0,"code":0},{"eidx":0,"code":0},{"eidx":0,"code":0},{"eidx":0,"code":0},{"eidx":0,"code":0},{"eidx":0,"code":0},{"eidx":0,"code":0},{"eidx":0,"code":0},{"eidx":0,"code":0},{"eidx":0,"code":0},{"eidx":0,"code":0},{"eidx":0,"code":0},{"eidx":0,"code":0},{"eidx":0,"code":0},{"eidx":0,"code":0},{"eidx":0,"code":0},{"eidx":0,"code":0},{"eidx":0,"code":0},{"eidx":0,"code":0}]}
2022-01-14 11:13:57:714 - error: {"data":{},"cmd":108,"status":-1035}
2022-01-14 11:13:57:714 - error: -1035
2022-01-14 11:13:57:758 - error: null
2022-01-14 11:13:57:779 - error: null
2022-01-14 11:13:57:798 - error: >>>>>>>>>>>>>>> fail to start freemeta game server(port = 30051, err = TypeError: Cannot read property 'idx' of undefined)
