2022-01-06 11:28:48:615 - info: main : redis-connect-database = 0 : 49.50.172.145:6379
2022-01-06 11:28:48:621 - info: sub : redis-connect-database = 1 : 49.50.172.145:6379
2022-01-06 11:28:48:622 - info: connect sub redis : ["server_message"]
2022-01-06 11:28:48:626 - info: msg : redis-connect-database = 2 : 49.50.172.145:6379
2022-01-06 11:28:48:629 - info: mysql freemeta_com com db init : 49.50.172.145:3306
2022-01-06 11:28:48:629 - info: mysql freemeta_log log db init : 49.50.172.145:3306
2022-01-06 11:28:48:629 - info: mysql freemeta_msg msg db init : 49.50.172.145:3306
2022-01-06 11:28:48:644 - info: mysql freemeta_01 shard db init : 10.36.69.58:3306
2022-01-06 11:28:48:663 - info: load achievement reference table success !!
2022-01-06 11:28:48:669 - info: load character reference table success !!
2022-01-06 11:28:48:681 - info: load collection reference table success !!
2022-01-06 11:28:48:688 - info: load daily attendance reference table success !!
2022-01-06 11:28:48:735 - info: load item reference table success !!
2022-01-06 11:28:48:743 - info: load open world reference table success !!
2022-01-06 11:28:48:749 - info: load payment reference table success !!
2022-01-06 11:28:48:756 - info: load play world reference table success !!
2022-01-06 11:28:48:762 - info: load ranking reward reference table success !!
2022-01-06 11:28:48:780 - info: load reward reference table success !!
2022-01-06 11:28:48:787 - info: load reward_fishing reference table success !!
2022-01-06 11:28:48:794 - info: load system shop reference table success !!
2022-01-06 11:28:49:087 - info: 서버가 시작되었습니다. [port:30051]
2022-01-06 11:28:49:087 - info: try to start [freemeta game test mode server] : http://127.0.0.1:30051
2022-01-06 11:28:49:088 - info: packet status : packet status not recorded yet.
2022-01-06 11:33:48:647 - info: [game db pool] all : 2, wait : 0, acqu : 0, free : 2
2022-01-06 11:33:48:647 - info: [log db pool ] all : 1, wait : 0, acqu : 0, free : 1
2022-01-06 11:33:48:647 - info: [msg db pool ] all : 1, wait : 0, acqu : 0, free : 1
2022-01-06 11:33:48:648 - info: [shard db pool : [1] ] all : 1, wait : 0, acqu : 0, free : 1
2022-01-06 11:33:49:096 - info: packet status : {"103":{"cmd":103,"key":"login","call":2,"total":0,"max":0,"min":0,"average":0},"615":{"cmd":615,"key":"collection_list","call":1,"total":0,"max":0,"min":0,"average":0}}
2022-01-06 11:38:48:616 - info: main: redis pong
2022-01-06 11:38:48:619 - info: sub: redis pong
2022-01-06 11:38:48:621 - info: msg: redis pong
2022-01-06 11:38:48:660 - info: [game db pool] all : 2, wait : 0, acqu : 0, free : 2
2022-01-06 11:38:48:660 - info: [log db pool ] all : 1, wait : 0, acqu : 0, free : 1
2022-01-06 11:38:48:660 - info: [msg db pool ] all : 1, wait : 0, acqu : 0, free : 1
2022-01-06 11:38:48:660 - info: [shard db pool : [1] ] all : 1, wait : 0, acqu : 0, free : 1
2022-01-06 11:38:49:100 - info: packet status : {"103":{"cmd":103,"key":"login","call":2,"total":0,"max":0,"min":0,"average":0},"615":{"cmd":615,"key":"collection_list","call":1,"total":0,"max":0,"min":0,"average":0}}
2022-01-06 11:43:48:666 - info: [game db pool] all : 2, wait : 0, acqu : 0, free : 2
2022-01-06 11:43:48:666 - info: [log db pool ] all : 1, wait : 0, acqu : 0, free : 1
2022-01-06 11:43:48:666 - info: [msg db pool ] all : 1, wait : 0, acqu : 0, free : 1
2022-01-06 11:43:48:666 - info: [shard db pool : [1] ] all : 1, wait : 0, acqu : 0, free : 1
2022-01-06 11:43:49:102 - info: packet status : {"103":{"cmd":103,"key":"login","call":2,"total":0,"max":0,"min":0,"average":0},"615":{"cmd":615,"key":"collection_list","call":1,"total":0,"max":0,"min":0,"average":0}}
2022-01-06 11:48:48:612 - info: main: redis pong
2022-01-06 11:48:48:613 - info: msg: redis pong
2022-01-06 11:48:48:613 - info: sub: redis pong
2022-01-06 11:48:48:672 - info: [game db pool] all : 2, wait : 0, acqu : 0, free : 2
2022-01-06 11:48:48:672 - info: [log db pool ] all : 1, wait : 0, acqu : 0, free : 1
2022-01-06 11:48:48:673 - info: [msg db pool ] all : 1, wait : 0, acqu : 0, free : 1
2022-01-06 11:48:48:673 - info: [shard db pool : [1] ] all : 1, wait : 0, acqu : 0, free : 1
2022-01-06 11:48:49:106 - info: packet status : {"103":{"cmd":103,"key":"login","call":2,"total":0,"max":0,"min":0,"average":0},"615":{"cmd":615,"key":"collection_list","call":1,"total":0,"max":0,"min":0,"average":0}}
2022-01-06 11:53:48:679 - info: [game db pool] all : 2, wait : 0, acqu : 0, free : 2
2022-01-06 11:53:48:679 - info: [log db pool ] all : 1, wait : 0, acqu : 0, free : 1
2022-01-06 11:53:48:679 - info: [msg db pool ] all : 1, wait : 0, acqu : 0, free : 1
2022-01-06 11:53:48:679 - info: [shard db pool : [1] ] all : 1, wait : 0, acqu : 0, free : 1
2022-01-06 11:53:49:114 - info: packet status : {"103":{"cmd":103,"key":"login","call":2,"total":0,"max":0,"min":0,"average":0},"615":{"cmd":615,"key":"collection_list","call":1,"total":0,"max":0,"min":0,"average":0}}
2022-01-06 11:58:48:620 - info: main: redis pong
2022-01-06 11:58:48:620 - info: sub: redis pong
2022-01-06 11:58:48:620 - info: msg: redis pong
2022-01-06 11:58:48:681 - info: [game db pool] all : 2, wait : 0, acqu : 0, free : 2
2022-01-06 11:58:48:681 - info: [log db pool ] all : 1, wait : 0, acqu : 0, free : 1
2022-01-06 11:58:48:681 - info: [msg db pool ] all : 1, wait : 0, acqu : 0, free : 1
2022-01-06 11:58:48:681 - info: [shard db pool : [1] ] all : 1, wait : 0, acqu : 0, free : 1
2022-01-06 11:58:49:117 - info: packet status : {"103":{"cmd":103,"key":"login","call":2,"total":0,"max":0,"min":0,"average":0},"615":{"cmd":615,"key":"collection_list","call":1,"total":0,"max":0,"min":0,"average":0}}
