2022-03-14 13:36:52:296 - info: main : redis-connect-database = 0 : 49.50.172.145:6379
2022-03-14 13:36:52:302 - info: sub : redis-connect-database = 1 : 49.50.172.145:6379
2022-03-14 13:36:52:303 - info: connect sub redis : ["server_message"]
2022-03-14 13:36:52:306 - info: msg : redis-connect-database = 2 : 49.50.172.145:6379
2022-03-14 13:36:52:310 - info: mysql freemeta_com com db init : 49.50.172.145:3306
2022-03-14 13:36:52:310 - info: mysql freemeta_log log db init : 49.50.172.145:3306
2022-03-14 13:36:52:310 - info: mysql freemeta_msg msg db init : 49.50.172.145:3306
2022-03-14 13:36:52:326 - info: mysql freemeta_01 shard db init : 10.36.69.58:3306
2022-03-14 13:36:52:349 - info: load achievement reference table success !!
2022-03-14 13:36:52:355 - info: load character reference table success !!
2022-03-14 13:36:52:382 - info: load collection reference table success !!
2022-03-14 13:36:52:390 - info: load daily attendance reference table success !!
2022-03-14 13:36:52:451 - info: load item reference table success !!
2022-03-14 13:36:52:462 - info: load open world reference table success !!
2022-03-14 13:36:52:471 - info: load payment reference table success !!
2022-03-14 13:36:52:479 - info: load play world reference table success !!
2022-03-14 13:36:52:486 - info: load ranking reward reference table success !!
2022-03-14 13:36:52:510 - info: load reward reference table success !!
2022-03-14 13:36:52:518 - info: load reward_fishing reference table success !!
2022-03-14 13:36:52:525 - info: load system shop reference table success !!
2022-03-14 13:36:52:993 - info: 서버가 시작되었습니다. [port:8080]
2022-03-14 13:36:52:994 - info: try to start [freemeta game server] : http://175.123.90.25:8080
2022-03-14 13:36:52:994 - info: packet status : packet status not recorded yet.
2022-03-14 13:36:57:211 - error: {"aidx":5,"session":"15590111","world_type":2,"target_obj":{"widx":233,"world_code":0},"add_item_list":[{"code":150403004,"cnt":1}],"use_item_list":[],"delete_item_list":[],"cmd":407}
2022-03-14 13:36:57:211 - error: {"data":{},"cmd":408,"status":-1094}
2022-03-14 13:36:57:211 - error: -1094
2022-03-14 13:38:03:614 - error: {"aidx":5,"session":"15590111","world_type":2,"target_obj":{"widx":233,"world_code":0},"add_item_list":[{"code":150403004,"cnt":1}],"use_item_list":[],"delete_item_list":[],"cmd":407}
2022-03-14 13:38:03:615 - error: {"data":{},"cmd":408,"status":-1094}
2022-03-14 13:38:03:615 - error: -1094
2022-03-14 13:38:06:695 - error: {"aidx":5,"session":"15590111","world_type":2,"target_obj":{"widx":5,"world_code":0},"add_item_list":[{"code":150403004,"cnt":1}],"use_item_list":[],"delete_item_list":[],"cmd":407}
2022-03-14 13:38:06:695 - error: {"data":{},"cmd":408,"status":-1022}
2022-03-14 13:38:06:695 - error: -1022
2022-03-14 13:38:39:622 - error: {"aidx":5,"session":"10486003","world_type":2,"target_obj":{"widx":5,"world_code":0},"add_item_list":[{"code":150403004,"cnt":1}],"use_item_list":[],"delete_item_list":[],"cmd":407}
2022-03-14 13:38:39:623 - error: {"data":{},"cmd":408,"status":-1046}
2022-03-14 13:38:39:623 - error: -1046
2022-03-14 13:41:52:327 - info: [game db pool] all : 2, wait : 0, acqu : 0, free : 2
2022-03-14 13:41:52:327 - info: [log db pool ] all : 1, wait : 0, acqu : 0, free : 1
2022-03-14 13:41:52:327 - info: [msg db pool ] all : 0, wait : 0, acqu : 0, free : 0
2022-03-14 13:41:52:327 - info: [shard db pool : [1] ] all : 1, wait : 0, acqu : 0, free : 1
2022-03-14 13:41:53:005 - info: packet status : {"103":{"cmd":103,"key":"login","call":2,"total":0,"max":0,"min":0,"average":0},"407":{"cmd":407,"key":"world_data_update","call":4,"total":15,"max":15,"min":0,"average":3.75}}
2022-03-14 13:46:52:307 - info: main: redis pong
2022-03-14 13:46:52:308 - info: sub: redis pong
2022-03-14 13:46:52:308 - info: msg: redis pong
2022-03-14 13:46:52:335 - info: [game db pool] all : 2, wait : 0, acqu : 0, free : 2
2022-03-14 13:46:52:335 - info: [log db pool ] all : 1, wait : 0, acqu : 0, free : 1
2022-03-14 13:46:52:335 - info: [msg db pool ] all : 0, wait : 0, acqu : 0, free : 0
2022-03-14 13:46:52:335 - info: [shard db pool : [1] ] all : 1, wait : 0, acqu : 0, free : 1
2022-03-14 13:46:53:014 - info: packet status : {"103":{"cmd":103,"key":"login","call":2,"total":0,"max":0,"min":0,"average":0},"407":{"cmd":407,"key":"world_data_update","call":4,"total":15,"max":15,"min":0,"average":3.75}}
2022-03-14 13:51:52:343 - info: [game db pool] all : 2, wait : 0, acqu : 0, free : 2
2022-03-14 13:51:52:343 - info: [log db pool ] all : 1, wait : 0, acqu : 0, free : 1
2022-03-14 13:51:52:343 - info: [msg db pool ] all : 0, wait : 0, acqu : 0, free : 0
2022-03-14 13:51:52:343 - info: [shard db pool : [1] ] all : 1, wait : 0, acqu : 0, free : 1
2022-03-14 13:51:53:021 - info: packet status : {"103":{"cmd":103,"key":"login","call":2,"total":0,"max":0,"min":0,"average":0},"407":{"cmd":407,"key":"world_data_update","call":4,"total":15,"max":15,"min":0,"average":3.75}}
2022-03-14 13:56:52:312 - info: main: redis pong
2022-03-14 13:56:52:312 - info: sub: redis pong
2022-03-14 13:56:52:313 - info: msg: redis pong
2022-03-14 13:56:52:355 - info: [game db pool] all : 2, wait : 0, acqu : 0, free : 2
2022-03-14 13:56:52:355 - info: [log db pool ] all : 1, wait : 0, acqu : 0, free : 1
2022-03-14 13:56:52:355 - info: [msg db pool ] all : 0, wait : 0, acqu : 0, free : 0
2022-03-14 13:56:52:355 - info: [shard db pool : [1] ] all : 1, wait : 0, acqu : 0, free : 1
2022-03-14 13:56:53:035 - info: packet status : {"103":{"cmd":103,"key":"login","call":2,"total":0,"max":0,"min":0,"average":0},"407":{"cmd":407,"key":"world_data_update","call":4,"total":15,"max":15,"min":0,"average":3.75}}
2022-03-14 14:01:52:355 - info: [game db pool] all : 2, wait : 0, acqu : 0, free : 2
2022-03-14 14:01:52:355 - info: [log db pool ] all : 1, wait : 0, acqu : 0, free : 1
2022-03-14 14:01:52:355 - info: [msg db pool ] all : 0, wait : 0, acqu : 0, free : 0
2022-03-14 14:01:52:355 - info: [shard db pool : [1] ] all : 1, wait : 0, acqu : 0, free : 1
2022-03-14 14:01:53:034 - info: packet status : {"103":{"cmd":103,"key":"login","call":2,"total":0,"max":0,"min":0,"average":0},"407":{"cmd":407,"key":"world_data_update","call":4,"total":15,"max":15,"min":0,"average":3.75}}
2022-03-14 14:06:52:308 - info: main: redis pong
2022-03-14 14:06:52:309 - info: msg: redis pong
2022-03-14 14:06:52:309 - info: sub: redis pong
2022-03-14 14:06:52:352 - info: [game db pool] all : 2, wait : 0, acqu : 0, free : 2
2022-03-14 14:06:52:352 - info: [log db pool ] all : 1, wait : 0, acqu : 0, free : 1
2022-03-14 14:06:52:352 - info: [msg db pool ] all : 0, wait : 0, acqu : 0, free : 0
2022-03-14 14:06:52:353 - info: [shard db pool : [1] ] all : 1, wait : 0, acqu : 0, free : 1
2022-03-14 14:06:53:029 - info: packet status : {"103":{"cmd":103,"key":"login","call":2,"total":0,"max":0,"min":0,"average":0},"407":{"cmd":407,"key":"world_data_update","call":4,"total":15,"max":15,"min":0,"average":3.75}}
2022-03-14 14:11:52:354 - info: [game db pool] all : 2, wait : 0, acqu : 0, free : 2
2022-03-14 14:11:52:354 - info: [log db pool ] all : 1, wait : 0, acqu : 0, free : 1
2022-03-14 14:11:52:354 - info: [msg db pool ] all : 0, wait : 0, acqu : 0, free : 0
2022-03-14 14:11:52:354 - info: [shard db pool : [1] ] all : 1, wait : 0, acqu : 0, free : 1
2022-03-14 14:11:53:031 - info: packet status : {"103":{"cmd":103,"key":"login","call":2,"total":0,"max":0,"min":0,"average":0},"407":{"cmd":407,"key":"world_data_update","call":4,"total":15,"max":15,"min":0,"average":3.75}}
2022-03-14 14:12:51:800 - error: {"aidx":5,"session":"10486003","world_type":2,"target_obj":{"widx":5,"world_code":0},"add_item_list":[{"code":150403004,"cnt":1}],"use_item_list":[],"delete_item_list":[],"cmd":407}
2022-03-14 14:12:51:801 - error: {"data":{},"cmd":408,"status":-1046}
2022-03-14 14:12:51:801 - error: -1046
2022-03-14 14:13:24:064 - error: {"aidx":242,"session":"15127297","world_type":2,"target_obj":{"widx":242,"world_code":0},"add_item_list":[{"code":150403004,"cnt":1}],"use_item_list":[],"delete_item_list":[],"cmd":407}
2022-03-14 14:13:24:064 - error: {"data":{},"cmd":408,"status":-1022}
2022-03-14 14:13:24:065 - error: -1022
2022-03-14 14:13:53:403 - error: {"aidx":242,"session":"62734340","world_type":2,"target_obj":{"widx":242,"world_code":0},"add_item_list":[{"code":150403004,"cnt":1}],"use_item_list":[],"delete_item_list":[],"cmd":407}
2022-03-14 14:13:53:403 - error: {"data":{},"cmd":408,"status":-1022}
2022-03-14 14:13:53:403 - error: -1022
2022-03-14 14:16:40:803 - error: {"aidx":242,"session":"62734340","world_type":2,"target_obj":{"widx":242,"world_code":0},"add_item_list":[{"code":150403004,"cnt":1}],"use_item_list":[],"delete_item_list":[],"cmd":407}
2022-03-14 14:16:40:803 - error: {"data":{},"cmd":408,"status":-1022}
2022-03-14 14:16:40:803 - error: -1022
