2022-05-04 13:49:11:877 - info: main : redis-connect-database = 0 : 49.50.172.145:6379
2022-05-04 13:49:11:890 - info: msg : redis-connect-database = 2 : 49.50.172.145:6379
2022-05-04 13:49:11:894 - info: mysql freemeta_com com db init : 49.50.172.145:3306
2022-05-04 13:49:11:895 - info: mysql freemeta_log log db init : 49.50.172.145:3306
2022-05-04 13:49:11:895 - info: mysql freemeta_msg msg db init : 49.50.172.145:3306
2022-05-04 13:49:11:911 - info: mysql freemeta_01 shard db init : 10.36.69.58:3306
2022-05-04 13:49:11:936 - info: load achievement reference table success !!
2022-05-04 13:49:11:943 - info: load character reference table success !!
2022-05-04 13:49:11:976 - info: load collection reference table success !!
2022-05-04 13:49:11:983 - info: load daily attendance reference table success !!
2022-05-04 13:49:11:992 - info: load system shop reference table success !!
2022-05-04 13:49:12:056 - info: load item reference table success !!
2022-05-04 13:49:12:064 - info: load open world reference table success !!
2022-05-04 13:49:12:071 - info: load payment reference table success !!
2022-05-04 13:49:12:094 - info: load play rank group reference table success !!
2022-05-04 13:49:12:102 - info: load play world reference table success !!
2022-05-04 13:49:12:110 - info: load ranking reward reference table success !!
2022-05-04 13:49:12:139 - info: load reward reference table success !!
2022-05-04 13:49:12:149 - info: load reward_fishing reference table success !!
2022-05-04 13:49:12:156 - info: load system shop reference table success !!
2022-05-04 13:49:12:763 - info: 서버가 시작되었습니다. [port:8080]
2022-05-04 13:49:12:764 - info: try to start [freemeta game server] : http://127.0.0.1:8080
2022-05-04 13:49:12:764 - info: packet status : packet status not recorded yet.
2022-05-04 13:49:11:886 - info: sub : redis-connect-database = 1 : 49.50.172.145:6379
2022-05-04 13:49:11:887 - info: connect sub redis : ["server_message"]
2022-05-04 13:54:11:920 - info: [game db pool] all : 2, wait : 0, acqu : 0, free : 2
2022-05-04 13:54:11:920 - info: [log db pool ] all : 1, wait : 0, acqu : 0, free : 1
2022-05-04 13:54:11:920 - info: [msg db pool ] all : 0, wait : 0, acqu : 0, free : 0
2022-05-04 13:54:11:920 - info: [shard db pool : [1] ] all : 1, wait : 0, acqu : 0, free : 1
2022-05-04 13:54:12:776 - info: packet status : {"103":{"cmd":103,"key":"login","call":1,"total":0,"max":0,"min":0,"average":0}}
2022-05-04 13:59:11:890 - info: main: redis pong
2022-05-04 13:59:11:891 - info: sub: redis pong
2022-05-04 13:59:11:891 - info: msg: redis pong
2022-05-04 13:59:11:918 - info: [game db pool] all : 2, wait : 0, acqu : 0, free : 2
2022-05-04 13:59:11:918 - info: [log db pool ] all : 1, wait : 0, acqu : 0, free : 1
2022-05-04 13:59:11:919 - info: [msg db pool ] all : 0, wait : 0, acqu : 0, free : 0
2022-05-04 13:59:11:919 - info: [shard db pool : [1] ] all : 1, wait : 0, acqu : 0, free : 1
2022-05-04 13:59:12:779 - info: packet status : {"103":{"cmd":103,"key":"login","call":1,"total":0,"max":0,"min":0,"average":0}}
2022-05-04 14:04:11:925 - info: [game db pool] all : 2, wait : 0, acqu : 0, free : 2
2022-05-04 14:04:11:925 - info: [log db pool ] all : 1, wait : 0, acqu : 0, free : 1
2022-05-04 14:04:11:925 - info: [msg db pool ] all : 0, wait : 0, acqu : 0, free : 0
2022-05-04 14:04:11:925 - info: [shard db pool : [1] ] all : 1, wait : 0, acqu : 0, free : 1
2022-05-04 14:04:12:774 - info: packet status : {"103":{"cmd":103,"key":"login","call":1,"total":0,"max":0,"min":0,"average":0}}
2022-05-04 14:07:01:946 - error: {"aidx":5,"session":"47120472","world_code":500101009,"monster_item_code":540101001,"monster_local_id":1,"cmd":467,"client_ip":"127.0.0.1"}
2022-05-04 14:07:01:946 - error: {"data":{},"cmd":468,"status":-1050}
2022-05-04 14:07:01:946 - error: -1050
2022-05-04 14:09:11:887 - info: main: redis pong
2022-05-04 14:09:11:887 - info: sub: redis pong
2022-05-04 14:09:11:887 - info: msg: redis pong
2022-05-04 14:09:11:930 - info: [game db pool] all : 2, wait : 0, acqu : 0, free : 2
2022-05-04 14:09:11:930 - info: [log db pool ] all : 1, wait : 0, acqu : 0, free : 1
2022-05-04 14:09:11:931 - info: [msg db pool ] all : 0, wait : 0, acqu : 0, free : 0
2022-05-04 14:09:11:931 - info: [shard db pool : [1] ] all : 1, wait : 0, acqu : 0, free : 1
2022-05-04 14:09:12:773 - info: packet status : {"103":{"cmd":103,"key":"login","call":2,"total":0,"max":0,"min":0,"average":0},"467":{"cmd":467,"key":"world_map_reward_hunting","call":1,"total":29,"max":29,"min":0,"average":29}}
