2022-01-26 17:16:10:135 - info: main : redis-connect-database = 0 : 49.50.172.145:6379
2022-01-26 17:16:10:150 - info: connect sub redis : ["server_message"]
2022-01-26 17:16:10:150 - info: sub : redis-connect-database = 1 : 49.50.172.145:6379
2022-01-26 17:16:10:160 - info: msg : redis-connect-database = 2 : 49.50.172.145:6379
2022-01-26 17:16:10:165 - info: mysql freemeta_com com db init : 49.50.172.145:3306
2022-01-26 17:16:10:165 - info: mysql freemeta_log log db init : 49.50.172.145:3306
2022-01-26 17:16:10:165 - info: mysql freemeta_msg msg db init : 49.50.172.145:3306
2022-01-26 17:16:10:190 - info: mysql freemeta_01 shard db init : 10.36.69.58:3306
2022-01-26 17:16:10:219 - info: load achievement reference table success !!
2022-01-26 17:16:10:227 - info: load character reference table success !!
2022-01-26 17:16:10:251 - info: load collection reference table success !!
2022-01-26 17:16:10:259 - info: load daily attendance reference table success !!
2022-01-26 17:16:10:318 - info: load item reference table success !!
2022-01-26 17:16:10:328 - info: load open world reference table success !!
2022-01-26 17:16:10:336 - info: load payment reference table success !!
2022-01-26 17:16:10:343 - info: load play world reference table success !!
2022-01-26 17:16:10:350 - info: load ranking reward reference table success !!
2022-01-26 17:16:10:375 - info: load reward reference table success !!
2022-01-26 17:16:10:383 - info: load reward_fishing reference table success !!
2022-01-26 17:16:10:390 - info: load system shop reference table success !!
2022-01-26 17:16:10:850 - info: 서버가 시작되었습니다. [port:8080]
2022-01-26 17:16:10:850 - info: try to start [freemeta game server] : http://127.0.0.1:8080
2022-01-26 17:16:10:850 - info: packet status : packet status not recorded yet.
2022-01-26 17:16:47:070 - error: error cmd : 103 , err: TypeError: Cannot destructure property `opt` of 'undefined' or 'null'.
    at module.exports (C:\workspace\FM_DEV_NCloud\server\trunk\fm_node_server\game_server\game\handlers\login.js:68:11)
    at processTicksAndRejections (internal/process/task_queues.js:93:5)
2022-01-26 17:16:47:071 - error: {"login_id":"woongda","uuid":"woongda","version":"0.18.1","os_type":1,"login_type":0,"cmd":103,"aidx":75,"session":"49782077"}
2022-01-26 17:16:47:071 - error: {"data":{},"cmd":104,"status":-103}
2022-01-26 17:16:47:071 - error: -103
2022-01-26 17:17:02:650 - error: {"login_id":"fd576a3960244dac8b74660734a4e8fdd8fa9f725d7216e1cbd104855a8534e9","uuid":"woongda","version":"0.18.1","os_type":1,"login_type":1,"cmd":103,"aidx":75,"session":"49782077"}
2022-01-26 17:17:02:651 - error: {"data":{"server_info":{"version":"0.18.1","inspect":0,"account":1,"login":1,"notice_page":"","inspect_page":"http://dev.fm001.net/coupon","help_page":" ","time":1643185022,"timezone_offset":-32400}},"cmd":104,"status":-1023}
2022-01-26 17:17:02:651 - error: -1023
2022-01-26 17:17:24:526 - error: error cmd : 103 , err: TypeError: Cannot destructure property `opt` of 'undefined' or 'null'.
    at module.exports (C:\workspace\FM_DEV_NCloud\server\trunk\fm_node_server\game_server\game\handlers\login.js:68:11)
    at processTicksAndRejections (internal/process/task_queues.js:93:5)
2022-01-26 17:17:24:526 - error: {"login_id":"woongda","uuid":"woongda","version":"0.18.1","os_type":1,"login_type":0,"cmd":103,"aidx":75,"session":"49782077"}
2022-01-26 17:17:24:526 - error: {"data":{},"cmd":104,"status":-103}
2022-01-26 17:17:24:526 - error: -103
2022-01-26 17:18:33:409 - error: error cmd : 103 , err: TypeError: Cannot destructure property `opt` of 'undefined' or 'null'.
    at module.exports (C:\workspace\FM_DEV_NCloud\server\trunk\fm_node_server\game_server\game\handlers\login.js:68:11)
    at processTicksAndRejections (internal/process/task_queues.js:93:5)
2022-01-26 17:18:33:410 - error: {"login_id":"woongda","uuid":"woongda","version":"0.18.1","os_type":1,"login_type":0,"cmd":103,"aidx":75,"session":"49782077"}
2022-01-26 17:18:33:410 - error: {"data":{},"cmd":104,"status":-103}
2022-01-26 17:18:33:410 - error: -103
2022-01-26 17:19:48:256 - error: error cmd : 103 , err: TypeError: Cannot destructure property `opt` of 'undefined' or 'null'.
    at module.exports (C:\workspace\FM_DEV_NCloud\server\trunk\fm_node_server\game_server\game\handlers\login.js:68:11)
    at processTicksAndRejections (internal/process/task_queues.js:93:5)
2022-01-26 17:19:48:256 - error: {"login_id":"woongda","uuid":"woongda","version":"0.18.1","os_type":1,"login_type":0,"cmd":103,"aidx":75,"session":"49782077"}
2022-01-26 17:19:48:256 - error: {"data":{},"cmd":104,"status":-103}
2022-01-26 17:19:48:256 - error: -103
2022-01-26 17:19:49:254 - error: error cmd : 103 , err: TypeError: Cannot destructure property `opt` of 'undefined' or 'null'.
    at module.exports (C:\workspace\FM_DEV_NCloud\server\trunk\fm_node_server\game_server\game\handlers\login.js:68:11)
    at processTicksAndRejections (internal/process/task_queues.js:93:5)
2022-01-26 17:19:49:254 - error: {"login_id":"woongda","uuid":"woongda","version":"0.18.1","os_type":1,"login_type":0,"cmd":103,"aidx":75,"session":"49782077"}
2022-01-26 17:19:49:254 - error: {"data":{},"cmd":104,"status":-103}
2022-01-26 17:19:49:255 - error: -103
2022-01-26 17:19:54:926 - error: {"login_id":"fd576a3960244dac8b74660734a4e8fdd8fa9f725d7216e1cbd104855a8534e9","uuid":"woongda","version":"0.18.1","os_type":1,"login_type":1,"cmd":103,"aidx":75,"session":"49782077"}
2022-01-26 17:19:54:926 - error: {"data":{"server_info":{"version":"0.18.1","inspect":0,"account":1,"login":1,"notice_page":"","inspect_page":"http://dev.fm001.net/coupon","help_page":" ","time":1643185194,"timezone_offset":-32400}},"cmd":104,"status":-1023}
2022-01-26 17:19:54:926 - error: -1023
2022-01-26 17:21:12:607 - info: [game db pool] all : 2, wait : 0, acqu : 0, free : 2
2022-01-26 17:21:12:607 - info: [log db pool ] all : 1, wait : 0, acqu : 0, free : 1
2022-01-26 17:21:12:607 - info: [msg db pool ] all : 1, wait : 0, acqu : 0, free : 1
2022-01-26 17:21:12:607 - info: [shard db pool : [1] ] all : 1, wait : 0, acqu : 0, free : 0
2022-01-26 17:21:12:608 - info: packet status : {"103":{"cmd":103,"key":"login","call":8,"total":65,"max":64,"min":0,"average":8.125},"633":{"cmd":633,"key":"update_option","call":1,"total":0,"max":0,"min":0,"average":0}}
