2022-05-04 10:59:02:117 - info: main : redis-connect-database = 0 : 49.50.172.145:6379
2022-05-04 10:59:02:129 - info: connect sub redis : ["server_message"]
2022-05-04 10:59:02:132 - info: sub : redis-connect-database = 1 : 49.50.172.145:6379
2022-05-04 10:59:02:149 - info: msg : redis-connect-database = 2 : 49.50.172.145:6379
2022-05-04 10:59:02:154 - info: mysql freemeta_com com db init : 49.50.172.145:3306
2022-05-04 10:59:02:154 - info: mysql freemeta_log log db init : 49.50.172.145:3306
2022-05-04 10:59:02:154 - info: mysql freemeta_msg msg db init : 49.50.172.145:3306
2022-05-04 10:59:02:203 - info: mysql freemeta_01 shard db init : 10.36.69.58:3306
2022-05-04 10:59:02:249 - info: load achievement reference table success !!
2022-05-04 10:59:02:257 - info: load character reference table success !!
2022-05-04 10:59:02:285 - info: load collection reference table success !!
2022-05-04 10:59:02:297 - info: load daily attendance reference table success !!
2022-05-04 10:59:02:310 - info: load system shop reference table success !!
2022-05-04 10:59:02:395 - info: load item reference table success !!
2022-05-04 10:59:02:410 - info: load open world reference table success !!
2022-05-04 10:59:02:424 - info: load payment reference table success !!
2022-05-04 10:59:02:444 - info: load play rank group reference table success !!
2022-05-04 10:59:02:452 - info: load play world reference table success !!
2022-05-04 10:59:02:461 - info: load ranking reward reference table success !!
2022-05-04 10:59:02:496 - info: load reward reference table success !!
2022-05-04 10:59:02:512 - info: load reward_fishing reference table success !!
2022-05-04 10:59:02:526 - info: load system shop reference table success !!
2022-05-04 10:59:03:151 - info: 서버가 시작되었습니다. [port:8080]
2022-05-04 10:59:03:156 - info: try to start [freemeta game server] : http://127.0.0.1:8080
2022-05-04 10:59:03:157 - info: packet status : packet status not recorded yet.
2022-05-04 11:04:02:205 - info: [game db pool] all : 2, wait : 0, acqu : 0, free : 2
2022-05-04 11:04:02:205 - info: [log db pool ] all : 0, wait : 0, acqu : 0, free : 0
2022-05-04 11:04:02:205 - info: [msg db pool ] all : 0, wait : 0, acqu : 0, free : 0
2022-05-04 11:04:02:205 - info: [shard db pool : [1] ] all : 0, wait : 0, acqu : 0, free : 0
2022-05-04 11:04:03:172 - info: packet status : {"471":{"cmd":471,"key":"open_world_map_gather_cooltime","call":1,"total":10,"max":10,"min":0,"average":10}}
2022-05-04 11:09:02:129 - info: main: redis pong
2022-05-04 11:09:02:133 - info: sub: redis pong
2022-05-04 11:09:02:160 - info: msg: redis pong
2022-05-04 11:09:02:203 - info: [game db pool] all : 2, wait : 0, acqu : 0, free : 2
2022-05-04 11:09:02:203 - info: [log db pool ] all : 0, wait : 0, acqu : 0, free : 0
2022-05-04 11:09:02:203 - info: [msg db pool ] all : 0, wait : 0, acqu : 0, free : 0
2022-05-04 11:09:02:203 - info: [shard db pool : [1] ] all : 0, wait : 0, acqu : 0, free : 0
2022-05-04 11:09:03:184 - info: packet status : {"471":{"cmd":471,"key":"open_world_map_gather_cooltime","call":1,"total":10,"max":10,"min":0,"average":10}}
2022-05-04 11:14:02:203 - info: [game db pool] all : 2, wait : 0, acqu : 0, free : 2
2022-05-04 11:14:02:203 - info: [log db pool ] all : 0, wait : 0, acqu : 0, free : 0
2022-05-04 11:14:02:203 - info: [msg db pool ] all : 0, wait : 0, acqu : 0, free : 0
2022-05-04 11:14:02:203 - info: [shard db pool : [1] ] all : 0, wait : 0, acqu : 0, free : 0
2022-05-04 11:14:03:185 - info: packet status : {"471":{"cmd":471,"key":"open_world_map_gather_cooltime","call":1,"total":10,"max":10,"min":0,"average":10}}
2022-05-04 11:19:02:127 - info: main: redis pong
2022-05-04 11:19:02:128 - info: sub: redis pong
2022-05-04 11:19:02:157 - info: msg: redis pong
2022-05-04 11:19:02:215 - info: [game db pool] all : 2, wait : 0, acqu : 0, free : 2
2022-05-04 11:19:02:215 - info: [log db pool ] all : 0, wait : 0, acqu : 0, free : 0
2022-05-04 11:19:02:215 - info: [msg db pool ] all : 0, wait : 0, acqu : 0, free : 0
2022-05-04 11:19:02:215 - info: [shard db pool : [1] ] all : 0, wait : 0, acqu : 0, free : 0
2022-05-04 11:19:03:196 - info: packet status : {"471":{"cmd":471,"key":"open_world_map_gather_cooltime","call":1,"total":10,"max":10,"min":0,"average":10}}
