2022-01-07 10:31:16:069 - info: main : redis-connect-database = 0 : 49.50.172.145:6379
2022-01-07 10:31:16:074 - info: connect sub redis : ["server_message"]
2022-01-07 10:31:16:075 - info: sub : redis-connect-database = 1 : 49.50.172.145:6379
2022-01-07 10:31:16:078 - info: msg : redis-connect-database = 2 : 49.50.172.145:6379
2022-01-07 10:31:16:081 - info: mysql freemeta_com com db init : 49.50.172.145:3306
2022-01-07 10:31:16:081 - info: mysql freemeta_log log db init : 49.50.172.145:3306
2022-01-07 10:31:16:081 - info: mysql freemeta_msg msg db init : 49.50.172.145:3306
2022-01-07 10:31:16:097 - info: mysql freemeta_01 shard db init : 10.36.69.58:3306
2022-01-07 10:31:16:119 - info: load achievement reference table success !!
2022-01-07 10:31:16:125 - info: load character reference table success !!
2022-01-07 10:31:16:138 - info: load collection reference table success !!
2022-01-07 10:31:16:145 - info: load daily attendance reference table success !!
2022-01-07 10:31:16:191 - info: load item reference table success !!
2022-01-07 10:31:16:201 - info: load open world reference table success !!
2022-01-07 10:31:16:208 - info: load payment reference table success !!
2022-01-07 10:31:16:215 - info: load play world reference table success !!
2022-01-07 10:31:16:222 - info: load ranking reward reference table success !!
2022-01-07 10:31:16:243 - info: load reward reference table success !!
2022-01-07 10:31:16:251 - info: load reward_fishing reference table success !!
2022-01-07 10:31:16:257 - info: load system shop reference table success !!
2022-01-07 10:31:16:594 - info: 서버가 시작되었습니다. [port:30051]
2022-01-07 10:31:16:595 - info: try to start [freemeta game test mode server] : http://127.0.0.1:30051
2022-01-07 10:31:16:595 - info: packet status : packet status not recorded yet.
2022-01-07 10:31:17:177 - error: {"cmd":615,"aidx":69,"session":"84647535","collection_code":101011,"seq":6}
2022-01-07 10:31:17:177 - error: {"data":{},"cmd":616,"status":-1078}
2022-01-07 10:31:17:178 - error: -1078
2022-01-07 10:31:17:282 - error: {"cmd":615,"aidx":69,"session":"84647535","collection_code":101002,"seq":6}
2022-01-07 10:31:17:282 - error: {"data":{},"cmd":616,"status":-1078}
2022-01-07 10:31:17:283 - error: -1078
2022-01-07 10:31:17:379 - error: {"cmd":615,"aidx":69,"session":"84647535","collection_code":101022,"seq":6}
2022-01-07 10:31:17:380 - error: {"data":{},"cmd":616,"status":-1078}
2022-01-07 10:31:17:380 - error: -1078
2022-01-07 10:31:17:477 - error: {"cmd":615,"aidx":69,"session":"84647535","collection_code":101012,"seq":6}
2022-01-07 10:31:17:477 - error: {"data":{},"cmd":616,"status":-1078}
2022-01-07 10:31:17:477 - error: -1078
2022-01-07 10:31:17:571 - error: {"cmd":615,"aidx":69,"session":"84647535","collection_code":101017,"seq":6}
2022-01-07 10:31:17:571 - error: {"data":{},"cmd":616,"status":-1078}
2022-01-07 10:31:17:571 - error: -1078
2022-01-07 10:31:17:666 - error: {"cmd":615,"aidx":69,"session":"84647535","collection_code":101006,"seq":6}
2022-01-07 10:31:17:666 - error: {"data":{},"cmd":616,"status":-1078}
2022-01-07 10:31:17:666 - error: -1078
2022-01-07 10:31:17:758 - error: {"cmd":615,"aidx":69,"session":"84647535","collection_code":101014,"seq":6}
2022-01-07 10:31:17:758 - error: {"data":{},"cmd":616,"status":-1078}
2022-01-07 10:31:17:758 - error: -1078
2022-01-07 10:31:17:852 - error: {"cmd":615,"aidx":69,"session":"84647535","collection_code":101001,"seq":6}
2022-01-07 10:31:17:852 - error: {"data":{},"cmd":616,"status":-1078}
2022-01-07 10:31:17:852 - error: -1078
2022-01-07 10:31:17:944 - error: {"cmd":615,"aidx":69,"session":"84647535","collection_code":101023,"seq":6}
2022-01-07 10:31:17:945 - error: {"data":{},"cmd":616,"status":-1078}
2022-01-07 10:31:17:946 - error: -1078
2022-01-07 10:31:18:042 - error: {"cmd":615,"aidx":69,"session":"84647535","collection_code":101007,"seq":6}
2022-01-07 10:31:18:042 - error: {"data":{},"cmd":616,"status":-1078}
2022-01-07 10:31:18:042 - error: -1078
2022-01-07 10:31:18:135 - error: {"cmd":615,"aidx":69,"session":"84647535","collection_code":101008,"seq":6}
2022-01-07 10:31:18:135 - error: {"data":{},"cmd":616,"status":-1078}
2022-01-07 10:31:18:135 - error: -1078
2022-01-07 10:31:18:229 - error: {"cmd":615,"aidx":69,"session":"84647535","collection_code":101004,"seq":6}
2022-01-07 10:31:18:229 - error: {"data":{},"cmd":616,"status":-1078}
2022-01-07 10:31:18:229 - error: -1078
2022-01-07 10:31:18:321 - error: {"cmd":615,"aidx":69,"session":"84647535","collection_code":101013,"seq":6}
2022-01-07 10:31:18:321 - error: {"data":{},"cmd":616,"status":-1078}
2022-01-07 10:31:18:321 - error: -1078
2022-01-07 10:31:18:415 - error: {"cmd":615,"aidx":69,"session":"84647535","collection_code":101020,"seq":6}
2022-01-07 10:31:18:415 - error: {"data":{},"cmd":616,"status":-1078}
2022-01-07 10:31:18:415 - error: -1078
2022-01-07 10:31:18:514 - error: {"cmd":615,"aidx":69,"session":"84647535","collection_code":101024,"seq":6}
2022-01-07 10:31:18:514 - error: {"data":{},"cmd":616,"status":-1078}
2022-01-07 10:31:18:514 - error: -1078
2022-01-07 10:31:18:610 - error: {"cmd":615,"aidx":69,"session":"84647535","collection_code":101021,"seq":6}
2022-01-07 10:31:18:610 - error: {"data":{},"cmd":616,"status":-1078}
2022-01-07 10:31:18:610 - error: -1078
2022-01-07 10:31:18:705 - error: {"cmd":615,"aidx":69,"session":"84647535","collection_code":101018,"seq":6}
2022-01-07 10:31:18:706 - error: {"data":{},"cmd":616,"status":-1078}
2022-01-07 10:31:18:706 - error: -1078
2022-01-07 10:31:18:801 - error: {"cmd":615,"aidx":69,"session":"84647535","collection_code":101005,"seq":6}
2022-01-07 10:31:18:801 - error: {"data":{},"cmd":616,"status":-1078}
2022-01-07 10:31:18:801 - error: -1078
2022-01-07 10:31:18:897 - error: {"cmd":615,"aidx":69,"session":"84647535","collection_code":101009,"seq":6}
2022-01-07 10:31:18:897 - error: {"data":{},"cmd":616,"status":-1078}
2022-01-07 10:31:18:897 - error: -1078
2022-01-07 10:31:18:995 - error: {"cmd":615,"aidx":69,"session":"84647535","collection_code":101015,"seq":6}
2022-01-07 10:31:18:995 - error: {"data":{},"cmd":616,"status":-1078}
2022-01-07 10:31:18:995 - error: -1078
2022-01-07 10:31:19:091 - error: {"cmd":615,"aidx":69,"session":"84647535","collection_code":101019,"seq":6}
2022-01-07 10:31:19:091 - error: {"data":{},"cmd":616,"status":-1078}
2022-01-07 10:31:19:091 - error: -1078
2022-01-07 10:31:19:183 - error: {"cmd":615,"aidx":69,"session":"84647535","collection_code":101003,"seq":6}
2022-01-07 10:31:19:183 - error: {"data":{},"cmd":616,"status":-1078}
2022-01-07 10:31:19:183 - error: -1078
2022-01-07 10:31:19:279 - error: {"cmd":615,"aidx":69,"session":"84647535","collection_code":101010,"seq":6}
2022-01-07 10:31:19:279 - error: {"data":{},"cmd":616,"status":-1078}
2022-01-07 10:31:19:279 - error: -1078
2022-01-07 10:31:19:372 - error: {"cmd":615,"aidx":69,"session":"84647535","collection_code":101016,"seq":6}
2022-01-07 10:31:19:372 - error: {"data":{},"cmd":616,"status":-1078}
2022-01-07 10:31:19:372 - error: -1078
2022-01-07 10:31:19:893 - error: {"cmd":615,"aidx":69,"session":"84647535","collection_code":101021,"seq":6}
2022-01-07 10:31:19:893 - error: {"data":{},"cmd":616,"status":-1078}
2022-01-07 10:31:19:893 - error: -1078
2022-01-07 10:31:19:987 - error: {"cmd":615,"aidx":69,"session":"84647535","collection_code":101010,"seq":6}
2022-01-07 10:31:19:988 - error: {"data":{},"cmd":616,"status":-1078}
2022-01-07 10:31:19:988 - error: -1078
2022-01-07 10:31:20:081 - error: {"cmd":615,"aidx":69,"session":"84647535","collection_code":101017,"seq":6}
2022-01-07 10:31:20:081 - error: {"data":{},"cmd":616,"status":-1078}
2022-01-07 10:31:20:081 - error: -1078
2022-01-07 10:31:20:174 - error: {"cmd":615,"aidx":69,"session":"84647535","collection_code":101005,"seq":6}
2022-01-07 10:31:20:174 - error: {"data":{},"cmd":616,"status":-1078}
2022-01-07 10:31:20:174 - error: -1078
2022-01-07 10:31:20:267 - error: {"cmd":615,"aidx":69,"session":"84647535","collection_code":101014,"seq":6}
2022-01-07 10:31:20:267 - error: {"data":{},"cmd":616,"status":-1078}
2022-01-07 10:31:20:268 - error: -1078
2022-01-07 10:31:20:359 - error: {"cmd":615,"aidx":69,"session":"84647535","collection_code":101002,"seq":6}
2022-01-07 10:31:20:359 - error: {"data":{},"cmd":616,"status":-1078}
2022-01-07 10:31:20:359 - error: -1078
2022-01-07 10:31:20:452 - error: {"cmd":615,"aidx":69,"session":"84647535","collection_code":101011,"seq":6}
2022-01-07 10:31:20:452 - error: {"data":{},"cmd":616,"status":-1078}
2022-01-07 10:31:20:452 - error: -1078
2022-01-07 10:31:20:545 - error: {"cmd":615,"aidx":69,"session":"84647535","collection_code":101013,"seq":6}
2022-01-07 10:31:20:545 - error: {"data":{},"cmd":616,"status":-1078}
2022-01-07 10:31:20:545 - error: -1078
2022-01-07 10:31:20:638 - error: {"cmd":615,"aidx":69,"session":"84647535","collection_code":101024,"seq":6}
2022-01-07 10:31:20:638 - error: {"data":{},"cmd":616,"status":-1078}
2022-01-07 10:31:20:638 - error: -1078
2022-01-07 10:31:20:731 - error: {"cmd":615,"aidx":69,"session":"84647535","collection_code":101007,"seq":6}
2022-01-07 10:31:20:731 - error: {"data":{},"cmd":616,"status":-1078}
2022-01-07 10:31:20:731 - error: -1078
2022-01-07 10:31:20:826 - error: {"cmd":615,"aidx":69,"session":"84647535","collection_code":101023,"seq":6}
2022-01-07 10:31:20:826 - error: {"data":{},"cmd":616,"status":-1078}
2022-01-07 10:31:20:826 - error: -1078
2022-01-07 10:31:20:921 - error: {"cmd":615,"aidx":69,"session":"84647535","collection_code":101008,"seq":6}
2022-01-07 10:31:20:921 - error: {"data":{},"cmd":616,"status":-1078}
2022-01-07 10:31:20:921 - error: -1078
2022-01-07 10:31:21:018 - error: {"cmd":615,"aidx":69,"session":"84647535","collection_code":101015,"seq":6}
2022-01-07 10:31:21:018 - error: {"data":{},"cmd":616,"status":-1078}
2022-01-07 10:31:21:018 - error: -1078
2022-01-07 10:31:21:109 - error: {"cmd":615,"aidx":69,"session":"84647535","collection_code":101009,"seq":6}
2022-01-07 10:31:21:109 - error: {"data":{},"cmd":616,"status":-1078}
2022-01-07 10:31:21:109 - error: -1078
2022-01-07 10:31:21:202 - error: {"cmd":615,"aidx":69,"session":"84647535","collection_code":101019,"seq":6}
2022-01-07 10:31:21:202 - error: {"data":{},"cmd":616,"status":-1078}
2022-01-07 10:31:21:203 - error: -1078
2022-01-07 10:31:21:295 - error: {"cmd":615,"aidx":69,"session":"84647535","collection_code":101001,"seq":6}
2022-01-07 10:31:21:296 - error: {"data":{},"cmd":616,"status":-1078}
2022-01-07 10:31:21:296 - error: -1078
2022-01-07 10:31:21:391 - error: {"cmd":615,"aidx":69,"session":"84647535","collection_code":101006,"seq":6}
2022-01-07 10:31:21:391 - error: {"data":{},"cmd":616,"status":-1078}
2022-01-07 10:31:21:391 - error: -1078
2022-01-07 10:31:21:487 - error: {"cmd":615,"aidx":69,"session":"84647535","collection_code":101018,"seq":6}
2022-01-07 10:31:21:487 - error: {"data":{},"cmd":616,"status":-1078}
2022-01-07 10:31:21:487 - error: -1078
2022-01-07 10:31:21:582 - error: {"cmd":615,"aidx":69,"session":"84647535","collection_code":101022,"seq":6}
2022-01-07 10:31:21:582 - error: {"data":{},"cmd":616,"status":-1078}
2022-01-07 10:31:21:582 - error: -1078
2022-01-07 10:31:21:678 - error: {"cmd":615,"aidx":69,"session":"84647535","collection_code":101020,"seq":6}
2022-01-07 10:31:21:678 - error: {"data":{},"cmd":616,"status":-1078}
2022-01-07 10:31:21:678 - error: -1078
2022-01-07 10:31:21:771 - error: {"cmd":615,"aidx":69,"session":"84647535","collection_code":101016,"seq":6}
2022-01-07 10:31:21:771 - error: {"data":{},"cmd":616,"status":-1078}
2022-01-07 10:31:21:771 - error: -1078
2022-01-07 10:31:21:865 - error: {"cmd":615,"aidx":69,"session":"84647535","collection_code":101012,"seq":6}
2022-01-07 10:31:21:865 - error: {"data":{},"cmd":616,"status":-1078}
2022-01-07 10:31:21:865 - error: -1078
2022-01-07 10:31:21:956 - error: {"cmd":615,"aidx":69,"session":"84647535","collection_code":101004,"seq":6}
2022-01-07 10:31:21:956 - error: {"data":{},"cmd":616,"status":-1078}
2022-01-07 10:31:21:956 - error: -1078
2022-01-07 10:31:22:053 - error: {"cmd":615,"aidx":69,"session":"84647535","collection_code":101003,"seq":6}
2022-01-07 10:31:22:053 - error: {"data":{},"cmd":616,"status":-1078}
2022-01-07 10:31:22:053 - error: -1078
2022-01-07 10:31:22:545 - error: {"cmd":615,"aidx":69,"session":"84647535","collection_code":101011,"seq":6}
2022-01-07 10:31:22:545 - error: {"data":{},"cmd":616,"status":-1078}
2022-01-07 10:31:22:545 - error: -1078
2022-01-07 10:31:22:638 - error: {"cmd":615,"aidx":69,"session":"84647535","collection_code":101014,"seq":6}
2022-01-07 10:31:22:639 - error: {"data":{},"cmd":616,"status":-1078}
2022-01-07 10:31:22:639 - error: -1078
2022-01-07 10:31:22:734 - error: {"cmd":615,"aidx":69,"session":"84647535","collection_code":101019,"seq":6}
2022-01-07 10:31:22:734 - error: {"data":{},"cmd":616,"status":-1078}
2022-01-07 10:31:22:734 - error: -1078
2022-01-07 10:31:22:826 - error: {"cmd":615,"aidx":69,"session":"84647535","collection_code":101002,"seq":6}
2022-01-07 10:31:22:826 - error: {"data":{},"cmd":616,"status":-1078}
2022-01-07 10:31:22:826 - error: -1078
2022-01-07 10:31:22:917 - error: {"cmd":615,"aidx":69,"session":"84647535","collection_code":101021,"seq":6}
2022-01-07 10:31:22:917 - error: {"data":{},"cmd":616,"status":-1078}
2022-01-07 10:31:22:917 - error: -1078
2022-01-07 10:31:23:011 - error: {"cmd":615,"aidx":69,"session":"84647535","collection_code":101004,"seq":6}
2022-01-07 10:31:23:011 - error: {"data":{},"cmd":616,"status":-1078}
2022-01-07 10:31:23:011 - error: -1078
2022-01-07 10:31:23:104 - error: {"cmd":615,"aidx":69,"session":"84647535","collection_code":101022,"seq":6}
2022-01-07 10:31:23:104 - error: {"data":{},"cmd":616,"status":-1078}
2022-01-07 10:31:23:105 - error: -1078
2022-01-07 10:31:23:195 - error: {"cmd":615,"aidx":69,"session":"84647535","collection_code":101018,"seq":6}
2022-01-07 10:31:23:195 - error: {"data":{},"cmd":616,"status":-1078}
2022-01-07 10:31:23:195 - error: -1078
2022-01-07 10:31:23:289 - error: {"cmd":615,"aidx":69,"session":"84647535","collection_code":101020,"seq":6}
2022-01-07 10:31:23:289 - error: {"data":{},"cmd":616,"status":-1078}
2022-01-07 10:31:23:289 - error: -1078
2022-01-07 10:31:23:381 - error: {"cmd":615,"aidx":69,"session":"84647535","collection_code":101010,"seq":6}
2022-01-07 10:31:23:381 - error: {"data":{},"cmd":616,"status":-1078}
2022-01-07 10:31:23:381 - error: -1078
2022-01-07 10:31:23:472 - error: {"cmd":615,"aidx":69,"session":"84647535","collection_code":101017,"seq":6}
2022-01-07 10:31:23:472 - error: {"data":{},"cmd":616,"status":-1078}
2022-01-07 10:31:23:472 - error: -1078
2022-01-07 10:31:23:566 - error: {"cmd":615,"aidx":69,"session":"84647535","collection_code":101016,"seq":6}
2022-01-07 10:31:23:566 - error: {"data":{},"cmd":616,"status":-1078}
2022-01-07 10:31:23:566 - error: -1078
2022-01-07 10:31:23:658 - error: {"cmd":615,"aidx":69,"session":"84647535","collection_code":101007,"seq":6}
2022-01-07 10:31:23:658 - error: {"data":{},"cmd":616,"status":-1078}
2022-01-07 10:31:23:658 - error: -1078
2022-01-07 10:31:23:750 - error: {"cmd":615,"aidx":69,"session":"84647535","collection_code":101012,"seq":6}
2022-01-07 10:31:23:751 - error: {"data":{},"cmd":616,"status":-1078}
2022-01-07 10:31:23:751 - error: -1078
2022-01-07 10:31:23:841 - error: {"cmd":615,"aidx":69,"session":"84647535","collection_code":101024,"seq":6}
2022-01-07 10:31:23:842 - error: {"data":{},"cmd":616,"status":-1078}
2022-01-07 10:31:23:842 - error: -1078
2022-01-07 10:31:23:933 - error: {"cmd":615,"aidx":69,"session":"84647535","collection_code":101008,"seq":6}
2022-01-07 10:31:23:934 - error: {"data":{},"cmd":616,"status":-1078}
2022-01-07 10:31:23:934 - error: -1078
2022-01-07 10:31:24:025 - error: {"cmd":615,"aidx":69,"session":"84647535","collection_code":101001,"seq":6}
2022-01-07 10:31:24:025 - error: {"data":{},"cmd":616,"status":-1078}
2022-01-07 10:31:24:025 - error: -1078
2022-01-07 10:31:24:117 - error: {"cmd":615,"aidx":69,"session":"84647535","collection_code":101023,"seq":6}
2022-01-07 10:31:24:117 - error: {"data":{},"cmd":616,"status":-1078}
2022-01-07 10:31:24:117 - error: -1078
2022-01-07 10:31:24:208 - error: {"cmd":615,"aidx":69,"session":"84647535","collection_code":101003,"seq":6}
2022-01-07 10:31:24:208 - error: {"data":{},"cmd":616,"status":-1078}
2022-01-07 10:31:24:209 - error: -1078
2022-01-07 10:31:24:299 - error: {"cmd":615,"aidx":69,"session":"84647535","collection_code":101015,"seq":6}
2022-01-07 10:31:24:299 - error: {"data":{},"cmd":616,"status":-1078}
2022-01-07 10:31:24:299 - error: -1078
2022-01-07 10:31:24:392 - error: {"cmd":615,"aidx":69,"session":"84647535","collection_code":101006,"seq":6}
2022-01-07 10:31:24:392 - error: {"data":{},"cmd":616,"status":-1078}
2022-01-07 10:31:24:392 - error: -1078
2022-01-07 10:31:24:485 - error: {"cmd":615,"aidx":69,"session":"84647535","collection_code":101005,"seq":6}
2022-01-07 10:31:24:485 - error: {"data":{},"cmd":616,"status":-1078}
2022-01-07 10:31:24:485 - error: -1078
2022-01-07 10:31:24:576 - error: {"cmd":615,"aidx":69,"session":"84647535","collection_code":101009,"seq":6}
2022-01-07 10:31:24:576 - error: {"data":{},"cmd":616,"status":-1078}
2022-01-07 10:31:24:576 - error: -1078
2022-01-07 10:31:24:670 - error: {"cmd":615,"aidx":69,"session":"84647535","collection_code":101013,"seq":6}
2022-01-07 10:31:24:670 - error: {"data":{},"cmd":616,"status":-1078}
2022-01-07 10:31:24:670 - error: -1078
2022-01-07 10:31:25:174 - error: {"cmd":615,"aidx":69,"session":"84647535","collection_code":101012,"seq":6}
2022-01-07 10:31:25:174 - error: {"data":{},"cmd":616,"status":-1078}
2022-01-07 10:31:25:174 - error: -1078
2022-01-07 10:31:25:266 - error: {"cmd":615,"aidx":69,"session":"84647535","collection_code":101001,"seq":6}
2022-01-07 10:31:25:266 - error: {"data":{},"cmd":616,"status":-1078}
2022-01-07 10:31:25:266 - error: -1078
2022-01-07 10:31:25:361 - error: {"cmd":615,"aidx":69,"session":"84647535","collection_code":101011,"seq":6}
2022-01-07 10:31:25:361 - error: {"data":{},"cmd":616,"status":-1078}
2022-01-07 10:31:25:361 - error: -1078
2022-01-07 10:31:25:454 - error: {"cmd":615,"aidx":69,"session":"84647535","collection_code":101014,"seq":6}
2022-01-07 10:31:25:454 - error: {"data":{},"cmd":616,"status":-1078}
2022-01-07 10:31:25:454 - error: -1078
2022-01-07 10:31:25:545 - error: {"cmd":615,"aidx":69,"session":"84647535","collection_code":101002,"seq":6}
2022-01-07 10:31:25:545 - error: {"data":{},"cmd":616,"status":-1078}
2022-01-07 10:31:25:545 - error: -1078
2022-01-07 10:31:25:637 - error: {"cmd":615,"aidx":69,"session":"84647535","collection_code":101017,"seq":6}
2022-01-07 10:31:25:637 - error: {"data":{},"cmd":616,"status":-1078}
2022-01-07 10:31:25:637 - error: -1078
2022-01-07 10:31:25:731 - error: {"cmd":615,"aidx":69,"session":"84647535","collection_code":101022,"seq":6}
2022-01-07 10:31:25:731 - error: {"data":{},"cmd":616,"status":-1078}
2022-01-07 10:31:25:731 - error: -1078
2022-01-07 10:31:25:822 - error: {"cmd":615,"aidx":69,"session":"84647535","collection_code":101003,"seq":6}
2022-01-07 10:31:25:823 - error: {"data":{},"cmd":616,"status":-1078}
2022-01-07 10:31:25:823 - error: -1078
2022-01-07 10:31:25:915 - error: {"cmd":615,"aidx":69,"session":"84647535","collection_code":101024,"seq":6}
2022-01-07 10:31:25:915 - error: {"data":{},"cmd":616,"status":-1078}
2022-01-07 10:31:25:915 - error: -1078
2022-01-07 10:31:26:008 - error: {"cmd":615,"aidx":69,"session":"84647535","collection_code":101010,"seq":6}
2022-01-07 10:31:26:009 - error: {"data":{},"cmd":616,"status":-1078}
2022-01-07 10:31:26:009 - error: -1078
2022-01-07 10:31:26:102 - error: {"cmd":615,"aidx":69,"session":"84647535","collection_code":101021,"seq":6}
2022-01-07 10:31:26:102 - error: {"data":{},"cmd":616,"status":-1078}
2022-01-07 10:31:26:102 - error: -1078
2022-01-07 10:31:26:195 - error: {"cmd":615,"aidx":69,"session":"84647535","collection_code":101023,"seq":6}
2022-01-07 10:31:26:195 - error: {"data":{},"cmd":616,"status":-1078}
2022-01-07 10:31:26:195 - error: -1078
2022-01-07 10:31:26:284 - error: {"cmd":615,"aidx":69,"session":"84647535","collection_code":101005,"seq":6}
2022-01-07 10:31:26:284 - error: {"data":{},"cmd":616,"status":-1078}
2022-01-07 10:31:26:284 - error: -1078
2022-01-07 10:31:26:379 - error: {"cmd":615,"aidx":69,"session":"84647535","collection_code":101016,"seq":6}
2022-01-07 10:31:26:379 - error: {"data":{},"cmd":616,"status":-1078}
2022-01-07 10:31:26:379 - error: -1078
2022-01-07 10:31:26:475 - error: {"cmd":615,"aidx":69,"session":"84647535","collection_code":101019,"seq":6}
2022-01-07 10:31:26:475 - error: {"data":{},"cmd":616,"status":-1078}
2022-01-07 10:31:26:475 - error: -1078
2022-01-07 10:31:26:576 - error: {"cmd":615,"aidx":69,"session":"84647535","collection_code":101018,"seq":6}
2022-01-07 10:31:26:576 - error: {"data":{},"cmd":616,"status":-1078}
2022-01-07 10:31:26:576 - error: -1078
2022-01-07 10:31:26:677 - error: {"cmd":615,"aidx":69,"session":"84647535","collection_code":101007,"seq":6}
2022-01-07 10:31:26:677 - error: {"data":{},"cmd":616,"status":-1078}
2022-01-07 10:31:26:677 - error: -1078
2022-01-07 10:31:26:779 - error: {"cmd":615,"aidx":69,"session":"84647535","collection_code":101020,"seq":6}
2022-01-07 10:31:26:779 - error: {"data":{},"cmd":616,"status":-1078}
2022-01-07 10:31:26:780 - error: -1078
2022-01-07 10:31:26:871 - error: {"cmd":615,"aidx":69,"session":"84647535","collection_code":101008,"seq":6}
2022-01-07 10:31:26:871 - error: {"data":{},"cmd":616,"status":-1078}
2022-01-07 10:31:26:871 - error: -1078
2022-01-07 10:31:26:963 - error: {"cmd":615,"aidx":69,"session":"84647535","collection_code":101009,"seq":6}
2022-01-07 10:31:26:963 - error: {"data":{},"cmd":616,"status":-1078}
2022-01-07 10:31:26:963 - error: -1078
2022-01-07 10:31:27:056 - error: {"cmd":615,"aidx":69,"session":"84647535","collection_code":101006,"seq":6}
2022-01-07 10:31:27:056 - error: {"data":{},"cmd":616,"status":-1078}
2022-01-07 10:31:27:056 - error: -1078
2022-01-07 10:31:27:149 - error: {"cmd":615,"aidx":69,"session":"84647535","collection_code":101004,"seq":6}
2022-01-07 10:31:27:149 - error: {"data":{},"cmd":616,"status":-1078}
2022-01-07 10:31:27:149 - error: -1078
2022-01-07 10:31:27:244 - error: {"cmd":615,"aidx":69,"session":"84647535","collection_code":101013,"seq":6}
2022-01-07 10:31:27:244 - error: {"data":{},"cmd":616,"status":-1078}
2022-01-07 10:31:27:245 - error: -1078
2022-01-07 10:31:27:337 - error: {"cmd":615,"aidx":69,"session":"84647535","collection_code":101015,"seq":6}
2022-01-07 10:31:27:337 - error: {"data":{},"cmd":616,"status":-1078}
2022-01-07 10:31:27:337 - error: -1078
2022-01-07 10:31:27:824 - error: {"cmd":615,"aidx":69,"session":"84647535","collection_code":101020,"seq":6}
2022-01-07 10:31:27:824 - error: {"data":{},"cmd":616,"status":-1078}
2022-01-07 10:31:27:824 - error: -1078
2022-01-07 10:31:27:917 - error: {"cmd":615,"aidx":69,"session":"84647535","collection_code":101008,"seq":6}
2022-01-07 10:31:27:917 - error: {"data":{},"cmd":616,"status":-1078}
2022-01-07 10:31:27:917 - error: -1078
2022-01-07 10:31:28:029 - error: {"cmd":615,"aidx":69,"session":"84647535","collection_code":101007,"seq":6}
2022-01-07 10:31:28:029 - error: {"data":{},"cmd":616,"status":-1078}
2022-01-07 10:31:28:030 - error: -1078
2022-01-07 10:31:28:120 - error: {"cmd":615,"aidx":69,"session":"84647535","collection_code":101012,"seq":6}
2022-01-07 10:31:28:120 - error: {"data":{},"cmd":616,"status":-1078}
2022-01-07 10:31:28:120 - error: -1078
2022-01-07 10:31:28:214 - error: {"cmd":615,"aidx":69,"session":"84647535","collection_code":101011,"seq":6}
2022-01-07 10:31:28:214 - error: {"data":{},"cmd":616,"status":-1078}
2022-01-07 10:31:28:214 - error: -1078
2022-01-07 10:31:28:310 - error: {"cmd":615,"aidx":69,"session":"84647535","collection_code":101002,"seq":6}
2022-01-07 10:31:28:311 - error: {"data":{},"cmd":616,"status":-1078}
2022-01-07 10:31:28:311 - error: -1078
2022-01-07 10:31:28:408 - error: {"cmd":615,"aidx":69,"session":"84647535","collection_code":101017,"seq":6}
2022-01-07 10:31:28:408 - error: {"data":{},"cmd":616,"status":-1078}
2022-01-07 10:31:28:408 - error: -1078
2022-01-07 10:31:28:510 - error: {"cmd":615,"aidx":69,"session":"84647535","collection_code":101005,"seq":6}
2022-01-07 10:31:28:510 - error: {"data":{},"cmd":616,"status":-1078}
2022-01-07 10:31:28:510 - error: -1078
2022-01-07 10:31:28:603 - error: {"cmd":615,"aidx":69,"session":"84647535","collection_code":101006,"seq":6}
2022-01-07 10:31:28:603 - error: {"data":{},"cmd":616,"status":-1078}
2022-01-07 10:31:28:603 - error: -1078
2022-01-07 10:31:28:704 - error: {"cmd":615,"aidx":69,"session":"84647535","collection_code":101021,"seq":6}
2022-01-07 10:31:28:704 - error: {"data":{},"cmd":616,"status":-1078}
2022-01-07 10:31:28:704 - error: -1078
2022-01-07 10:31:28:804 - error: {"cmd":615,"aidx":69,"session":"84647535","collection_code":101019,"seq":6}
2022-01-07 10:31:28:804 - error: {"data":{},"cmd":616,"status":-1078}
2022-01-07 10:31:28:804 - error: -1078
2022-01-07 10:31:28:910 - error: {"cmd":615,"aidx":69,"session":"84647535","collection_code":101004,"seq":6}
2022-01-07 10:31:28:910 - error: {"data":{},"cmd":616,"status":-1078}
2022-01-07 10:31:28:910 - error: -1078
2022-01-07 10:31:29:219 - error: {"cmd":615,"aidx":69,"session":"84647535","collection_code":101023,"seq":6}
2022-01-07 10:31:29:219 - error: {"data":{},"cmd":616,"status":-1078}
2022-01-07 10:31:29:219 - error: -1078
2022-01-07 10:31:29:313 - error: {"cmd":615,"aidx":69,"session":"84647535","collection_code":101013,"seq":6}
2022-01-07 10:31:29:313 - error: {"data":{},"cmd":616,"status":-1078}
2022-01-07 10:31:29:313 - error: -1078
2022-01-07 10:31:29:404 - error: {"cmd":615,"aidx":69,"session":"84647535","collection_code":101001,"seq":6}
2022-01-07 10:31:29:404 - error: {"data":{},"cmd":616,"status":-1078}
2022-01-07 10:31:29:404 - error: -1078
2022-01-07 10:31:29:498 - error: {"cmd":615,"aidx":69,"session":"84647535","collection_code":101024,"seq":6}
2022-01-07 10:31:29:498 - error: {"data":{},"cmd":616,"status":-1078}
2022-01-07 10:31:29:498 - error: -1078
2022-01-07 10:31:29:604 - error: {"cmd":615,"aidx":69,"session":"84647535","collection_code":101016,"seq":6}
2022-01-07 10:31:29:604 - error: {"data":{},"cmd":616,"status":-1078}
2022-01-07 10:31:29:604 - error: -1078
2022-01-07 10:31:29:700 - error: {"cmd":615,"aidx":69,"session":"84647535","collection_code":101018,"seq":6}
2022-01-07 10:31:29:701 - error: {"data":{},"cmd":616,"status":-1078}
2022-01-07 10:31:29:701 - error: -1078
2022-01-07 10:31:29:792 - error: {"cmd":615,"aidx":69,"session":"84647535","collection_code":101010,"seq":6}
2022-01-07 10:31:29:792 - error: {"data":{},"cmd":616,"status":-1078}
2022-01-07 10:31:29:792 - error: -1078
2022-01-07 10:31:29:883 - error: {"cmd":615,"aidx":69,"session":"84647535","collection_code":101009,"seq":6}
2022-01-07 10:31:29:883 - error: {"data":{},"cmd":616,"status":-1078}
2022-01-07 10:31:29:883 - error: -1078
2022-01-07 10:31:29:972 - error: {"cmd":615,"aidx":69,"session":"84647535","collection_code":101015,"seq":6}
2022-01-07 10:31:29:972 - error: {"data":{},"cmd":616,"status":-1078}
2022-01-07 10:31:29:972 - error: -1078
2022-01-07 10:31:30:066 - error: {"cmd":615,"aidx":69,"session":"84647535","collection_code":101022,"seq":6}
2022-01-07 10:31:30:066 - error: {"data":{},"cmd":616,"status":-1078}
2022-01-07 10:31:30:066 - error: -1078
2022-01-07 10:31:30:157 - error: {"cmd":615,"aidx":69,"session":"84647535","collection_code":101003,"seq":6}
2022-01-07 10:31:30:157 - error: {"data":{},"cmd":616,"status":-1078}
2022-01-07 10:31:30:157 - error: -1078
2022-01-07 10:31:30:247 - error: {"cmd":615,"aidx":69,"session":"84647535","collection_code":101014,"seq":6}
2022-01-07 10:31:30:247 - error: {"data":{},"cmd":616,"status":-1078}
2022-01-07 10:31:30:247 - error: -1078
2022-01-07 10:31:30:801 - error: {"cmd":615,"aidx":69,"session":"84647535","collection_code":101005,"seq":6}
2022-01-07 10:31:30:801 - error: {"data":{},"cmd":616,"status":-1078}
2022-01-07 10:31:30:801 - error: -1078
2022-01-07 10:31:30:897 - error: {"cmd":615,"aidx":69,"session":"84647535","collection_code":101013,"seq":6}
2022-01-07 10:31:30:897 - error: {"data":{},"cmd":616,"status":-1078}
2022-01-07 10:31:30:897 - error: -1078
2022-01-07 10:31:30:996 - error: {"cmd":615,"aidx":69,"session":"84647535","collection_code":101004,"seq":6}
2022-01-07 10:31:30:996 - error: {"data":{},"cmd":616,"status":-1078}
2022-01-07 10:31:30:996 - error: -1078
2022-01-07 10:31:31:087 - error: {"cmd":615,"aidx":69,"session":"84647535","collection_code":101019,"seq":6}
2022-01-07 10:31:31:087 - error: {"data":{},"cmd":616,"status":-1078}
2022-01-07 10:31:31:087 - error: -1078
2022-01-07 10:31:31:188 - error: {"cmd":615,"aidx":69,"session":"84647535","collection_code":101018,"seq":6}
2022-01-07 10:31:31:188 - error: {"data":{},"cmd":616,"status":-1078}
2022-01-07 10:31:31:188 - error: -1078
2022-01-07 10:31:31:280 - error: {"cmd":615,"aidx":69,"session":"84647535","collection_code":101010,"seq":6}
2022-01-07 10:31:31:280 - error: {"data":{},"cmd":616,"status":-1078}
2022-01-07 10:31:31:280 - error: -1078
2022-01-07 10:31:31:372 - error: {"cmd":615,"aidx":69,"session":"84647535","collection_code":101008,"seq":6}
2022-01-07 10:31:31:373 - error: {"data":{},"cmd":616,"status":-1078}
2022-01-07 10:31:31:373 - error: -1078
2022-01-07 10:31:31:474 - error: {"cmd":615,"aidx":69,"session":"84647535","collection_code":101011,"seq":6}
2022-01-07 10:31:31:476 - error: {"data":{},"cmd":616,"status":-1078}
2022-01-07 10:31:31:476 - error: -1078
2022-01-07 10:31:31:569 - error: {"cmd":615,"aidx":69,"session":"84647535","collection_code":101009,"seq":6}
2022-01-07 10:31:31:570 - error: {"data":{},"cmd":616,"status":-1078}
2022-01-07 10:31:31:570 - error: -1078
2022-01-07 10:31:31:661 - error: {"cmd":615,"aidx":69,"session":"84647535","collection_code":101002,"seq":6}
2022-01-07 10:31:31:661 - error: {"data":{},"cmd":616,"status":-1078}
2022-01-07 10:31:31:661 - error: -1078
2022-01-07 10:31:31:755 - error: {"cmd":615,"aidx":69,"session":"84647535","collection_code":101021,"seq":6}
2022-01-07 10:31:31:756 - error: {"data":{},"cmd":616,"status":-1078}
2022-01-07 10:31:31:756 - error: -1078
2022-01-07 10:31:31:846 - error: {"cmd":615,"aidx":69,"session":"84647535","collection_code":101016,"seq":6}
2022-01-07 10:31:31:846 - error: {"data":{},"cmd":616,"status":-1078}
2022-01-07 10:31:31:846 - error: -1078
2022-01-07 10:31:31:941 - error: {"cmd":615,"aidx":69,"session":"84647535","collection_code":101023,"seq":6}
2022-01-07 10:31:31:941 - error: {"data":{},"cmd":616,"status":-1078}
2022-01-07 10:31:31:941 - error: -1078
2022-01-07 10:31:32:044 - error: {"cmd":615,"aidx":69,"session":"84647535","collection_code":101012,"seq":6}
2022-01-07 10:31:32:044 - error: {"data":{},"cmd":616,"status":-1078}
2022-01-07 10:31:32:044 - error: -1078
2022-01-07 10:31:32:139 - error: {"cmd":615,"aidx":69,"session":"84647535","collection_code":101003,"seq":6}
2022-01-07 10:31:32:139 - error: {"data":{},"cmd":616,"status":-1078}
2022-01-07 10:31:32:139 - error: -1078
2022-01-07 10:31:32:236 - error: {"cmd":615,"aidx":69,"session":"84647535","collection_code":101022,"seq":6}
2022-01-07 10:31:32:236 - error: {"data":{},"cmd":616,"status":-1078}
2022-01-07 10:31:32:236 - error: -1078
2022-01-07 10:31:32:336 - error: {"cmd":615,"aidx":69,"session":"84647535","collection_code":101015,"seq":6}
2022-01-07 10:31:32:336 - error: {"data":{},"cmd":616,"status":-1078}
2022-01-07 10:31:32:336 - error: -1078
2022-01-07 10:31:32:439 - error: {"cmd":615,"aidx":69,"session":"84647535","collection_code":101014,"seq":6}
2022-01-07 10:31:32:439 - error: {"data":{},"cmd":616,"status":-1078}
2022-01-07 10:31:32:440 - error: -1078
2022-01-07 10:31:32:537 - error: {"cmd":615,"aidx":69,"session":"84647535","collection_code":101007,"seq":6}
2022-01-07 10:31:32:537 - error: {"data":{},"cmd":616,"status":-1078}
2022-01-07 10:31:32:538 - error: -1078
2022-01-07 10:31:32:631 - error: {"cmd":615,"aidx":69,"session":"84647535","collection_code":101006,"seq":6}
2022-01-07 10:31:32:631 - error: {"data":{},"cmd":616,"status":-1078}
2022-01-07 10:31:32:631 - error: -1078
2022-01-07 10:31:32:727 - error: {"cmd":615,"aidx":69,"session":"84647535","collection_code":101001,"seq":6}
2022-01-07 10:31:32:727 - error: {"data":{},"cmd":616,"status":-1078}
2022-01-07 10:31:32:727 - error: -1078
2022-01-07 10:31:32:822 - error: {"cmd":615,"aidx":69,"session":"84647535","collection_code":101024,"seq":6}
2022-01-07 10:31:32:822 - error: {"data":{},"cmd":616,"status":-1078}
2022-01-07 10:31:32:822 - error: -1078
2022-01-07 10:31:32:916 - error: {"cmd":615,"aidx":69,"session":"84647535","collection_code":101017,"seq":6}
2022-01-07 10:31:32:916 - error: {"data":{},"cmd":616,"status":-1078}
2022-01-07 10:31:32:916 - error: -1078
2022-01-07 10:31:33:017 - error: {"cmd":615,"aidx":69,"session":"84647535","collection_code":101020,"seq":6}
2022-01-07 10:31:33:017 - error: {"data":{},"cmd":616,"status":-1078}
2022-01-07 10:31:33:017 - error: -1078
2022-01-07 10:31:33:517 - error: {"cmd":615,"aidx":69,"session":"84647535","collection_code":101015,"seq":6}
2022-01-07 10:31:33:517 - error: {"data":{},"cmd":616,"status":-1078}
2022-01-07 10:31:33:517 - error: -1078
2022-01-07 10:31:33:615 - error: {"cmd":615,"aidx":69,"session":"84647535","collection_code":101020,"seq":6}
2022-01-07 10:31:33:615 - error: {"data":{},"cmd":616,"status":-1078}
2022-01-07 10:31:33:615 - error: -1078
2022-01-07 10:31:33:712 - error: {"cmd":615,"aidx":69,"session":"84647535","collection_code":101007,"seq":6}
2022-01-07 10:31:33:712 - error: {"data":{},"cmd":616,"status":-1078}
2022-01-07 10:31:33:712 - error: -1078
2022-01-07 10:31:33:814 - error: {"cmd":615,"aidx":69,"session":"84647535","collection_code":101009,"seq":6}
2022-01-07 10:31:33:814 - error: {"data":{},"cmd":616,"status":-1078}
2022-01-07 10:31:33:814 - error: -1078
2022-01-07 10:31:33:922 - error: {"cmd":615,"aidx":69,"session":"84647535","collection_code":101024,"seq":6}
2022-01-07 10:31:33:922 - error: {"data":{},"cmd":616,"status":-1078}
2022-01-07 10:31:33:922 - error: -1078
2022-01-07 10:31:34:019 - error: {"cmd":615,"aidx":69,"session":"84647535","collection_code":101006,"seq":6}
2022-01-07 10:31:34:019 - error: {"data":{},"cmd":616,"status":-1078}
2022-01-07 10:31:34:019 - error: -1078
2022-01-07 10:31:34:129 - error: {"cmd":615,"aidx":69,"session":"84647535","collection_code":101019,"seq":6}
2022-01-07 10:31:34:129 - error: {"data":{},"cmd":616,"status":-1078}
2022-01-07 10:31:34:129 - error: -1078
2022-01-07 10:31:34:226 - error: {"cmd":615,"aidx":69,"session":"84647535","collection_code":101023,"seq":6}
2022-01-07 10:31:34:226 - error: {"data":{},"cmd":616,"status":-1078}
2022-01-07 10:31:34:226 - error: -1078
2022-01-07 10:31:34:327 - error: {"cmd":615,"aidx":69,"session":"84647535","collection_code":101004,"seq":6}
2022-01-07 10:31:34:327 - error: {"data":{},"cmd":616,"status":-1078}
2022-01-07 10:31:34:327 - error: -1078
2022-01-07 10:31:34:429 - error: {"cmd":615,"aidx":69,"session":"84647535","collection_code":101005,"seq":6}
2022-01-07 10:31:34:429 - error: {"data":{},"cmd":616,"status":-1078}
2022-01-07 10:31:34:429 - error: -1078
2022-01-07 10:31:34:520 - error: {"cmd":615,"aidx":69,"session":"84647535","collection_code":101002,"seq":6}
2022-01-07 10:31:34:521 - error: {"data":{},"cmd":616,"status":-1078}
2022-01-07 10:31:34:521 - error: -1078
2022-01-07 10:31:34:613 - error: {"cmd":615,"aidx":69,"session":"84647535","collection_code":101001,"seq":6}
2022-01-07 10:31:34:613 - error: {"data":{},"cmd":616,"status":-1078}
2022-01-07 10:31:34:614 - error: -1078
2022-01-07 10:31:34:708 - error: {"cmd":615,"aidx":69,"session":"84647535","collection_code":101003,"seq":6}
2022-01-07 10:31:34:709 - error: {"data":{},"cmd":616,"status":-1078}
2022-01-07 10:31:34:709 - error: -1078
2022-01-07 10:31:34:805 - error: {"cmd":615,"aidx":69,"session":"84647535","collection_code":101010,"seq":6}
2022-01-07 10:31:34:805 - error: {"data":{},"cmd":616,"status":-1078}
2022-01-07 10:31:34:805 - error: -1078
2022-01-07 10:31:34:904 - error: {"cmd":615,"aidx":69,"session":"84647535","collection_code":101008,"seq":6}
2022-01-07 10:31:34:904 - error: {"data":{},"cmd":616,"status":-1078}
2022-01-07 10:31:34:904 - error: -1078
2022-01-07 10:31:34:997 - error: {"cmd":615,"aidx":69,"session":"84647535","collection_code":101013,"seq":6}
2022-01-07 10:31:34:997 - error: {"data":{},"cmd":616,"status":-1078}
2022-01-07 10:31:34:997 - error: -1078
2022-01-07 10:31:35:090 - error: {"cmd":615,"aidx":69,"session":"84647535","collection_code":101011,"seq":6}
2022-01-07 10:31:35:090 - error: {"data":{},"cmd":616,"status":-1078}
2022-01-07 10:31:35:091 - error: -1078
2022-01-07 10:31:35:184 - error: {"cmd":615,"aidx":69,"session":"84647535","collection_code":101018,"seq":6}
2022-01-07 10:31:35:184 - error: {"data":{},"cmd":616,"status":-1078}
2022-01-07 10:31:35:184 - error: -1078
2022-01-07 10:31:35:276 - error: {"cmd":615,"aidx":69,"session":"84647535","collection_code":101017,"seq":6}
2022-01-07 10:31:35:276 - error: {"data":{},"cmd":616,"status":-1078}
2022-01-07 10:31:35:276 - error: -1078
2022-01-07 10:31:35:369 - error: {"cmd":615,"aidx":69,"session":"84647535","collection_code":101014,"seq":6}
2022-01-07 10:31:35:369 - error: {"data":{},"cmd":616,"status":-1078}
2022-01-07 10:31:35:369 - error: -1078
2022-01-07 10:31:35:461 - error: {"cmd":615,"aidx":69,"session":"84647535","collection_code":101022,"seq":6}
2022-01-07 10:31:35:461 - error: {"data":{},"cmd":616,"status":-1078}
2022-01-07 10:31:35:461 - error: -1078
2022-01-07 10:31:35:554 - error: {"cmd":615,"aidx":69,"session":"84647535","collection_code":101021,"seq":6}
2022-01-07 10:31:35:555 - error: {"data":{},"cmd":616,"status":-1078}
2022-01-07 10:31:35:555 - error: -1078
2022-01-07 10:31:35:653 - error: {"cmd":615,"aidx":69,"session":"84647535","collection_code":101016,"seq":6}
2022-01-07 10:31:35:654 - error: {"data":{},"cmd":616,"status":-1078}
2022-01-07 10:31:35:654 - error: -1078
2022-01-07 10:31:35:748 - error: {"cmd":615,"aidx":69,"session":"84647535","collection_code":101012,"seq":6}
2022-01-07 10:31:35:748 - error: {"data":{},"cmd":616,"status":-1078}
2022-01-07 10:31:35:748 - error: -1078
2022-01-07 10:31:36:264 - error: {"cmd":615,"aidx":69,"session":"84647535","collection_code":101017,"seq":6}
2022-01-07 10:31:36:264 - error: {"data":{},"cmd":616,"status":-1078}
2022-01-07 10:31:36:264 - error: -1078
2022-01-07 10:31:36:363 - error: {"cmd":615,"aidx":69,"session":"84647535","collection_code":101003,"seq":6}
2022-01-07 10:31:36:363 - error: {"data":{},"cmd":616,"status":-1078}
2022-01-07 10:31:36:363 - error: -1078
2022-01-07 10:31:36:461 - error: {"cmd":615,"aidx":69,"session":"84647535","collection_code":101001,"seq":6}
2022-01-07 10:31:36:461 - error: {"data":{},"cmd":616,"status":-1078}
2022-01-07 10:31:36:461 - error: -1078
2022-01-07 10:31:36:557 - error: {"cmd":615,"aidx":69,"session":"84647535","collection_code":101008,"seq":6}
2022-01-07 10:31:36:557 - error: {"data":{},"cmd":616,"status":-1078}
2022-01-07 10:31:36:557 - error: -1078
2022-01-07 10:31:36:652 - error: {"cmd":615,"aidx":69,"session":"84647535","collection_code":101012,"seq":6}
2022-01-07 10:31:36:652 - error: {"data":{},"cmd":616,"status":-1078}
2022-01-07 10:31:36:652 - error: -1078
2022-01-07 10:31:36:748 - error: {"cmd":615,"aidx":69,"session":"84647535","collection_code":101018,"seq":6}
2022-01-07 10:31:36:748 - error: {"data":{},"cmd":616,"status":-1078}
2022-01-07 10:31:36:748 - error: -1078
2022-01-07 10:31:36:840 - error: {"cmd":615,"aidx":69,"session":"84647535","collection_code":101015,"seq":6}
2022-01-07 10:31:36:840 - error: {"data":{},"cmd":616,"status":-1078}
2022-01-07 10:31:36:840 - error: -1078
2022-01-07 10:31:36:931 - error: {"cmd":615,"aidx":69,"session":"84647535","collection_code":101014,"seq":6}
2022-01-07 10:31:36:932 - error: {"data":{},"cmd":616,"status":-1078}
2022-01-07 10:31:36:932 - error: -1078
2022-01-07 10:31:37:024 - error: {"cmd":615,"aidx":69,"session":"84647535","collection_code":101009,"seq":6}
2022-01-07 10:31:37:024 - error: {"data":{},"cmd":616,"status":-1078}
2022-01-07 10:31:37:024 - error: -1078
2022-01-07 10:31:37:115 - error: {"cmd":615,"aidx":69,"session":"84647535","collection_code":101023,"seq":6}
2022-01-07 10:31:37:115 - error: {"data":{},"cmd":616,"status":-1078}
2022-01-07 10:31:37:115 - error: -1078
2022-01-07 10:31:37:205 - error: {"cmd":615,"aidx":69,"session":"84647535","collection_code":101019,"seq":6}
2022-01-07 10:31:37:205 - error: {"data":{},"cmd":616,"status":-1078}
2022-01-07 10:31:37:205 - error: -1078
2022-01-07 10:31:37:297 - error: {"cmd":615,"aidx":69,"session":"84647535","collection_code":101010,"seq":6}
2022-01-07 10:31:37:297 - error: {"data":{},"cmd":616,"status":-1078}
2022-01-07 10:31:37:297 - error: -1078
2022-01-07 10:31:37:387 - error: {"cmd":615,"aidx":69,"session":"84647535","collection_code":101024,"seq":6}
2022-01-07 10:31:37:387 - error: {"data":{},"cmd":616,"status":-1078}
2022-01-07 10:31:37:387 - error: -1078
2022-01-07 10:31:37:480 - error: {"cmd":615,"aidx":69,"session":"84647535","collection_code":101004,"seq":6}
2022-01-07 10:31:37:480 - error: {"data":{},"cmd":616,"status":-1078}
2022-01-07 10:31:37:480 - error: -1078
2022-01-07 10:31:37:571 - error: {"cmd":615,"aidx":69,"session":"84647535","collection_code":101013,"seq":6}
2022-01-07 10:31:37:571 - error: {"data":{},"cmd":616,"status":-1078}
2022-01-07 10:31:37:571 - error: -1078
2022-01-07 10:31:37:691 - error: {"cmd":615,"aidx":69,"session":"84647535","collection_code":101006,"seq":6}
2022-01-07 10:31:37:691 - error: {"data":{},"cmd":616,"status":-1078}
2022-01-07 10:31:37:691 - error: -1078
2022-01-07 10:31:37:817 - error: {"cmd":615,"aidx":69,"session":"84647535","collection_code":101007,"seq":6}
2022-01-07 10:31:37:818 - error: {"data":{},"cmd":616,"status":-1078}
2022-01-07 10:31:37:818 - error: -1078
2022-01-07 10:31:37:928 - error: {"cmd":615,"aidx":69,"session":"84647535","collection_code":101022,"seq":6}
2022-01-07 10:31:37:928 - error: {"data":{},"cmd":616,"status":-1078}
2022-01-07 10:31:37:928 - error: -1078
2022-01-07 10:31:38:039 - error: {"cmd":615,"aidx":69,"session":"84647535","collection_code":101021,"seq":6}
2022-01-07 10:31:38:039 - error: {"data":{},"cmd":616,"status":-1078}
2022-01-07 10:31:38:040 - error: -1078
2022-01-07 10:31:38:152 - error: {"cmd":615,"aidx":69,"session":"84647535","collection_code":101020,"seq":6}
2022-01-07 10:31:38:152 - error: {"data":{},"cmd":616,"status":-1078}
2022-01-07 10:31:38:152 - error: -1078
2022-01-07 10:31:38:244 - error: {"cmd":615,"aidx":69,"session":"84647535","collection_code":101005,"seq":6}
2022-01-07 10:31:38:244 - error: {"data":{},"cmd":616,"status":-1078}
2022-01-07 10:31:38:244 - error: -1078
2022-01-07 10:31:38:337 - error: {"cmd":615,"aidx":69,"session":"84647535","collection_code":101016,"seq":6}
2022-01-07 10:31:38:338 - error: {"data":{},"cmd":616,"status":-1078}
2022-01-07 10:31:38:338 - error: -1078
2022-01-07 10:31:38:433 - error: {"cmd":615,"aidx":69,"session":"84647535","collection_code":101002,"seq":6}
2022-01-07 10:31:38:434 - error: {"data":{},"cmd":616,"status":-1078}
2022-01-07 10:31:38:434 - error: -1078
2022-01-07 10:31:38:534 - error: {"cmd":615,"aidx":69,"session":"84647535","collection_code":101011,"seq":6}
2022-01-07 10:31:38:534 - error: {"data":{},"cmd":616,"status":-1078}
2022-01-07 10:31:38:534 - error: -1078
2022-01-07 10:31:39:034 - error: {"cmd":615,"aidx":69,"session":"84647535","collection_code":101021,"seq":6}
2022-01-07 10:31:39:034 - error: {"data":{},"cmd":616,"status":-1078}
2022-01-07 10:31:39:034 - error: -1078
2022-01-07 10:31:39:130 - error: {"cmd":615,"aidx":69,"session":"84647535","collection_code":101020,"seq":6}
2022-01-07 10:31:39:130 - error: {"data":{},"cmd":616,"status":-1078}
2022-01-07 10:31:39:130 - error: -1078
2022-01-07 10:31:39:224 - error: {"cmd":615,"aidx":69,"session":"84647535","collection_code":101004,"seq":6}
2022-01-07 10:31:39:225 - error: {"data":{},"cmd":616,"status":-1078}
2022-01-07 10:31:39:225 - error: -1078
2022-01-07 10:31:39:320 - error: {"cmd":615,"aidx":69,"session":"84647535","collection_code":101022,"seq":6}
2022-01-07 10:31:39:320 - error: {"data":{},"cmd":616,"status":-1078}
2022-01-07 10:31:39:321 - error: -1078
2022-01-07 10:31:39:416 - error: {"cmd":615,"aidx":69,"session":"84647535","collection_code":101016,"seq":6}
2022-01-07 10:31:39:416 - error: {"data":{},"cmd":616,"status":-1078}
2022-01-07 10:31:39:416 - error: -1078
2022-01-07 10:31:39:506 - error: {"cmd":615,"aidx":69,"session":"84647535","collection_code":101011,"seq":6}
2022-01-07 10:31:39:506 - error: {"data":{},"cmd":616,"status":-1078}
2022-01-07 10:31:39:506 - error: -1078
2022-01-07 10:31:39:603 - error: {"cmd":615,"aidx":69,"session":"84647535","collection_code":101007,"seq":6}
2022-01-07 10:31:39:603 - error: {"data":{},"cmd":616,"status":-1078}
2022-01-07 10:31:39:603 - error: -1078
2022-01-07 10:31:39:704 - error: {"cmd":615,"aidx":69,"session":"84647535","collection_code":101024,"seq":6}
2022-01-07 10:31:39:704 - error: {"data":{},"cmd":616,"status":-1078}
2022-01-07 10:31:39:704 - error: -1078
2022-01-07 10:31:39:797 - error: {"cmd":615,"aidx":69,"session":"84647535","collection_code":101017,"seq":6}
2022-01-07 10:31:39:797 - error: {"data":{},"cmd":616,"status":-1078}
2022-01-07 10:31:39:797 - error: -1078
2022-01-07 10:31:39:893 - error: {"cmd":615,"aidx":69,"session":"84647535","collection_code":101019,"seq":6}
2022-01-07 10:31:39:894 - error: {"data":{},"cmd":616,"status":-1078}
2022-01-07 10:31:39:894 - error: -1078
2022-01-07 10:31:39:990 - error: {"cmd":615,"aidx":69,"session":"84647535","collection_code":101008,"seq":6}
2022-01-07 10:31:39:990 - error: {"data":{},"cmd":616,"status":-1078}
2022-01-07 10:31:39:990 - error: -1078
2022-01-07 10:31:40:085 - error: {"cmd":615,"aidx":69,"session":"84647535","collection_code":101006,"seq":6}
2022-01-07 10:31:40:085 - error: {"data":{},"cmd":616,"status":-1078}
2022-01-07 10:31:40:085 - error: -1078
2022-01-07 10:31:40:180 - error: {"cmd":615,"aidx":69,"session":"84647535","collection_code":101001,"seq":6}
2022-01-07 10:31:40:180 - error: {"data":{},"cmd":616,"status":-1078}
2022-01-07 10:31:40:180 - error: -1078
2022-01-07 10:31:40:273 - error: {"cmd":615,"aidx":69,"session":"84647535","collection_code":101012,"seq":6}
2022-01-07 10:31:40:273 - error: {"data":{},"cmd":616,"status":-1078}
2022-01-07 10:31:40:273 - error: -1078
2022-01-07 10:31:40:365 - error: {"cmd":615,"aidx":69,"session":"84647535","collection_code":101010,"seq":6}
2022-01-07 10:31:40:365 - error: {"data":{},"cmd":616,"status":-1078}
2022-01-07 10:31:40:365 - error: -1078
2022-01-07 10:31:40:457 - error: {"cmd":615,"aidx":69,"session":"84647535","collection_code":101005,"seq":6}
2022-01-07 10:31:40:457 - error: {"data":{},"cmd":616,"status":-1078}
2022-01-07 10:31:40:457 - error: -1078
2022-01-07 10:31:40:549 - error: {"cmd":615,"aidx":69,"session":"84647535","collection_code":101003,"seq":6}
2022-01-07 10:31:40:549 - error: {"data":{},"cmd":616,"status":-1078}
2022-01-07 10:31:40:549 - error: -1078
2022-01-07 10:31:40:641 - error: {"cmd":615,"aidx":69,"session":"84647535","collection_code":101013,"seq":6}
2022-01-07 10:31:40:642 - error: {"data":{},"cmd":616,"status":-1078}
2022-01-07 10:31:40:642 - error: -1078
2022-01-07 10:31:40:732 - error: {"cmd":615,"aidx":69,"session":"84647535","collection_code":101014,"seq":6}
2022-01-07 10:31:40:732 - error: {"data":{},"cmd":616,"status":-1078}
2022-01-07 10:31:40:732 - error: -1078
2022-01-07 10:31:40:825 - error: {"cmd":615,"aidx":69,"session":"84647535","collection_code":101002,"seq":6}
2022-01-07 10:31:40:826 - error: {"data":{},"cmd":616,"status":-1078}
2022-01-07 10:31:40:826 - error: -1078
2022-01-07 10:31:40:916 - error: {"cmd":615,"aidx":69,"session":"84647535","collection_code":101023,"seq":6}
2022-01-07 10:31:40:917 - error: {"data":{},"cmd":616,"status":-1078}
2022-01-07 10:31:40:917 - error: -1078
2022-01-07 10:31:41:009 - error: {"cmd":615,"aidx":69,"session":"84647535","collection_code":101018,"seq":6}
2022-01-07 10:31:41:009 - error: {"data":{},"cmd":616,"status":-1078}
2022-01-07 10:31:41:009 - error: -1078
2022-01-07 10:31:41:101 - error: {"cmd":615,"aidx":69,"session":"84647535","collection_code":101009,"seq":6}
2022-01-07 10:31:41:101 - error: {"data":{},"cmd":616,"status":-1078}
2022-01-07 10:31:41:101 - error: -1078
2022-01-07 10:31:41:193 - error: {"cmd":615,"aidx":69,"session":"84647535","collection_code":101015,"seq":6}
2022-01-07 10:31:41:193 - error: {"data":{},"cmd":616,"status":-1078}
2022-01-07 10:31:41:193 - error: -1078
2022-01-07 10:31:41:690 - error: {"cmd":615,"aidx":69,"session":"84647535","collection_code":101016,"seq":6}
2022-01-07 10:31:41:690 - error: {"data":{},"cmd":616,"status":-1078}
2022-01-07 10:31:41:690 - error: -1078
2022-01-07 10:31:41:782 - error: {"cmd":615,"aidx":69,"session":"84647535","collection_code":101021,"seq":6}
2022-01-07 10:31:41:782 - error: {"data":{},"cmd":616,"status":-1078}
2022-01-07 10:31:41:782 - error: -1078
2022-01-07 10:31:41:882 - error: {"cmd":615,"aidx":69,"session":"84647535","collection_code":101024,"seq":6}
2022-01-07 10:31:41:883 - error: {"data":{},"cmd":616,"status":-1078}
2022-01-07 10:31:41:883 - error: -1078
2022-01-07 10:31:41:975 - error: {"cmd":615,"aidx":69,"session":"84647535","collection_code":101004,"seq":6}
2022-01-07 10:31:41:975 - error: {"data":{},"cmd":616,"status":-1078}
2022-01-07 10:31:41:975 - error: -1078
2022-01-07 10:31:42:074 - error: {"cmd":615,"aidx":69,"session":"84647535","collection_code":101012,"seq":6}
2022-01-07 10:31:42:074 - error: {"data":{},"cmd":616,"status":-1078}
2022-01-07 10:31:42:074 - error: -1078
2022-01-07 10:31:42:171 - error: {"cmd":615,"aidx":69,"session":"84647535","collection_code":101019,"seq":6}
2022-01-07 10:31:42:172 - error: {"data":{},"cmd":616,"status":-1078}
2022-01-07 10:31:42:172 - error: -1078
2022-01-07 10:31:42:266 - error: {"cmd":615,"aidx":69,"session":"84647535","collection_code":101013,"seq":6}
2022-01-07 10:31:42:266 - error: {"data":{},"cmd":616,"status":-1078}
2022-01-07 10:31:42:266 - error: -1078
2022-01-07 10:31:42:359 - error: {"cmd":615,"aidx":69,"session":"84647535","collection_code":101008,"seq":6}
2022-01-07 10:31:42:359 - error: {"data":{},"cmd":616,"status":-1078}
2022-01-07 10:31:42:359 - error: -1078
2022-01-07 10:31:42:463 - error: {"cmd":615,"aidx":69,"session":"84647535","collection_code":101023,"seq":6}
2022-01-07 10:31:42:464 - error: {"data":{},"cmd":616,"status":-1078}
2022-01-07 10:31:42:464 - error: -1078
2022-01-07 10:31:42:561 - error: {"cmd":615,"aidx":69,"session":"84647535","collection_code":101014,"seq":6}
2022-01-07 10:31:42:561 - error: {"data":{},"cmd":616,"status":-1078}
2022-01-07 10:31:42:561 - error: -1078
2022-01-07 10:31:42:659 - error: {"cmd":615,"aidx":69,"session":"84647535","collection_code":101015,"seq":6}
2022-01-07 10:31:42:659 - error: {"data":{},"cmd":616,"status":-1078}
2022-01-07 10:31:42:659 - error: -1078
2022-01-07 10:31:42:760 - error: {"cmd":615,"aidx":69,"session":"84647535","collection_code":101018,"seq":6}
2022-01-07 10:31:42:760 - error: {"data":{},"cmd":616,"status":-1078}
2022-01-07 10:31:42:760 - error: -1078
2022-01-07 10:31:42:853 - error: {"cmd":615,"aidx":69,"session":"84647535","collection_code":101005,"seq":6}
2022-01-07 10:31:42:853 - error: {"data":{},"cmd":616,"status":-1078}
2022-01-07 10:31:42:854 - error: -1078
2022-01-07 10:31:42:950 - error: {"cmd":615,"aidx":69,"session":"84647535","collection_code":101010,"seq":6}
2022-01-07 10:31:42:950 - error: {"data":{},"cmd":616,"status":-1078}
2022-01-07 10:31:42:950 - error: -1078
2022-01-07 10:31:43:049 - error: {"cmd":615,"aidx":69,"session":"84647535","collection_code":101009,"seq":6}
2022-01-07 10:31:43:049 - error: {"data":{},"cmd":616,"status":-1078}
2022-01-07 10:31:43:049 - error: -1078
2022-01-07 10:31:43:153 - error: {"cmd":615,"aidx":69,"session":"84647535","collection_code":101007,"seq":6}
2022-01-07 10:31:43:153 - error: {"data":{},"cmd":616,"status":-1078}
2022-01-07 10:31:43:153 - error: -1078
2022-01-07 10:31:43:247 - error: {"cmd":615,"aidx":69,"session":"84647535","collection_code":101022,"seq":6}
2022-01-07 10:31:43:247 - error: {"data":{},"cmd":616,"status":-1078}
2022-01-07 10:31:43:247 - error: -1078
2022-01-07 10:31:43:347 - error: {"cmd":615,"aidx":69,"session":"84647535","collection_code":101001,"seq":6}
2022-01-07 10:31:43:347 - error: {"data":{},"cmd":616,"status":-1078}
2022-01-07 10:31:43:347 - error: -1078
2022-01-07 10:31:43:447 - error: {"cmd":615,"aidx":69,"session":"84647535","collection_code":101003,"seq":6}
2022-01-07 10:31:43:447 - error: {"data":{},"cmd":616,"status":-1078}
2022-01-07 10:31:43:447 - error: -1078
2022-01-07 10:31:43:540 - error: {"cmd":615,"aidx":69,"session":"84647535","collection_code":101017,"seq":6}
2022-01-07 10:31:43:540 - error: {"data":{},"cmd":616,"status":-1078}
2022-01-07 10:31:43:540 - error: -1078
2022-01-07 10:31:43:632 - error: {"cmd":615,"aidx":69,"session":"84647535","collection_code":101011,"seq":6}
2022-01-07 10:31:43:632 - error: {"data":{},"cmd":616,"status":-1078}
2022-01-07 10:31:43:632 - error: -1078
2022-01-07 10:31:43:730 - error: {"cmd":615,"aidx":69,"session":"84647535","collection_code":101002,"seq":6}
2022-01-07 10:31:43:730 - error: {"data":{},"cmd":616,"status":-1078}
2022-01-07 10:31:43:730 - error: -1078
2022-01-07 10:31:43:824 - error: {"cmd":615,"aidx":69,"session":"84647535","collection_code":101006,"seq":6}
2022-01-07 10:31:43:824 - error: {"data":{},"cmd":616,"status":-1078}
2022-01-07 10:31:43:824 - error: -1078
2022-01-07 10:31:43:916 - error: {"cmd":615,"aidx":69,"session":"84647535","collection_code":101020,"seq":6}
2022-01-07 10:31:43:916 - error: {"data":{},"cmd":616,"status":-1078}
2022-01-07 10:31:43:916 - error: -1078
2022-01-07 10:31:44:407 - error: {"cmd":615,"aidx":69,"session":"84647535","collection_code":101001,"seq":6}
2022-01-07 10:31:44:408 - error: {"data":{},"cmd":616,"status":-1078}
2022-01-07 10:31:44:408 - error: -1078
2022-01-07 10:31:44:503 - error: {"cmd":615,"aidx":69,"session":"84647535","collection_code":101003,"seq":6}
2022-01-07 10:31:44:503 - error: {"data":{},"cmd":616,"status":-1078}
2022-01-07 10:31:44:503 - error: -1078
2022-01-07 10:31:44:604 - error: {"cmd":615,"aidx":69,"session":"84647535","collection_code":101018,"seq":6}
2022-01-07 10:31:44:604 - error: {"data":{},"cmd":616,"status":-1078}
2022-01-07 10:31:44:604 - error: -1078
2022-01-07 10:31:44:704 - error: {"cmd":615,"aidx":69,"session":"84647535","collection_code":101014,"seq":6}
2022-01-07 10:31:44:704 - error: {"data":{},"cmd":616,"status":-1078}
2022-01-07 10:31:44:704 - error: -1078
2022-01-07 10:31:44:804 - error: {"cmd":615,"aidx":69,"session":"84647535","collection_code":101023,"seq":6}
2022-01-07 10:31:44:805 - error: {"data":{},"cmd":616,"status":-1078}
2022-01-07 10:31:44:805 - error: -1078
2022-01-07 10:31:44:896 - error: {"cmd":615,"aidx":69,"session":"84647535","collection_code":101019,"seq":6}
2022-01-07 10:31:44:896 - error: {"data":{},"cmd":616,"status":-1078}
2022-01-07 10:31:44:896 - error: -1078
2022-01-07 10:31:44:989 - error: {"cmd":615,"aidx":69,"session":"84647535","collection_code":101022,"seq":6}
2022-01-07 10:31:44:990 - error: {"data":{},"cmd":616,"status":-1078}
2022-01-07 10:31:44:990 - error: -1078
2022-01-07 10:31:45:086 - error: {"cmd":615,"aidx":69,"session":"84647535","collection_code":101009,"seq":6}
2022-01-07 10:31:45:087 - error: {"data":{},"cmd":616,"status":-1078}
2022-01-07 10:31:45:087 - error: -1078
2022-01-07 10:31:45:180 - error: {"cmd":615,"aidx":69,"session":"84647535","collection_code":101013,"seq":6}
2022-01-07 10:31:45:180 - error: {"data":{},"cmd":616,"status":-1078}
2022-01-07 10:31:45:180 - error: -1078
2022-01-07 10:31:45:277 - error: {"cmd":615,"aidx":69,"session":"84647535","collection_code":101008,"seq":6}
2022-01-07 10:31:45:277 - error: {"data":{},"cmd":616,"status":-1078}
2022-01-07 10:31:45:277 - error: -1078
2022-01-07 10:31:45:373 - error: {"cmd":615,"aidx":69,"session":"84647535","collection_code":101005,"seq":6}
2022-01-07 10:31:45:374 - error: {"data":{},"cmd":616,"status":-1078}
2022-01-07 10:31:45:374 - error: -1078
2022-01-07 10:31:45:475 - error: {"cmd":615,"aidx":69,"session":"84647535","collection_code":101021,"seq":6}
2022-01-07 10:31:45:475 - error: {"data":{},"cmd":616,"status":-1078}
2022-01-07 10:31:45:475 - error: -1078
2022-01-07 10:31:45:574 - error: {"cmd":615,"aidx":69,"session":"84647535","collection_code":101006,"seq":6}
2022-01-07 10:31:45:574 - error: {"data":{},"cmd":616,"status":-1078}
2022-01-07 10:31:45:574 - error: -1078
2022-01-07 10:31:45:675 - error: {"cmd":615,"aidx":69,"session":"84647535","collection_code":101024,"seq":6}
2022-01-07 10:31:45:675 - error: {"data":{},"cmd":616,"status":-1078}
2022-01-07 10:31:45:675 - error: -1078
2022-01-07 10:31:45:777 - error: {"cmd":615,"aidx":69,"session":"84647535","collection_code":101007,"seq":6}
2022-01-07 10:31:45:777 - error: {"data":{},"cmd":616,"status":-1078}
2022-01-07 10:31:45:777 - error: -1078
2022-01-07 10:31:45:884 - error: {"cmd":615,"aidx":69,"session":"84647535","collection_code":101017,"seq":6}
2022-01-07 10:31:45:884 - error: {"data":{},"cmd":616,"status":-1078}
2022-01-07 10:31:45:884 - error: -1078
2022-01-07 10:31:45:975 - error: {"cmd":615,"aidx":69,"session":"84647535","collection_code":101011,"seq":6}
2022-01-07 10:31:45:975 - error: {"data":{},"cmd":616,"status":-1078}
2022-01-07 10:31:45:975 - error: -1078
2022-01-07 10:31:46:069 - error: {"cmd":615,"aidx":69,"session":"84647535","collection_code":101004,"seq":6}
2022-01-07 10:31:46:069 - error: {"data":{},"cmd":616,"status":-1078}
2022-01-07 10:31:46:069 - error: -1078
2022-01-07 10:31:46:171 - error: {"cmd":615,"aidx":69,"session":"84647535","collection_code":101015,"seq":6}
2022-01-07 10:31:46:171 - error: {"data":{},"cmd":616,"status":-1078}
2022-01-07 10:31:46:171 - error: -1078
2022-01-07 10:31:46:263 - error: {"cmd":615,"aidx":69,"session":"84647535","collection_code":101016,"seq":6}
2022-01-07 10:31:46:263 - error: {"data":{},"cmd":616,"status":-1078}
2022-01-07 10:31:46:263 - error: -1078
2022-01-07 10:31:46:353 - error: {"cmd":615,"aidx":69,"session":"84647535","collection_code":101010,"seq":6}
2022-01-07 10:31:46:354 - error: {"data":{},"cmd":616,"status":-1078}
2022-01-07 10:31:46:354 - error: -1078
2022-01-07 10:31:46:463 - error: {"cmd":615,"aidx":69,"session":"84647535","collection_code":101012,"seq":6}
2022-01-07 10:31:46:463 - error: {"data":{},"cmd":616,"status":-1078}
2022-01-07 10:31:46:463 - error: -1078
2022-01-07 10:31:46:557 - error: {"cmd":615,"aidx":69,"session":"84647535","collection_code":101020,"seq":6}
2022-01-07 10:31:46:557 - error: {"data":{},"cmd":616,"status":-1078}
2022-01-07 10:31:46:557 - error: -1078
2022-01-07 10:31:46:647 - error: {"cmd":615,"aidx":69,"session":"84647535","collection_code":101002,"seq":6}
2022-01-07 10:31:46:647 - error: {"data":{},"cmd":616,"status":-1078}
2022-01-07 10:31:46:647 - error: -1078
2022-01-07 10:31:47:126 - error: {"cmd":615,"aidx":69,"session":"84647535","collection_code":101008,"seq":6}
2022-01-07 10:31:47:126 - error: {"data":{},"cmd":616,"status":-1078}
2022-01-07 10:31:47:126 - error: -1078
2022-01-07 10:31:47:218 - error: {"cmd":615,"aidx":69,"session":"84647535","collection_code":101022,"seq":6}
2022-01-07 10:31:47:218 - error: {"data":{},"cmd":616,"status":-1078}
2022-01-07 10:31:47:218 - error: -1078
2022-01-07 10:31:47:310 - error: {"cmd":615,"aidx":69,"session":"84647535","collection_code":101016,"seq":6}
2022-01-07 10:31:47:310 - error: {"data":{},"cmd":616,"status":-1078}
2022-01-07 10:31:47:310 - error: -1078
2022-01-07 10:31:47:403 - error: {"cmd":615,"aidx":69,"session":"84647535","collection_code":101010,"seq":6}
2022-01-07 10:31:47:403 - error: {"data":{},"cmd":616,"status":-1078}
2022-01-07 10:31:47:403 - error: -1078
2022-01-07 10:31:47:496 - error: {"cmd":615,"aidx":69,"session":"84647535","collection_code":101002,"seq":6}
2022-01-07 10:31:47:496 - error: {"data":{},"cmd":616,"status":-1078}
2022-01-07 10:31:47:496 - error: -1078
2022-01-07 10:31:47:588 - error: {"cmd":615,"aidx":69,"session":"84647535","collection_code":101005,"seq":6}
2022-01-07 10:31:47:588 - error: {"data":{},"cmd":616,"status":-1078}
2022-01-07 10:31:47:588 - error: -1078
2022-01-07 10:31:47:681 - error: {"cmd":615,"aidx":69,"session":"84647535","collection_code":101017,"seq":6}
2022-01-07 10:31:47:681 - error: {"data":{},"cmd":616,"status":-1078}
2022-01-07 10:31:47:681 - error: -1078
2022-01-07 10:31:47:774 - error: {"cmd":615,"aidx":69,"session":"84647535","collection_code":101004,"seq":6}
2022-01-07 10:31:47:774 - error: {"data":{},"cmd":616,"status":-1078}
2022-01-07 10:31:47:774 - error: -1078
2022-01-07 10:31:47:869 - error: {"cmd":615,"aidx":69,"session":"84647535","collection_code":101009,"seq":6}
2022-01-07 10:31:47:869 - error: {"data":{},"cmd":616,"status":-1078}
2022-01-07 10:31:47:869 - error: -1078
2022-01-07 10:31:47:960 - error: {"cmd":615,"aidx":69,"session":"84647535","collection_code":101001,"seq":6}
2022-01-07 10:31:47:960 - error: {"data":{},"cmd":616,"status":-1078}
2022-01-07 10:31:47:960 - error: -1078
2022-01-07 10:31:48:054 - error: {"cmd":615,"aidx":69,"session":"84647535","collection_code":101020,"seq":6}
2022-01-07 10:31:48:054 - error: {"data":{},"cmd":616,"status":-1078}
2022-01-07 10:31:48:054 - error: -1078
2022-01-07 10:31:48:146 - error: {"cmd":615,"aidx":69,"session":"84647535","collection_code":101018,"seq":6}
2022-01-07 10:31:48:147 - error: {"data":{},"cmd":616,"status":-1078}
2022-01-07 10:31:48:147 - error: -1078
2022-01-07 10:31:48:260 - error: {"cmd":615,"aidx":69,"session":"84647535","collection_code":101014,"seq":6}
2022-01-07 10:31:48:260 - error: {"data":{},"cmd":616,"status":-1078}
2022-01-07 10:31:48:260 - error: -1078
2022-01-07 10:31:48:350 - error: {"cmd":615,"aidx":69,"session":"84647535","collection_code":101019,"seq":6}
2022-01-07 10:31:48:351 - error: {"data":{},"cmd":616,"status":-1078}
2022-01-07 10:31:48:351 - error: -1078
2022-01-07 10:31:48:440 - error: {"cmd":615,"aidx":69,"session":"84647535","collection_code":101013,"seq":6}
2022-01-07 10:31:48:440 - error: {"data":{},"cmd":616,"status":-1078}
2022-01-07 10:31:48:440 - error: -1078
2022-01-07 10:31:48:532 - error: {"cmd":615,"aidx":69,"session":"84647535","collection_code":101012,"seq":6}
2022-01-07 10:31:48:532 - error: {"data":{},"cmd":616,"status":-1078}
2022-01-07 10:31:48:532 - error: -1078
2022-01-07 10:31:48:623 - error: {"cmd":615,"aidx":69,"session":"84647535","collection_code":101021,"seq":6}
2022-01-07 10:31:48:623 - error: {"data":{},"cmd":616,"status":-1078}
2022-01-07 10:31:48:623 - error: -1078
2022-01-07 10:31:48:719 - error: {"cmd":615,"aidx":69,"session":"84647535","collection_code":101023,"seq":6}
2022-01-07 10:31:48:719 - error: {"data":{},"cmd":616,"status":-1078}
2022-01-07 10:31:48:720 - error: -1078
2022-01-07 10:31:48:814 - error: {"cmd":615,"aidx":69,"session":"84647535","collection_code":101024,"seq":6}
2022-01-07 10:31:48:814 - error: {"data":{},"cmd":616,"status":-1078}
2022-01-07 10:31:48:815 - error: -1078
2022-01-07 10:31:48:912 - error: {"cmd":615,"aidx":69,"session":"84647535","collection_code":101003,"seq":6}
2022-01-07 10:31:48:912 - error: {"data":{},"cmd":616,"status":-1078}
2022-01-07 10:31:48:912 - error: -1078
2022-01-07 10:31:49:007 - error: {"cmd":615,"aidx":69,"session":"84647535","collection_code":101007,"seq":6}
2022-01-07 10:31:49:007 - error: {"data":{},"cmd":616,"status":-1078}
2022-01-07 10:31:49:007 - error: -1078
2022-01-07 10:31:49:112 - error: {"cmd":615,"aidx":69,"session":"84647535","collection_code":101015,"seq":6}
2022-01-07 10:31:49:112 - error: {"data":{},"cmd":616,"status":-1078}
2022-01-07 10:31:49:112 - error: -1078
2022-01-07 10:31:49:207 - error: {"cmd":615,"aidx":69,"session":"84647535","collection_code":101011,"seq":6}
2022-01-07 10:31:49:207 - error: {"data":{},"cmd":616,"status":-1078}
2022-01-07 10:31:49:207 - error: -1078
2022-01-07 10:31:49:303 - error: {"cmd":615,"aidx":69,"session":"84647535","collection_code":101006,"seq":6}
2022-01-07 10:31:49:303 - error: {"data":{},"cmd":616,"status":-1078}
2022-01-07 10:31:49:303 - error: -1078
