2022-01-14 11:17:48:625 - info: main : redis-connect-database = 0 : 49.50.172.145:6379
2022-01-14 11:17:48:633 - info: sub : redis-connect-database = 1 : 49.50.172.145:6379
2022-01-14 11:17:48:634 - info: connect sub redis : ["server_message"]
2022-01-14 11:17:48:637 - info: msg : redis-connect-database = 2 : 49.50.172.145:6379
2022-01-14 11:17:48:640 - info: mysql freemeta_com com db init : 49.50.172.145:3306
2022-01-14 11:17:48:640 - info: mysql freemeta_log log db init : 49.50.172.145:3306
2022-01-14 11:17:48:640 - info: mysql freemeta_msg msg db init : 49.50.172.145:3306
2022-01-14 11:17:48:660 - info: mysql freemeta_01 shard db init : 10.36.69.58:3306
2022-01-14 11:17:48:683 - info: load achievement reference table success !!
2022-01-14 11:17:48:690 - info: load character reference table success !!
2022-01-14 11:17:48:711 - info: load collection reference table success !!
2022-01-14 11:17:48:719 - info: load daily attendance reference table success !!
2022-01-14 11:17:48:772 - info: load item reference table success !!
2022-01-14 11:17:48:784 - info: load open world reference table success !!
2022-01-14 11:17:48:792 - info: load payment reference table success !!
2022-01-14 11:17:48:800 - info: load play world reference table success !!
2022-01-14 11:17:48:807 - info: load ranking reward reference table success !!
2022-01-14 11:17:48:830 - info: load reward reference table success !!
2022-01-14 11:17:48:838 - info: load reward_fishing reference table success !!
2022-01-14 11:17:48:846 - info: load system shop reference table success !!
2022-01-14 11:17:49:238 - info: 서버가 시작되었습니다. [port:30051]
2022-01-14 11:17:49:238 - info: try to start [freemeta game test mode server] : http://127.0.0.1:30051
2022-01-14 11:17:49:238 - info: packet status : packet status not recorded yet.
2022-01-14 11:17:49:278 - error: {"cmd":103,"login_id":"1642126669_0_14268_373864903","uuid":"1642126669_0_14268_373864903","version":"0.16.1","os_type":1,"login_type":1}
2022-01-14 11:17:49:279 - error: {"data":{"server_info":{"version":"0.16.1","inspect":0,"account":1,"login":1,"notice_page":"","inspect_page":"https://dev.freeblox.net/coupon","help_page":" ","time":1642126669,"timezone_offset":-32400}},"cmd":104,"status":-1023}
2022-01-14 11:17:49:279 - error: -1023
2022-01-14 11:17:49:344 - error: null
2022-01-14 11:17:49:393 - error: null
2022-01-14 11:17:49:425 - error: null
2022-01-14 11:17:49:445 - error: null
2022-01-14 11:17:49:468 - error: null
2022-01-14 11:17:49:501 - error: null
2022-01-14 11:17:49:528 - error: null
2022-01-14 11:17:49:561 - error: null
2022-01-14 11:17:49:611 - error: null
2022-01-14 11:17:57:845 - error: null
2022-01-14 11:17:57:872 - error: {"cmd":107,"aidx":86,"session":"77332486","avt_idx":22,"equip_list":[{"eidx":0,"code":0},{"eidx":0,"code":0},{"eidx":0,"code":0},{"eidx":0,"code":0},{"eidx":0,"code":0},{"eidx":0,"code":0},{"eidx":0,"code":0},{"eidx":0,"code":0},{"eidx":0,"code":0},{"eidx":0,"code":0},{"eidx":0,"code":0},{"eidx":0,"code":0},{"eidx":0,"code":0},{"eidx":0,"code":0},{"eidx":0,"code":0},{"eidx":0,"code":0},{"eidx":0,"code":0},{"eidx":0,"code":0},{"eidx":0,"code":0},{"eidx":0,"code":0},{"eidx":0,"code":0},{"eidx":0,"code":0},{"eidx":0,"code":0},{"eidx":0,"code":0},{"eidx":0,"code":0},{"eidx":0,"code":0},{"eidx":0,"code":0},{"eidx":0,"code":0},{"eidx":0,"code":0},{"eidx":0,"code":0}]}
2022-01-14 11:17:57:872 - error: {"data":{},"cmd":108,"status":-1035}
2022-01-14 11:17:57:872 - error: -1035
2022-01-14 11:17:57:916 - error: null
2022-01-14 11:17:57:937 - error: null
2022-01-14 11:17:57:957 - error: >>>>>>>>>>>>>>> fail to start freemeta game server(port = 30051, err = TypeError: Cannot read property 'idx' of undefined)
