2022-01-15 12:12:58:322 - info: main : redis-connect-database = 0 : 49.50.172.145:6379
2022-01-15 12:12:58:328 - info: sub : redis-connect-database = 1 : 49.50.172.145:6379
2022-01-15 12:12:58:329 - info: connect sub redis : ["server_message"]
2022-01-15 12:12:58:332 - info: msg : redis-connect-database = 2 : 49.50.172.145:6379
2022-01-15 12:12:58:335 - info: mysql freemeta_com com db init : 49.50.172.145:3306
2022-01-15 12:12:58:335 - info: mysql freemeta_log log db init : 49.50.172.145:3306
2022-01-15 12:12:58:335 - info: mysql freemeta_msg msg db init : 49.50.172.145:3306
2022-01-15 12:12:58:351 - info: mysql freemeta_01 shard db init : 10.36.69.58:3306
2022-01-15 12:12:58:372 - info: load achievement reference table success !!
2022-01-15 12:12:58:378 - info: load character reference table success !!
2022-01-15 12:12:58:405 - info: load collection reference table success !!
2022-01-15 12:12:58:412 - info: load daily attendance reference table success !!
2022-01-15 12:12:58:459 - info: load item reference table success !!
2022-01-15 12:12:58:470 - info: load open world reference table success !!
2022-01-15 12:12:58:477 - info: load payment reference table success !!
2022-01-15 12:12:58:483 - info: load play world reference table success !!
2022-01-15 12:12:58:490 - info: load ranking reward reference table success !!
2022-01-15 12:12:58:512 - info: load reward reference table success !!
2022-01-15 12:12:58:519 - info: load reward_fishing reference table success !!
2022-01-15 12:12:58:526 - info: load system shop reference table success !!
2022-01-15 12:12:58:872 - info: 서버가 시작되었습니다. [port:30051]
2022-01-15 12:12:58:872 - info: try to start [freemeta game server] : http://127.0.0.1:30051
2022-01-15 12:12:58:872 - info: packet status : packet status not recorded yet.
2022-01-15 12:17:58:360 - info: [game db pool] all : 2, wait : 0, acqu : 0, free : 2
2022-01-15 12:17:58:361 - info: [log db pool ] all : 1, wait : 0, acqu : 0, free : 1
2022-01-15 12:17:58:361 - info: [msg db pool ] all : 1, wait : 0, acqu : 0, free : 1
2022-01-15 12:17:58:361 - info: [shard db pool : [1] ] all : 1, wait : 0, acqu : 0, free : 1
2022-01-15 12:17:58:876 - info: packet status : {"103":{"cmd":103,"key":"login","call":1,"total":0,"max":0,"min":0,"average":0}}
2022-01-15 12:22:58:329 - info: main: redis pong
2022-01-15 12:22:58:329 - info: sub: redis pong
2022-01-15 12:22:58:329 - info: msg: redis pong
2022-01-15 12:22:58:372 - info: [game db pool] all : 2, wait : 0, acqu : 0, free : 2
2022-01-15 12:22:58:372 - info: [log db pool ] all : 1, wait : 0, acqu : 0, free : 1
2022-01-15 12:22:58:372 - info: [msg db pool ] all : 1, wait : 0, acqu : 0, free : 1
2022-01-15 12:22:58:372 - info: [shard db pool : [1] ] all : 1, wait : 0, acqu : 0, free : 1
2022-01-15 12:22:58:884 - info: packet status : {"103":{"cmd":103,"key":"login","call":1,"total":0,"max":0,"min":0,"average":0}}
2022-01-15 12:27:58:378 - info: [game db pool] all : 2, wait : 0, acqu : 0, free : 2
2022-01-15 12:27:58:378 - info: [log db pool ] all : 1, wait : 0, acqu : 0, free : 1
2022-01-15 12:27:58:378 - info: [msg db pool ] all : 1, wait : 0, acqu : 0, free : 1
2022-01-15 12:27:58:378 - info: [shard db pool : [1] ] all : 1, wait : 0, acqu : 0, free : 1
2022-01-15 12:27:58:890 - info: packet status : {"103":{"cmd":103,"key":"login","call":1,"total":0,"max":0,"min":0,"average":0}}
2022-01-15 12:32:58:329 - info: main: redis pong
2022-01-15 12:32:58:329 - info: sub: redis pong
2022-01-15 12:32:58:329 - info: msg: redis pong
2022-01-15 12:32:58:373 - info: [game db pool] all : 2, wait : 0, acqu : 0, free : 2
2022-01-15 12:32:58:373 - info: [log db pool ] all : 1, wait : 0, acqu : 0, free : 1
2022-01-15 12:32:58:373 - info: [msg db pool ] all : 1, wait : 0, acqu : 0, free : 1
2022-01-15 12:32:58:373 - info: [shard db pool : [1] ] all : 1, wait : 0, acqu : 0, free : 1
2022-01-15 12:32:58:885 - info: packet status : {"103":{"cmd":103,"key":"login","call":1,"total":0,"max":0,"min":0,"average":0}}
2022-01-15 12:37:58:372 - info: [game db pool] all : 2, wait : 0, acqu : 0, free : 2
2022-01-15 12:37:58:372 - info: [log db pool ] all : 1, wait : 0, acqu : 0, free : 1
2022-01-15 12:37:58:372 - info: [msg db pool ] all : 1, wait : 0, acqu : 0, free : 1
2022-01-15 12:37:58:372 - info: [shard db pool : [1] ] all : 1, wait : 0, acqu : 0, free : 1
2022-01-15 12:37:58:884 - info: packet status : {"103":{"cmd":103,"key":"login","call":1,"total":0,"max":0,"min":0,"average":0}}
2022-01-15 12:42:58:336 - info: main: redis pong
2022-01-15 12:42:58:336 - info: sub: redis pong
2022-01-15 12:42:58:337 - info: msg: redis pong
2022-01-15 12:42:58:380 - info: [game db pool] all : 2, wait : 0, acqu : 0, free : 2
2022-01-15 12:42:58:380 - info: [log db pool ] all : 1, wait : 0, acqu : 0, free : 1
2022-01-15 12:42:58:380 - info: [msg db pool ] all : 1, wait : 0, acqu : 0, free : 1
2022-01-15 12:42:58:380 - info: [shard db pool : [1] ] all : 1, wait : 0, acqu : 0, free : 1
2022-01-15 12:42:58:895 - info: packet status : {"103":{"cmd":103,"key":"login","call":1,"total":0,"max":0,"min":0,"average":0}}
2022-01-15 12:47:58:386 - info: [game db pool] all : 2, wait : 0, acqu : 0, free : 2
2022-01-15 12:47:58:386 - info: [log db pool ] all : 1, wait : 0, acqu : 0, free : 1
2022-01-15 12:47:58:387 - info: [msg db pool ] all : 1, wait : 0, acqu : 0, free : 1
2022-01-15 12:47:58:387 - info: [shard db pool : [1] ] all : 1, wait : 0, acqu : 0, free : 1
2022-01-15 12:47:58:899 - info: packet status : {"103":{"cmd":103,"key":"login","call":1,"total":0,"max":0,"min":0,"average":0}}
2022-01-15 12:52:58:335 - info: main: redis pong
2022-01-15 12:52:58:336 - info: sub: redis pong
2022-01-15 12:52:58:337 - info: msg: redis pong
2022-01-15 12:52:58:394 - info: [game db pool] all : 2, wait : 0, acqu : 0, free : 2
2022-01-15 12:52:58:394 - info: [log db pool ] all : 1, wait : 0, acqu : 0, free : 1
2022-01-15 12:52:58:394 - info: [msg db pool ] all : 1, wait : 0, acqu : 0, free : 1
2022-01-15 12:52:58:394 - info: [shard db pool : [1] ] all : 1, wait : 0, acqu : 0, free : 1
2022-01-15 12:52:58:908 - info: packet status : {"103":{"cmd":103,"key":"login","call":1,"total":0,"max":0,"min":0,"average":0}}
2022-01-15 12:57:58:403 - info: [game db pool] all : 2, wait : 0, acqu : 0, free : 2
2022-01-15 12:57:58:403 - info: [log db pool ] all : 1, wait : 0, acqu : 0, free : 1
2022-01-15 12:57:58:403 - info: [msg db pool ] all : 1, wait : 0, acqu : 0, free : 1
2022-01-15 12:57:58:403 - info: [shard db pool : [1] ] all : 1, wait : 0, acqu : 0, free : 1
2022-01-15 12:57:58:917 - info: packet status : {"103":{"cmd":103,"key":"login","call":1,"total":0,"max":0,"min":0,"average":0}}
2022-01-15 13:02:58:343 - info: main: redis pong
2022-01-15 13:02:58:344 - info: sub: redis pong
2022-01-15 13:02:58:344 - info: msg: redis pong
2022-01-15 13:02:58:401 - info: [game db pool] all : 2, wait : 0, acqu : 0, free : 2
2022-01-15 13:02:58:401 - info: [log db pool ] all : 1, wait : 0, acqu : 0, free : 1
2022-01-15 13:02:58:401 - info: [msg db pool ] all : 1, wait : 0, acqu : 0, free : 1
2022-01-15 13:02:58:401 - info: [shard db pool : [1] ] all : 1, wait : 0, acqu : 0, free : 1
2022-01-15 13:02:58:926 - info: packet status : {"103":{"cmd":103,"key":"login","call":1,"total":0,"max":0,"min":0,"average":0}}
2022-01-15 13:07:58:401 - info: [game db pool] all : 2, wait : 0, acqu : 0, free : 2
2022-01-15 13:07:58:401 - info: [log db pool ] all : 1, wait : 0, acqu : 0, free : 1
2022-01-15 13:07:58:401 - info: [msg db pool ] all : 1, wait : 0, acqu : 0, free : 1
2022-01-15 13:07:58:401 - info: [shard db pool : [1] ] all : 1, wait : 0, acqu : 0, free : 1
2022-01-15 13:07:58:928 - info: packet status : {"103":{"cmd":103,"key":"login","call":1,"total":0,"max":0,"min":0,"average":0}}
2022-01-15 13:12:58:349 - info: main: redis pong
2022-01-15 13:12:58:349 - info: sub: redis pong
2022-01-15 13:12:58:349 - info: msg: redis pong
2022-01-15 13:12:58:407 - info: [game db pool] all : 2, wait : 0, acqu : 0, free : 2
2022-01-15 13:12:58:407 - info: [log db pool ] all : 1, wait : 0, acqu : 0, free : 1
2022-01-15 13:12:58:407 - info: [msg db pool ] all : 1, wait : 0, acqu : 0, free : 1
2022-01-15 13:12:58:407 - info: [shard db pool : [1] ] all : 1, wait : 0, acqu : 0, free : 1
2022-01-15 13:12:58:936 - info: packet status : {"103":{"cmd":103,"key":"login","call":1,"total":0,"max":0,"min":0,"average":0}}
2022-01-15 13:17:58:415 - info: [game db pool] all : 2, wait : 0, acqu : 0, free : 2
2022-01-15 13:17:58:415 - info: [log db pool ] all : 1, wait : 0, acqu : 0, free : 1
2022-01-15 13:17:58:415 - info: [msg db pool ] all : 1, wait : 0, acqu : 0, free : 1
2022-01-15 13:17:58:415 - info: [shard db pool : [1] ] all : 1, wait : 0, acqu : 0, free : 1
2022-01-15 13:17:58:943 - info: packet status : {"103":{"cmd":103,"key":"login","call":1,"total":0,"max":0,"min":0,"average":0}}
2022-01-15 13:22:58:344 - info: main: redis pong
2022-01-15 13:22:58:344 - info: sub: redis pong
2022-01-15 13:22:58:345 - info: msg: redis pong
2022-01-15 13:22:58:418 - info: [game db pool] all : 2, wait : 0, acqu : 0, free : 2
2022-01-15 13:22:58:418 - info: [log db pool ] all : 1, wait : 0, acqu : 0, free : 1
2022-01-15 13:22:58:418 - info: [msg db pool ] all : 1, wait : 0, acqu : 0, free : 1
2022-01-15 13:22:58:418 - info: [shard db pool : [1] ] all : 1, wait : 0, acqu : 0, free : 1
2022-01-15 13:22:58:944 - info: packet status : {"103":{"cmd":103,"key":"login","call":1,"total":0,"max":0,"min":0,"average":0}}
2022-01-15 13:27:58:424 - info: [game db pool] all : 2, wait : 0, acqu : 0, free : 2
2022-01-15 13:27:58:424 - info: [log db pool ] all : 1, wait : 0, acqu : 0, free : 1
2022-01-15 13:27:58:424 - info: [msg db pool ] all : 1, wait : 0, acqu : 0, free : 1
2022-01-15 13:27:58:424 - info: [shard db pool : [1] ] all : 1, wait : 0, acqu : 0, free : 1
2022-01-15 13:27:58:952 - info: packet status : {"103":{"cmd":103,"key":"login","call":1,"total":0,"max":0,"min":0,"average":0}}
2022-01-15 13:32:58:349 - info: main: redis pong
2022-01-15 13:32:58:349 - info: sub: redis pong
2022-01-15 13:32:58:349 - info: msg: redis pong
2022-01-15 13:32:58:422 - info: [game db pool] all : 2, wait : 0, acqu : 0, free : 2
2022-01-15 13:32:58:422 - info: [log db pool ] all : 1, wait : 0, acqu : 0, free : 1
2022-01-15 13:32:58:422 - info: [msg db pool ] all : 1, wait : 0, acqu : 0, free : 1
2022-01-15 13:32:58:422 - info: [shard db pool : [1] ] all : 1, wait : 0, acqu : 0, free : 1
2022-01-15 13:32:58:963 - info: packet status : {"103":{"cmd":103,"key":"login","call":1,"total":0,"max":0,"min":0,"average":0}}
2022-01-15 13:37:58:421 - info: [game db pool] all : 2, wait : 0, acqu : 0, free : 2
2022-01-15 13:37:58:422 - info: [log db pool ] all : 1, wait : 0, acqu : 0, free : 1
2022-01-15 13:37:58:422 - info: [msg db pool ] all : 1, wait : 0, acqu : 0, free : 1
2022-01-15 13:37:58:422 - info: [shard db pool : [1] ] all : 1, wait : 0, acqu : 0, free : 1
2022-01-15 13:37:58:963 - info: packet status : {"103":{"cmd":103,"key":"login","call":1,"total":0,"max":0,"min":0,"average":0}}
2022-01-15 13:42:58:348 - info: main: redis pong
2022-01-15 13:42:58:348 - info: sub: redis pong
2022-01-15 13:42:58:349 - info: msg: redis pong
2022-01-15 13:42:58:421 - info: [game db pool] all : 2, wait : 0, acqu : 0, free : 2
2022-01-15 13:42:58:421 - info: [log db pool ] all : 1, wait : 0, acqu : 0, free : 1
2022-01-15 13:42:58:421 - info: [msg db pool ] all : 1, wait : 0, acqu : 0, free : 1
2022-01-15 13:42:58:421 - info: [shard db pool : [1] ] all : 1, wait : 0, acqu : 0, free : 1
2022-01-15 13:42:58:965 - info: packet status : {"103":{"cmd":103,"key":"login","call":1,"total":0,"max":0,"min":0,"average":0}}
2022-01-15 13:47:58:433 - info: [game db pool] all : 2, wait : 0, acqu : 0, free : 2
2022-01-15 13:47:58:433 - info: [log db pool ] all : 1, wait : 0, acqu : 0, free : 1
2022-01-15 13:47:58:433 - info: [msg db pool ] all : 1, wait : 0, acqu : 0, free : 1
2022-01-15 13:47:58:433 - info: [shard db pool : [1] ] all : 1, wait : 0, acqu : 0, free : 1
2022-01-15 13:47:58:977 - info: packet status : {"103":{"cmd":103,"key":"login","call":1,"total":0,"max":0,"min":0,"average":0}}
2022-01-15 13:52:58:344 - info: main: redis pong
2022-01-15 13:52:58:344 - info: sub: redis pong
2022-01-15 13:52:58:344 - info: msg: redis pong
2022-01-15 13:52:58:432 - info: [game db pool] all : 2, wait : 0, acqu : 0, free : 2
2022-01-15 13:52:58:432 - info: [log db pool ] all : 1, wait : 0, acqu : 0, free : 1
2022-01-15 13:52:58:432 - info: [msg db pool ] all : 1, wait : 0, acqu : 0, free : 1
2022-01-15 13:52:58:432 - info: [shard db pool : [1] ] all : 1, wait : 0, acqu : 0, free : 1
2022-01-15 13:52:58:978 - info: packet status : {"103":{"cmd":103,"key":"login","call":1,"total":0,"max":0,"min":0,"average":0}}
2022-01-15 13:57:58:431 - info: [game db pool] all : 2, wait : 0, acqu : 0, free : 2
2022-01-15 13:57:58:431 - info: [log db pool ] all : 1, wait : 0, acqu : 0, free : 1
2022-01-15 13:57:58:431 - info: [msg db pool ] all : 1, wait : 0, acqu : 0, free : 1
2022-01-15 13:57:58:431 - info: [shard db pool : [1] ] all : 1, wait : 0, acqu : 0, free : 1
2022-01-15 13:57:58:976 - info: packet status : {"103":{"cmd":103,"key":"login","call":1,"total":0,"max":0,"min":0,"average":0}}
2022-01-15 14:02:58:344 - info: main: redis pong
2022-01-15 14:02:58:344 - info: msg: redis pong
2022-01-15 14:02:58:345 - info: sub: redis pong
2022-01-15 14:02:58:433 - info: [game db pool] all : 2, wait : 0, acqu : 0, free : 2
2022-01-15 14:02:58:433 - info: [log db pool ] all : 1, wait : 0, acqu : 0, free : 1
2022-01-15 14:02:58:433 - info: [msg db pool ] all : 1, wait : 0, acqu : 0, free : 1
2022-01-15 14:02:58:434 - info: [shard db pool : [1] ] all : 1, wait : 0, acqu : 0, free : 1
2022-01-15 14:02:58:979 - info: packet status : {"103":{"cmd":103,"key":"login","call":1,"total":0,"max":0,"min":0,"average":0}}
2022-01-15 14:07:58:443 - info: [game db pool] all : 2, wait : 0, acqu : 0, free : 2
2022-01-15 14:07:58:443 - info: [log db pool ] all : 1, wait : 0, acqu : 0, free : 1
2022-01-15 14:07:58:443 - info: [msg db pool ] all : 1, wait : 0, acqu : 0, free : 1
2022-01-15 14:07:58:443 - info: [shard db pool : [1] ] all : 1, wait : 0, acqu : 0, free : 1
2022-01-15 14:07:58:987 - info: packet status : {"103":{"cmd":103,"key":"login","call":1,"total":0,"max":0,"min":0,"average":0}}
2022-01-15 14:12:58:352 - info: main: redis pong
2022-01-15 14:12:58:352 - info: sub: redis pong
2022-01-15 14:12:58:352 - info: msg: redis pong
2022-01-15 14:12:58:441 - info: [game db pool] all : 2, wait : 0, acqu : 0, free : 2
2022-01-15 14:12:58:441 - info: [log db pool ] all : 1, wait : 0, acqu : 0, free : 1
2022-01-15 14:12:58:441 - info: [msg db pool ] all : 1, wait : 0, acqu : 0, free : 1
2022-01-15 14:12:58:441 - info: [shard db pool : [1] ] all : 1, wait : 0, acqu : 0, free : 1
2022-01-15 14:12:59:001 - info: packet status : {"103":{"cmd":103,"key":"login","call":1,"total":0,"max":0,"min":0,"average":0}}
2022-01-15 14:17:58:447 - info: [game db pool] all : 2, wait : 0, acqu : 0, free : 2
2022-01-15 14:17:58:447 - info: [log db pool ] all : 1, wait : 0, acqu : 0, free : 1
2022-01-15 14:17:58:447 - info: [msg db pool ] all : 1, wait : 0, acqu : 0, free : 1
2022-01-15 14:17:58:448 - info: [shard db pool : [1] ] all : 1, wait : 0, acqu : 0, free : 1
2022-01-15 14:17:59:005 - info: packet status : {"103":{"cmd":103,"key":"login","call":1,"total":0,"max":0,"min":0,"average":0}}
