2022-01-14 13:34:29:276 - info: main : redis-connect-database = 0 : 49.50.172.145:6379
2022-01-14 13:34:29:285 - info: msg : redis-connect-database = 2 : 49.50.172.145:6379
2022-01-14 13:34:29:289 - info: mysql freemeta_com com db init : 49.50.172.145:3306
2022-01-14 13:34:29:289 - info: mysql freemeta_log log db init : 49.50.172.145:3306
2022-01-14 13:34:29:289 - info: mysql freemeta_msg msg db init : 49.50.172.145:3306
2022-01-14 13:34:29:306 - info: mysql freemeta_01 shard db init : 10.36.69.58:3306
2022-01-14 13:34:29:327 - info: load achievement reference table success !!
2022-01-14 13:34:29:334 - info: load character reference table success !!
2022-01-14 13:34:29:356 - info: load collection reference table success !!
2022-01-14 13:34:29:363 - info: load daily attendance reference table success !!
2022-01-14 13:34:29:406 - info: load item reference table success !!
2022-01-14 13:34:29:415 - info: load open world reference table success !!
2022-01-14 13:34:29:422 - info: load payment reference table success !!
2022-01-14 13:34:29:429 - info: load play world reference table success !!
2022-01-14 13:34:29:435 - info: load ranking reward reference table success !!
2022-01-14 13:34:29:455 - info: load reward reference table success !!
2022-01-14 13:34:29:463 - info: load reward_fishing reference table success !!
2022-01-14 13:34:29:470 - info: load system shop reference table success !!
2022-01-14 13:34:29:855 - info: 서버가 시작되었습니다. [port:30051]
2022-01-14 13:34:29:855 - info: try to start [freemeta game test mode server] : http://127.0.0.1:30051
2022-01-14 13:34:29:855 - info: packet status : packet status not recorded yet.
2022-01-14 13:34:29:882 - error: {"cmd":103,"login_id":"1642134869_0_27812_763723230","uuid":"1642134869_0_27812_763723230","version":"0.16.1","os_type":1,"login_type":1}
2022-01-14 13:34:29:882 - error: {"data":{"server_info":{"version":"0.16.1","inspect":0,"account":1,"login":1,"notice_page":"","inspect_page":"https://dev.freeblox.net/coupon","help_page":" ","time":1642134869,"timezone_offset":-32400}},"cmd":104,"status":-1023}
2022-01-14 13:34:29:882 - error: -1023
2022-01-14 13:34:29:940 - error: null
2022-01-14 13:34:29:988 - error: null
2022-01-14 13:34:30:016 - error: null
2022-01-14 13:34:30:043 - error: null
2022-01-14 13:34:30:058 - error: null
2022-01-14 13:34:30:072 - error: null
2022-01-14 13:34:30:085 - error: null
2022-01-14 13:34:30:100 - error: null
2022-01-14 13:34:30:114 - error: null
2022-01-14 13:34:30:129 - error: null
2022-01-14 13:34:30:140 - error: null
2022-01-14 13:34:30:154 - error: null
2022-01-14 13:34:30:169 - error: null
2022-01-14 13:34:30:178 - error: {"cmd":703,"aidx":112,"session":"68993482","achievement_code":2040001,"add_cnt":498}
2022-01-14 13:34:30:178 - error: {"data":{},"cmd":704,"status":-1076}
2022-01-14 13:34:30:178 - error: -1076
2022-01-14 13:34:30:187 - error: {"cmd":703,"aidx":112,"session":"68993482","achievement_code":2040001,"add_cnt":498}
2022-01-14 13:34:30:188 - error: {"data":{},"cmd":704,"status":-1076}
2022-01-14 13:34:30:188 - error: -1076
2022-01-14 13:34:30:197 - error: {"cmd":703,"aidx":112,"session":"68993482","achievement_code":2040001,"add_cnt":498}
2022-01-14 13:34:30:197 - error: {"data":{},"cmd":704,"status":-1076}
2022-01-14 13:34:30:197 - error: -1076
2022-01-14 13:34:30:206 - error: {"cmd":703,"aidx":112,"session":"68993482","achievement_code":2040001,"add_cnt":498}
2022-01-14 13:34:30:206 - error: {"data":{},"cmd":704,"status":-1076}
2022-01-14 13:34:30:206 - error: -1076
2022-01-14 13:34:30:216 - error: {"cmd":703,"aidx":112,"session":"68993482","achievement_code":2040001,"add_cnt":498}
2022-01-14 13:34:30:216 - error: {"data":{},"cmd":704,"status":-1076}
2022-01-14 13:34:30:216 - error: -1076
2022-01-14 13:34:30:225 - error: {"cmd":703,"aidx":112,"session":"68993482","achievement_code":2040001,"add_cnt":498}
2022-01-14 13:34:30:225 - error: {"data":{},"cmd":704,"status":-1076}
2022-01-14 13:34:30:226 - error: -1076
2022-01-14 13:34:30:235 - error: {"cmd":703,"aidx":112,"session":"68993482","achievement_code":2040001,"add_cnt":498}
2022-01-14 13:34:30:235 - error: {"data":{},"cmd":704,"status":-1076}
2022-01-14 13:34:30:236 - error: -1076
2022-01-14 13:34:30:245 - error: {"cmd":703,"aidx":112,"session":"68993482","achievement_code":2040001,"add_cnt":498}
2022-01-14 13:34:30:245 - error: {"data":{},"cmd":704,"status":-1076}
2022-01-14 13:34:30:245 - error: -1076
2022-01-14 13:34:30:254 - error: {"cmd":703,"aidx":112,"session":"68993482","achievement_code":2040001,"add_cnt":498}
2022-01-14 13:34:30:255 - error: {"data":{},"cmd":704,"status":-1076}
2022-01-14 13:34:30:255 - error: -1076
2022-01-14 13:34:30:264 - error: {"cmd":703,"aidx":112,"session":"68993482","achievement_code":2040001,"add_cnt":498}
2022-01-14 13:34:30:264 - error: {"data":{},"cmd":704,"status":-1076}
2022-01-14 13:34:30:265 - error: -1076
2022-01-14 13:34:30:274 - error: {"cmd":703,"aidx":112,"session":"68993482","achievement_code":2040001,"add_cnt":498}
2022-01-14 13:34:30:274 - error: {"data":{},"cmd":704,"status":-1076}
2022-01-14 13:34:30:274 - error: -1076
2022-01-14 13:34:30:283 - error: {"cmd":703,"aidx":112,"session":"68993482","achievement_code":2040001,"add_cnt":498}
2022-01-14 13:34:30:283 - error: {"data":{},"cmd":704,"status":-1076}
2022-01-14 13:34:30:284 - error: -1076
2022-01-14 13:34:30:292 - error: {"cmd":703,"aidx":112,"session":"68993482","achievement_code":2040001,"add_cnt":498}
2022-01-14 13:34:30:293 - error: {"data":{},"cmd":704,"status":-1076}
2022-01-14 13:34:30:293 - error: -1076
2022-01-14 13:34:30:302 - error: {"cmd":703,"aidx":112,"session":"68993482","achievement_code":2040001,"add_cnt":498}
2022-01-14 13:34:30:302 - error: {"data":{},"cmd":704,"status":-1076}
2022-01-14 13:34:30:302 - error: -1076
2022-01-14 13:34:30:313 - error: {"cmd":703,"aidx":112,"session":"68993482","achievement_code":2040001,"add_cnt":498}
2022-01-14 13:34:30:313 - error: {"data":{},"cmd":704,"status":-1076}
2022-01-14 13:34:30:313 - error: -1076
2022-01-14 13:34:30:323 - error: {"cmd":703,"aidx":112,"session":"68993482","achievement_code":2040001,"add_cnt":498}
2022-01-14 13:34:30:323 - error: {"data":{},"cmd":704,"status":-1076}
2022-01-14 13:34:30:323 - error: -1076
2022-01-14 13:34:30:332 - error: {"cmd":703,"aidx":112,"session":"68993482","achievement_code":2040001,"add_cnt":498}
2022-01-14 13:34:30:332 - error: {"data":{},"cmd":704,"status":-1076}
2022-01-14 13:34:30:332 - error: -1076
2022-01-14 13:34:30:341 - error: {"cmd":703,"aidx":112,"session":"68993482","achievement_code":2040001,"add_cnt":498}
2022-01-14 13:34:30:342 - error: {"data":{},"cmd":704,"status":-1076}
2022-01-14 13:34:30:342 - error: -1076
2022-01-14 13:34:30:351 - error: {"cmd":703,"aidx":112,"session":"68993482","achievement_code":2040001,"add_cnt":498}
2022-01-14 13:34:30:351 - error: {"data":{},"cmd":704,"status":-1076}
2022-01-14 13:34:30:351 - error: -1076
2022-01-14 13:34:30:361 - error: {"cmd":703,"aidx":112,"session":"68993482","achievement_code":2040001,"add_cnt":498}
2022-01-14 13:34:30:361 - error: {"data":{},"cmd":704,"status":-1076}
2022-01-14 13:34:30:361 - error: -1076
2022-01-14 13:34:30:370 - error: {"cmd":703,"aidx":112,"session":"68993482","achievement_code":2040001,"add_cnt":498}
2022-01-14 13:34:30:370 - error: {"data":{},"cmd":704,"status":-1076}
2022-01-14 13:34:30:370 - error: -1076
2022-01-14 13:34:30:380 - error: {"cmd":703,"aidx":112,"session":"68993482","achievement_code":2040001,"add_cnt":498}
2022-01-14 13:34:30:380 - error: {"data":{},"cmd":704,"status":-1076}
2022-01-14 13:34:30:380 - error: -1076
2022-01-14 13:34:30:390 - error: {"cmd":703,"aidx":112,"session":"68993482","achievement_code":2040001,"add_cnt":498}
2022-01-14 13:34:30:390 - error: {"data":{},"cmd":704,"status":-1076}
2022-01-14 13:34:30:390 - error: -1076
2022-01-14 13:34:30:399 - error: {"cmd":703,"aidx":112,"session":"68993482","achievement_code":2040001,"add_cnt":498}
2022-01-14 13:34:30:399 - error: {"data":{},"cmd":704,"status":-1076}
2022-01-14 13:34:30:399 - error: -1076
2022-01-14 13:34:30:409 - error: {"cmd":703,"aidx":112,"session":"68993482","achievement_code":2040001,"add_cnt":498}
2022-01-14 13:34:30:409 - error: {"data":{},"cmd":704,"status":-1076}
2022-01-14 13:34:30:409 - error: -1076
2022-01-14 13:34:30:418 - error: {"cmd":703,"aidx":112,"session":"68993482","achievement_code":2040001,"add_cnt":498}
2022-01-14 13:34:30:418 - error: {"data":{},"cmd":704,"status":-1076}
2022-01-14 13:34:30:418 - error: -1076
2022-01-14 13:34:30:429 - error: {"cmd":703,"aidx":112,"session":"68993482","achievement_code":2040001,"add_cnt":498}
2022-01-14 13:34:30:429 - error: {"data":{},"cmd":704,"status":-1076}
2022-01-14 13:34:30:430 - error: -1076
2022-01-14 13:34:30:439 - error: {"cmd":703,"aidx":112,"session":"68993482","achievement_code":2040001,"add_cnt":498}
2022-01-14 13:34:30:439 - error: {"data":{},"cmd":704,"status":-1076}
2022-01-14 13:34:30:439 - error: -1076
2022-01-14 13:34:30:449 - error: {"cmd":703,"aidx":112,"session":"68993482","achievement_code":2040001,"add_cnt":498}
2022-01-14 13:34:30:449 - error: {"data":{},"cmd":704,"status":-1076}
2022-01-14 13:34:30:449 - error: -1076
2022-01-14 13:34:30:458 - error: {"cmd":703,"aidx":112,"session":"68993482","achievement_code":2040001,"add_cnt":498}
2022-01-14 13:34:30:458 - error: {"data":{},"cmd":704,"status":-1076}
2022-01-14 13:34:30:458 - error: -1076
2022-01-14 13:34:30:467 - error: {"cmd":703,"aidx":112,"session":"68993482","achievement_code":2040001,"add_cnt":498}
2022-01-14 13:34:30:467 - error: {"data":{},"cmd":704,"status":-1076}
2022-01-14 13:34:30:467 - error: -1076
2022-01-14 13:34:30:477 - error: {"cmd":703,"aidx":112,"session":"68993482","achievement_code":2040001,"add_cnt":498}
2022-01-14 13:34:30:477 - error: {"data":{},"cmd":704,"status":-1076}
2022-01-14 13:34:30:478 - error: -1076
2022-01-14 13:34:30:487 - error: {"cmd":703,"aidx":112,"session":"68993482","achievement_code":2040001,"add_cnt":498}
2022-01-14 13:34:30:487 - error: {"data":{},"cmd":704,"status":-1076}
2022-01-14 13:34:30:487 - error: -1076
2022-01-14 13:34:30:496 - error: {"cmd":703,"aidx":112,"session":"68993482","achievement_code":2040001,"add_cnt":498}
2022-01-14 13:34:30:496 - error: {"data":{},"cmd":704,"status":-1076}
2022-01-14 13:34:30:496 - error: -1076
2022-01-14 13:34:30:505 - error: {"cmd":703,"aidx":112,"session":"68993482","achievement_code":2040001,"add_cnt":498}
2022-01-14 13:34:30:506 - error: {"data":{},"cmd":704,"status":-1076}
2022-01-14 13:34:30:506 - error: -1076
2022-01-14 13:34:30:515 - error: {"cmd":703,"aidx":112,"session":"68993482","achievement_code":2040001,"add_cnt":498}
2022-01-14 13:34:30:515 - error: {"data":{},"cmd":704,"status":-1076}
2022-01-14 13:34:30:515 - error: -1076
2022-01-14 13:34:30:525 - error: {"cmd":703,"aidx":112,"session":"68993482","achievement_code":2040001,"add_cnt":498}
2022-01-14 13:34:30:525 - error: {"data":{},"cmd":704,"status":-1076}
2022-01-14 13:34:30:525 - error: -1076
2022-01-14 13:34:30:534 - error: {"cmd":703,"aidx":112,"session":"68993482","achievement_code":2040001,"add_cnt":498}
2022-01-14 13:34:30:534 - error: {"data":{},"cmd":704,"status":-1076}
2022-01-14 13:34:30:534 - error: -1076
2022-01-14 13:34:30:544 - error: {"cmd":703,"aidx":112,"session":"68993482","achievement_code":2040001,"add_cnt":498}
2022-01-14 13:34:30:544 - error: {"data":{},"cmd":704,"status":-1076}
2022-01-14 13:34:30:544 - error: -1076
2022-01-14 13:34:30:553 - error: {"cmd":703,"aidx":112,"session":"68993482","achievement_code":2040001,"add_cnt":498}
2022-01-14 13:34:30:553 - error: {"data":{},"cmd":704,"status":-1076}
2022-01-14 13:34:30:553 - error: -1076
2022-01-14 13:34:30:562 - error: {"cmd":703,"aidx":112,"session":"68993482","achievement_code":2040001,"add_cnt":498}
2022-01-14 13:34:30:562 - error: {"data":{},"cmd":704,"status":-1076}
2022-01-14 13:34:30:563 - error: -1076
2022-01-14 13:34:30:572 - error: {"cmd":703,"aidx":112,"session":"68993482","achievement_code":2040001,"add_cnt":498}
2022-01-14 13:34:30:572 - error: {"data":{},"cmd":704,"status":-1076}
2022-01-14 13:34:30:572 - error: -1076
2022-01-14 13:34:30:581 - error: {"cmd":703,"aidx":112,"session":"68993482","achievement_code":2040001,"add_cnt":498}
2022-01-14 13:34:30:581 - error: {"data":{},"cmd":704,"status":-1076}
2022-01-14 13:34:30:581 - error: -1076
2022-01-14 13:34:30:591 - error: {"cmd":703,"aidx":112,"session":"68993482","achievement_code":2040001,"add_cnt":498}
2022-01-14 13:34:30:591 - error: {"data":{},"cmd":704,"status":-1076}
2022-01-14 13:34:30:591 - error: -1076
2022-01-14 13:34:30:601 - error: {"cmd":703,"aidx":112,"session":"68993482","achievement_code":2040001,"add_cnt":498}
2022-01-14 13:34:30:601 - error: {"data":{},"cmd":704,"status":-1076}
2022-01-14 13:34:30:601 - error: -1076
2022-01-14 13:34:30:611 - error: {"cmd":703,"aidx":112,"session":"68993482","achievement_code":2040001,"add_cnt":498}
2022-01-14 13:34:30:611 - error: {"data":{},"cmd":704,"status":-1076}
2022-01-14 13:34:30:611 - error: -1076
2022-01-14 13:34:30:620 - error: {"cmd":703,"aidx":112,"session":"68993482","achievement_code":2040001,"add_cnt":498}
2022-01-14 13:34:30:620 - error: {"data":{},"cmd":704,"status":-1076}
2022-01-14 13:34:30:621 - error: -1076
2022-01-14 13:34:30:629 - error: {"cmd":703,"aidx":112,"session":"68993482","achievement_code":2040001,"add_cnt":498}
2022-01-14 13:34:30:629 - error: {"data":{},"cmd":704,"status":-1076}
2022-01-14 13:34:30:629 - error: -1076
2022-01-14 13:34:30:639 - error: {"cmd":703,"aidx":112,"session":"68993482","achievement_code":2040001,"add_cnt":498}
2022-01-14 13:34:30:639 - error: {"data":{},"cmd":704,"status":-1076}
2022-01-14 13:34:30:639 - error: -1076
2022-01-14 13:34:30:648 - error: {"cmd":703,"aidx":112,"session":"68993482","achievement_code":2040001,"add_cnt":498}
2022-01-14 13:34:30:648 - error: {"data":{},"cmd":704,"status":-1076}
2022-01-14 13:34:30:648 - error: -1076
2022-01-14 13:34:30:658 - error: {"cmd":703,"aidx":112,"session":"68993482","achievement_code":2040001,"add_cnt":498}
2022-01-14 13:34:30:658 - error: {"data":{},"cmd":704,"status":-1076}
2022-01-14 13:34:30:658 - error: -1076
2022-01-14 13:34:30:667 - error: {"cmd":703,"aidx":112,"session":"68993482","achievement_code":2040001,"add_cnt":498}
2022-01-14 13:34:30:667 - error: {"data":{},"cmd":704,"status":-1076}
2022-01-14 13:34:30:667 - error: -1076
2022-01-14 13:34:30:676 - error: {"cmd":703,"aidx":112,"session":"68993482","achievement_code":2040001,"add_cnt":498}
2022-01-14 13:34:30:676 - error: {"data":{},"cmd":704,"status":-1076}
2022-01-14 13:34:30:676 - error: -1076
2022-01-14 13:34:30:686 - error: {"cmd":703,"aidx":112,"session":"68993482","achievement_code":2040001,"add_cnt":498}
2022-01-14 13:34:30:686 - error: {"data":{},"cmd":704,"status":-1076}
2022-01-14 13:34:30:686 - error: -1076
2022-01-14 13:34:30:698 - error: {"cmd":703,"aidx":112,"session":"68993482","achievement_code":2040001,"add_cnt":498}
2022-01-14 13:34:30:698 - error: {"data":{},"cmd":704,"status":-1076}
2022-01-14 13:34:30:698 - error: -1076
2022-01-14 13:34:30:708 - error: {"cmd":703,"aidx":112,"session":"68993482","achievement_code":2040001,"add_cnt":498}
2022-01-14 13:34:30:708 - error: {"data":{},"cmd":704,"status":-1076}
2022-01-14 13:34:30:708 - error: -1076
2022-01-14 13:34:30:719 - error: {"cmd":703,"aidx":112,"session":"68993482","achievement_code":2040001,"add_cnt":498}
2022-01-14 13:34:30:720 - error: {"data":{},"cmd":704,"status":-1076}
2022-01-14 13:34:30:720 - error: -1076
2022-01-14 13:34:30:728 - error: {"cmd":703,"aidx":112,"session":"68993482","achievement_code":2040001,"add_cnt":498}
2022-01-14 13:34:30:728 - error: {"data":{},"cmd":704,"status":-1076}
2022-01-14 13:34:30:729 - error: -1076
2022-01-14 13:34:30:737 - error: {"cmd":703,"aidx":112,"session":"68993482","achievement_code":2040001,"add_cnt":498}
2022-01-14 13:34:30:737 - error: {"data":{},"cmd":704,"status":-1076}
2022-01-14 13:34:30:738 - error: -1076
2022-01-14 13:34:30:748 - error: {"cmd":703,"aidx":112,"session":"68993482","achievement_code":2040001,"add_cnt":498}
2022-01-14 13:34:30:748 - error: {"data":{},"cmd":704,"status":-1076}
2022-01-14 13:34:30:748 - error: -1076
2022-01-14 13:34:30:757 - error: {"cmd":703,"aidx":112,"session":"68993482","achievement_code":2040001,"add_cnt":498}
2022-01-14 13:34:30:757 - error: {"data":{},"cmd":704,"status":-1076}
2022-01-14 13:34:30:758 - error: -1076
2022-01-14 13:34:30:767 - error: {"cmd":703,"aidx":112,"session":"68993482","achievement_code":2040001,"add_cnt":498}
2022-01-14 13:34:30:767 - error: {"data":{},"cmd":704,"status":-1076}
2022-01-14 13:34:30:767 - error: -1076
2022-01-14 13:34:30:777 - error: {"cmd":703,"aidx":112,"session":"68993482","achievement_code":2040001,"add_cnt":498}
2022-01-14 13:34:30:777 - error: {"data":{},"cmd":704,"status":-1076}
2022-01-14 13:34:30:777 - error: -1076
2022-01-14 13:34:30:786 - error: {"cmd":703,"aidx":112,"session":"68993482","achievement_code":2040001,"add_cnt":498}
2022-01-14 13:34:30:786 - error: {"data":{},"cmd":704,"status":-1076}
2022-01-14 13:34:30:786 - error: -1076
2022-01-14 13:34:30:797 - error: {"cmd":703,"aidx":112,"session":"68993482","achievement_code":2040001,"add_cnt":498}
2022-01-14 13:34:30:797 - error: {"data":{},"cmd":704,"status":-1076}
2022-01-14 13:34:30:797 - error: -1076
2022-01-14 13:34:30:806 - error: {"cmd":703,"aidx":112,"session":"68993482","achievement_code":2040001,"add_cnt":498}
2022-01-14 13:34:30:806 - error: {"data":{},"cmd":704,"status":-1076}
2022-01-14 13:34:30:806 - error: -1076
2022-01-14 13:34:30:815 - error: {"cmd":703,"aidx":112,"session":"68993482","achievement_code":2040001,"add_cnt":498}
2022-01-14 13:34:30:815 - error: {"data":{},"cmd":704,"status":-1076}
2022-01-14 13:34:30:815 - error: -1076
2022-01-14 13:34:30:824 - error: {"cmd":703,"aidx":112,"session":"68993482","achievement_code":2040001,"add_cnt":498}
2022-01-14 13:34:30:824 - error: {"data":{},"cmd":704,"status":-1076}
2022-01-14 13:34:30:824 - error: -1076
2022-01-14 13:34:30:834 - error: {"cmd":703,"aidx":112,"session":"68993482","achievement_code":2040001,"add_cnt":498}
2022-01-14 13:34:30:834 - error: {"data":{},"cmd":704,"status":-1076}
2022-01-14 13:34:30:834 - error: -1076
2022-01-14 13:34:30:843 - error: {"cmd":703,"aidx":112,"session":"68993482","achievement_code":2040001,"add_cnt":498}
2022-01-14 13:34:30:843 - error: {"data":{},"cmd":704,"status":-1076}
2022-01-14 13:34:30:843 - error: -1076
2022-01-14 13:34:30:853 - error: {"cmd":703,"aidx":112,"session":"68993482","achievement_code":2040001,"add_cnt":498}
2022-01-14 13:34:30:853 - error: {"data":{},"cmd":704,"status":-1076}
2022-01-14 13:34:30:853 - error: -1076
2022-01-14 13:34:30:862 - error: {"cmd":703,"aidx":112,"session":"68993482","achievement_code":2040001,"add_cnt":498}
2022-01-14 13:34:30:862 - error: {"data":{},"cmd":704,"status":-1076}
2022-01-14 13:34:30:862 - error: -1076
2022-01-14 13:34:30:871 - error: {"cmd":703,"aidx":112,"session":"68993482","achievement_code":2040001,"add_cnt":498}
2022-01-14 13:34:30:871 - error: {"data":{},"cmd":704,"status":-1076}
2022-01-14 13:34:30:871 - error: -1076
2022-01-14 13:34:30:881 - error: {"cmd":703,"aidx":112,"session":"68993482","achievement_code":2040001,"add_cnt":498}
2022-01-14 13:34:30:881 - error: {"data":{},"cmd":704,"status":-1076}
2022-01-14 13:34:30:882 - error: -1076
2022-01-14 13:34:30:890 - error: {"cmd":703,"aidx":112,"session":"68993482","achievement_code":2040001,"add_cnt":498}
2022-01-14 13:34:30:890 - error: {"data":{},"cmd":704,"status":-1076}
2022-01-14 13:34:30:890 - error: -1076
2022-01-14 13:34:30:899 - error: {"cmd":703,"aidx":112,"session":"68993482","achievement_code":2040001,"add_cnt":498}
2022-01-14 13:34:30:899 - error: {"data":{},"cmd":704,"status":-1076}
2022-01-14 13:34:30:900 - error: -1076
2022-01-14 13:34:30:909 - error: {"cmd":703,"aidx":112,"session":"68993482","achievement_code":2040001,"add_cnt":498}
2022-01-14 13:34:30:909 - error: {"data":{},"cmd":704,"status":-1076}
2022-01-14 13:34:30:909 - error: -1076
2022-01-14 13:34:30:918 - error: {"cmd":703,"aidx":112,"session":"68993482","achievement_code":2040001,"add_cnt":498}
2022-01-14 13:34:30:919 - error: {"data":{},"cmd":704,"status":-1076}
2022-01-14 13:34:30:919 - error: -1076
2022-01-14 13:34:30:928 - error: {"cmd":703,"aidx":112,"session":"68993482","achievement_code":2040001,"add_cnt":498}
2022-01-14 13:34:30:928 - error: {"data":{},"cmd":704,"status":-1076}
2022-01-14 13:34:30:928 - error: -1076
2022-01-14 13:34:30:937 - error: {"cmd":703,"aidx":112,"session":"68993482","achievement_code":2040001,"add_cnt":498}
2022-01-14 13:34:30:937 - error: {"data":{},"cmd":704,"status":-1076}
2022-01-14 13:34:30:937 - error: -1076
2022-01-14 13:34:30:946 - error: {"cmd":703,"aidx":112,"session":"68993482","achievement_code":2040001,"add_cnt":498}
2022-01-14 13:34:30:946 - error: {"data":{},"cmd":704,"status":-1076}
2022-01-14 13:34:30:946 - error: -1076
2022-01-14 13:34:30:955 - error: {"cmd":703,"aidx":112,"session":"68993482","achievement_code":2040001,"add_cnt":498}
2022-01-14 13:34:30:955 - error: {"data":{},"cmd":704,"status":-1076}
2022-01-14 13:34:30:955 - error: -1076
2022-01-14 13:34:30:964 - error: {"cmd":703,"aidx":112,"session":"68993482","achievement_code":2040001,"add_cnt":498}
2022-01-14 13:34:30:964 - error: {"data":{},"cmd":704,"status":-1076}
2022-01-14 13:34:30:964 - error: -1076
2022-01-14 13:34:30:973 - error: {"cmd":703,"aidx":112,"session":"68993482","achievement_code":2040001,"add_cnt":498}
2022-01-14 13:34:30:973 - error: {"data":{},"cmd":704,"status":-1076}
2022-01-14 13:34:30:973 - error: -1076
2022-01-14 13:34:30:984 - error: {"cmd":703,"aidx":112,"session":"68993482","achievement_code":2040001,"add_cnt":498}
2022-01-14 13:34:30:984 - error: {"data":{},"cmd":704,"status":-1076}
2022-01-14 13:34:30:984 - error: -1076
2022-01-14 13:34:30:995 - error: {"cmd":703,"aidx":112,"session":"68993482","achievement_code":2040001,"add_cnt":498}
2022-01-14 13:34:30:995 - error: {"data":{},"cmd":704,"status":-1076}
2022-01-14 13:34:30:995 - error: -1076
2022-01-14 13:34:31:004 - error: {"cmd":703,"aidx":112,"session":"68993482","achievement_code":2040001,"add_cnt":498}
2022-01-14 13:34:31:004 - error: {"data":{},"cmd":704,"status":-1076}
2022-01-14 13:34:31:004 - error: -1076
2022-01-14 13:34:31:013 - error: {"cmd":703,"aidx":112,"session":"68993482","achievement_code":2040001,"add_cnt":498}
2022-01-14 13:34:31:013 - error: {"data":{},"cmd":704,"status":-1076}
2022-01-14 13:34:31:013 - error: -1076
2022-01-14 13:34:31:023 - error: {"cmd":703,"aidx":112,"session":"68993482","achievement_code":2040001,"add_cnt":498}
2022-01-14 13:34:31:023 - error: {"data":{},"cmd":704,"status":-1076}
2022-01-14 13:34:31:023 - error: -1076
2022-01-14 13:34:31:032 - error: {"cmd":703,"aidx":112,"session":"68993482","achievement_code":2040001,"add_cnt":498}
2022-01-14 13:34:31:032 - error: {"data":{},"cmd":704,"status":-1076}
2022-01-14 13:34:31:032 - error: -1076
2022-01-14 13:34:31:041 - error: {"cmd":703,"aidx":112,"session":"68993482","achievement_code":2040001,"add_cnt":498}
2022-01-14 13:34:31:041 - error: {"data":{},"cmd":704,"status":-1076}
2022-01-14 13:34:31:041 - error: -1076
2022-01-14 13:34:31:051 - error: {"cmd":703,"aidx":112,"session":"68993482","achievement_code":2040001,"add_cnt":498}
2022-01-14 13:34:31:051 - error: {"data":{},"cmd":704,"status":-1076}
2022-01-14 13:34:31:051 - error: -1076
2022-01-14 13:34:31:060 - error: {"cmd":703,"aidx":112,"session":"68993482","achievement_code":2040001,"add_cnt":498}
2022-01-14 13:34:31:060 - error: {"data":{},"cmd":704,"status":-1076}
2022-01-14 13:34:31:060 - error: -1076
2022-01-14 13:34:31:069 - error: {"cmd":703,"aidx":112,"session":"68993482","achievement_code":2040001,"add_cnt":498}
2022-01-14 13:34:31:069 - error: {"data":{},"cmd":704,"status":-1076}
2022-01-14 13:34:31:070 - error: -1076
2022-01-14 13:34:31:079 - error: {"cmd":703,"aidx":112,"session":"68993482","achievement_code":2040001,"add_cnt":498}
2022-01-14 13:34:31:079 - error: {"data":{},"cmd":704,"status":-1076}
2022-01-14 13:34:31:079 - error: -1076
2022-01-14 13:34:31:088 - error: {"cmd":703,"aidx":112,"session":"68993482","achievement_code":2040001,"add_cnt":498}
2022-01-14 13:34:31:088 - error: {"data":{},"cmd":704,"status":-1076}
2022-01-14 13:34:31:088 - error: -1076
2022-01-14 13:34:31:097 - error: {"cmd":703,"aidx":112,"session":"68993482","achievement_code":2040001,"add_cnt":498}
2022-01-14 13:34:31:097 - error: {"data":{},"cmd":704,"status":-1076}
2022-01-14 13:34:31:098 - error: -1076
2022-01-14 13:34:31:107 - error: {"cmd":703,"aidx":112,"session":"68993482","achievement_code":2040001,"add_cnt":498}
2022-01-14 13:34:31:107 - error: {"data":{},"cmd":704,"status":-1076}
2022-01-14 13:34:31:107 - error: -1076
2022-01-14 13:34:31:116 - error: {"cmd":703,"aidx":112,"session":"68993482","achievement_code":2040001,"add_cnt":498}
2022-01-14 13:34:31:116 - error: {"data":{},"cmd":704,"status":-1076}
2022-01-14 13:34:31:116 - error: -1076
2022-01-14 13:34:31:126 - error: {"cmd":703,"aidx":112,"session":"68993482","achievement_code":2040001,"add_cnt":498}
2022-01-14 13:34:31:126 - error: {"data":{},"cmd":704,"status":-1076}
2022-01-14 13:34:31:126 - error: -1076
2022-01-14 13:34:31:135 - error: {"cmd":703,"aidx":112,"session":"68993482","achievement_code":2040001,"add_cnt":498}
2022-01-14 13:34:31:135 - error: {"data":{},"cmd":704,"status":-1076}
2022-01-14 13:34:31:135 - error: -1076
2022-01-14 13:34:31:145 - error: {"cmd":703,"aidx":112,"session":"68993482","achievement_code":2040001,"add_cnt":498}
2022-01-14 13:34:31:145 - error: {"data":{},"cmd":704,"status":-1076}
2022-01-14 13:34:31:145 - error: -1076
2022-01-14 13:34:31:155 - error: {"cmd":703,"aidx":112,"session":"68993482","achievement_code":2040001,"add_cnt":498}
2022-01-14 13:34:31:155 - error: {"data":{},"cmd":704,"status":-1076}
2022-01-14 13:34:31:155 - error: -1076
2022-01-14 13:34:31:164 - error: {"cmd":703,"aidx":112,"session":"68993482","achievement_code":2040001,"add_cnt":498}
2022-01-14 13:34:31:164 - error: {"data":{},"cmd":704,"status":-1076}
2022-01-14 13:34:31:164 - error: -1076
2022-01-14 13:34:31:173 - error: {"cmd":703,"aidx":112,"session":"68993482","achievement_code":2040001,"add_cnt":498}
2022-01-14 13:34:31:173 - error: {"data":{},"cmd":704,"status":-1076}
2022-01-14 13:34:31:173 - error: -1076
2022-01-14 13:34:31:183 - error: {"cmd":703,"aidx":112,"session":"68993482","achievement_code":2040001,"add_cnt":498}
2022-01-14 13:34:31:183 - error: {"data":{},"cmd":704,"status":-1076}
2022-01-14 13:34:31:184 - error: -1076
2022-01-14 13:34:31:193 - error: {"cmd":703,"aidx":112,"session":"68993482","achievement_code":2040001,"add_cnt":498}
2022-01-14 13:34:31:193 - error: {"data":{},"cmd":704,"status":-1076}
2022-01-14 13:34:31:193 - error: -1076
2022-01-14 13:34:31:204 - error: {"cmd":703,"aidx":112,"session":"68993482","achievement_code":2040001,"add_cnt":498}
2022-01-14 13:34:31:204 - error: {"data":{},"cmd":704,"status":-1076}
2022-01-14 13:34:31:204 - error: -1076
2022-01-14 13:34:31:213 - error: {"cmd":703,"aidx":112,"session":"68993482","achievement_code":2040001,"add_cnt":498}
2022-01-14 13:34:31:213 - error: {"data":{},"cmd":704,"status":-1076}
2022-01-14 13:34:31:214 - error: -1076
2022-01-14 13:34:31:224 - error: {"cmd":703,"aidx":112,"session":"68993482","achievement_code":2040001,"add_cnt":498}
2022-01-14 13:34:31:224 - error: {"data":{},"cmd":704,"status":-1076}
2022-01-14 13:34:31:224 - error: -1076
2022-01-14 13:34:31:233 - error: {"cmd":703,"aidx":112,"session":"68993482","achievement_code":2040001,"add_cnt":498}
2022-01-14 13:34:31:233 - error: {"data":{},"cmd":704,"status":-1076}
2022-01-14 13:34:31:233 - error: -1076
2022-01-14 13:34:31:243 - error: {"cmd":703,"aidx":112,"session":"68993482","achievement_code":2040001,"add_cnt":498}
2022-01-14 13:34:31:243 - error: {"data":{},"cmd":704,"status":-1076}
2022-01-14 13:34:31:243 - error: -1076
2022-01-14 13:34:31:253 - error: {"cmd":703,"aidx":112,"session":"68993482","achievement_code":2040001,"add_cnt":498}
2022-01-14 13:34:31:253 - error: {"data":{},"cmd":704,"status":-1076}
2022-01-14 13:34:31:254 - error: -1076
2022-01-14 13:34:31:263 - error: {"cmd":703,"aidx":112,"session":"68993482","achievement_code":2040001,"add_cnt":498}
2022-01-14 13:34:31:263 - error: {"data":{},"cmd":704,"status":-1076}
2022-01-14 13:34:31:263 - error: -1076
2022-01-14 13:34:31:272 - error: {"cmd":703,"aidx":112,"session":"68993482","achievement_code":2040001,"add_cnt":498}
2022-01-14 13:34:31:272 - error: {"data":{},"cmd":704,"status":-1076}
2022-01-14 13:34:31:273 - error: -1076
2022-01-14 13:34:31:282 - error: {"cmd":703,"aidx":112,"session":"68993482","achievement_code":2040001,"add_cnt":498}
2022-01-14 13:34:31:282 - error: {"data":{},"cmd":704,"status":-1076}
2022-01-14 13:34:31:282 - error: -1076
2022-01-14 13:34:31:291 - error: {"cmd":703,"aidx":112,"session":"68993482","achievement_code":2040001,"add_cnt":498}
2022-01-14 13:34:31:291 - error: {"data":{},"cmd":704,"status":-1076}
2022-01-14 13:34:31:291 - error: -1076
2022-01-14 13:34:31:300 - error: {"cmd":703,"aidx":112,"session":"68993482","achievement_code":2040001,"add_cnt":498}
2022-01-14 13:34:31:300 - error: {"data":{},"cmd":704,"status":-1076}
2022-01-14 13:34:31:301 - error: -1076
2022-01-14 13:34:31:310 - error: {"cmd":703,"aidx":112,"session":"68993482","achievement_code":2040001,"add_cnt":498}
2022-01-14 13:34:31:310 - error: {"data":{},"cmd":704,"status":-1076}
2022-01-14 13:34:31:310 - error: -1076
2022-01-14 13:34:31:319 - error: {"cmd":703,"aidx":112,"session":"68993482","achievement_code":2040001,"add_cnt":498}
2022-01-14 13:34:31:319 - error: {"data":{},"cmd":704,"status":-1076}
2022-01-14 13:34:31:319 - error: -1076
2022-01-14 13:34:31:329 - error: {"cmd":703,"aidx":112,"session":"68993482","achievement_code":2040001,"add_cnt":498}
2022-01-14 13:34:31:329 - error: {"data":{},"cmd":704,"status":-1076}
2022-01-14 13:34:31:329 - error: -1076
2022-01-14 13:34:31:338 - error: {"cmd":703,"aidx":112,"session":"68993482","achievement_code":2040001,"add_cnt":498}
2022-01-14 13:34:31:338 - error: {"data":{},"cmd":704,"status":-1076}
2022-01-14 13:34:31:338 - error: -1076
2022-01-14 13:34:31:347 - error: {"cmd":703,"aidx":112,"session":"68993482","achievement_code":2040001,"add_cnt":498}
2022-01-14 13:34:31:347 - error: {"data":{},"cmd":704,"status":-1076}
2022-01-14 13:34:31:347 - error: -1076
2022-01-14 13:34:31:356 - error: {"cmd":703,"aidx":112,"session":"68993482","achievement_code":2040001,"add_cnt":498}
2022-01-14 13:34:31:356 - error: {"data":{},"cmd":704,"status":-1076}
2022-01-14 13:34:31:356 - error: -1076
2022-01-14 13:34:31:365 - error: {"cmd":703,"aidx":112,"session":"68993482","achievement_code":2040001,"add_cnt":498}
2022-01-14 13:34:31:365 - error: {"data":{},"cmd":704,"status":-1076}
2022-01-14 13:34:31:365 - error: -1076
2022-01-14 13:34:31:375 - error: {"cmd":703,"aidx":112,"session":"68993482","achievement_code":2040001,"add_cnt":498}
2022-01-14 13:34:31:375 - error: {"data":{},"cmd":704,"status":-1076}
2022-01-14 13:34:31:375 - error: -1076
2022-01-14 13:34:31:384 - error: {"cmd":703,"aidx":112,"session":"68993482","achievement_code":2040001,"add_cnt":498}
2022-01-14 13:34:31:384 - error: {"data":{},"cmd":704,"status":-1076}
2022-01-14 13:34:31:384 - error: -1076
2022-01-14 13:34:31:395 - error: {"cmd":703,"aidx":112,"session":"68993482","achievement_code":2040001,"add_cnt":498}
2022-01-14 13:34:31:395 - error: {"data":{},"cmd":704,"status":-1076}
2022-01-14 13:34:31:395 - error: -1076
2022-01-14 13:34:31:403 - error: {"cmd":703,"aidx":112,"session":"68993482","achievement_code":2040001,"add_cnt":498}
2022-01-14 13:34:31:403 - error: {"data":{},"cmd":704,"status":-1076}
2022-01-14 13:34:31:403 - error: -1076
2022-01-14 13:34:31:412 - error: {"cmd":703,"aidx":112,"session":"68993482","achievement_code":2040001,"add_cnt":498}
2022-01-14 13:34:31:413 - error: {"data":{},"cmd":704,"status":-1076}
2022-01-14 13:34:31:413 - error: -1076
2022-01-14 13:34:31:422 - error: {"cmd":703,"aidx":112,"session":"68993482","achievement_code":2040001,"add_cnt":498}
2022-01-14 13:34:31:422 - error: {"data":{},"cmd":704,"status":-1076}
2022-01-14 13:34:31:422 - error: -1076
2022-01-14 13:34:31:432 - error: {"cmd":703,"aidx":112,"session":"68993482","achievement_code":2040001,"add_cnt":498}
2022-01-14 13:34:31:432 - error: {"data":{},"cmd":704,"status":-1076}
2022-01-14 13:34:31:432 - error: -1076
2022-01-14 13:34:31:442 - error: {"cmd":703,"aidx":112,"session":"68993482","achievement_code":2040001,"add_cnt":498}
2022-01-14 13:34:31:442 - error: {"data":{},"cmd":704,"status":-1076}
2022-01-14 13:34:31:442 - error: -1076
2022-01-14 13:34:31:450 - error: {"cmd":703,"aidx":112,"session":"68993482","achievement_code":2040001,"add_cnt":498}
2022-01-14 13:34:31:450 - error: {"data":{},"cmd":704,"status":-1076}
2022-01-14 13:34:31:450 - error: -1076
2022-01-14 13:34:31:460 - error: {"cmd":703,"aidx":112,"session":"68993482","achievement_code":2040001,"add_cnt":498}
2022-01-14 13:34:31:460 - error: {"data":{},"cmd":704,"status":-1076}
2022-01-14 13:34:31:461 - error: -1076
2022-01-14 13:34:31:470 - error: {"cmd":703,"aidx":112,"session":"68993482","achievement_code":2040001,"add_cnt":498}
2022-01-14 13:34:31:470 - error: {"data":{},"cmd":704,"status":-1076}
2022-01-14 13:34:31:470 - error: -1076
2022-01-14 13:34:31:479 - error: {"cmd":703,"aidx":112,"session":"68993482","achievement_code":2040001,"add_cnt":498}
2022-01-14 13:34:31:479 - error: {"data":{},"cmd":704,"status":-1076}
2022-01-14 13:34:31:479 - error: -1076
2022-01-14 13:34:31:489 - error: {"cmd":703,"aidx":112,"session":"68993482","achievement_code":2040001,"add_cnt":498}
2022-01-14 13:34:31:489 - error: {"data":{},"cmd":704,"status":-1076}
2022-01-14 13:34:31:489 - error: -1076
2022-01-14 13:34:31:499 - error: {"cmd":703,"aidx":112,"session":"68993482","achievement_code":2040001,"add_cnt":498}
2022-01-14 13:34:31:499 - error: {"data":{},"cmd":704,"status":-1076}
2022-01-14 13:34:31:499 - error: -1076
2022-01-14 13:34:31:509 - error: {"cmd":703,"aidx":112,"session":"68993482","achievement_code":2040001,"add_cnt":498}
2022-01-14 13:34:31:509 - error: {"data":{},"cmd":704,"status":-1076}
2022-01-14 13:34:31:509 - error: -1076
2022-01-14 13:34:31:518 - error: {"cmd":703,"aidx":112,"session":"68993482","achievement_code":2040001,"add_cnt":498}
2022-01-14 13:34:31:518 - error: {"data":{},"cmd":704,"status":-1076}
2022-01-14 13:34:31:519 - error: -1076
2022-01-14 13:34:31:528 - error: {"cmd":703,"aidx":112,"session":"68993482","achievement_code":2040001,"add_cnt":498}
2022-01-14 13:34:31:528 - error: {"data":{},"cmd":704,"status":-1076}
2022-01-14 13:34:31:528 - error: -1076
2022-01-14 13:34:31:537 - error: {"cmd":703,"aidx":112,"session":"68993482","achievement_code":2040001,"add_cnt":498}
2022-01-14 13:34:31:537 - error: {"data":{},"cmd":704,"status":-1076}
2022-01-14 13:34:31:537 - error: -1076
2022-01-14 13:34:31:547 - error: {"cmd":703,"aidx":112,"session":"68993482","achievement_code":2040001,"add_cnt":498}
2022-01-14 13:34:31:547 - error: {"data":{},"cmd":704,"status":-1076}
2022-01-14 13:34:31:548 - error: -1076
2022-01-14 13:34:31:557 - error: {"cmd":703,"aidx":112,"session":"68993482","achievement_code":2040001,"add_cnt":498}
2022-01-14 13:34:31:557 - error: {"data":{},"cmd":704,"status":-1076}
2022-01-14 13:34:31:557 - error: -1076
2022-01-14 13:34:31:567 - error: {"cmd":703,"aidx":112,"session":"68993482","achievement_code":2040001,"add_cnt":498}
2022-01-14 13:34:31:567 - error: {"data":{},"cmd":704,"status":-1076}
2022-01-14 13:34:31:567 - error: -1076
2022-01-14 13:34:31:576 - error: {"cmd":703,"aidx":112,"session":"68993482","achievement_code":2040001,"add_cnt":498}
2022-01-14 13:34:31:576 - error: {"data":{},"cmd":704,"status":-1076}
2022-01-14 13:34:31:577 - error: -1076
2022-01-14 13:34:31:595 - error: {"cmd":703,"aidx":112,"session":"68993482","achievement_code":2040001,"add_cnt":498}
2022-01-14 13:34:31:595 - error: {"data":{},"cmd":704,"status":-1076}
2022-01-14 13:34:31:595 - error: -1076
2022-01-14 13:34:31:608 - error: {"cmd":703,"aidx":112,"session":"68993482","achievement_code":2040001,"add_cnt":498}
2022-01-14 13:34:31:608 - error: {"data":{},"cmd":704,"status":-1076}
2022-01-14 13:34:31:608 - error: -1076
2022-01-14 13:34:31:617 - error: {"cmd":703,"aidx":112,"session":"68993482","achievement_code":2040001,"add_cnt":498}
2022-01-14 13:34:31:617 - error: {"data":{},"cmd":704,"status":-1076}
2022-01-14 13:34:31:617 - error: -1076
2022-01-14 13:34:31:626 - error: {"cmd":703,"aidx":112,"session":"68993482","achievement_code":2040001,"add_cnt":498}
2022-01-14 13:34:31:626 - error: {"data":{},"cmd":704,"status":-1076}
2022-01-14 13:34:31:627 - error: -1076
2022-01-14 13:34:31:636 - error: {"cmd":703,"aidx":112,"session":"68993482","achievement_code":2040001,"add_cnt":498}
2022-01-14 13:34:31:636 - error: {"data":{},"cmd":704,"status":-1076}
2022-01-14 13:34:31:636 - error: -1076
2022-01-14 13:34:31:646 - error: {"cmd":703,"aidx":112,"session":"68993482","achievement_code":2040001,"add_cnt":498}
2022-01-14 13:34:31:646 - error: {"data":{},"cmd":704,"status":-1076}
2022-01-14 13:34:31:646 - error: -1076
2022-01-14 13:34:31:656 - error: {"cmd":703,"aidx":112,"session":"68993482","achievement_code":2040001,"add_cnt":498}
2022-01-14 13:34:31:656 - error: {"data":{},"cmd":704,"status":-1076}
2022-01-14 13:34:31:656 - error: -1076
2022-01-14 13:34:31:665 - error: {"cmd":703,"aidx":112,"session":"68993482","achievement_code":2040001,"add_cnt":498}
2022-01-14 13:34:31:665 - error: {"data":{},"cmd":704,"status":-1076}
2022-01-14 13:34:31:665 - error: -1076
2022-01-14 13:34:31:675 - error: {"cmd":703,"aidx":112,"session":"68993482","achievement_code":2040001,"add_cnt":498}
2022-01-14 13:34:31:675 - error: {"data":{},"cmd":704,"status":-1076}
2022-01-14 13:34:31:675 - error: -1076
2022-01-14 13:34:31:685 - error: {"cmd":703,"aidx":112,"session":"68993482","achievement_code":2040001,"add_cnt":498}
2022-01-14 13:34:31:685 - error: {"data":{},"cmd":704,"status":-1076}
2022-01-14 13:34:31:685 - error: -1076
2022-01-14 13:34:31:694 - error: {"cmd":703,"aidx":112,"session":"68993482","achievement_code":2040001,"add_cnt":498}
2022-01-14 13:34:31:694 - error: {"data":{},"cmd":704,"status":-1076}
2022-01-14 13:34:31:694 - error: -1076
2022-01-14 13:34:31:703 - error: {"cmd":703,"aidx":112,"session":"68993482","achievement_code":2040001,"add_cnt":498}
2022-01-14 13:34:31:703 - error: {"data":{},"cmd":704,"status":-1076}
2022-01-14 13:34:31:703 - error: -1076
2022-01-14 13:34:31:712 - error: {"cmd":703,"aidx":112,"session":"68993482","achievement_code":2040001,"add_cnt":498}
2022-01-14 13:34:31:712 - error: {"data":{},"cmd":704,"status":-1076}
2022-01-14 13:34:31:712 - error: -1076
2022-01-14 13:34:31:721 - error: {"cmd":703,"aidx":112,"session":"68993482","achievement_code":2040001,"add_cnt":498}
2022-01-14 13:34:31:722 - error: {"data":{},"cmd":704,"status":-1076}
2022-01-14 13:34:31:722 - error: -1076
2022-01-14 13:34:31:730 - error: {"cmd":703,"aidx":112,"session":"68993482","achievement_code":2040001,"add_cnt":498}
2022-01-14 13:34:31:730 - error: {"data":{},"cmd":704,"status":-1076}
2022-01-14 13:34:31:730 - error: -1076
2022-01-14 13:34:31:739 - error: {"cmd":703,"aidx":112,"session":"68993482","achievement_code":2040001,"add_cnt":498}
2022-01-14 13:34:31:739 - error: {"data":{},"cmd":704,"status":-1076}
2022-01-14 13:34:31:740 - error: -1076
2022-01-14 13:34:31:749 - error: {"cmd":703,"aidx":112,"session":"68993482","achievement_code":2040001,"add_cnt":498}
2022-01-14 13:34:31:749 - error: {"data":{},"cmd":704,"status":-1076}
2022-01-14 13:34:31:749 - error: -1076
2022-01-14 13:34:31:759 - error: {"cmd":703,"aidx":112,"session":"68993482","achievement_code":2040001,"add_cnt":498}
2022-01-14 13:34:31:759 - error: {"data":{},"cmd":704,"status":-1076}
2022-01-14 13:34:31:759 - error: -1076
2022-01-14 13:34:31:768 - error: {"cmd":703,"aidx":112,"session":"68993482","achievement_code":2040001,"add_cnt":498}
2022-01-14 13:34:31:768 - error: {"data":{},"cmd":704,"status":-1076}
2022-01-14 13:34:31:768 - error: -1076
2022-01-14 13:34:31:777 - error: {"cmd":703,"aidx":112,"session":"68993482","achievement_code":2040001,"add_cnt":498}
2022-01-14 13:34:31:777 - error: {"data":{},"cmd":704,"status":-1076}
2022-01-14 13:34:31:777 - error: -1076
2022-01-14 13:34:31:787 - error: {"cmd":703,"aidx":112,"session":"68993482","achievement_code":2040001,"add_cnt":498}
2022-01-14 13:34:31:787 - error: {"data":{},"cmd":704,"status":-1076}
2022-01-14 13:34:31:787 - error: -1076
2022-01-14 13:34:31:797 - error: {"cmd":703,"aidx":112,"session":"68993482","achievement_code":2040001,"add_cnt":498}
2022-01-14 13:34:31:797 - error: {"data":{},"cmd":704,"status":-1076}
2022-01-14 13:34:31:797 - error: -1076
2022-01-14 13:34:31:807 - error: {"cmd":703,"aidx":112,"session":"68993482","achievement_code":2040001,"add_cnt":498}
2022-01-14 13:34:31:807 - error: {"data":{},"cmd":704,"status":-1076}
2022-01-14 13:34:31:807 - error: -1076
2022-01-14 13:34:31:816 - error: {"cmd":703,"aidx":112,"session":"68993482","achievement_code":2040001,"add_cnt":498}
2022-01-14 13:34:31:816 - error: {"data":{},"cmd":704,"status":-1076}
2022-01-14 13:34:31:817 - error: -1076
2022-01-14 13:34:31:826 - error: {"cmd":703,"aidx":112,"session":"68993482","achievement_code":2040001,"add_cnt":498}
2022-01-14 13:34:31:826 - error: {"data":{},"cmd":704,"status":-1076}
2022-01-14 13:34:31:826 - error: -1076
2022-01-14 13:34:31:835 - error: {"cmd":703,"aidx":112,"session":"68993482","achievement_code":2040001,"add_cnt":498}
2022-01-14 13:34:31:835 - error: {"data":{},"cmd":704,"status":-1076}
2022-01-14 13:34:31:836 - error: -1076
2022-01-14 13:34:31:845 - error: {"cmd":703,"aidx":112,"session":"68993482","achievement_code":2040001,"add_cnt":498}
2022-01-14 13:34:31:845 - error: {"data":{},"cmd":704,"status":-1076}
2022-01-14 13:34:31:845 - error: -1076
2022-01-14 13:34:31:854 - error: {"cmd":703,"aidx":112,"session":"68993482","achievement_code":2040001,"add_cnt":498}
2022-01-14 13:34:31:854 - error: {"data":{},"cmd":704,"status":-1076}
2022-01-14 13:34:31:854 - error: -1076
2022-01-14 13:34:31:863 - error: {"cmd":703,"aidx":112,"session":"68993482","achievement_code":2040001,"add_cnt":498}
2022-01-14 13:34:31:864 - error: {"data":{},"cmd":704,"status":-1076}
2022-01-14 13:34:31:864 - error: -1076
2022-01-14 13:34:31:873 - error: {"cmd":703,"aidx":112,"session":"68993482","achievement_code":2040001,"add_cnt":498}
2022-01-14 13:34:31:873 - error: {"data":{},"cmd":704,"status":-1076}
2022-01-14 13:34:31:874 - error: -1076
2022-01-14 13:34:31:882 - error: {"cmd":703,"aidx":112,"session":"68993482","achievement_code":2040001,"add_cnt":498}
2022-01-14 13:34:31:882 - error: {"data":{},"cmd":704,"status":-1076}
2022-01-14 13:34:31:883 - error: -1076
2022-01-14 13:34:31:892 - error: {"cmd":703,"aidx":112,"session":"68993482","achievement_code":2040001,"add_cnt":498}
2022-01-14 13:34:31:892 - error: {"data":{},"cmd":704,"status":-1076}
2022-01-14 13:34:31:892 - error: -1076
2022-01-14 13:34:31:901 - error: {"cmd":703,"aidx":112,"session":"68993482","achievement_code":2040001,"add_cnt":498}
2022-01-14 13:34:31:901 - error: {"data":{},"cmd":704,"status":-1076}
2022-01-14 13:34:31:901 - error: -1076
2022-01-14 13:34:31:910 - error: {"cmd":703,"aidx":112,"session":"68993482","achievement_code":2040001,"add_cnt":498}
2022-01-14 13:34:31:910 - error: {"data":{},"cmd":704,"status":-1076}
2022-01-14 13:34:31:910 - error: -1076
2022-01-14 13:34:31:919 - error: {"cmd":703,"aidx":112,"session":"68993482","achievement_code":2040001,"add_cnt":498}
2022-01-14 13:34:31:919 - error: {"data":{},"cmd":704,"status":-1076}
2022-01-14 13:34:31:920 - error: -1076
2022-01-14 13:34:31:928 - error: {"cmd":703,"aidx":112,"session":"68993482","achievement_code":2040001,"add_cnt":498}
2022-01-14 13:34:31:928 - error: {"data":{},"cmd":704,"status":-1076}
2022-01-14 13:34:31:928 - error: -1076
2022-01-14 13:34:31:937 - error: {"cmd":703,"aidx":112,"session":"68993482","achievement_code":2040001,"add_cnt":498}
2022-01-14 13:34:31:937 - error: {"data":{},"cmd":704,"status":-1076}
2022-01-14 13:34:31:938 - error: -1076
2022-01-14 13:34:31:947 - error: {"cmd":703,"aidx":112,"session":"68993482","achievement_code":2040001,"add_cnt":498}
2022-01-14 13:34:31:947 - error: {"data":{},"cmd":704,"status":-1076}
2022-01-14 13:34:31:947 - error: -1076
2022-01-14 13:34:31:956 - error: {"cmd":703,"aidx":112,"session":"68993482","achievement_code":2040001,"add_cnt":498}
2022-01-14 13:34:31:956 - error: {"data":{},"cmd":704,"status":-1076}
2022-01-14 13:34:31:957 - error: -1076
2022-01-14 13:34:31:966 - error: {"cmd":703,"aidx":112,"session":"68993482","achievement_code":2040001,"add_cnt":498}
2022-01-14 13:34:31:966 - error: {"data":{},"cmd":704,"status":-1076}
2022-01-14 13:34:31:966 - error: -1076
2022-01-14 13:34:31:975 - error: {"cmd":703,"aidx":112,"session":"68993482","achievement_code":2040001,"add_cnt":498}
2022-01-14 13:34:31:975 - error: {"data":{},"cmd":704,"status":-1076}
2022-01-14 13:34:31:976 - error: -1076
2022-01-14 13:34:31:985 - error: {"cmd":703,"aidx":112,"session":"68993482","achievement_code":2040001,"add_cnt":498}
2022-01-14 13:34:31:985 - error: {"data":{},"cmd":704,"status":-1076}
2022-01-14 13:34:31:985 - error: -1076
2022-01-14 13:34:31:994 - error: {"cmd":703,"aidx":112,"session":"68993482","achievement_code":2040001,"add_cnt":498}
2022-01-14 13:34:31:994 - error: {"data":{},"cmd":704,"status":-1076}
2022-01-14 13:34:31:994 - error: -1076
2022-01-14 13:34:32:003 - error: {"cmd":703,"aidx":112,"session":"68993482","achievement_code":2040001,"add_cnt":498}
2022-01-14 13:34:32:003 - error: {"data":{},"cmd":704,"status":-1076}
2022-01-14 13:34:32:003 - error: -1076
2022-01-14 13:34:32:014 - error: {"cmd":703,"aidx":112,"session":"68993482","achievement_code":2040001,"add_cnt":498}
2022-01-14 13:34:32:014 - error: {"data":{},"cmd":704,"status":-1076}
2022-01-14 13:34:32:014 - error: -1076
2022-01-14 13:34:32:023 - error: {"cmd":703,"aidx":112,"session":"68993482","achievement_code":2040001,"add_cnt":498}
2022-01-14 13:34:32:024 - error: {"data":{},"cmd":704,"status":-1076}
2022-01-14 13:34:32:024 - error: -1076
2022-01-14 13:34:32:032 - error: {"cmd":703,"aidx":112,"session":"68993482","achievement_code":2040001,"add_cnt":498}
2022-01-14 13:34:32:033 - error: {"data":{},"cmd":704,"status":-1076}
2022-01-14 13:34:32:033 - error: -1076
2022-01-14 13:34:32:042 - error: {"cmd":703,"aidx":112,"session":"68993482","achievement_code":2040001,"add_cnt":498}
2022-01-14 13:34:32:042 - error: {"data":{},"cmd":704,"status":-1076}
2022-01-14 13:34:32:042 - error: -1076
2022-01-14 13:34:32:052 - error: {"cmd":703,"aidx":112,"session":"68993482","achievement_code":2040001,"add_cnt":498}
2022-01-14 13:34:32:052 - error: {"data":{},"cmd":704,"status":-1076}
2022-01-14 13:34:32:052 - error: -1076
2022-01-14 13:34:32:061 - error: {"cmd":703,"aidx":112,"session":"68993482","achievement_code":2040001,"add_cnt":498}
2022-01-14 13:34:32:061 - error: {"data":{},"cmd":704,"status":-1076}
2022-01-14 13:34:32:061 - error: -1076
2022-01-14 13:34:32:070 - error: {"cmd":703,"aidx":112,"session":"68993482","achievement_code":2040001,"add_cnt":498}
2022-01-14 13:34:32:070 - error: {"data":{},"cmd":704,"status":-1076}
2022-01-14 13:34:32:071 - error: -1076
2022-01-14 13:34:32:080 - error: {"cmd":703,"aidx":112,"session":"68993482","achievement_code":2040001,"add_cnt":498}
2022-01-14 13:34:32:080 - error: {"data":{},"cmd":704,"status":-1076}
2022-01-14 13:34:32:080 - error: -1076
2022-01-14 13:34:32:090 - error: {"cmd":703,"aidx":112,"session":"68993482","achievement_code":2040001,"add_cnt":498}
2022-01-14 13:34:32:090 - error: {"data":{},"cmd":704,"status":-1076}
2022-01-14 13:34:32:090 - error: -1076
2022-01-14 13:34:32:099 - error: {"cmd":703,"aidx":112,"session":"68993482","achievement_code":2040001,"add_cnt":498}
2022-01-14 13:34:32:099 - error: {"data":{},"cmd":704,"status":-1076}
2022-01-14 13:34:32:099 - error: -1076
2022-01-14 13:34:32:109 - error: {"cmd":703,"aidx":112,"session":"68993482","achievement_code":2040001,"add_cnt":498}
2022-01-14 13:34:32:109 - error: {"data":{},"cmd":704,"status":-1076}
2022-01-14 13:34:32:109 - error: -1076
2022-01-14 13:34:32:118 - error: {"cmd":703,"aidx":112,"session":"68993482","achievement_code":2040001,"add_cnt":498}
2022-01-14 13:34:32:118 - error: {"data":{},"cmd":704,"status":-1076}
2022-01-14 13:34:32:119 - error: -1076
2022-01-14 13:34:32:128 - error: {"cmd":703,"aidx":112,"session":"68993482","achievement_code":2040001,"add_cnt":498}
2022-01-14 13:34:32:128 - error: {"data":{},"cmd":704,"status":-1076}
2022-01-14 13:34:32:128 - error: -1076
2022-01-14 13:34:32:137 - error: {"cmd":703,"aidx":112,"session":"68993482","achievement_code":2040001,"add_cnt":498}
2022-01-14 13:34:32:137 - error: {"data":{},"cmd":704,"status":-1076}
2022-01-14 13:34:32:138 - error: -1076
2022-01-14 13:34:32:146 - error: {"cmd":703,"aidx":112,"session":"68993482","achievement_code":2040001,"add_cnt":498}
2022-01-14 13:34:32:147 - error: {"data":{},"cmd":704,"status":-1076}
2022-01-14 13:34:32:147 - error: -1076
2022-01-14 13:34:32:156 - error: {"cmd":703,"aidx":112,"session":"68993482","achievement_code":2040001,"add_cnt":498}
2022-01-14 13:34:32:156 - error: {"data":{},"cmd":704,"status":-1076}
2022-01-14 13:34:32:156 - error: -1076
2022-01-14 13:34:32:165 - error: {"cmd":703,"aidx":112,"session":"68993482","achievement_code":2040001,"add_cnt":498}
2022-01-14 13:34:32:165 - error: {"data":{},"cmd":704,"status":-1076}
2022-01-14 13:34:32:165 - error: -1076
2022-01-14 13:34:32:175 - error: {"cmd":703,"aidx":112,"session":"68993482","achievement_code":2040001,"add_cnt":498}
2022-01-14 13:34:32:175 - error: {"data":{},"cmd":704,"status":-1076}
2022-01-14 13:34:32:175 - error: -1076
2022-01-14 13:34:32:188 - error: {"cmd":703,"aidx":112,"session":"68993482","achievement_code":2040001,"add_cnt":498}
2022-01-14 13:34:32:188 - error: {"data":{},"cmd":704,"status":-1076}
2022-01-14 13:34:32:188 - error: -1076
2022-01-14 13:34:32:197 - error: {"cmd":703,"aidx":112,"session":"68993482","achievement_code":2040001,"add_cnt":498}
2022-01-14 13:34:32:197 - error: {"data":{},"cmd":704,"status":-1076}
2022-01-14 13:34:32:197 - error: -1076
2022-01-14 13:34:32:206 - error: {"cmd":703,"aidx":112,"session":"68993482","achievement_code":2040001,"add_cnt":498}
2022-01-14 13:34:32:206 - error: {"data":{},"cmd":704,"status":-1076}
2022-01-14 13:34:32:206 - error: -1076
2022-01-14 13:34:32:215 - error: {"cmd":703,"aidx":112,"session":"68993482","achievement_code":2040001,"add_cnt":498}
2022-01-14 13:34:32:215 - error: {"data":{},"cmd":704,"status":-1076}
2022-01-14 13:34:32:215 - error: -1076
2022-01-14 13:34:32:224 - error: {"cmd":703,"aidx":112,"session":"68993482","achievement_code":2040001,"add_cnt":498}
2022-01-14 13:34:32:225 - error: {"data":{},"cmd":704,"status":-1076}
2022-01-14 13:34:32:225 - error: -1076
2022-01-14 13:34:32:236 - error: {"cmd":703,"aidx":112,"session":"68993482","achievement_code":2040001,"add_cnt":498}
2022-01-14 13:34:32:236 - error: {"data":{},"cmd":704,"status":-1076}
2022-01-14 13:34:32:237 - error: -1076
2022-01-14 13:34:32:246 - error: {"cmd":703,"aidx":112,"session":"68993482","achievement_code":2040001,"add_cnt":498}
2022-01-14 13:34:32:247 - error: {"data":{},"cmd":704,"status":-1076}
2022-01-14 13:34:32:247 - error: -1076
2022-01-14 13:34:32:257 - error: {"cmd":703,"aidx":112,"session":"68993482","achievement_code":2040001,"add_cnt":498}
2022-01-14 13:34:32:257 - error: {"data":{},"cmd":704,"status":-1076}
2022-01-14 13:34:32:258 - error: -1076
2022-01-14 13:34:32:268 - error: {"cmd":703,"aidx":112,"session":"68993482","achievement_code":2040001,"add_cnt":498}
2022-01-14 13:34:32:268 - error: {"data":{},"cmd":704,"status":-1076}
2022-01-14 13:34:32:268 - error: -1076
2022-01-14 13:34:32:278 - error: {"cmd":703,"aidx":112,"session":"68993482","achievement_code":2040001,"add_cnt":498}
2022-01-14 13:34:32:278 - error: {"data":{},"cmd":704,"status":-1076}
2022-01-14 13:34:32:278 - error: -1076
2022-01-14 13:34:32:287 - error: {"cmd":703,"aidx":112,"session":"68993482","achievement_code":2040001,"add_cnt":498}
2022-01-14 13:34:32:287 - error: {"data":{},"cmd":704,"status":-1076}
2022-01-14 13:34:32:287 - error: -1076
2022-01-14 13:34:32:297 - error: {"cmd":703,"aidx":112,"session":"68993482","achievement_code":2040001,"add_cnt":498}
2022-01-14 13:34:32:297 - error: {"data":{},"cmd":704,"status":-1076}
2022-01-14 13:34:32:297 - error: -1076
2022-01-14 13:34:32:306 - error: {"cmd":703,"aidx":112,"session":"68993482","achievement_code":2040001,"add_cnt":498}
2022-01-14 13:34:32:307 - error: {"data":{},"cmd":704,"status":-1076}
2022-01-14 13:34:32:307 - error: -1076
2022-01-14 13:34:32:316 - error: {"cmd":703,"aidx":112,"session":"68993482","achievement_code":2040001,"add_cnt":498}
2022-01-14 13:34:32:317 - error: {"data":{},"cmd":704,"status":-1076}
2022-01-14 13:34:32:317 - error: -1076
2022-01-14 13:34:32:325 - error: {"cmd":703,"aidx":112,"session":"68993482","achievement_code":2040001,"add_cnt":498}
2022-01-14 13:34:32:325 - error: {"data":{},"cmd":704,"status":-1076}
2022-01-14 13:34:32:325 - error: -1076
2022-01-14 13:34:32:334 - error: {"cmd":703,"aidx":112,"session":"68993482","achievement_code":2040001,"add_cnt":498}
2022-01-14 13:34:32:334 - error: {"data":{},"cmd":704,"status":-1076}
2022-01-14 13:34:32:334 - error: -1076
2022-01-14 13:34:32:343 - error: {"cmd":703,"aidx":112,"session":"68993482","achievement_code":2040001,"add_cnt":498}
2022-01-14 13:34:32:343 - error: {"data":{},"cmd":704,"status":-1076}
2022-01-14 13:34:32:344 - error: -1076
2022-01-14 13:34:32:353 - error: {"cmd":703,"aidx":112,"session":"68993482","achievement_code":2040001,"add_cnt":498}
2022-01-14 13:34:32:353 - error: {"data":{},"cmd":704,"status":-1076}
2022-01-14 13:34:32:353 - error: -1076
2022-01-14 13:34:32:363 - error: {"cmd":703,"aidx":112,"session":"68993482","achievement_code":2040001,"add_cnt":498}
2022-01-14 13:34:32:363 - error: {"data":{},"cmd":704,"status":-1076}
2022-01-14 13:34:32:363 - error: -1076
2022-01-14 13:34:32:372 - error: {"cmd":703,"aidx":112,"session":"68993482","achievement_code":2040001,"add_cnt":498}
2022-01-14 13:34:32:372 - error: {"data":{},"cmd":704,"status":-1076}
2022-01-14 13:34:32:372 - error: -1076
2022-01-14 13:34:32:381 - error: {"cmd":703,"aidx":112,"session":"68993482","achievement_code":2040001,"add_cnt":498}
2022-01-14 13:34:32:381 - error: {"data":{},"cmd":704,"status":-1076}
2022-01-14 13:34:32:381 - error: -1076
2022-01-14 13:34:32:391 - error: {"cmd":703,"aidx":112,"session":"68993482","achievement_code":2040001,"add_cnt":498}
2022-01-14 13:34:32:391 - error: {"data":{},"cmd":704,"status":-1076}
2022-01-14 13:34:32:393 - error: -1076
2022-01-14 13:34:32:402 - error: {"cmd":703,"aidx":112,"session":"68993482","achievement_code":2040001,"add_cnt":498}
2022-01-14 13:34:32:402 - error: {"data":{},"cmd":704,"status":-1076}
2022-01-14 13:34:32:402 - error: -1076
2022-01-14 13:34:32:411 - error: {"cmd":703,"aidx":112,"session":"68993482","achievement_code":2040001,"add_cnt":498}
2022-01-14 13:34:32:411 - error: {"data":{},"cmd":704,"status":-1076}
2022-01-14 13:34:32:411 - error: -1076
2022-01-14 13:34:32:420 - error: {"cmd":703,"aidx":112,"session":"68993482","achievement_code":2040001,"add_cnt":498}
2022-01-14 13:34:32:420 - error: {"data":{},"cmd":704,"status":-1076}
2022-01-14 13:34:32:420 - error: -1076
2022-01-14 13:34:32:429 - error: {"cmd":703,"aidx":112,"session":"68993482","achievement_code":2040001,"add_cnt":498}
2022-01-14 13:34:32:429 - error: {"data":{},"cmd":704,"status":-1076}
2022-01-14 13:34:32:429 - error: -1076
2022-01-14 13:34:32:438 - error: {"cmd":703,"aidx":112,"session":"68993482","achievement_code":2040001,"add_cnt":498}
2022-01-14 13:34:32:438 - error: {"data":{},"cmd":704,"status":-1076}
2022-01-14 13:34:32:438 - error: -1076
2022-01-14 13:34:32:448 - error: {"cmd":703,"aidx":112,"session":"68993482","achievement_code":2040001,"add_cnt":498}
2022-01-14 13:34:32:448 - error: {"data":{},"cmd":704,"status":-1076}
2022-01-14 13:34:32:448 - error: -1076
2022-01-14 13:34:32:457 - error: {"cmd":703,"aidx":112,"session":"68993482","achievement_code":2040001,"add_cnt":498}
2022-01-14 13:34:32:457 - error: {"data":{},"cmd":704,"status":-1076}
2022-01-14 13:34:32:458 - error: -1076
2022-01-14 13:34:32:467 - error: {"cmd":703,"aidx":112,"session":"68993482","achievement_code":2040001,"add_cnt":498}
2022-01-14 13:34:32:467 - error: {"data":{},"cmd":704,"status":-1076}
2022-01-14 13:34:32:467 - error: -1076
2022-01-14 13:34:32:476 - error: {"cmd":703,"aidx":112,"session":"68993482","achievement_code":2040001,"add_cnt":498}
2022-01-14 13:34:32:476 - error: {"data":{},"cmd":704,"status":-1076}
2022-01-14 13:34:32:476 - error: -1076
2022-01-14 13:34:32:485 - error: {"cmd":703,"aidx":112,"session":"68993482","achievement_code":2040001,"add_cnt":498}
2022-01-14 13:34:32:486 - error: {"data":{},"cmd":704,"status":-1076}
2022-01-14 13:34:32:486 - error: -1076
2022-01-14 13:34:32:495 - error: {"cmd":703,"aidx":112,"session":"68993482","achievement_code":2040001,"add_cnt":498}
2022-01-14 13:34:32:495 - error: {"data":{},"cmd":704,"status":-1076}
2022-01-14 13:34:32:495 - error: -1076
2022-01-14 13:34:32:504 - error: {"cmd":703,"aidx":112,"session":"68993482","achievement_code":2040001,"add_cnt":498}
2022-01-14 13:34:32:504 - error: {"data":{},"cmd":704,"status":-1076}
2022-01-14 13:34:32:505 - error: -1076
2022-01-14 13:34:32:514 - error: {"cmd":703,"aidx":112,"session":"68993482","achievement_code":2040001,"add_cnt":498}
2022-01-14 13:34:32:514 - error: {"data":{},"cmd":704,"status":-1076}
2022-01-14 13:34:32:514 - error: -1076
2022-01-14 13:34:32:523 - error: {"cmd":703,"aidx":112,"session":"68993482","achievement_code":2040001,"add_cnt":498}
2022-01-14 13:34:32:523 - error: {"data":{},"cmd":704,"status":-1076}
2022-01-14 13:34:32:523 - error: -1076
2022-01-14 13:34:32:533 - error: {"cmd":703,"aidx":112,"session":"68993482","achievement_code":2040001,"add_cnt":498}
2022-01-14 13:34:32:533 - error: {"data":{},"cmd":704,"status":-1076}
2022-01-14 13:34:32:534 - error: -1076
2022-01-14 13:34:32:542 - error: {"cmd":703,"aidx":112,"session":"68993482","achievement_code":2040001,"add_cnt":498}
2022-01-14 13:34:32:543 - error: {"data":{},"cmd":704,"status":-1076}
2022-01-14 13:34:32:543 - error: -1076
2022-01-14 13:34:32:552 - error: {"cmd":703,"aidx":112,"session":"68993482","achievement_code":2040001,"add_cnt":498}
2022-01-14 13:34:32:552 - error: {"data":{},"cmd":704,"status":-1076}
2022-01-14 13:34:32:552 - error: -1076
2022-01-14 13:34:32:561 - error: {"cmd":703,"aidx":112,"session":"68993482","achievement_code":2040001,"add_cnt":498}
2022-01-14 13:34:32:561 - error: {"data":{},"cmd":704,"status":-1076}
2022-01-14 13:34:32:562 - error: -1076
2022-01-14 13:34:32:570 - error: {"cmd":703,"aidx":112,"session":"68993482","achievement_code":2040001,"add_cnt":498}
2022-01-14 13:34:32:571 - error: {"data":{},"cmd":704,"status":-1076}
2022-01-14 13:34:32:571 - error: -1076
2022-01-14 13:34:32:580 - error: {"cmd":703,"aidx":112,"session":"68993482","achievement_code":2040001,"add_cnt":498}
2022-01-14 13:34:32:580 - error: {"data":{},"cmd":704,"status":-1076}
2022-01-14 13:34:32:580 - error: -1076
2022-01-14 13:34:32:589 - error: {"cmd":703,"aidx":112,"session":"68993482","achievement_code":2040001,"add_cnt":498}
2022-01-14 13:34:32:589 - error: {"data":{},"cmd":704,"status":-1076}
2022-01-14 13:34:32:589 - error: -1076
2022-01-14 13:34:32:599 - error: {"cmd":703,"aidx":112,"session":"68993482","achievement_code":2040001,"add_cnt":498}
2022-01-14 13:34:32:599 - error: {"data":{},"cmd":704,"status":-1076}
2022-01-14 13:34:32:599 - error: -1076
2022-01-14 13:34:32:608 - error: {"cmd":703,"aidx":112,"session":"68993482","achievement_code":2040001,"add_cnt":498}
2022-01-14 13:34:32:609 - error: {"data":{},"cmd":704,"status":-1076}
2022-01-14 13:34:32:609 - error: -1076
2022-01-14 13:34:32:618 - error: {"cmd":703,"aidx":112,"session":"68993482","achievement_code":2040001,"add_cnt":498}
2022-01-14 13:34:32:618 - error: {"data":{},"cmd":704,"status":-1076}
2022-01-14 13:34:32:618 - error: -1076
2022-01-14 13:34:32:628 - error: {"cmd":703,"aidx":112,"session":"68993482","achievement_code":2040001,"add_cnt":498}
2022-01-14 13:34:32:628 - error: {"data":{},"cmd":704,"status":-1076}
2022-01-14 13:34:32:628 - error: -1076
2022-01-14 13:34:32:637 - error: {"cmd":703,"aidx":112,"session":"68993482","achievement_code":2040001,"add_cnt":498}
2022-01-14 13:34:32:637 - error: {"data":{},"cmd":704,"status":-1076}
2022-01-14 13:34:32:637 - error: -1076
2022-01-14 13:34:32:647 - error: {"cmd":703,"aidx":112,"session":"68993482","achievement_code":2040001,"add_cnt":498}
2022-01-14 13:34:32:647 - error: {"data":{},"cmd":704,"status":-1076}
2022-01-14 13:34:32:648 - error: -1076
2022-01-14 13:34:32:657 - error: {"cmd":703,"aidx":112,"session":"68993482","achievement_code":2040001,"add_cnt":498}
2022-01-14 13:34:32:658 - error: {"data":{},"cmd":704,"status":-1076}
2022-01-14 13:34:32:658 - error: -1076
2022-01-14 13:34:32:667 - error: {"cmd":703,"aidx":112,"session":"68993482","achievement_code":2040001,"add_cnt":498}
2022-01-14 13:34:32:667 - error: {"data":{},"cmd":704,"status":-1076}
2022-01-14 13:34:32:668 - error: -1076
2022-01-14 13:34:32:677 - error: {"cmd":703,"aidx":112,"session":"68993482","achievement_code":2040001,"add_cnt":498}
2022-01-14 13:34:32:677 - error: {"data":{},"cmd":704,"status":-1076}
2022-01-14 13:34:32:677 - error: -1076
2022-01-14 13:34:32:686 - error: {"cmd":703,"aidx":112,"session":"68993482","achievement_code":2040001,"add_cnt":498}
2022-01-14 13:34:32:686 - error: {"data":{},"cmd":704,"status":-1076}
2022-01-14 13:34:32:686 - error: -1076
2022-01-14 13:34:32:695 - error: {"cmd":703,"aidx":112,"session":"68993482","achievement_code":2040001,"add_cnt":498}
2022-01-14 13:34:32:696 - error: {"data":{},"cmd":704,"status":-1076}
2022-01-14 13:34:32:696 - error: -1076
2022-01-14 13:34:32:705 - error: {"cmd":703,"aidx":112,"session":"68993482","achievement_code":2040001,"add_cnt":498}
2022-01-14 13:34:32:705 - error: {"data":{},"cmd":704,"status":-1076}
2022-01-14 13:34:32:705 - error: -1076
2022-01-14 13:34:32:714 - error: {"cmd":703,"aidx":112,"session":"68993482","achievement_code":2040001,"add_cnt":498}
2022-01-14 13:34:32:714 - error: {"data":{},"cmd":704,"status":-1076}
2022-01-14 13:34:32:714 - error: -1076
2022-01-14 13:34:32:724 - error: {"cmd":703,"aidx":112,"session":"68993482","achievement_code":2040001,"add_cnt":498}
2022-01-14 13:34:32:724 - error: {"data":{},"cmd":704,"status":-1076}
2022-01-14 13:34:32:724 - error: -1076
2022-01-14 13:34:32:733 - error: {"cmd":703,"aidx":112,"session":"68993482","achievement_code":2040001,"add_cnt":498}
2022-01-14 13:34:32:733 - error: {"data":{},"cmd":704,"status":-1076}
2022-01-14 13:34:32:733 - error: -1076
2022-01-14 13:34:32:742 - error: {"cmd":703,"aidx":112,"session":"68993482","achievement_code":2040001,"add_cnt":498}
2022-01-14 13:34:32:742 - error: {"data":{},"cmd":704,"status":-1076}
2022-01-14 13:34:32:742 - error: -1076
2022-01-14 13:34:32:752 - error: {"cmd":703,"aidx":112,"session":"68993482","achievement_code":2040001,"add_cnt":498}
2022-01-14 13:34:32:752 - error: {"data":{},"cmd":704,"status":-1076}
2022-01-14 13:34:32:752 - error: -1076
2022-01-14 13:34:32:761 - error: {"cmd":703,"aidx":112,"session":"68993482","achievement_code":2040001,"add_cnt":498}
2022-01-14 13:34:32:761 - error: {"data":{},"cmd":704,"status":-1076}
2022-01-14 13:34:32:761 - error: -1076
2022-01-14 13:34:32:770 - error: {"cmd":703,"aidx":112,"session":"68993482","achievement_code":2040001,"add_cnt":498}
2022-01-14 13:34:32:770 - error: {"data":{},"cmd":704,"status":-1076}
2022-01-14 13:34:32:771 - error: -1076
2022-01-14 13:34:32:780 - error: {"cmd":703,"aidx":112,"session":"68993482","achievement_code":2040001,"add_cnt":498}
2022-01-14 13:34:32:780 - error: {"data":{},"cmd":704,"status":-1076}
2022-01-14 13:34:32:780 - error: -1076
2022-01-14 13:34:32:789 - error: {"cmd":703,"aidx":112,"session":"68993482","achievement_code":2040001,"add_cnt":498}
2022-01-14 13:34:32:789 - error: {"data":{},"cmd":704,"status":-1076}
2022-01-14 13:34:32:790 - error: -1076
2022-01-14 13:34:32:799 - error: {"cmd":703,"aidx":112,"session":"68993482","achievement_code":2040001,"add_cnt":498}
2022-01-14 13:34:32:799 - error: {"data":{},"cmd":704,"status":-1076}
2022-01-14 13:34:32:799 - error: -1076
2022-01-14 13:34:32:809 - error: {"cmd":703,"aidx":112,"session":"68993482","achievement_code":2040001,"add_cnt":498}
2022-01-14 13:34:32:809 - error: {"data":{},"cmd":704,"status":-1076}
2022-01-14 13:34:32:809 - error: -1076
2022-01-14 13:34:32:817 - error: {"cmd":703,"aidx":112,"session":"68993482","achievement_code":2040001,"add_cnt":498}
2022-01-14 13:34:32:817 - error: {"data":{},"cmd":704,"status":-1076}
2022-01-14 13:34:32:818 - error: -1076
2022-01-14 13:34:32:827 - error: {"cmd":703,"aidx":112,"session":"68993482","achievement_code":2040001,"add_cnt":498}
2022-01-14 13:34:32:828 - error: {"data":{},"cmd":704,"status":-1076}
2022-01-14 13:34:32:828 - error: -1076
2022-01-14 13:34:32:837 - error: {"cmd":703,"aidx":112,"session":"68993482","achievement_code":2040001,"add_cnt":498}
2022-01-14 13:34:32:837 - error: {"data":{},"cmd":704,"status":-1076}
2022-01-14 13:34:32:837 - error: -1076
2022-01-14 13:34:32:846 - error: {"cmd":703,"aidx":112,"session":"68993482","achievement_code":2040001,"add_cnt":498}
2022-01-14 13:34:32:846 - error: {"data":{},"cmd":704,"status":-1076}
2022-01-14 13:34:32:846 - error: -1076
2022-01-14 13:34:32:855 - error: {"cmd":703,"aidx":112,"session":"68993482","achievement_code":2040001,"add_cnt":498}
2022-01-14 13:34:32:856 - error: {"data":{},"cmd":704,"status":-1076}
2022-01-14 13:34:32:856 - error: -1076
2022-01-14 13:34:32:865 - error: {"cmd":703,"aidx":112,"session":"68993482","achievement_code":2040001,"add_cnt":498}
2022-01-14 13:34:32:866 - error: {"data":{},"cmd":704,"status":-1076}
2022-01-14 13:34:32:866 - error: -1076
2022-01-14 13:34:32:875 - error: {"cmd":703,"aidx":112,"session":"68993482","achievement_code":2040001,"add_cnt":498}
2022-01-14 13:34:32:875 - error: {"data":{},"cmd":704,"status":-1076}
2022-01-14 13:34:32:875 - error: -1076
2022-01-14 13:34:32:884 - error: {"cmd":703,"aidx":112,"session":"68993482","achievement_code":2040001,"add_cnt":498}
2022-01-14 13:34:32:884 - error: {"data":{},"cmd":704,"status":-1076}
2022-01-14 13:34:32:885 - error: -1076
2022-01-14 13:34:32:893 - error: {"cmd":703,"aidx":112,"session":"68993482","achievement_code":2040001,"add_cnt":498}
2022-01-14 13:34:32:893 - error: {"data":{},"cmd":704,"status":-1076}
2022-01-14 13:34:32:893 - error: -1076
2022-01-14 13:34:32:902 - error: {"cmd":703,"aidx":112,"session":"68993482","achievement_code":2040001,"add_cnt":498}
2022-01-14 13:34:32:902 - error: {"data":{},"cmd":704,"status":-1076}
2022-01-14 13:34:32:903 - error: -1076
2022-01-14 13:34:32:912 - error: {"cmd":703,"aidx":112,"session":"68993482","achievement_code":2040001,"add_cnt":498}
2022-01-14 13:34:32:912 - error: {"data":{},"cmd":704,"status":-1076}
2022-01-14 13:34:32:912 - error: -1076
2022-01-14 13:34:32:921 - error: {"cmd":703,"aidx":112,"session":"68993482","achievement_code":2040001,"add_cnt":498}
2022-01-14 13:34:32:921 - error: {"data":{},"cmd":704,"status":-1076}
2022-01-14 13:34:32:922 - error: -1076
2022-01-14 13:34:32:931 - error: {"cmd":703,"aidx":112,"session":"68993482","achievement_code":2040001,"add_cnt":498}
2022-01-14 13:34:32:931 - error: {"data":{},"cmd":704,"status":-1076}
2022-01-14 13:34:32:931 - error: -1076
2022-01-14 13:34:32:941 - error: {"cmd":703,"aidx":112,"session":"68993482","achievement_code":2040001,"add_cnt":498}
2022-01-14 13:34:32:942 - error: {"data":{},"cmd":704,"status":-1076}
2022-01-14 13:34:32:942 - error: -1076
2022-01-14 13:34:32:951 - error: {"cmd":703,"aidx":112,"session":"68993482","achievement_code":2040001,"add_cnt":498}
2022-01-14 13:34:32:951 - error: {"data":{},"cmd":704,"status":-1076}
2022-01-14 13:34:32:951 - error: -1076
2022-01-14 13:34:32:960 - error: {"cmd":703,"aidx":112,"session":"68993482","achievement_code":2040001,"add_cnt":498}
2022-01-14 13:34:32:960 - error: {"data":{},"cmd":704,"status":-1076}
2022-01-14 13:34:32:961 - error: -1076
2022-01-14 13:34:32:970 - error: {"cmd":703,"aidx":112,"session":"68993482","achievement_code":2040001,"add_cnt":498}
2022-01-14 13:34:32:970 - error: {"data":{},"cmd":704,"status":-1076}
2022-01-14 13:34:32:970 - error: -1076
2022-01-14 13:34:32:980 - error: {"cmd":703,"aidx":112,"session":"68993482","achievement_code":2040001,"add_cnt":498}
2022-01-14 13:34:32:980 - error: {"data":{},"cmd":704,"status":-1076}
2022-01-14 13:34:32:980 - error: -1076
2022-01-14 13:34:32:989 - error: {"cmd":703,"aidx":112,"session":"68993482","achievement_code":2040001,"add_cnt":498}
2022-01-14 13:34:32:989 - error: {"data":{},"cmd":704,"status":-1076}
2022-01-14 13:34:32:989 - error: -1076
2022-01-14 13:34:32:999 - error: {"cmd":703,"aidx":112,"session":"68993482","achievement_code":2040001,"add_cnt":498}
2022-01-14 13:34:32:999 - error: {"data":{},"cmd":704,"status":-1076}
2022-01-14 13:34:32:999 - error: -1076
2022-01-14 13:34:33:008 - error: {"cmd":703,"aidx":112,"session":"68993482","achievement_code":2040001,"add_cnt":498}
2022-01-14 13:34:33:008 - error: {"data":{},"cmd":704,"status":-1076}
2022-01-14 13:34:33:008 - error: -1076
2022-01-14 13:34:33:017 - error: {"cmd":703,"aidx":112,"session":"68993482","achievement_code":2040001,"add_cnt":498}
2022-01-14 13:34:33:017 - error: {"data":{},"cmd":704,"status":-1076}
2022-01-14 13:34:33:017 - error: -1076
2022-01-14 13:34:33:026 - error: {"cmd":703,"aidx":112,"session":"68993482","achievement_code":2040001,"add_cnt":498}
2022-01-14 13:34:33:026 - error: {"data":{},"cmd":704,"status":-1076}
2022-01-14 13:34:33:027 - error: -1076
2022-01-14 13:34:33:035 - error: {"cmd":703,"aidx":112,"session":"68993482","achievement_code":2040001,"add_cnt":498}
2022-01-14 13:34:33:035 - error: {"data":{},"cmd":704,"status":-1076}
2022-01-14 13:34:33:035 - error: -1076
2022-01-14 13:34:33:045 - error: {"cmd":703,"aidx":112,"session":"68993482","achievement_code":2040001,"add_cnt":498}
2022-01-14 13:34:33:045 - error: {"data":{},"cmd":704,"status":-1076}
2022-01-14 13:34:33:045 - error: -1076
2022-01-14 13:34:33:055 - error: {"cmd":703,"aidx":112,"session":"68993482","achievement_code":2040001,"add_cnt":498}
2022-01-14 13:34:33:055 - error: {"data":{},"cmd":704,"status":-1076}
2022-01-14 13:34:33:055 - error: -1076
2022-01-14 13:34:33:064 - error: {"cmd":703,"aidx":112,"session":"68993482","achievement_code":2040001,"add_cnt":498}
2022-01-14 13:34:33:064 - error: {"data":{},"cmd":704,"status":-1076}
2022-01-14 13:34:33:064 - error: -1076
2022-01-14 13:34:33:073 - error: {"cmd":703,"aidx":112,"session":"68993482","achievement_code":2040001,"add_cnt":498}
2022-01-14 13:34:33:073 - error: {"data":{},"cmd":704,"status":-1076}
2022-01-14 13:34:33:073 - error: -1076
2022-01-14 13:34:33:083 - error: {"cmd":703,"aidx":112,"session":"68993482","achievement_code":2040001,"add_cnt":498}
2022-01-14 13:34:33:083 - error: {"data":{},"cmd":704,"status":-1076}
2022-01-14 13:34:33:083 - error: -1076
2022-01-14 13:34:33:092 - error: {"cmd":703,"aidx":112,"session":"68993482","achievement_code":2040001,"add_cnt":498}
2022-01-14 13:34:33:092 - error: {"data":{},"cmd":704,"status":-1076}
2022-01-14 13:34:33:093 - error: -1076
2022-01-14 13:34:33:102 - error: {"cmd":703,"aidx":112,"session":"68993482","achievement_code":2040001,"add_cnt":498}
2022-01-14 13:34:33:102 - error: {"data":{},"cmd":704,"status":-1076}
2022-01-14 13:34:33:102 - error: -1076
2022-01-14 13:34:33:111 - error: {"cmd":703,"aidx":112,"session":"68993482","achievement_code":2040001,"add_cnt":498}
2022-01-14 13:34:33:111 - error: {"data":{},"cmd":704,"status":-1076}
2022-01-14 13:34:33:111 - error: -1076
2022-01-14 13:34:33:121 - error: {"cmd":703,"aidx":112,"session":"68993482","achievement_code":2040001,"add_cnt":498}
2022-01-14 13:34:33:121 - error: {"data":{},"cmd":704,"status":-1076}
2022-01-14 13:34:33:121 - error: -1076
2022-01-14 13:34:33:130 - error: {"cmd":703,"aidx":112,"session":"68993482","achievement_code":2040001,"add_cnt":498}
2022-01-14 13:34:33:131 - error: {"data":{},"cmd":704,"status":-1076}
2022-01-14 13:34:33:131 - error: -1076
2022-01-14 13:34:33:140 - error: {"cmd":703,"aidx":112,"session":"68993482","achievement_code":2040001,"add_cnt":498}
2022-01-14 13:34:33:140 - error: {"data":{},"cmd":704,"status":-1076}
2022-01-14 13:34:33:140 - error: -1076
2022-01-14 13:34:33:149 - error: {"cmd":703,"aidx":112,"session":"68993482","achievement_code":2040001,"add_cnt":498}
2022-01-14 13:34:33:149 - error: {"data":{},"cmd":704,"status":-1076}
2022-01-14 13:34:33:149 - error: -1076
2022-01-14 13:34:33:158 - error: {"cmd":703,"aidx":112,"session":"68993482","achievement_code":2040001,"add_cnt":498}
2022-01-14 13:34:33:159 - error: {"data":{},"cmd":704,"status":-1076}
2022-01-14 13:34:33:159 - error: -1076
2022-01-14 13:34:33:168 - error: {"cmd":703,"aidx":112,"session":"68993482","achievement_code":2040001,"add_cnt":498}
2022-01-14 13:34:33:168 - error: {"data":{},"cmd":704,"status":-1076}
2022-01-14 13:34:33:168 - error: -1076
2022-01-14 13:34:33:178 - error: {"cmd":703,"aidx":112,"session":"68993482","achievement_code":2040001,"add_cnt":498}
2022-01-14 13:34:33:178 - error: {"data":{},"cmd":704,"status":-1076}
2022-01-14 13:34:33:178 - error: -1076
2022-01-14 13:34:33:187 - error: {"cmd":703,"aidx":112,"session":"68993482","achievement_code":2040001,"add_cnt":498}
2022-01-14 13:34:33:188 - error: {"data":{},"cmd":704,"status":-1076}
2022-01-14 13:34:33:188 - error: -1076
2022-01-14 13:34:33:197 - error: {"cmd":703,"aidx":112,"session":"68993482","achievement_code":2040001,"add_cnt":498}
2022-01-14 13:34:33:197 - error: {"data":{},"cmd":704,"status":-1076}
2022-01-14 13:34:33:197 - error: -1076
2022-01-14 13:34:33:207 - error: {"cmd":703,"aidx":112,"session":"68993482","achievement_code":2040001,"add_cnt":498}
2022-01-14 13:34:33:207 - error: {"data":{},"cmd":704,"status":-1076}
2022-01-14 13:34:33:207 - error: -1076
2022-01-14 13:34:33:216 - error: {"cmd":703,"aidx":112,"session":"68993482","achievement_code":2040001,"add_cnt":498}
2022-01-14 13:34:33:216 - error: {"data":{},"cmd":704,"status":-1076}
2022-01-14 13:34:33:217 - error: -1076
2022-01-14 13:34:33:226 - error: {"cmd":703,"aidx":112,"session":"68993482","achievement_code":2040001,"add_cnt":498}
2022-01-14 13:34:33:226 - error: {"data":{},"cmd":704,"status":-1076}
2022-01-14 13:34:33:226 - error: -1076
2022-01-14 13:34:33:235 - error: {"cmd":703,"aidx":112,"session":"68993482","achievement_code":2040001,"add_cnt":498}
2022-01-14 13:34:33:235 - error: {"data":{},"cmd":704,"status":-1076}
2022-01-14 13:34:33:236 - error: -1076
2022-01-14 13:34:33:245 - error: {"cmd":703,"aidx":112,"session":"68993482","achievement_code":2040001,"add_cnt":498}
2022-01-14 13:34:33:245 - error: {"data":{},"cmd":704,"status":-1076}
2022-01-14 13:34:33:245 - error: -1076
2022-01-14 13:34:33:254 - error: {"cmd":703,"aidx":112,"session":"68993482","achievement_code":2040001,"add_cnt":498}
2022-01-14 13:34:33:254 - error: {"data":{},"cmd":704,"status":-1076}
2022-01-14 13:34:33:254 - error: -1076
2022-01-14 13:34:33:264 - error: {"cmd":703,"aidx":112,"session":"68993482","achievement_code":2040001,"add_cnt":498}
2022-01-14 13:34:33:264 - error: {"data":{},"cmd":704,"status":-1076}
2022-01-14 13:34:33:264 - error: -1076
2022-01-14 13:34:33:273 - error: {"cmd":703,"aidx":112,"session":"68993482","achievement_code":2040001,"add_cnt":498}
2022-01-14 13:34:33:273 - error: {"data":{},"cmd":704,"status":-1076}
2022-01-14 13:34:33:273 - error: -1076
2022-01-14 13:34:33:283 - error: {"cmd":703,"aidx":112,"session":"68993482","achievement_code":2040001,"add_cnt":498}
2022-01-14 13:34:33:283 - error: {"data":{},"cmd":704,"status":-1076}
2022-01-14 13:34:33:283 - error: -1076
2022-01-14 13:34:33:292 - error: {"cmd":703,"aidx":112,"session":"68993482","achievement_code":2040001,"add_cnt":498}
2022-01-14 13:34:33:292 - error: {"data":{},"cmd":704,"status":-1076}
2022-01-14 13:34:33:292 - error: -1076
2022-01-14 13:34:33:301 - error: {"cmd":703,"aidx":112,"session":"68993482","achievement_code":2040001,"add_cnt":498}
2022-01-14 13:34:33:302 - error: {"data":{},"cmd":704,"status":-1076}
2022-01-14 13:34:33:302 - error: -1076
2022-01-14 13:34:33:311 - error: {"cmd":703,"aidx":112,"session":"68993482","achievement_code":2040001,"add_cnt":498}
2022-01-14 13:34:33:311 - error: {"data":{},"cmd":704,"status":-1076}
2022-01-14 13:34:33:311 - error: -1076
2022-01-14 13:34:33:321 - error: {"cmd":703,"aidx":112,"session":"68993482","achievement_code":2040001,"add_cnt":498}
2022-01-14 13:34:33:321 - error: {"data":{},"cmd":704,"status":-1076}
2022-01-14 13:34:33:321 - error: -1076
2022-01-14 13:34:33:330 - error: {"cmd":703,"aidx":112,"session":"68993482","achievement_code":2040001,"add_cnt":498}
2022-01-14 13:34:33:330 - error: {"data":{},"cmd":704,"status":-1076}
2022-01-14 13:34:33:330 - error: -1076
2022-01-14 13:34:33:339 - error: {"cmd":703,"aidx":112,"session":"68993482","achievement_code":2040001,"add_cnt":498}
2022-01-14 13:34:33:340 - error: {"data":{},"cmd":704,"status":-1076}
2022-01-14 13:34:33:340 - error: -1076
2022-01-14 13:34:33:349 - error: {"cmd":703,"aidx":112,"session":"68993482","achievement_code":2040001,"add_cnt":498}
2022-01-14 13:34:33:349 - error: {"data":{},"cmd":704,"status":-1076}
2022-01-14 13:34:33:349 - error: -1076
2022-01-14 13:34:33:358 - error: {"cmd":703,"aidx":112,"session":"68993482","achievement_code":2040001,"add_cnt":498}
2022-01-14 13:34:33:358 - error: {"data":{},"cmd":704,"status":-1076}
2022-01-14 13:34:33:358 - error: -1076
2022-01-14 13:34:33:367 - error: {"cmd":703,"aidx":112,"session":"68993482","achievement_code":2040001,"add_cnt":498}
2022-01-14 13:34:33:367 - error: {"data":{},"cmd":704,"status":-1076}
2022-01-14 13:34:33:368 - error: -1076
2022-01-14 13:34:33:377 - error: {"cmd":703,"aidx":112,"session":"68993482","achievement_code":2040001,"add_cnt":498}
2022-01-14 13:34:33:377 - error: {"data":{},"cmd":704,"status":-1076}
2022-01-14 13:34:33:377 - error: -1076
2022-01-14 13:34:33:387 - error: {"cmd":703,"aidx":112,"session":"68993482","achievement_code":2040001,"add_cnt":498}
2022-01-14 13:34:33:387 - error: {"data":{},"cmd":704,"status":-1076}
2022-01-14 13:34:33:387 - error: -1076
2022-01-14 13:34:33:396 - error: {"cmd":703,"aidx":112,"session":"68993482","achievement_code":2040001,"add_cnt":498}
2022-01-14 13:34:33:397 - error: {"data":{},"cmd":704,"status":-1076}
2022-01-14 13:34:33:397 - error: -1076
