2022-01-14 14:05:14:271 - info: main : redis-connect-database = 0 : 49.50.172.145:6379
2022-01-14 14:05:14:277 - info: connect sub redis : ["server_message"]
2022-01-14 14:05:14:280 - info: msg : redis-connect-database = 2 : 49.50.172.145:6379
2022-01-14 14:05:14:284 - info: mysql freemeta_com com db init : 49.50.172.145:3306
2022-01-14 14:05:14:284 - info: mysql freemeta_log log db init : 49.50.172.145:3306
2022-01-14 14:05:14:284 - info: mysql freemeta_msg msg db init : 49.50.172.145:3306
2022-01-14 14:05:14:300 - info: mysql freemeta_01 shard db init : 10.36.69.58:3306
2022-01-14 14:05:14:323 - info: load achievement reference table success !!
2022-01-14 14:05:14:330 - info: load character reference table success !!
2022-01-14 14:05:14:353 - info: load collection reference table success !!
2022-01-14 14:05:14:360 - info: load daily attendance reference table success !!
2022-01-14 14:05:14:405 - info: load item reference table success !!
2022-01-14 14:05:14:416 - info: load open world reference table success !!
2022-01-14 14:05:14:424 - info: load payment reference table success !!
2022-01-14 14:05:14:431 - info: load play world reference table success !!
2022-01-14 14:05:14:438 - info: load ranking reward reference table success !!
2022-01-14 14:05:14:462 - info: load reward reference table success !!
2022-01-14 14:05:14:471 - info: load reward_fishing reference table success !!
2022-01-14 14:05:14:478 - info: load system shop reference table success !!
2022-01-14 14:05:14:915 - info: 서버가 시작되었습니다. [port:30051]
2022-01-14 14:05:14:915 - info: try to start [freemeta game test mode server] : http://127.0.0.1:30051
2022-01-14 14:05:14:916 - info: packet status : packet status not recorded yet.
2022-01-14 14:05:14:946 - error: {"cmd":103,"login_id":"1642136714_0_14424_472562194","uuid":"1642136714_0_14424_472562194","version":"0.16.1","os_type":1,"login_type":1}
2022-01-14 14:05:14:947 - error: {"data":{"server_info":{"version":"0.16.1","inspect":0,"account":1,"login":1,"notice_page":"","inspect_page":"https://dev.freeblox.net/coupon","help_page":" ","time":1642136714,"timezone_offset":-32400}},"cmd":104,"status":-1023}
2022-01-14 14:05:14:947 - error: -1023
2022-01-14 14:05:15:012 - error: null
2022-01-14 14:05:15:063 - error: null
2022-01-14 14:05:15:095 - error: null
2022-01-14 14:05:18:831 - error: null
2022-01-14 14:05:18:842 - error: null
2022-01-14 14:05:18:859 - error: null
2022-01-14 14:05:18:874 - error: null
2022-01-14 14:05:18:891 - error: null
2022-01-14 14:05:18:907 - error: null
2022-01-14 14:05:18:924 - error: null
2022-01-14 14:05:18:939 - error: null
2022-01-14 14:05:18:949 - error: null
