2022-01-14 11:28:56:257 - info: main : redis-connect-database = 0 : 49.50.172.145:6379
2022-01-14 11:28:56:263 - info: sub : redis-connect-database = 1 : 49.50.172.145:6379
2022-01-14 11:28:56:264 - info: connect sub redis : ["server_message"]
2022-01-14 11:28:56:266 - info: msg : redis-connect-database = 2 : 49.50.172.145:6379
2022-01-14 11:28:56:269 - info: mysql freemeta_com com db init : 49.50.172.145:3306
2022-01-14 11:28:56:269 - info: mysql freemeta_log log db init : 49.50.172.145:3306
2022-01-14 11:28:56:269 - info: mysql freemeta_msg msg db init : 49.50.172.145:3306
2022-01-14 11:28:56:284 - info: mysql freemeta_01 shard db init : 10.36.69.58:3306
2022-01-14 11:28:56:306 - info: load achievement reference table success !!
2022-01-14 11:28:56:313 - info: load character reference table success !!
2022-01-14 11:28:56:335 - info: load collection reference table success !!
2022-01-14 11:28:56:343 - info: load daily attendance reference table success !!
2022-01-14 11:28:56:387 - info: load item reference table success !!
2022-01-14 11:28:56:397 - info: load open world reference table success !!
2022-01-14 11:28:56:405 - info: load payment reference table success !!
2022-01-14 11:28:56:411 - info: load play world reference table success !!
2022-01-14 11:28:56:418 - info: load ranking reward reference table success !!
2022-01-14 11:28:56:437 - info: load reward reference table success !!
2022-01-14 11:28:56:444 - info: load reward_fishing reference table success !!
2022-01-14 11:28:56:451 - info: load system shop reference table success !!
2022-01-14 11:28:56:783 - info: 서버가 시작되었습니다. [port:30051]
2022-01-14 11:28:56:783 - info: try to start [freemeta game test mode server] : http://127.0.0.1:30051
2022-01-14 11:28:56:783 - info: packet status : packet status not recorded yet.
2022-01-14 11:28:56:808 - error: {"cmd":103,"login_id":"1642127336_0_26712_444970392","uuid":"1642127336_0_26712_444970392","version":"0.16.1","os_type":1,"login_type":1}
2022-01-14 11:28:56:808 - error: {"data":{"server_info":{"version":"0.16.1","inspect":0,"account":1,"login":1,"notice_page":"","inspect_page":"https://dev.freeblox.net/coupon","help_page":" ","time":1642127336,"timezone_offset":-32400}},"cmd":104,"status":-1023}
2022-01-14 11:28:56:809 - error: -1023
2022-01-14 11:28:56:871 - error: null
2022-01-14 11:28:56:922 - error: null
2022-01-14 11:28:56:955 - error: null
2022-01-14 11:28:56:977 - error: null
2022-01-14 11:28:56:999 - error: null
2022-01-14 11:28:57:026 - error: null
2022-01-14 11:28:57:052 - error: null
2022-01-14 11:28:57:084 - error: null
2022-01-14 11:28:57:134 - error: null
2022-01-14 11:28:57:157 - error: {"cmd":317,"aidx":90,"session":"49594203","sell_item_list":[{"code":10101004,"count":1},{"code":11701063,"count":1},{"code":11701063,"count":1},{"code":11701063,"count":1}]}
2022-01-14 11:28:57:157 - error: {"data":{},"cmd":318,"status":-1061}
2022-01-14 11:28:57:157 - error: -1061
2022-01-14 11:28:57:206 - error: null
2022-01-14 11:28:57:232 - error: {"cmd":107,"aidx":90,"session":"49594203","avt_idx":23,"equip_list":[{"eidx":0,"code":0},{"eidx":0,"code":0},{"eidx":0,"code":0},{"eidx":0,"code":0},{"eidx":0,"code":0},{"eidx":0,"code":0},{"eidx":0,"code":0},{"eidx":0,"code":0},{"eidx":0,"code":0},{"eidx":0,"code":0},{"eidx":0,"code":0},{"eidx":0,"code":0},{"eidx":0,"code":0},{"eidx":0,"code":0},{"eidx":0,"code":0},{"eidx":0,"code":0},{"eidx":0,"code":0},{"eidx":0,"code":0},{"eidx":0,"code":0},{"eidx":0,"code":0},{"eidx":0,"code":0},{"eidx":0,"code":0},{"eidx":0,"code":0},{"eidx":0,"code":0},{"eidx":0,"code":0},{"eidx":0,"code":0},{"eidx":0,"code":0},{"eidx":0,"code":0},{"eidx":0,"code":0},{"eidx":0,"code":0}]}
2022-01-14 11:28:57:232 - error: {"data":{},"cmd":108,"status":-1035}
2022-01-14 11:28:57:232 - error: -1035
2022-01-14 11:28:57:276 - error: null
2022-01-14 11:28:57:312 - error: null
2022-01-14 11:28:57:330 - error: >>>>>>>>>>>>>>> fail to start freemeta game server(port = 30051, err = TypeError: Cannot read property 'idx' of undefined)
