2022-01-14 11:54:39:054 - info: main : redis-connect-database = 0 : 49.50.172.145:6379
2022-01-14 11:54:39:060 - info: connect sub redis : ["server_message"]
2022-01-14 11:54:39:061 - info: sub : redis-connect-database = 1 : 49.50.172.145:6379
2022-01-14 11:54:39:065 - info: msg : redis-connect-database = 2 : 49.50.172.145:6379
2022-01-14 11:54:39:068 - info: mysql freemeta_com com db init : 49.50.172.145:3306
2022-01-14 11:54:39:068 - info: mysql freemeta_log log db init : 49.50.172.145:3306
2022-01-14 11:54:39:068 - info: mysql freemeta_msg msg db init : 49.50.172.145:3306
2022-01-14 11:54:39:083 - info: mysql freemeta_01 shard db init : 10.36.69.58:3306
2022-01-14 11:54:39:103 - info: load achievement reference table success !!
2022-01-14 11:54:39:109 - info: load character reference table success !!
2022-01-14 11:54:39:129 - info: load collection reference table success !!
2022-01-14 11:54:39:136 - info: load daily attendance reference table success !!
2022-01-14 11:54:39:180 - info: load item reference table success !!
2022-01-14 11:54:39:189 - info: load open world reference table success !!
2022-01-14 11:54:39:196 - info: load payment reference table success !!
2022-01-14 11:54:39:202 - info: load play world reference table success !!
2022-01-14 11:54:39:209 - info: load ranking reward reference table success !!
2022-01-14 11:54:39:229 - info: load reward reference table success !!
2022-01-14 11:54:39:236 - info: load reward_fishing reference table success !!
2022-01-14 11:54:39:242 - info: load system shop reference table success !!
2022-01-14 11:54:39:581 - info: 서버가 시작되었습니다. [port:30051]
2022-01-14 11:54:39:581 - info: try to start [freemeta game test mode server] : http://127.0.0.1:30051
2022-01-14 11:54:39:581 - info: packet status : packet status not recorded yet.
2022-01-14 11:54:39:605 - error: {"cmd":103,"login_id":"1642128879_0_24732_538332954","uuid":"1642128879_0_24732_538332954","version":"0.16.1","os_type":1,"login_type":1}
2022-01-14 11:54:39:605 - error: {"data":{"server_info":{"version":"0.16.1","inspect":0,"account":1,"login":1,"notice_page":"","inspect_page":"https://dev.freeblox.net/coupon","help_page":" ","time":1642128879,"timezone_offset":-32400}},"cmd":104,"status":-1023}
2022-01-14 11:54:39:605 - error: -1023
2022-01-14 11:54:39:666 - error: null
2022-01-14 11:54:39:719 - error: null
2022-01-14 11:54:39:751 - error: null
2022-01-14 11:54:39:772 - error: null
2022-01-14 11:54:39:795 - error: null
2022-01-14 11:54:39:826 - error: null
2022-01-14 11:54:39:852 - error: null
2022-01-14 11:54:39:885 - error: null
2022-01-14 11:54:39:919 - error: null
2022-01-14 11:54:39:944 - error: null
2022-01-14 11:54:39:971 - error: {"cmd":317,"aidx":93,"session":"88572998","sell_item_list":[{"code":10101004,"count":1},{"code":11701063,"count":1},{"code":11701063,"count":1},{"code":11701063,"count":1}]}
2022-01-14 11:54:39:971 - error: {"data":{},"cmd":318,"status":-1061}
2022-01-14 11:54:39:972 - error: -1061
2022-01-14 11:54:40:000 - error: {"cmd":319,"aidx":93,"session":"88572998","delete_item_list":[{"code":40901019,"value":10},{"code":100101020,"value":3}]}
2022-01-14 11:54:40:000 - error: {"data":{},"cmd":320,"status":-1062}
2022-01-14 11:54:40:001 - error: -1062
2022-01-14 11:54:40:050 - error: null
2022-01-14 11:54:40:076 - error: {"cmd":107,"aidx":93,"session":"88572998","avt_idx":25,"equip_list":[{"eidx":0,"code":0},{"eidx":0,"code":0},{"eidx":0,"code":0},{"eidx":0,"code":0},{"eidx":0,"code":0},{"eidx":0,"code":0},{"eidx":0,"code":0},{"eidx":0,"code":0},{"eidx":0,"code":0},{"eidx":0,"code":0},{"eidx":0,"code":0},{"eidx":0,"code":0},{"eidx":0,"code":0},{"eidx":0,"code":0},{"eidx":0,"code":0},{"eidx":0,"code":0},{"eidx":0,"code":0},{"eidx":0,"code":0},{"eidx":0,"code":0},{"eidx":0,"code":0},{"eidx":0,"code":0},{"eidx":0,"code":0},{"eidx":0,"code":0},{"eidx":0,"code":0},{"eidx":0,"code":0},{"eidx":0,"code":0},{"eidx":0,"code":0},{"eidx":0,"code":0},{"eidx":0,"code":0},{"eidx":0,"code":0}]}
2022-01-14 11:54:40:076 - error: {"data":{},"cmd":108,"status":-1035}
2022-01-14 11:54:40:076 - error: -1035
2022-01-14 11:54:40:122 - error: null
2022-01-14 11:54:40:156 - error: null
2022-01-14 11:54:40:182 - error: {"cmd":311,"aidx":93,"session":"88572998","item_code":49900010,"seq":0}
2022-01-14 11:54:40:182 - error: {"data":{},"cmd":312,"status":-112}
2022-01-14 11:54:40:182 - error: -112
2022-01-14 11:54:40:214 - error: null
2022-01-14 11:54:40:260 - error: null
2022-01-14 11:54:40:290 - error: null
2022-01-14 11:54:40:298 - error: null
2022-01-14 11:54:40:309 - error: null
2022-01-14 11:54:40:340 - error: null
2022-01-14 11:54:40:359 - error: null
2022-01-14 11:54:40:377 - error: null
2022-01-14 11:54:40:396 - error: null
2022-01-14 11:54:40:411 - error: null
2022-01-14 11:54:40:427 - error: null
2022-01-14 11:54:40:444 - error: null
2022-01-14 11:54:40:460 - error: null
2022-01-14 11:54:40:474 - error: null
2022-01-14 11:54:40:490 - error: null
2022-01-14 11:54:40:518 - error: null
2022-01-14 11:54:40:534 - error: null
2022-01-14 11:54:40:549 - error: null
2022-01-14 11:54:40:566 - error: null
2022-01-14 11:54:40:581 - error: null
2022-01-14 11:54:40:598 - error: null
2022-01-14 11:54:40:612 - error: null
2022-01-14 11:54:40:629 - error: null
2022-01-14 11:54:40:648 - error: null
2022-01-14 11:54:40:666 - error: null
2022-01-14 11:54:40:680 - error: null
2022-01-14 11:54:40:697 - error: null
2022-01-14 11:54:40:711 - error: null
2022-01-14 11:54:40:729 - error: null
2022-01-14 11:54:40:740 - error: null
2022-01-14 11:54:40:760 - error: null
2022-01-14 11:54:40:775 - error: null
2022-01-14 11:54:40:795 - error: null
2022-01-14 11:54:40:809 - error: null
2022-01-14 11:54:40:820 - error: {"cmd":709,"aidx":93,"session":"88572998","collection_code":101020,"seq":6}
2022-01-14 11:54:40:820 - error: {"data":{},"cmd":710,"status":-1078}
2022-01-14 11:54:40:820 - error: -1078
2022-01-14 11:54:40:853 - error: null
2022-01-14 11:54:40:863 - error: null
2022-01-14 11:54:40:885 - error: null
2022-01-14 11:54:40:910 - error: null
2022-01-14 11:54:40:926 - error: null
2022-01-14 11:54:40:944 - error: null
2022-01-14 11:54:40:949 - error: {"cmd":709,"aidx":93,"session":"88572998","collection_code":101001,"seq":6}
2022-01-14 11:54:40:949 - error: {"data":{},"cmd":710,"status":-1078}
2022-01-14 11:54:40:949 - error: -1078
2022-01-14 11:54:40:975 - error: null
2022-01-14 11:54:40:985 - error: null
2022-01-14 11:54:41:004 - error: null
2022-01-14 11:54:41:021 - error: null
2022-01-14 11:54:41:037 - error: null
2022-01-14 11:54:41:052 - error: null
2022-01-14 11:54:41:057 - error: {"cmd":709,"aidx":93,"session":"88572998","collection_code":101023,"seq":6}
2022-01-14 11:54:41:057 - error: {"data":{},"cmd":710,"status":-1078}
2022-01-14 11:54:41:057 - error: -1078
2022-01-14 11:54:41:080 - error: null
2022-01-14 11:54:41:094 - error: null
2022-01-14 11:54:41:111 - error: null
2022-01-14 11:54:41:126 - error: null
2022-01-14 11:54:41:145 - error: null
2022-01-14 11:54:41:160 - error: null
2022-01-14 11:54:41:166 - error: {"cmd":709,"aidx":93,"session":"88572998","collection_code":101018,"seq":6}
2022-01-14 11:54:41:166 - error: {"data":{},"cmd":710,"status":-1078}
2022-01-14 11:54:41:166 - error: -1078
2022-01-14 11:54:41:190 - error: null
2022-01-14 11:54:41:200 - error: null
2022-01-14 11:54:41:216 - error: null
2022-01-14 11:54:41:230 - error: null
2022-01-14 11:54:41:250 - error: null
2022-01-14 11:54:41:274 - error: null
2022-01-14 11:54:41:280 - error: {"cmd":709,"aidx":93,"session":"88572998","collection_code":101017,"seq":6}
2022-01-14 11:54:41:280 - error: {"data":{},"cmd":710,"status":-1078}
2022-01-14 11:54:41:280 - error: -1078
2022-01-14 11:54:41:304 - error: null
2022-01-14 11:54:41:314 - error: null
2022-01-14 11:54:41:332 - error: null
2022-01-14 11:54:41:348 - error: null
2022-01-14 11:54:41:368 - error: null
2022-01-14 11:54:41:382 - error: null
2022-01-14 11:54:41:387 - error: {"cmd":709,"aidx":93,"session":"88572998","collection_code":101010,"seq":6}
2022-01-14 11:54:41:388 - error: {"data":{},"cmd":710,"status":-1078}
2022-01-14 11:54:41:388 - error: -1078
2022-01-14 11:54:41:413 - error: null
2022-01-14 11:54:41:424 - error: null
2022-01-14 11:54:41:442 - error: null
2022-01-14 11:54:41:462 - error: null
2022-01-14 11:54:41:480 - error: null
2022-01-14 11:54:41:495 - error: null
2022-01-14 11:54:41:500 - error: {"cmd":709,"aidx":93,"session":"88572998","collection_code":101002,"seq":6}
2022-01-14 11:54:41:500 - error: {"data":{},"cmd":710,"status":-1078}
2022-01-14 11:54:41:501 - error: -1078
2022-01-14 11:54:41:523 - error: null
2022-01-14 11:54:41:533 - error: null
2022-01-14 11:54:41:552 - error: null
2022-01-14 11:54:41:566 - error: null
2022-01-14 11:54:41:583 - error: null
2022-01-14 11:54:41:598 - error: null
2022-01-14 11:54:41:602 - error: {"cmd":709,"aidx":93,"session":"88572998","collection_code":101024,"seq":6}
2022-01-14 11:54:41:603 - error: {"data":{},"cmd":710,"status":-1078}
2022-01-14 11:54:41:603 - error: -1078
2022-01-14 11:54:41:626 - error: null
2022-01-14 11:54:41:639 - error: null
2022-01-14 11:54:41:655 - error: null
2022-01-14 11:54:41:670 - error: null
2022-01-14 11:54:41:688 - error: null
2022-01-14 11:54:41:702 - error: null
2022-01-14 11:54:41:708 - error: {"cmd":709,"aidx":93,"session":"88572998","collection_code":101007,"seq":6}
2022-01-14 11:54:41:709 - error: {"data":{},"cmd":710,"status":-1078}
2022-01-14 11:54:41:709 - error: -1078
2022-01-14 11:54:41:731 - error: null
2022-01-14 11:54:41:741 - error: null
2022-01-14 11:54:41:760 - error: null
2022-01-14 11:54:41:776 - error: null
2022-01-14 11:54:41:793 - error: null
2022-01-14 11:54:41:810 - error: null
2022-01-14 11:54:41:815 - error: {"cmd":709,"aidx":93,"session":"88572998","collection_code":101022,"seq":6}
2022-01-14 11:54:41:815 - error: {"data":{},"cmd":710,"status":-1078}
2022-01-14 11:54:41:815 - error: -1078
2022-01-14 11:54:41:839 - error: null
2022-01-14 11:54:41:848 - error: null
2022-01-14 11:54:41:865 - error: null
2022-01-14 11:54:41:880 - error: null
2022-01-14 11:54:41:899 - error: null
2022-01-14 11:54:41:914 - error: null
2022-01-14 11:54:41:919 - error: {"cmd":709,"aidx":93,"session":"88572998","collection_code":101011,"seq":6}
2022-01-14 11:54:41:919 - error: {"data":{},"cmd":710,"status":-1078}
2022-01-14 11:54:41:919 - error: -1078
2022-01-14 11:54:41:942 - error: null
2022-01-14 11:54:41:959 - error: null
2022-01-14 11:54:41:975 - error: null
2022-01-14 11:54:41:990 - error: null
2022-01-14 11:54:42:006 - error: null
2022-01-14 11:54:42:021 - error: null
2022-01-14 11:54:42:027 - error: {"cmd":709,"aidx":93,"session":"88572998","collection_code":101006,"seq":6}
2022-01-14 11:54:42:027 - error: {"data":{},"cmd":710,"status":-1078}
2022-01-14 11:54:42:027 - error: -1078
2022-01-14 11:54:42:050 - error: null
2022-01-14 11:54:42:061 - error: null
2022-01-14 11:54:42:076 - error: null
2022-01-14 11:54:42:093 - error: null
2022-01-14 11:54:42:109 - error: null
2022-01-14 11:54:42:123 - error: null
2022-01-14 11:54:42:128 - error: {"cmd":709,"aidx":93,"session":"88572998","collection_code":101009,"seq":6}
2022-01-14 11:54:42:128 - error: {"data":{},"cmd":710,"status":-1078}
2022-01-14 11:54:42:129 - error: -1078
2022-01-14 11:54:42:152 - error: null
2022-01-14 11:54:42:162 - error: null
2022-01-14 11:54:42:182 - error: null
2022-01-14 11:54:42:195 - error: null
2022-01-14 11:54:42:212 - error: null
2022-01-14 11:54:42:226 - error: null
2022-01-14 11:54:42:231 - error: {"cmd":709,"aidx":93,"session":"88572998","collection_code":101003,"seq":6}
2022-01-14 11:54:42:231 - error: {"data":{},"cmd":710,"status":-1078}
2022-01-14 11:54:42:232 - error: -1078
2022-01-14 11:54:42:259 - error: null
2022-01-14 11:54:42:269 - error: null
2022-01-14 11:54:42:284 - error: null
2022-01-14 11:54:42:299 - error: null
2022-01-14 11:54:42:315 - error: null
2022-01-14 11:54:42:332 - error: null
2022-01-14 11:54:42:337 - error: {"cmd":709,"aidx":93,"session":"88572998","collection_code":101005,"seq":6}
2022-01-14 11:54:42:337 - error: {"data":{},"cmd":710,"status":-1078}
2022-01-14 11:54:42:337 - error: -1078
2022-01-14 11:54:42:361 - error: null
2022-01-14 11:54:42:370 - error: null
2022-01-14 11:54:42:386 - error: null
2022-01-14 11:54:42:400 - error: null
2022-01-14 11:54:42:416 - error: null
2022-01-14 11:54:42:432 - error: null
2022-01-14 11:54:42:438 - error: {"cmd":709,"aidx":93,"session":"88572998","collection_code":101015,"seq":6}
2022-01-14 11:54:42:438 - error: {"data":{},"cmd":710,"status":-1078}
2022-01-14 11:54:42:438 - error: -1078
2022-01-14 11:54:42:462 - error: null
2022-01-14 11:54:42:474 - error: null
2022-01-14 11:54:42:490 - error: null
2022-01-14 11:54:42:511 - error: null
2022-01-14 11:54:42:528 - error: null
2022-01-14 11:54:42:550 - error: null
2022-01-14 11:54:42:556 - error: {"cmd":709,"aidx":93,"session":"88572998","collection_code":101016,"seq":6}
2022-01-14 11:54:42:556 - error: {"data":{},"cmd":710,"status":-1078}
2022-01-14 11:54:42:556 - error: -1078
2022-01-14 11:54:42:579 - error: null
2022-01-14 11:54:42:591 - error: null
2022-01-14 11:54:42:616 - error: null
2022-01-14 11:54:42:633 - error: null
2022-01-14 11:54:42:651 - error: null
2022-01-14 11:54:42:665 - error: null
2022-01-14 11:54:42:671 - error: {"cmd":709,"aidx":93,"session":"88572998","collection_code":101012,"seq":6}
2022-01-14 11:54:42:671 - error: {"data":{},"cmd":710,"status":-1078}
2022-01-14 11:54:42:671 - error: -1078
2022-01-14 11:54:42:695 - error: null
2022-01-14 11:54:42:706 - error: null
2022-01-14 11:54:42:726 - error: null
2022-01-14 11:54:42:743 - error: null
2022-01-14 11:54:42:762 - error: null
2022-01-14 11:54:42:780 - error: null
2022-01-14 11:54:42:786 - error: {"cmd":709,"aidx":93,"session":"88572998","collection_code":101008,"seq":6}
2022-01-14 11:54:42:786 - error: {"data":{},"cmd":710,"status":-1078}
2022-01-14 11:54:42:786 - error: -1078
2022-01-14 11:54:42:809 - error: null
2022-01-14 11:54:42:821 - error: null
2022-01-14 11:54:42:843 - error: null
2022-01-14 11:54:42:859 - error: null
2022-01-14 11:54:42:875 - error: null
2022-01-14 11:54:42:899 - error: null
2022-01-14 11:54:42:903 - error: {"cmd":709,"aidx":93,"session":"88572998","collection_code":101013,"seq":6}
2022-01-14 11:54:42:904 - error: {"data":{},"cmd":710,"status":-1078}
2022-01-14 11:54:42:904 - error: -1078
2022-01-14 11:54:42:927 - error: null
2022-01-14 11:54:42:939 - error: null
2022-01-14 11:54:42:957 - error: null
2022-01-14 11:54:42:976 - error: null
2022-01-14 11:54:42:994 - error: null
2022-01-14 11:54:43:008 - error: null
2022-01-14 11:54:43:016 - error: {"cmd":709,"aidx":93,"session":"88572998","collection_code":101019,"seq":6}
2022-01-14 11:54:43:016 - error: {"data":{},"cmd":710,"status":-1078}
2022-01-14 11:54:43:016 - error: -1078
2022-01-14 11:54:43:039 - error: null
2022-01-14 11:54:43:051 - error: null
2022-01-14 11:54:43:068 - error: null
2022-01-14 11:54:43:084 - error: null
2022-01-14 11:54:43:101 - error: null
2022-01-14 11:54:43:116 - error: null
2022-01-14 11:54:43:124 - error: {"cmd":709,"aidx":93,"session":"88572998","collection_code":101004,"seq":6}
2022-01-14 11:54:43:124 - error: {"data":{},"cmd":710,"status":-1078}
2022-01-14 11:54:43:124 - error: -1078
2022-01-14 11:54:43:155 - error: null
2022-01-14 11:54:43:165 - error: null
2022-01-14 11:54:43:185 - error: null
2022-01-14 11:54:43:199 - error: null
2022-01-14 11:54:43:215 - error: null
2022-01-14 11:54:43:243 - error: null
2022-01-14 11:54:43:249 - error: {"cmd":709,"aidx":93,"session":"88572998","collection_code":101014,"seq":6}
2022-01-14 11:54:43:249 - error: {"data":{},"cmd":710,"status":-1078}
2022-01-14 11:54:43:249 - error: -1078
2022-01-14 11:54:43:273 - error: null
2022-01-14 11:54:43:283 - error: null
2022-01-14 11:54:43:306 - error: null
2022-01-14 11:54:43:320 - error: null
2022-01-14 11:54:43:340 - error: null
2022-01-14 11:54:43:358 - error: null
2022-01-14 11:54:43:371 - error: {"cmd":709,"aidx":93,"session":"88572998","collection_code":101021,"seq":6}
2022-01-14 11:54:43:371 - error: {"data":{},"cmd":710,"status":-1078}
2022-01-14 11:54:43:371 - error: -1078
2022-01-14 11:54:43:409 - error: null
2022-01-14 11:54:43:421 - error: null
2022-01-14 11:54:43:447 - error: null
2022-01-14 11:54:43:476 - error: null
2022-01-14 11:54:43:512 - error: null
2022-01-14 11:54:43:536 - error: null
