2022-05-02 14:36:21:056 - info: main : redis-connect-database = 0 : 49.50.172.145:6379
2022-05-02 14:36:21:065 - info: sub : redis-connect-database = 1 : 49.50.172.145:6379
2022-05-02 14:36:21:066 - info: connect sub redis : ["server_message"]
2022-05-02 14:36:21:071 - info: msg : redis-connect-database = 2 : 49.50.172.145:6379
2022-05-02 14:36:21:077 - info: mysql freemeta_com com db init : 49.50.172.145:3306
2022-05-02 14:36:21:077 - info: mysql freemeta_log log db init : 49.50.172.145:3306
2022-05-02 14:36:21:077 - info: mysql freemeta_msg msg db init : 49.50.172.145:3306
2022-05-02 14:36:21:099 - info: mysql freemeta_01 shard db init : 10.36.69.58:3306
2022-05-02 14:36:21:140 - info: load achievement reference table success !!
2022-05-02 14:36:21:149 - info: load character reference table success !!
2022-05-02 14:36:21:177 - info: load collection reference table success !!
2022-05-02 14:36:21:188 - info: load daily attendance reference table success !!
2022-05-02 14:36:21:278 - info: load item reference table success !!
2022-05-02 14:36:21:296 - info: load open world reference table success !!
2022-05-02 14:36:21:311 - info: load payment reference table success !!
2022-05-02 14:36:21:333 - info: load play rank group reference table success !!
2022-05-02 14:36:21:341 - info: load play world reference table success !!
2022-05-02 14:36:21:349 - info: load ranking reward reference table success !!
2022-05-02 14:36:21:377 - info: load reward reference table success !!
2022-05-02 14:36:21:385 - info: load reward_fishing reference table success !!
2022-05-02 14:36:21:393 - info: load system shop reference table success !!
2022-05-02 14:36:22:034 - info: 서버가 시작되었습니다. [port:8080]
2022-05-02 14:36:22:035 - info: try to start [freemeta game server] : http://127.0.0.1:8080
2022-05-02 14:36:22:035 - info: packet status : packet status not recorded yet.
2022-05-02 14:41:21:107 - info: [game db pool] all : 2, wait : 0, acqu : 0, free : 2
2022-05-02 14:41:21:108 - info: [log db pool ] all : 1, wait : 0, acqu : 0, free : 1
2022-05-02 14:41:21:108 - info: [msg db pool ] all : 0, wait : 0, acqu : 0, free : 0
2022-05-02 14:41:21:108 - info: [shard db pool : [1] ] all : 1, wait : 0, acqu : 0, free : 1
2022-05-02 14:41:22:043 - info: packet status : {"103":{"cmd":103,"key":"login","call":1,"total":0,"max":0,"min":0,"average":0}}
2022-05-02 14:42:04:181 - info: load achievement reference table success !!
2022-05-02 14:42:04:200 - info: load character reference table success !!
2022-05-02 14:42:04:221 - info: load collection reference table success !!
2022-05-02 14:42:04:234 - info: load daily attendance reference table success !!
2022-05-02 14:42:04:312 - info: load item reference table success !!
2022-05-02 14:42:04:325 - info: load open world reference table success !!
2022-05-02 14:42:04:331 - info: load payment reference table success !!
2022-05-02 14:42:04:341 - info: load play rank group reference table success !!
2022-05-02 14:42:04:354 - info: load play world reference table success !!
2022-05-02 14:42:04:367 - info: load ranking reward reference table success !!
2022-05-02 14:42:04:393 - info: load reward reference table success !!
2022-05-02 14:42:04:399 - info: load reward_fishing reference table success !!
2022-05-02 14:42:04:406 - info: load system shop reference table success !!
2022-05-02 14:42:04:406 - info: ref table reload success
2022-05-02 14:46:21:072 - info: main: redis pong
2022-05-02 14:46:21:072 - info: msg: redis pong
2022-05-02 14:46:21:072 - info: sub: redis pong
2022-05-02 14:46:21:114 - info: [game db pool] all : 2, wait : 0, acqu : 0, free : 2
2022-05-02 14:46:21:114 - info: [log db pool ] all : 1, wait : 0, acqu : 0, free : 1
2022-05-02 14:46:21:114 - info: [msg db pool ] all : 0, wait : 0, acqu : 0, free : 0
2022-05-02 14:46:21:115 - info: [shard db pool : [1] ] all : 1, wait : 0, acqu : 0, free : 1
2022-05-02 14:46:22:044 - info: packet status : {"103":{"cmd":103,"key":"login","call":1,"total":0,"max":0,"min":0,"average":0}}
2022-05-02 14:47:50:534 - info: load achievement reference table success !!
2022-05-02 14:47:50:545 - info: load character reference table success !!
2022-05-02 14:47:50:574 - info: load collection reference table success !!
2022-05-02 14:47:50:582 - info: load daily attendance reference table success !!
2022-05-02 14:47:50:657 - info: load item reference table success !!
2022-05-02 14:47:50:674 - info: load open world reference table success !!
2022-05-02 14:47:50:680 - info: load payment reference table success !!
2022-05-02 14:47:50:688 - info: load play rank group reference table success !!
2022-05-02 14:47:50:694 - info: load play world reference table success !!
2022-05-02 14:47:50:700 - info: load ranking reward reference table success !!
2022-05-02 14:47:50:717 - info: load reward reference table success !!
2022-05-02 14:47:50:724 - info: load reward_fishing reference table success !!
2022-05-02 14:47:50:729 - info: load system shop reference table success !!
2022-05-02 14:47:50:729 - info: ref table reload success
2022-05-02 14:51:21:118 - info: [game db pool] all : 2, wait : 0, acqu : 0, free : 2
2022-05-02 14:51:21:118 - info: [log db pool ] all : 1, wait : 0, acqu : 0, free : 1
2022-05-02 14:51:21:118 - info: [msg db pool ] all : 0, wait : 0, acqu : 0, free : 0
2022-05-02 14:51:21:118 - info: [shard db pool : [1] ] all : 1, wait : 0, acqu : 0, free : 1
2022-05-02 14:51:22:050 - info: packet status : {"103":{"cmd":103,"key":"login","call":1,"total":0,"max":0,"min":0,"average":0}}
2022-05-02 14:53:37:274 - info: load achievement reference table success !!
2022-05-02 14:53:37:289 - info: load character reference table success !!
2022-05-02 14:53:37:319 - info: load collection reference table success !!
2022-05-02 14:53:37:338 - info: load daily attendance reference table success !!
2022-05-02 14:53:37:409 - info: load item reference table success !!
2022-05-02 14:53:37:417 - info: load open world reference table success !!
2022-05-02 14:53:37:425 - info: load payment reference table success !!
2022-05-02 14:53:37:431 - info: load play rank group reference table success !!
2022-05-02 14:53:37:437 - info: load play world reference table success !!
2022-05-02 14:53:37:443 - info: load ranking reward reference table success !!
2022-05-02 14:53:37:459 - info: load reward reference table success !!
2022-05-02 14:53:37:465 - info: load reward_fishing reference table success !!
2022-05-02 14:53:37:471 - info: load system shop reference table success !!
2022-05-02 14:53:37:471 - info: ref table reload success
2022-05-02 14:54:41:665 - info: load achievement reference table success !!
2022-05-02 14:54:41:679 - info: load character reference table success !!
2022-05-02 14:54:41:720 - info: load collection reference table success !!
2022-05-02 14:54:41:740 - info: load daily attendance reference table success !!
2022-05-02 14:54:41:825 - info: load item reference table success !!
2022-05-02 14:54:41:834 - info: load open world reference table success !!
2022-05-02 14:54:41:841 - info: load payment reference table success !!
2022-05-02 14:54:41:846 - info: load play rank group reference table success !!
2022-05-02 14:54:41:856 - info: load play world reference table success !!
2022-05-02 14:54:41:863 - info: load ranking reward reference table success !!
2022-05-02 14:54:41:883 - info: load reward reference table success !!
2022-05-02 14:54:41:890 - info: load reward_fishing reference table success !!
2022-05-02 14:54:41:904 - info: load system shop reference table success !!
2022-05-02 14:54:41:904 - info: ref table reload success
2022-05-02 14:56:21:078 - info: main: redis pong
2022-05-02 14:56:21:079 - info: sub: redis pong
2022-05-02 14:56:21:079 - info: msg: redis pong
2022-05-02 14:56:21:117 - info: [game db pool] all : 2, wait : 0, acqu : 0, free : 2
2022-05-02 14:56:21:117 - info: [log db pool ] all : 1, wait : 0, acqu : 0, free : 1
2022-05-02 14:56:21:118 - info: [msg db pool ] all : 0, wait : 0, acqu : 0, free : 0
2022-05-02 14:56:21:118 - info: [shard db pool : [1] ] all : 1, wait : 0, acqu : 0, free : 1
2022-05-02 14:56:22:055 - info: packet status : {"103":{"cmd":103,"key":"login","call":1,"total":0,"max":0,"min":0,"average":0}}
2022-05-02 14:58:32:934 - info: load achievement reference table success !!
2022-05-02 14:58:32:945 - info: load character reference table success !!
2022-05-02 14:58:32:981 - info: load collection reference table success !!
2022-05-02 14:58:32:999 - info: load daily attendance reference table success !!
2022-05-02 14:58:33:073 - info: load item reference table success !!
2022-05-02 14:58:33:087 - info: load open world reference table success !!
2022-05-02 14:58:33:093 - info: load payment reference table success !!
2022-05-02 14:58:33:099 - info: load play rank group reference table success !!
2022-05-02 14:58:33:105 - info: load play world reference table success !!
2022-05-02 14:58:33:111 - info: load ranking reward reference table success !!
2022-05-02 14:58:33:127 - info: load reward reference table success !!
2022-05-02 14:58:33:133 - info: load reward_fishing reference table success !!
2022-05-02 14:58:33:138 - info: load system shop reference table success !!
2022-05-02 14:58:33:139 - info: ref table reload success
2022-05-02 15:01:21:123 - info: [game db pool] all : 2, wait : 0, acqu : 0, free : 2
2022-05-02 15:01:21:123 - info: [log db pool ] all : 1, wait : 0, acqu : 0, free : 1
2022-05-02 15:01:21:123 - info: [msg db pool ] all : 0, wait : 0, acqu : 0, free : 0
2022-05-02 15:01:21:123 - info: [shard db pool : [1] ] all : 1, wait : 0, acqu : 0, free : 1
2022-05-02 15:01:22:058 - info: packet status : {"103":{"cmd":103,"key":"login","call":1,"total":0,"max":0,"min":0,"average":0}}
