2022-01-14 11:30:46:739 - info: main : redis-connect-database = 0 : 49.50.172.145:6379
2022-01-14 11:30:46:745 - info: sub : redis-connect-database = 1 : 49.50.172.145:6379
2022-01-14 11:30:46:746 - info: connect sub redis : ["server_message"]
2022-01-14 11:30:46:748 - info: msg : redis-connect-database = 2 : 49.50.172.145:6379
2022-01-14 11:30:46:751 - info: mysql freemeta_com com db init : 49.50.172.145:3306
2022-01-14 11:30:46:752 - info: mysql freemeta_log log db init : 49.50.172.145:3306
2022-01-14 11:30:46:752 - info: mysql freemeta_msg msg db init : 49.50.172.145:3306
2022-01-14 11:30:46:768 - info: mysql freemeta_01 shard db init : 10.36.69.58:3306
2022-01-14 11:30:46:790 - info: load achievement reference table success !!
2022-01-14 11:30:46:797 - info: load character reference table success !!
2022-01-14 11:30:46:818 - info: load collection reference table success !!
2022-01-14 11:30:46:826 - info: load daily attendance reference table success !!
2022-01-14 11:30:46:868 - info: load item reference table success !!
2022-01-14 11:30:46:879 - info: load open world reference table success !!
2022-01-14 11:30:46:885 - info: load payment reference table success !!
2022-01-14 11:30:46:892 - info: load play world reference table success !!
2022-01-14 11:30:46:899 - info: load ranking reward reference table success !!
2022-01-14 11:30:46:920 - info: load reward reference table success !!
2022-01-14 11:30:46:926 - info: load reward_fishing reference table success !!
2022-01-14 11:30:46:934 - info: load system shop reference table success !!
2022-01-14 11:30:47:267 - info: 서버가 시작되었습니다. [port:30051]
2022-01-14 11:30:47:267 - info: try to start [freemeta game test mode server] : http://127.0.0.1:30051
2022-01-14 11:30:47:267 - info: packet status : packet status not recorded yet.
2022-01-14 11:30:47:292 - error: {"cmd":103,"login_id":"1642127447_0_24748_23069115","uuid":"1642127447_0_24748_23069115","version":"0.16.1","os_type":1,"login_type":1}
2022-01-14 11:30:47:292 - error: {"data":{"server_info":{"version":"0.16.1","inspect":0,"account":1,"login":1,"notice_page":"","inspect_page":"https://dev.freeblox.net/coupon","help_page":" ","time":1642127447,"timezone_offset":-32400}},"cmd":104,"status":-1023}
2022-01-14 11:30:47:293 - error: -1023
2022-01-14 11:30:47:354 - error: null
2022-01-14 11:30:47:400 - error: null
2022-01-14 11:30:47:429 - error: null
2022-01-14 11:30:47:447 - error: null
2022-01-14 11:30:47:469 - error: null
2022-01-14 11:30:47:496 - error: null
2022-01-14 11:30:47:523 - error: null
2022-01-14 11:30:47:556 - error: null
2022-01-14 11:30:47:599 - error: null
2022-01-14 11:30:47:627 - error: {"cmd":317,"aidx":91,"session":"90594060","sell_item_list":[{"code":10101004,"count":1},{"code":11701063,"count":1},{"code":11701063,"count":1},{"code":11701063,"count":1}]}
2022-01-14 11:30:47:627 - error: {"data":{},"cmd":318,"status":-1061}
2022-01-14 11:30:47:627 - error: -1061
2022-01-14 11:30:47:674 - error: null
2022-01-14 11:30:47:702 - error: {"cmd":107,"aidx":91,"session":"90594060","avt_idx":24,"equip_list":[{"eidx":0,"code":0},{"eidx":0,"code":0},{"eidx":0,"code":0},{"eidx":0,"code":0},{"eidx":0,"code":0},{"eidx":0,"code":0},{"eidx":0,"code":0},{"eidx":0,"code":0},{"eidx":0,"code":0},{"eidx":0,"code":0},{"eidx":0,"code":0},{"eidx":0,"code":0},{"eidx":0,"code":0},{"eidx":0,"code":0},{"eidx":0,"code":0},{"eidx":0,"code":0},{"eidx":0,"code":0},{"eidx":0,"code":0},{"eidx":0,"code":0},{"eidx":0,"code":0},{"eidx":0,"code":0},{"eidx":0,"code":0},{"eidx":0,"code":0},{"eidx":0,"code":0},{"eidx":0,"code":0},{"eidx":0,"code":0},{"eidx":0,"code":0},{"eidx":0,"code":0},{"eidx":0,"code":0},{"eidx":0,"code":0}]}
2022-01-14 11:30:47:702 - error: {"data":{},"cmd":108,"status":-1035}
2022-01-14 11:30:47:702 - error: -1035
2022-01-14 11:30:47:744 - error: null
2022-01-14 11:30:47:766 - error: null
2022-01-14 11:30:47:807 - error: null
2022-01-14 11:30:47:854 - error: null
2022-01-14 11:30:47:885 - error: null
2022-01-14 11:30:47:895 - error: null
2022-01-14 11:30:47:921 - error: null
2022-01-14 11:30:47:935 - error: null
2022-01-14 11:30:47:951 - error: null
2022-01-14 11:30:47:964 - error: null
2022-01-14 11:30:47:979 - error: null
2022-01-14 11:30:47:993 - error: null
2022-01-14 11:30:48:007 - error: null
2022-01-14 11:30:48:021 - error: null
2022-01-14 11:30:48:036 - error: null
2022-01-14 11:30:48:051 - error: null
2022-01-14 11:30:48:065 - error: null
2022-01-14 11:30:48:079 - error: null
2022-01-14 11:30:48:093 - error: null
2022-01-14 11:30:48:107 - error: null
2022-01-14 11:30:48:121 - error: null
2022-01-14 11:30:48:135 - error: null
2022-01-14 11:30:48:149 - error: null
2022-01-14 11:30:48:163 - error: null
2022-01-14 11:30:48:179 - error: null
2022-01-14 11:30:48:194 - error: null
2022-01-14 11:30:48:208 - error: null
2022-01-14 11:30:48:222 - error: null
2022-01-14 11:30:48:236 - error: null
2022-01-14 11:30:48:251 - error: null
2022-01-14 11:30:48:261 - error: null
2022-01-14 11:30:48:276 - error: null
2022-01-14 11:30:48:290 - error: null
2022-01-14 11:30:48:304 - error: null
2022-01-14 11:30:48:317 - error: null
2022-01-14 11:30:48:322 - error: {"cmd":709,"aidx":91,"session":"90594060","collection_code":101011,"seq":6}
2022-01-14 11:30:48:322 - error: {"data":{},"cmd":710,"status":-1078}
2022-01-14 11:30:48:322 - error: -1078
2022-01-14 11:30:48:345 - error: null
2022-01-14 11:30:48:355 - error: null
2022-01-14 11:30:48:370 - error: null
2022-01-14 11:30:48:384 - error: null
2022-01-14 11:30:48:398 - error: null
2022-01-14 11:30:48:412 - error: null
2022-01-14 11:30:48:416 - error: {"cmd":709,"aidx":91,"session":"90594060","collection_code":101017,"seq":6}
2022-01-14 11:30:48:417 - error: {"data":{},"cmd":710,"status":-1078}
2022-01-14 11:30:48:417 - error: -1078
2022-01-14 11:30:48:436 - error: null
2022-01-14 11:30:48:446 - error: null
2022-01-14 11:30:48:462 - error: null
2022-01-14 11:30:48:475 - error: null
2022-01-14 11:30:48:490 - error: null
2022-01-14 11:30:48:503 - error: null
2022-01-14 11:30:48:508 - error: {"cmd":709,"aidx":91,"session":"90594060","collection_code":101015,"seq":6}
2022-01-14 11:30:48:508 - error: {"data":{},"cmd":710,"status":-1078}
2022-01-14 11:30:48:508 - error: -1078
2022-01-14 11:30:48:528 - error: null
2022-01-14 11:30:48:539 - error: null
2022-01-14 11:30:48:553 - error: null
2022-01-14 11:30:48:567 - error: null
2022-01-14 11:30:48:580 - error: null
2022-01-14 11:30:48:595 - error: null
2022-01-14 11:30:48:600 - error: {"cmd":709,"aidx":91,"session":"90594060","collection_code":101020,"seq":6}
2022-01-14 11:30:48:600 - error: {"data":{},"cmd":710,"status":-1078}
2022-01-14 11:30:48:600 - error: -1078
2022-01-14 11:30:48:621 - error: null
2022-01-14 11:30:48:631 - error: null
2022-01-14 11:30:48:646 - error: null
2022-01-14 11:30:48:660 - error: null
2022-01-14 11:30:48:675 - error: null
2022-01-14 11:30:48:690 - error: null
2022-01-14 11:30:48:697 - error: {"cmd":709,"aidx":91,"session":"90594060","collection_code":101022,"seq":6}
2022-01-14 11:30:48:697 - error: {"data":{},"cmd":710,"status":-1078}
2022-01-14 11:30:48:697 - error: -1078
2022-01-14 11:30:48:718 - error: null
2022-01-14 11:30:48:727 - error: null
2022-01-14 11:30:48:743 - error: null
2022-01-14 11:30:48:757 - error: null
2022-01-14 11:30:48:770 - error: null
2022-01-14 11:30:48:785 - error: null
2022-01-14 11:30:48:789 - error: {"cmd":709,"aidx":91,"session":"90594060","collection_code":101006,"seq":6}
2022-01-14 11:30:48:790 - error: {"data":{},"cmd":710,"status":-1078}
2022-01-14 11:30:48:790 - error: -1078
2022-01-14 11:30:48:810 - error: null
2022-01-14 11:30:48:819 - error: null
2022-01-14 11:30:48:833 - error: null
2022-01-14 11:30:48:848 - error: null
2022-01-14 11:30:48:863 - error: null
2022-01-14 11:30:48:877 - error: null
2022-01-14 11:30:48:882 - error: {"cmd":709,"aidx":91,"session":"90594060","collection_code":101024,"seq":6}
2022-01-14 11:30:48:882 - error: {"data":{},"cmd":710,"status":-1078}
2022-01-14 11:30:48:882 - error: -1078
2022-01-14 11:30:48:903 - error: null
2022-01-14 11:30:48:912 - error: null
2022-01-14 11:30:48:927 - error: null
2022-01-14 11:30:48:942 - error: null
2022-01-14 11:30:48:955 - error: null
2022-01-14 11:30:48:969 - error: null
2022-01-14 11:30:48:974 - error: {"cmd":709,"aidx":91,"session":"90594060","collection_code":101016,"seq":6}
2022-01-14 11:30:48:974 - error: {"data":{},"cmd":710,"status":-1078}
2022-01-14 11:30:48:974 - error: -1078
2022-01-14 11:30:48:994 - error: null
2022-01-14 11:30:49:003 - error: null
2022-01-14 11:30:49:018 - error: null
2022-01-14 11:30:49:032 - error: null
2022-01-14 11:30:49:045 - error: null
2022-01-14 11:30:49:060 - error: null
2022-01-14 11:30:49:064 - error: {"cmd":709,"aidx":91,"session":"90594060","collection_code":101013,"seq":6}
2022-01-14 11:30:49:064 - error: {"data":{},"cmd":710,"status":-1078}
2022-01-14 11:30:49:064 - error: -1078
2022-01-14 11:30:49:083 - error: null
2022-01-14 11:30:49:093 - error: null
2022-01-14 11:30:49:107 - error: null
2022-01-14 11:30:49:121 - error: null
2022-01-14 11:30:49:135 - error: null
2022-01-14 11:30:49:149 - error: null
2022-01-14 11:30:49:154 - error: {"cmd":709,"aidx":91,"session":"90594060","collection_code":101012,"seq":6}
2022-01-14 11:30:49:154 - error: {"data":{},"cmd":710,"status":-1078}
2022-01-14 11:30:49:154 - error: -1078
2022-01-14 11:30:49:174 - error: null
2022-01-14 11:30:49:184 - error: null
2022-01-14 11:30:49:197 - error: null
2022-01-14 11:30:49:211 - error: null
2022-01-14 11:30:49:224 - error: null
2022-01-14 11:30:49:238 - error: null
2022-01-14 11:30:49:243 - error: {"cmd":709,"aidx":91,"session":"90594060","collection_code":101018,"seq":6}
2022-01-14 11:30:49:243 - error: {"data":{},"cmd":710,"status":-1078}
2022-01-14 11:30:49:243 - error: -1078
2022-01-14 11:30:49:264 - error: null
2022-01-14 11:30:49:274 - error: null
2022-01-14 11:30:49:290 - error: null
2022-01-14 11:30:49:304 - error: null
2022-01-14 11:30:49:318 - error: null
2022-01-14 11:30:49:332 - error: null
2022-01-14 11:30:49:337 - error: {"cmd":709,"aidx":91,"session":"90594060","collection_code":101021,"seq":6}
2022-01-14 11:30:49:337 - error: {"data":{},"cmd":710,"status":-1078}
2022-01-14 11:30:49:337 - error: -1078
2022-01-14 11:30:49:357 - error: null
2022-01-14 11:30:49:367 - error: null
2022-01-14 11:30:49:382 - error: null
2022-01-14 11:30:49:396 - error: null
2022-01-14 11:30:49:410 - error: null
2022-01-14 11:30:49:423 - error: null
2022-01-14 11:30:49:428 - error: {"cmd":709,"aidx":91,"session":"90594060","collection_code":101023,"seq":6}
2022-01-14 11:30:49:428 - error: {"data":{},"cmd":710,"status":-1078}
2022-01-14 11:30:49:428 - error: -1078
2022-01-14 11:30:49:450 - error: null
2022-01-14 11:30:49:460 - error: null
2022-01-14 11:30:49:474 - error: null
2022-01-14 11:30:49:487 - error: null
2022-01-14 11:30:49:501 - error: null
2022-01-14 11:30:49:515 - error: null
2022-01-14 11:30:49:520 - error: {"cmd":709,"aidx":91,"session":"90594060","collection_code":101008,"seq":6}
2022-01-14 11:30:49:520 - error: {"data":{},"cmd":710,"status":-1078}
2022-01-14 11:30:49:520 - error: -1078
2022-01-14 11:30:49:540 - error: null
2022-01-14 11:30:49:549 - error: null
2022-01-14 11:30:49:563 - error: null
2022-01-14 11:30:49:577 - error: null
2022-01-14 11:30:49:591 - error: null
2022-01-14 11:30:49:606 - error: null
2022-01-14 11:30:49:611 - error: {"cmd":709,"aidx":91,"session":"90594060","collection_code":101009,"seq":6}
2022-01-14 11:30:49:611 - error: {"data":{},"cmd":710,"status":-1078}
2022-01-14 11:30:49:611 - error: -1078
2022-01-14 11:30:49:633 - error: null
2022-01-14 11:30:49:642 - error: null
2022-01-14 11:30:49:657 - error: null
2022-01-14 11:30:49:670 - error: null
2022-01-14 11:30:49:685 - error: null
2022-01-14 11:30:49:699 - error: null
2022-01-14 11:30:49:704 - error: {"cmd":709,"aidx":91,"session":"90594060","collection_code":101007,"seq":6}
2022-01-14 11:30:49:704 - error: {"data":{},"cmd":710,"status":-1078}
2022-01-14 11:30:49:706 - error: -1078
2022-01-14 11:30:49:729 - error: null
2022-01-14 11:30:49:739 - error: null
2022-01-14 11:30:49:753 - error: null
2022-01-14 11:30:49:768 - error: null
2022-01-14 11:30:49:783 - error: null
2022-01-14 11:30:49:797 - error: null
2022-01-14 11:30:49:802 - error: {"cmd":709,"aidx":91,"session":"90594060","collection_code":101001,"seq":6}
2022-01-14 11:30:49:802 - error: {"data":{},"cmd":710,"status":-1078}
2022-01-14 11:30:49:802 - error: -1078
2022-01-14 11:30:49:823 - error: null
2022-01-14 11:30:49:833 - error: null
2022-01-14 11:30:49:847 - error: null
2022-01-14 11:30:49:861 - error: null
2022-01-14 11:30:49:875 - error: null
2022-01-14 11:30:49:890 - error: null
2022-01-14 11:30:49:895 - error: {"cmd":709,"aidx":91,"session":"90594060","collection_code":101014,"seq":6}
2022-01-14 11:30:49:896 - error: {"data":{},"cmd":710,"status":-1078}
2022-01-14 11:30:49:896 - error: -1078
2022-01-14 11:30:49:916 - error: null
2022-01-14 11:30:49:926 - error: null
2022-01-14 11:30:49:940 - error: null
2022-01-14 11:30:49:954 - error: null
2022-01-14 11:30:49:968 - error: null
2022-01-14 11:30:49:983 - error: null
2022-01-14 11:30:49:988 - error: {"cmd":709,"aidx":91,"session":"90594060","collection_code":101002,"seq":6}
2022-01-14 11:30:49:988 - error: {"data":{},"cmd":710,"status":-1078}
2022-01-14 11:30:49:988 - error: -1078
2022-01-14 11:30:50:007 - error: null
2022-01-14 11:30:50:017 - error: null
2022-01-14 11:30:50:030 - error: null
2022-01-14 11:30:50:045 - error: null
2022-01-14 11:30:50:060 - error: null
2022-01-14 11:30:50:075 - error: null
2022-01-14 11:30:50:080 - error: {"cmd":709,"aidx":91,"session":"90594060","collection_code":101004,"seq":6}
2022-01-14 11:30:50:080 - error: {"data":{},"cmd":710,"status":-1078}
2022-01-14 11:30:50:080 - error: -1078
2022-01-14 11:30:50:099 - error: null
2022-01-14 11:30:50:109 - error: null
2022-01-14 11:30:50:125 - error: null
2022-01-14 11:30:50:140 - error: null
2022-01-14 11:30:50:154 - error: null
2022-01-14 11:30:50:168 - error: null
2022-01-14 11:30:50:173 - error: {"cmd":709,"aidx":91,"session":"90594060","collection_code":101019,"seq":6}
2022-01-14 11:30:50:173 - error: {"data":{},"cmd":710,"status":-1078}
2022-01-14 11:30:50:173 - error: -1078
2022-01-14 11:30:50:194 - error: null
2022-01-14 11:30:50:205 - error: null
2022-01-14 11:30:50:221 - error: null
2022-01-14 11:30:50:236 - error: null
2022-01-14 11:30:50:250 - error: null
2022-01-14 11:30:50:265 - error: null
2022-01-14 11:30:50:269 - error: {"cmd":709,"aidx":91,"session":"90594060","collection_code":101010,"seq":6}
2022-01-14 11:30:50:269 - error: {"data":{},"cmd":710,"status":-1078}
2022-01-14 11:30:50:270 - error: -1078
2022-01-14 11:30:50:290 - error: null
2022-01-14 11:30:50:301 - error: null
2022-01-14 11:30:50:317 - error: null
2022-01-14 11:30:50:334 - error: null
2022-01-14 11:30:50:350 - error: null
2022-01-14 11:30:50:365 - error: null
2022-01-14 11:30:50:370 - error: {"cmd":709,"aidx":91,"session":"90594060","collection_code":101003,"seq":6}
2022-01-14 11:30:50:370 - error: {"data":{},"cmd":710,"status":-1078}
2022-01-14 11:30:50:370 - error: -1078
2022-01-14 11:30:50:390 - error: null
2022-01-14 11:30:50:400 - error: null
2022-01-14 11:30:50:414 - error: null
2022-01-14 11:30:50:428 - error: null
2022-01-14 11:30:50:442 - error: null
2022-01-14 11:30:50:456 - error: null
2022-01-14 11:30:50:462 - error: {"cmd":709,"aidx":91,"session":"90594060","collection_code":101005,"seq":6}
2022-01-14 11:30:50:462 - error: {"data":{},"cmd":710,"status":-1078}
2022-01-14 11:30:50:462 - error: -1078
2022-01-14 11:30:50:482 - error: null
2022-01-14 11:30:50:491 - error: null
2022-01-14 11:30:50:515 - error: null
2022-01-14 11:30:50:543 - error: null
2022-01-14 11:30:50:575 - error: null
2022-01-14 11:30:50:605 - error: null
