2022-01-19 16:12:47:021 - info: main : redis-connect-database = 0 : 49.50.172.145:6379
2022-01-19 16:12:47:031 - info: msg : redis-connect-database = 2 : 49.50.172.145:6379
2022-01-19 16:12:47:035 - info: mysql freemeta_com com db init : 49.50.172.145:3306
2022-01-19 16:12:47:035 - info: mysql freemeta_log log db init : 49.50.172.145:3306
2022-01-19 16:12:47:035 - info: mysql freemeta_msg msg db init : 49.50.172.145:3306
2022-01-19 16:12:47:052 - info: mysql freemeta_01 shard db init : 10.36.69.58:3306
2022-01-19 16:12:47:074 - info: load achievement reference table success !!
2022-01-19 16:12:47:082 - info: load character reference table success !!
2022-01-19 16:12:47:106 - info: load collection reference table success !!
2022-01-19 16:12:47:114 - info: load daily attendance reference table success !!
2022-01-19 16:12:47:170 - info: load item reference table success !!
2022-01-19 16:12:47:182 - info: load open world reference table success !!
2022-01-19 16:12:47:189 - info: load payment reference table success !!
2022-01-19 16:12:47:196 - info: load play world reference table success !!
2022-01-19 16:12:47:205 - info: load ranking reward reference table success !!
2022-01-19 16:12:47:231 - info: load reward reference table success !!
2022-01-19 16:12:47:238 - info: load reward_fishing reference table success !!
2022-01-19 16:12:47:245 - info: load system shop reference table success !!
2022-01-19 16:12:47:599 - info: 서버가 시작되었습니다. [port:30051]
2022-01-19 16:12:47:599 - info: try to start [freemeta game server] : http://127.0.0.1:30051
2022-01-19 16:12:47:600 - info: packet status : packet status not recorded yet.
2022-01-19 16:12:47:028 - info: sub : redis-connect-database = 1 : 49.50.172.145:6379
2022-01-19 16:12:47:028 - info: connect sub redis : ["server_message"]
2022-01-19 16:14:32:716 - info: load achievement reference table success !!
2022-01-19 16:14:32:735 - info: load character reference table success !!
2022-01-19 16:14:32:768 - info: load collection reference table success !!
2022-01-19 16:14:32:781 - info: load daily attendance reference table success !!
2022-01-19 16:14:32:837 - info: load item reference table success !!
2022-01-19 16:14:32:861 - info: load open world reference table success !!
2022-01-19 16:14:32:882 - info: load payment reference table success !!
2022-01-19 16:14:32:890 - info: load play world reference table success !!
2022-01-19 16:14:32:897 - info: load ranking reward reference table success !!
2022-01-19 16:14:32:922 - info: load reward reference table success !!
2022-01-19 16:14:32:928 - info: load reward_fishing reference table success !!
2022-01-19 16:14:32:934 - info: load system shop reference table success !!
2022-01-19 16:14:32:934 - info: ref table reload success
2022-01-19 16:14:39:541 - error: {"aidx":5,"session":"87788548","pidx":3,"local_id":1,"equip_list":[10201001,0,0,12003070,15101003,0,0,0,0,0,0,0,0,0,0,0,0,0,0,0,0,0,0,0,0,0,0,0,0,0],"cmd":505}
2022-01-19 16:14:39:542 - error: {"data":{},"cmd":506,"status":-1045}
2022-01-19 16:14:39:542 - error: -1045
2022-01-19 16:14:57:321 - error: {"aidx":5,"session":"87788548","pidx":1,"cmd":507}
2022-01-19 16:14:57:321 - error: {"data":{},"cmd":508,"status":-1045}
2022-01-19 16:14:57:321 - error: -1045
2022-01-19 16:17:47:055 - info: [game db pool] all : 2, wait : 0, acqu : 0, free : 2
2022-01-19 16:17:47:055 - info: [log db pool ] all : 1, wait : 0, acqu : 0, free : 1
2022-01-19 16:17:47:055 - info: [msg db pool ] all : 1, wait : 0, acqu : 0, free : 1
2022-01-19 16:17:47:055 - info: [shard db pool : [1] ] all : 1, wait : 0, acqu : 0, free : 1
2022-01-19 16:17:47:610 - info: packet status : {"103":{"cmd":103,"key":"login","call":1,"total":0,"max":0,"min":0,"average":0},"501":{"cmd":501,"key":"avatar_preset_list","call":1,"total":0,"max":0,"min":0,"average":0},"505":{"cmd":505,"key":"avatar_preset_update","call":2,"total":0,"max":0,"min":0,"average":0},"507":{"cmd":507,"key":"avatar_preset_delete","call":2,"total":0,"max":0,"min":0,"average":0}}
