2022-01-11 11:56:36:901 - info: main : redis-connect-database = 0 : 49.50.172.145:6379
2022-01-11 11:56:36:962 - info: connect sub redis : ["server_message"]
2022-01-11 11:56:36:962 - info: sub : redis-connect-database = 1 : 49.50.172.145:6379
2022-01-11 11:56:37:013 - info: msg : redis-connect-database = 2 : 49.50.172.145:6379
2022-01-11 11:56:37:017 - info: mysql freemeta_com com db init : 49.50.172.145:3306
2022-01-11 11:56:37:017 - info: mysql freemeta_log log db init : 49.50.172.145:3306
2022-01-11 11:56:37:017 - info: mysql freemeta_msg msg db init : 49.50.172.145:3306
2022-01-11 11:56:37:102 - info: mysql freemeta_01 shard db init : 10.36.69.58:3306
2022-01-11 11:56:37:285 - info: load achievement reference table success !!
2022-01-11 11:56:37:335 - info: load character reference table success !!
2022-01-11 11:56:37:445 - info: load collection reference table success !!
2022-01-11 11:56:37:505 - info: load daily attendance reference table success !!
2022-01-11 11:56:37:618 - info: load item reference table success !!
2022-01-11 11:56:37:665 - info: load open world reference table success !!
2022-01-11 11:56:37:702 - info: load payment reference table success !!
2022-01-11 11:56:37:740 - info: load play world reference table success !!
2022-01-11 11:56:37:789 - info: load ranking reward reference table success !!
2022-01-11 11:56:37:988 - info: load reward reference table success !!
2022-01-11 11:56:38:104 - info: load reward_fishing reference table success !!
2022-01-11 11:56:38:203 - info: load system shop reference table success !!
2022-01-11 11:56:38:766 - info: 서버가 시작되었습니다. [port:30051]
2022-01-11 11:56:38:766 - info: try to start [freemeta game server] : http://127.0.0.1:30051
2022-01-11 11:56:38:766 - info: packet status : packet status not recorded yet.
2022-01-11 12:01:37:113 - info: [game db pool] all : 2, wait : 0, acqu : 0, free : 2
2022-01-11 12:01:37:114 - info: [log db pool ] all : 1, wait : 0, acqu : 0, free : 1
2022-01-11 12:01:37:114 - info: [msg db pool ] all : 1, wait : 0, acqu : 0, free : 1
2022-01-11 12:01:37:114 - info: [shard db pool : [1] ] all : 1, wait : 0, acqu : 0, free : 1
2022-01-11 12:01:38:772 - info: packet status : {"103":{"cmd":103,"key":"login","call":1,"total":0,"max":0,"min":0,"average":0},"327":{"cmd":327,"key":"payment_reward","call":1,"total":0,"max":0,"min":0,"average":0}}
2022-01-11 12:06:36:902 - info: main: redis pong
2022-01-11 12:06:36:962 - info: sub: redis pong
2022-01-11 12:06:37:008 - info: msg: redis pong
2022-01-11 12:06:37:111 - info: [game db pool] all : 2, wait : 0, acqu : 0, free : 2
2022-01-11 12:06:37:111 - info: [log db pool ] all : 1, wait : 0, acqu : 0, free : 1
2022-01-11 12:06:37:111 - info: [msg db pool ] all : 1, wait : 0, acqu : 0, free : 1
2022-01-11 12:06:37:111 - info: [shard db pool : [1] ] all : 1, wait : 0, acqu : 0, free : 1
2022-01-11 12:06:38:771 - info: packet status : {"103":{"cmd":103,"key":"login","call":1,"total":0,"max":0,"min":0,"average":0},"327":{"cmd":327,"key":"payment_reward","call":1,"total":0,"max":0,"min":0,"average":0}}
2022-01-11 12:11:37:116 - info: [game db pool] all : 2, wait : 0, acqu : 0, free : 2
2022-01-11 12:11:37:116 - info: [log db pool ] all : 1, wait : 0, acqu : 0, free : 1
2022-01-11 12:11:37:116 - info: [msg db pool ] all : 1, wait : 0, acqu : 0, free : 1
2022-01-11 12:11:37:116 - info: [shard db pool : [1] ] all : 1, wait : 0, acqu : 0, free : 1
2022-01-11 12:11:38:778 - info: packet status : {"103":{"cmd":103,"key":"login","call":1,"total":0,"max":0,"min":0,"average":0},"327":{"cmd":327,"key":"payment_reward","call":1,"total":0,"max":0,"min":0,"average":0}}
2022-01-11 12:16:36:903 - info: main: redis pong
2022-01-11 12:16:36:964 - info: sub: redis pong
2022-01-11 12:16:37:009 - info: msg: redis pong
2022-01-11 12:16:37:126 - info: [game db pool] all : 2, wait : 0, acqu : 0, free : 2
2022-01-11 12:16:37:126 - info: [log db pool ] all : 1, wait : 0, acqu : 0, free : 1
2022-01-11 12:16:37:126 - info: [msg db pool ] all : 1, wait : 0, acqu : 0, free : 1
2022-01-11 12:16:37:126 - info: [shard db pool : [1] ] all : 1, wait : 0, acqu : 0, free : 1
2022-01-11 12:16:38:789 - info: packet status : {"103":{"cmd":103,"key":"login","call":1,"total":0,"max":0,"min":0,"average":0},"327":{"cmd":327,"key":"payment_reward","call":1,"total":0,"max":0,"min":0,"average":0}}
2022-01-11 12:21:37:127 - info: [game db pool] all : 2, wait : 0, acqu : 0, free : 2
2022-01-11 12:21:37:127 - info: [log db pool ] all : 1, wait : 0, acqu : 0, free : 1
2022-01-11 12:21:37:127 - info: [msg db pool ] all : 1, wait : 0, acqu : 0, free : 1
2022-01-11 12:21:37:127 - info: [shard db pool : [1] ] all : 1, wait : 0, acqu : 0, free : 1
2022-01-11 12:21:38:786 - info: packet status : {"103":{"cmd":103,"key":"login","call":1,"total":0,"max":0,"min":0,"average":0},"327":{"cmd":327,"key":"payment_reward","call":1,"total":0,"max":0,"min":0,"average":0}}
2022-01-11 12:26:36:907 - info: main: redis pong
2022-01-11 12:26:36:967 - info: sub: redis pong
2022-01-11 12:26:37:013 - info: msg: redis pong
2022-01-11 12:26:37:131 - info: [game db pool] all : 2, wait : 0, acqu : 0, free : 2
2022-01-11 12:26:37:131 - info: [log db pool ] all : 1, wait : 0, acqu : 0, free : 1
2022-01-11 12:26:37:131 - info: [msg db pool ] all : 1, wait : 0, acqu : 0, free : 1
2022-01-11 12:26:37:131 - info: [shard db pool : [1] ] all : 1, wait : 0, acqu : 0, free : 1
2022-01-11 12:26:38:792 - info: packet status : {"103":{"cmd":103,"key":"login","call":1,"total":0,"max":0,"min":0,"average":0},"327":{"cmd":327,"key":"payment_reward","call":1,"total":0,"max":0,"min":0,"average":0}}
2022-01-11 12:31:37:139 - info: [game db pool] all : 2, wait : 0, acqu : 0, free : 2
2022-01-11 12:31:37:139 - info: [log db pool ] all : 1, wait : 0, acqu : 0, free : 1
2022-01-11 12:31:37:139 - info: [msg db pool ] all : 1, wait : 0, acqu : 0, free : 1
2022-01-11 12:31:37:139 - info: [shard db pool : [1] ] all : 1, wait : 0, acqu : 0, free : 1
2022-01-11 12:31:38:802 - info: packet status : {"103":{"cmd":103,"key":"login","call":1,"total":0,"max":0,"min":0,"average":0},"327":{"cmd":327,"key":"payment_reward","call":1,"total":0,"max":0,"min":0,"average":0}}
2022-01-11 12:36:36:914 - info: main: redis pong
2022-01-11 12:36:36:973 - info: sub: redis pong
2022-01-11 12:36:37:019 - info: msg: redis pong
2022-01-11 12:36:37:136 - info: [game db pool] all : 2, wait : 0, acqu : 0, free : 2
2022-01-11 12:36:37:136 - info: [log db pool ] all : 1, wait : 0, acqu : 0, free : 1
2022-01-11 12:36:37:136 - info: [msg db pool ] all : 1, wait : 0, acqu : 0, free : 1
2022-01-11 12:36:37:136 - info: [shard db pool : [1] ] all : 1, wait : 0, acqu : 0, free : 1
2022-01-11 12:36:38:801 - info: packet status : {"103":{"cmd":103,"key":"login","call":1,"total":0,"max":0,"min":0,"average":0},"327":{"cmd":327,"key":"payment_reward","call":1,"total":0,"max":0,"min":0,"average":0}}
2022-01-11 12:41:37:131 - info: [game db pool] all : 2, wait : 0, acqu : 0, free : 2
2022-01-11 12:41:37:131 - info: [log db pool ] all : 1, wait : 0, acqu : 0, free : 1
2022-01-11 12:41:37:131 - info: [msg db pool ] all : 1, wait : 0, acqu : 0, free : 1
2022-01-11 12:41:37:132 - info: [shard db pool : [1] ] all : 1, wait : 0, acqu : 0, free : 1
2022-01-11 12:41:38:796 - info: packet status : {"103":{"cmd":103,"key":"login","call":1,"total":0,"max":0,"min":0,"average":0},"327":{"cmd":327,"key":"payment_reward","call":1,"total":0,"max":0,"min":0,"average":0}}
2022-01-11 12:46:36:916 - info: main: redis pong
2022-01-11 12:46:36:975 - info: sub: redis pong
2022-01-11 12:46:37:022 - info: msg: redis pong
2022-01-11 12:46:37:141 - info: [game db pool] all : 2, wait : 0, acqu : 0, free : 2
2022-01-11 12:46:37:141 - info: [log db pool ] all : 1, wait : 0, acqu : 0, free : 1
2022-01-11 12:46:37:141 - info: [msg db pool ] all : 1, wait : 0, acqu : 0, free : 1
2022-01-11 12:46:37:141 - info: [shard db pool : [1] ] all : 1, wait : 0, acqu : 0, free : 1
2022-01-11 12:46:38:805 - info: packet status : {"103":{"cmd":103,"key":"login","call":1,"total":0,"max":0,"min":0,"average":0},"327":{"cmd":327,"key":"payment_reward","call":1,"total":0,"max":0,"min":0,"average":0}}
2022-01-11 12:51:37:152 - info: [game db pool] all : 2, wait : 0, acqu : 0, free : 2
2022-01-11 12:51:37:152 - info: [log db pool ] all : 1, wait : 0, acqu : 0, free : 1
2022-01-11 12:51:37:152 - info: [msg db pool ] all : 1, wait : 0, acqu : 0, free : 1
2022-01-11 12:51:37:152 - info: [shard db pool : [1] ] all : 1, wait : 0, acqu : 0, free : 1
2022-01-11 12:51:38:812 - info: packet status : {"103":{"cmd":103,"key":"login","call":1,"total":0,"max":0,"min":0,"average":0},"327":{"cmd":327,"key":"payment_reward","call":1,"total":0,"max":0,"min":0,"average":0}}
2022-01-11 12:56:36:917 - info: main: redis pong
2022-01-11 12:56:36:978 - info: sub: redis pong
2022-01-11 12:56:37:023 - info: msg: redis pong
2022-01-11 12:56:37:156 - info: [game db pool] all : 2, wait : 0, acqu : 0, free : 2
2022-01-11 12:56:37:156 - info: [log db pool ] all : 1, wait : 0, acqu : 0, free : 1
2022-01-11 12:56:37:156 - info: [msg db pool ] all : 1, wait : 0, acqu : 0, free : 1
2022-01-11 12:56:37:156 - info: [shard db pool : [1] ] all : 1, wait : 0, acqu : 0, free : 1
2022-01-11 12:56:38:821 - info: packet status : {"103":{"cmd":103,"key":"login","call":1,"total":0,"max":0,"min":0,"average":0},"327":{"cmd":327,"key":"payment_reward","call":1,"total":0,"max":0,"min":0,"average":0}}
2022-01-11 13:01:37:157 - info: [game db pool] all : 2, wait : 0, acqu : 0, free : 2
2022-01-11 13:01:37:157 - info: [log db pool ] all : 1, wait : 0, acqu : 0, free : 1
2022-01-11 13:01:37:157 - info: [msg db pool ] all : 1, wait : 0, acqu : 0, free : 1
2022-01-11 13:01:37:157 - info: [shard db pool : [1] ] all : 1, wait : 0, acqu : 0, free : 1
2022-01-11 13:01:38:832 - info: packet status : {"103":{"cmd":103,"key":"login","call":1,"total":0,"max":0,"min":0,"average":0},"327":{"cmd":327,"key":"payment_reward","call":1,"total":0,"max":0,"min":0,"average":0}}
2022-01-11 13:06:36:929 - info: main: redis pong
2022-01-11 13:06:36:989 - info: sub: redis pong
2022-01-11 13:06:37:035 - info: msg: redis pong
2022-01-11 13:06:37:168 - info: [game db pool] all : 2, wait : 0, acqu : 0, free : 2
2022-01-11 13:06:37:168 - info: [log db pool ] all : 1, wait : 0, acqu : 0, free : 1
2022-01-11 13:06:37:168 - info: [msg db pool ] all : 1, wait : 0, acqu : 0, free : 1
2022-01-11 13:06:37:168 - info: [shard db pool : [1] ] all : 1, wait : 0, acqu : 0, free : 1
2022-01-11 13:06:38:838 - info: packet status : {"103":{"cmd":103,"key":"login","call":1,"total":0,"max":0,"min":0,"average":0},"327":{"cmd":327,"key":"payment_reward","call":1,"total":0,"max":0,"min":0,"average":0}}
2022-01-11 13:11:37:167 - info: [game db pool] all : 2, wait : 0, acqu : 0, free : 2
2022-01-11 13:11:37:167 - info: [log db pool ] all : 1, wait : 0, acqu : 0, free : 1
2022-01-11 13:11:37:167 - info: [msg db pool ] all : 1, wait : 0, acqu : 0, free : 1
2022-01-11 13:11:37:167 - info: [shard db pool : [1] ] all : 1, wait : 0, acqu : 0, free : 1
2022-01-11 13:11:38:841 - info: packet status : {"103":{"cmd":103,"key":"login","call":1,"total":0,"max":0,"min":0,"average":0},"327":{"cmd":327,"key":"payment_reward","call":1,"total":0,"max":0,"min":0,"average":0}}
2022-01-11 13:16:36:930 - info: main: redis pong
2022-01-11 13:16:36:991 - info: sub: redis pong
2022-01-11 13:16:37:036 - info: msg: redis pong
2022-01-11 13:16:37:169 - info: [game db pool] all : 2, wait : 0, acqu : 0, free : 2
2022-01-11 13:16:37:169 - info: [log db pool ] all : 1, wait : 0, acqu : 0, free : 1
2022-01-11 13:16:37:169 - info: [msg db pool ] all : 1, wait : 0, acqu : 0, free : 1
2022-01-11 13:16:37:169 - info: [shard db pool : [1] ] all : 1, wait : 0, acqu : 0, free : 1
2022-01-11 13:16:38:843 - info: packet status : {"103":{"cmd":103,"key":"login","call":1,"total":0,"max":0,"min":0,"average":0},"327":{"cmd":327,"key":"payment_reward","call":1,"total":0,"max":0,"min":0,"average":0}}
2022-01-11 13:21:37:169 - info: [game db pool] all : 2, wait : 0, acqu : 0, free : 2
2022-01-11 13:21:37:169 - info: [log db pool ] all : 1, wait : 0, acqu : 0, free : 1
2022-01-11 13:21:37:169 - info: [msg db pool ] all : 1, wait : 0, acqu : 0, free : 1
2022-01-11 13:21:37:169 - info: [shard db pool : [1] ] all : 1, wait : 0, acqu : 0, free : 1
2022-01-11 13:21:38:847 - info: packet status : {"103":{"cmd":103,"key":"login","call":1,"total":0,"max":0,"min":0,"average":0},"327":{"cmd":327,"key":"payment_reward","call":1,"total":0,"max":0,"min":0,"average":0}}
2022-01-11 13:26:36:926 - info: main: redis pong
2022-01-11 13:26:36:984 - info: sub: redis pong
2022-01-11 13:26:37:030 - info: msg: redis pong
2022-01-11 13:26:37:178 - info: [game db pool] all : 2, wait : 0, acqu : 0, free : 2
2022-01-11 13:26:37:178 - info: [log db pool ] all : 1, wait : 0, acqu : 0, free : 1
2022-01-11 13:26:37:178 - info: [msg db pool ] all : 1, wait : 0, acqu : 0, free : 1
2022-01-11 13:26:37:178 - info: [shard db pool : [1] ] all : 1, wait : 0, acqu : 0, free : 1
2022-01-11 13:26:38:852 - info: packet status : {"103":{"cmd":103,"key":"login","call":1,"total":0,"max":0,"min":0,"average":0},"327":{"cmd":327,"key":"payment_reward","call":1,"total":0,"max":0,"min":0,"average":0}}
2022-01-11 13:31:37:177 - info: [game db pool] all : 2, wait : 0, acqu : 0, free : 2
2022-01-11 13:31:37:177 - info: [log db pool ] all : 1, wait : 0, acqu : 0, free : 1
2022-01-11 13:31:37:177 - info: [msg db pool ] all : 1, wait : 0, acqu : 0, free : 1
2022-01-11 13:31:37:178 - info: [shard db pool : [1] ] all : 1, wait : 0, acqu : 0, free : 1
2022-01-11 13:31:38:852 - info: packet status : {"103":{"cmd":103,"key":"login","call":1,"total":0,"max":0,"min":0,"average":0},"327":{"cmd":327,"key":"payment_reward","call":1,"total":0,"max":0,"min":0,"average":0}}
2022-01-11 13:36:36:926 - info: main: redis pong
2022-01-11 13:36:36:986 - info: sub: redis pong
2022-01-11 13:36:37:033 - info: msg: redis pong
2022-01-11 13:36:37:181 - info: [game db pool] all : 2, wait : 0, acqu : 0, free : 2
2022-01-11 13:36:37:181 - info: [log db pool ] all : 1, wait : 0, acqu : 0, free : 1
2022-01-11 13:36:37:181 - info: [msg db pool ] all : 1, wait : 0, acqu : 0, free : 1
2022-01-11 13:36:37:181 - info: [shard db pool : [1] ] all : 1, wait : 0, acqu : 0, free : 1
2022-01-11 13:36:38:856 - info: packet status : {"103":{"cmd":103,"key":"login","call":1,"total":0,"max":0,"min":0,"average":0},"327":{"cmd":327,"key":"payment_reward","call":1,"total":0,"max":0,"min":0,"average":0}}
2022-01-11 13:41:37:184 - info: [game db pool] all : 2, wait : 0, acqu : 0, free : 2
2022-01-11 13:41:37:184 - info: [log db pool ] all : 1, wait : 0, acqu : 0, free : 1
2022-01-11 13:41:37:184 - info: [msg db pool ] all : 1, wait : 0, acqu : 0, free : 1
2022-01-11 13:41:37:184 - info: [shard db pool : [1] ] all : 1, wait : 0, acqu : 0, free : 1
2022-01-11 13:41:38:858 - info: packet status : {"103":{"cmd":103,"key":"login","call":1,"total":0,"max":0,"min":0,"average":0},"327":{"cmd":327,"key":"payment_reward","call":1,"total":0,"max":0,"min":0,"average":0}}
2022-01-11 13:46:36:928 - info: main: redis pong
2022-01-11 13:46:36:988 - info: sub: redis pong
2022-01-11 13:46:37:034 - info: msg: redis pong
2022-01-11 13:46:37:182 - info: [game db pool] all : 2, wait : 0, acqu : 0, free : 2
2022-01-11 13:46:37:182 - info: [log db pool ] all : 1, wait : 0, acqu : 0, free : 1
2022-01-11 13:46:37:182 - info: [msg db pool ] all : 1, wait : 0, acqu : 0, free : 1
2022-01-11 13:46:37:182 - info: [shard db pool : [1] ] all : 1, wait : 0, acqu : 0, free : 1
2022-01-11 13:46:38:857 - info: packet status : {"103":{"cmd":103,"key":"login","call":1,"total":0,"max":0,"min":0,"average":0},"327":{"cmd":327,"key":"payment_reward","call":1,"total":0,"max":0,"min":0,"average":0}}
2022-01-11 13:48:51:917 - info: load achievement reference table success !!
2022-01-11 13:48:51:924 - info: load character reference table success !!
2022-01-11 13:48:51:944 - info: load collection reference table success !!
2022-01-11 13:48:51:949 - info: load daily attendance reference table success !!
2022-01-11 13:48:51:992 - info: load item reference table success !!
2022-01-11 13:48:52:001 - info: load open world reference table success !!
2022-01-11 13:48:52:007 - info: load payment reference table success !!
2022-01-11 13:48:52:013 - info: load play world reference table success !!
2022-01-11 13:48:52:018 - info: load ranking reward reference table success !!
2022-01-11 13:48:52:034 - info: load reward reference table success !!
2022-01-11 13:48:52:040 - info: load reward_fishing reference table success !!
2022-01-11 13:48:52:045 - info: load system shop reference table success !!
2022-01-11 13:48:52:045 - info: ref table reload success
2022-01-11 13:51:37:189 - info: [game db pool] all : 1, wait : 0, acqu : 0, free : 1
2022-01-11 13:51:37:189 - info: [log db pool ] all : 1, wait : 0, acqu : 0, free : 1
2022-01-11 13:51:37:189 - info: [msg db pool ] all : 1, wait : 0, acqu : 0, free : 1
2022-01-11 13:51:37:189 - info: [shard db pool : [1] ] all : 1, wait : 0, acqu : 0, free : 1
2022-01-11 13:51:38:862 - info: packet status : {"103":{"cmd":103,"key":"login","call":1,"total":0,"max":0,"min":0,"average":0},"327":{"cmd":327,"key":"payment_reward","call":1,"total":0,"max":0,"min":0,"average":0}}
2022-01-11 13:56:36:920 - info: main: redis pong
2022-01-11 13:56:36:980 - info: sub: redis pong
2022-01-11 13:56:37:026 - info: msg: redis pong
2022-01-11 13:56:37:189 - info: [game db pool] all : 1, wait : 0, acqu : 0, free : 1
2022-01-11 13:56:37:189 - info: [log db pool ] all : 1, wait : 0, acqu : 0, free : 1
2022-01-11 13:56:37:189 - info: [msg db pool ] all : 1, wait : 0, acqu : 0, free : 1
2022-01-11 13:56:37:189 - info: [shard db pool : [1] ] all : 1, wait : 0, acqu : 0, free : 1
2022-01-11 13:56:38:861 - info: packet status : {"103":{"cmd":103,"key":"login","call":1,"total":0,"max":0,"min":0,"average":0},"327":{"cmd":327,"key":"payment_reward","call":1,"total":0,"max":0,"min":0,"average":0}}
2022-01-11 14:01:37:194 - info: [game db pool] all : 1, wait : 0, acqu : 0, free : 1
2022-01-11 14:01:37:194 - info: [log db pool ] all : 1, wait : 0, acqu : 0, free : 1
2022-01-11 14:01:37:194 - info: [msg db pool ] all : 1, wait : 0, acqu : 0, free : 1
2022-01-11 14:01:37:194 - info: [shard db pool : [1] ] all : 1, wait : 0, acqu : 0, free : 1
2022-01-11 14:01:38:865 - info: packet status : {"103":{"cmd":103,"key":"login","call":1,"total":0,"max":0,"min":0,"average":0},"327":{"cmd":327,"key":"payment_reward","call":1,"total":0,"max":0,"min":0,"average":0}}
2022-01-11 14:06:36:923 - info: main: redis pong
2022-01-11 14:06:36:983 - info: sub: redis pong
2022-01-11 14:06:37:028 - info: msg: redis pong
2022-01-11 14:06:37:192 - info: [game db pool] all : 1, wait : 0, acqu : 0, free : 1
2022-01-11 14:06:37:192 - info: [log db pool ] all : 1, wait : 0, acqu : 0, free : 1
2022-01-11 14:06:37:192 - info: [msg db pool ] all : 1, wait : 0, acqu : 0, free : 1
2022-01-11 14:06:37:193 - info: [shard db pool : [1] ] all : 1, wait : 0, acqu : 0, free : 1
2022-01-11 14:06:38:863 - info: packet status : {"103":{"cmd":103,"key":"login","call":1,"total":0,"max":0,"min":0,"average":0},"327":{"cmd":327,"key":"payment_reward","call":1,"total":0,"max":0,"min":0,"average":0}}
2022-01-11 14:11:37:204 - info: [game db pool] all : 1, wait : 0, acqu : 0, free : 1
2022-01-11 14:11:37:204 - info: [log db pool ] all : 1, wait : 0, acqu : 0, free : 1
2022-01-11 14:11:37:204 - info: [msg db pool ] all : 1, wait : 0, acqu : 0, free : 1
2022-01-11 14:11:37:204 - info: [shard db pool : [1] ] all : 1, wait : 0, acqu : 0, free : 1
2022-01-11 14:11:38:876 - info: packet status : {"103":{"cmd":103,"key":"login","call":1,"total":0,"max":0,"min":0,"average":0},"327":{"cmd":327,"key":"payment_reward","call":1,"total":0,"max":0,"min":0,"average":0}}
2022-01-11 14:16:36:920 - info: main: redis pong
2022-01-11 14:16:36:980 - info: sub: redis pong
2022-01-11 14:16:37:026 - info: msg: redis pong
2022-01-11 14:16:37:204 - info: [game db pool] all : 1, wait : 0, acqu : 0, free : 1
2022-01-11 14:16:37:204 - info: [log db pool ] all : 1, wait : 0, acqu : 0, free : 1
2022-01-11 14:16:37:205 - info: [msg db pool ] all : 1, wait : 0, acqu : 0, free : 1
2022-01-11 14:16:37:205 - info: [shard db pool : [1] ] all : 1, wait : 0, acqu : 0, free : 1
2022-01-11 14:16:38:877 - info: packet status : {"103":{"cmd":103,"key":"login","call":1,"total":0,"max":0,"min":0,"average":0},"327":{"cmd":327,"key":"payment_reward","call":1,"total":0,"max":0,"min":0,"average":0}}
2022-01-11 14:21:37:199 - info: [game db pool] all : 1, wait : 0, acqu : 0, free : 1
2022-01-11 14:21:37:199 - info: [log db pool ] all : 1, wait : 0, acqu : 0, free : 1
2022-01-11 14:21:37:199 - info: [msg db pool ] all : 1, wait : 0, acqu : 0, free : 1
2022-01-11 14:21:37:199 - info: [shard db pool : [1] ] all : 1, wait : 0, acqu : 0, free : 1
2022-01-11 14:21:38:876 - info: packet status : {"103":{"cmd":103,"key":"login","call":1,"total":0,"max":0,"min":0,"average":0},"327":{"cmd":327,"key":"payment_reward","call":1,"total":0,"max":0,"min":0,"average":0}}
2022-01-11 14:26:36:908 - info: main: redis pong
2022-01-11 14:26:36:966 - info: sub: redis pong
2022-01-11 14:26:37:026 - info: msg: redis pong
2022-01-11 14:26:37:205 - info: [game db pool] all : 1, wait : 0, acqu : 0, free : 1
2022-01-11 14:26:37:205 - info: [log db pool ] all : 1, wait : 0, acqu : 0, free : 1
2022-01-11 14:26:37:205 - info: [msg db pool ] all : 1, wait : 0, acqu : 0, free : 1
2022-01-11 14:26:37:205 - info: [shard db pool : [1] ] all : 1, wait : 0, acqu : 0, free : 1
2022-01-11 14:26:38:873 - info: packet status : {"103":{"cmd":103,"key":"login","call":1,"total":0,"max":0,"min":0,"average":0},"327":{"cmd":327,"key":"payment_reward","call":1,"total":0,"max":0,"min":0,"average":0}}
2022-01-11 14:31:37:207 - info: [game db pool] all : 1, wait : 0, acqu : 0, free : 1
2022-01-11 14:31:37:207 - info: [log db pool ] all : 1, wait : 0, acqu : 0, free : 1
2022-01-11 14:31:37:207 - info: [msg db pool ] all : 1, wait : 0, acqu : 0, free : 1
2022-01-11 14:31:37:207 - info: [shard db pool : [1] ] all : 1, wait : 0, acqu : 0, free : 1
2022-01-11 14:31:38:877 - info: packet status : {"103":{"cmd":103,"key":"login","call":1,"total":0,"max":0,"min":0,"average":0},"327":{"cmd":327,"key":"payment_reward","call":1,"total":0,"max":0,"min":0,"average":0}}
2022-01-11 14:32:40:165 - info: load achievement reference table success !!
2022-01-11 14:32:40:182 - info: load character reference table success !!
2022-01-11 14:32:40:213 - info: load collection reference table success !!
2022-01-11 14:32:40:223 - info: load daily attendance reference table success !!
2022-01-11 14:32:40:265 - info: load item reference table success !!
2022-01-11 14:32:40:273 - info: load open world reference table success !!
2022-01-11 14:32:40:278 - info: load payment reference table success !!
2022-01-11 14:32:40:284 - info: load play world reference table success !!
2022-01-11 14:32:40:289 - info: load ranking reward reference table success !!
2022-01-11 14:32:40:302 - info: load reward reference table success !!
2022-01-11 14:32:40:320 - info: load reward_fishing reference table success !!
2022-01-11 14:32:40:330 - info: load system shop reference table success !!
2022-01-11 14:32:40:330 - info: ref table reload success
