2022-01-26 16:55:51:369 - info: main : redis-connect-database = 0 : 49.50.172.145:6379
2022-01-26 16:55:51:379 - info: msg : redis-connect-database = 2 : 49.50.172.145:6379
2022-01-26 16:55:51:384 - info: mysql freemeta_com com db init : 49.50.172.145:3306
2022-01-26 16:55:51:384 - info: mysql freemeta_log log db init : 49.50.172.145:3306
2022-01-26 16:55:51:384 - info: mysql freemeta_msg msg db init : 49.50.172.145:3306
2022-01-26 16:55:51:400 - info: mysql freemeta_01 shard db init : 10.36.69.58:3306
2022-01-26 16:55:51:423 - info: load achievement reference table success !!
2022-01-26 16:55:51:430 - info: load character reference table success !!
2022-01-26 16:55:51:454 - info: load collection reference table success !!
2022-01-26 16:55:51:462 - info: load daily attendance reference table success !!
2022-01-26 16:55:51:519 - info: load item reference table success !!
2022-01-26 16:55:51:529 - info: load open world reference table success !!
2022-01-26 16:55:51:536 - info: load payment reference table success !!
2022-01-26 16:55:51:544 - info: load play world reference table success !!
2022-01-26 16:55:51:551 - info: load ranking reward reference table success !!
2022-01-26 16:55:51:577 - info: load reward reference table success !!
2022-01-26 16:55:51:584 - info: load reward_fishing reference table success !!
2022-01-26 16:55:51:594 - info: load system shop reference table success !!
2022-01-26 16:55:52:067 - info: 서버가 시작되었습니다. [port:8080]
2022-01-26 16:55:52:067 - info: try to start [freemeta game server] : http://127.0.0.1:8080
2022-01-26 16:55:52:067 - info: packet status : packet status not recorded yet.
2022-01-26 16:55:51:376 - info: connect sub redis : ["server_message"]
2022-01-26 16:55:51:376 - info: sub : redis-connect-database = 1 : 49.50.172.145:6379
2022-01-26 16:56:01:347 - info: load achievement reference table success !!
2022-01-26 16:56:01:364 - info: load character reference table success !!
2022-01-26 16:56:01:386 - info: load collection reference table success !!
2022-01-26 16:56:01:397 - info: load daily attendance reference table success !!
2022-01-26 16:56:01:460 - info: load item reference table success !!
2022-01-26 16:56:01:480 - info: load open world reference table success !!
2022-01-26 16:56:01:486 - info: load payment reference table success !!
2022-01-26 16:56:01:492 - info: load play world reference table success !!
2022-01-26 16:56:01:498 - info: load ranking reward reference table success !!
2022-01-26 16:56:01:522 - info: load reward reference table success !!
2022-01-26 16:56:01:538 - info: load reward_fishing reference table success !!
2022-01-26 16:56:01:546 - info: load system shop reference table success !!
2022-01-26 16:56:01:546 - info: ref table reload success
2022-01-26 17:00:51:408 - info: [game db pool] all : 2, wait : 0, acqu : 0, free : 2
2022-01-26 17:00:51:408 - info: [log db pool ] all : 1, wait : 0, acqu : 0, free : 1
2022-01-26 17:00:51:408 - info: [msg db pool ] all : 1, wait : 0, acqu : 0, free : 1
2022-01-26 17:00:51:408 - info: [shard db pool : [1] ] all : 1, wait : 0, acqu : 0, free : 1
2022-01-26 17:00:52:067 - info: packet status : {"103":{"cmd":103,"key":"login","call":1,"total":0,"max":0,"min":0,"average":0}}
