2022-03-22 17:06:28:811 - info: main : redis-connect-database = 0 : 49.50.172.145:6379
2022-03-22 17:06:28:817 - info: sub : redis-connect-database = 1 : 49.50.172.145:6379
2022-03-22 17:06:28:818 - info: connect sub redis : ["server_message"]
2022-03-22 17:06:28:822 - info: msg : redis-connect-database = 2 : 49.50.172.145:6379
2022-03-22 17:06:28:826 - info: mysql freemeta_com com db init : 49.50.172.145:3306
2022-03-22 17:06:28:826 - info: mysql freemeta_log log db init : 49.50.172.145:3306
2022-03-22 17:06:28:826 - info: mysql freemeta_msg msg db init : 49.50.172.145:3306
2022-03-22 17:06:28:842 - info: mysql freemeta_01 shard db init : 10.36.69.58:3306
2022-03-22 17:06:28:866 - info: load achievement reference table success !!
2022-03-22 17:06:28:873 - info: load character reference table success !!
2022-03-22 17:06:28:910 - info: load collection reference table success !!
2022-03-22 17:06:28:918 - info: load daily attendance reference table success !!
2022-03-22 17:06:28:981 - info: load item reference table success !!
2022-03-22 17:06:28:992 - info: load open world reference table success !!
2022-03-22 17:06:29:000 - info: load payment reference table success !!
2022-03-22 17:06:29:017 - info: load play rank group reference table success !!
2022-03-22 17:06:29:024 - info: load play world reference table success !!
2022-03-22 17:06:29:031 - info: load ranking reward reference table success !!
2022-03-22 17:06:29:056 - info: load reward reference table success !!
2022-03-22 17:06:29:064 - info: load reward_fishing reference table success !!
2022-03-22 17:06:29:071 - info: load system shop reference table success !!
2022-03-22 17:06:29:532 - info: 서버가 시작되었습니다. [port:8080]
2022-03-22 17:06:29:532 - info: try to start [freemeta game server] : http://175.123.90.25:8080
2022-03-22 17:06:29:532 - info: packet status : packet status not recorded yet.
2022-03-22 17:07:37:886 - error: {"aidx":108,"session":"72693560","world_idx":5,"cmd":435}
2022-03-22 17:07:37:886 - error: {"data":{},"cmd":436,"status":-1112}
2022-03-22 17:07:37:886 - error: -1112
2022-03-22 17:08:27:786 - error: {"aidx":108,"session":"72693560","world_idx":5,"cmd":435}
2022-03-22 17:08:27:786 - error: {"data":{},"cmd":436,"status":-1048}
2022-03-22 17:08:27:786 - error: -1048
2022-03-22 17:08:59:391 - error: {"aidx":108,"session":"72693560","widx":108,"play_world_code":1000301,"min_user":3,"max_user":3,"play_time":180,"title":"title gogo1","msg":"eedsf","cmd":455}
2022-03-22 17:08:59:391 - error: {"data":{},"cmd":456,"status":-1126}
2022-03-22 17:08:59:392 - error: -1126
2022-03-22 17:10:15:332 - error: {"aidx":108,"session":"72693560","world_idx":187,"cmd":435}
2022-03-22 17:10:15:332 - error: {"data":{},"cmd":436,"status":-1112}
2022-03-22 17:10:15:332 - error: -1112
2022-03-22 17:11:49:838 - error: {"aidx":108,"session":"72693560","world_idx":187,"cmd":435}
2022-03-22 17:11:49:838 - error: {"data":{},"cmd":436,"status":-1137}
2022-03-22 17:11:49:838 - error: -1137
2022-03-22 17:11:49:839 - info: [game db pool] all : 2, wait : 0, acqu : 0, free : 2
2022-03-22 17:11:49:839 - info: [log db pool ] all : 1, wait : 0, acqu : 0, free : 1
2022-03-22 17:11:49:839 - info: [msg db pool ] all : 0, wait : 0, acqu : 0, free : 0
2022-03-22 17:11:49:839 - info: [shard db pool : [1] ] all : 1, wait : 0, acqu : 0, free : 1
2022-03-22 17:11:49:840 - info: packet status : {"103":{"cmd":103,"key":"login","call":1,"total":0,"max":0,"min":0,"average":0},"435":{"cmd":435,"key":"play_world_reward","call":4,"total":93,"max":42,"min":0,"average":23.25},"455":{"cmd":455,"key":"world_switch_play","call":2,"total":0,"max":0,"min":0,"average":0}}
2022-03-22 17:13:09:545 - error: {"aidx":108,"session":"72693560","world_idx":187,"cmd":435}
2022-03-22 17:13:09:546 - error: {"data":{},"cmd":436,"status":-1113}
2022-03-22 17:13:09:547 - error: -1113
