2022-01-14 13:07:05:441 - info: main : redis-connect-database = 0 : 49.50.172.145:6379
2022-01-14 13:07:05:451 - info: msg : redis-connect-database = 2 : 49.50.172.145:6379
2022-01-14 13:07:05:455 - info: mysql freemeta_com com db init : 49.50.172.145:3306
2022-01-14 13:07:05:455 - info: mysql freemeta_log log db init : 49.50.172.145:3306
2022-01-14 13:07:05:455 - info: mysql freemeta_msg msg db init : 49.50.172.145:3306
2022-01-14 13:07:05:470 - info: mysql freemeta_01 shard db init : 10.36.69.58:3306
2022-01-14 13:07:05:492 - info: load achievement reference table success !!
2022-01-14 13:07:05:499 - info: load character reference table success !!
2022-01-14 13:07:05:525 - info: load collection reference table success !!
2022-01-14 13:07:05:532 - info: load daily attendance reference table success !!
2022-01-14 13:07:05:587 - info: load item reference table success !!
2022-01-14 13:07:05:597 - info: load open world reference table success !!
2022-01-14 13:07:05:604 - info: load payment reference table success !!
2022-01-14 13:07:05:611 - info: load play world reference table success !!
2022-01-14 13:07:05:618 - info: load ranking reward reference table success !!
2022-01-14 13:07:05:642 - info: load reward reference table success !!
2022-01-14 13:07:05:650 - info: load reward_fishing reference table success !!
2022-01-14 13:07:05:657 - info: load system shop reference table success !!
2022-01-14 13:07:06:096 - info: 서버가 시작되었습니다. [port:30051]
2022-01-14 13:07:06:096 - info: try to start [freemeta game test mode server] : http://127.0.0.1:30051
2022-01-14 13:07:06:097 - info: packet status : packet status not recorded yet.
2022-01-14 13:07:06:151 - error: {"cmd":103,"login_id":"1642133226_0_24304_762928478","uuid":"1642133226_0_24304_762928478","version":"0.16.1","os_type":1,"login_type":1}
2022-01-14 13:07:06:151 - error: {"data":{"server_info":{"version":"0.16.1","inspect":0,"account":1,"login":1,"notice_page":"","inspect_page":"https://dev.freeblox.net/coupon","help_page":" ","time":1642133226,"timezone_offset":-32400}},"cmd":104,"status":-1023}
2022-01-14 13:07:06:151 - error: -1023
2022-01-14 13:07:06:213 - error: null
2022-01-14 13:07:06:262 - error: null
2022-01-14 13:07:06:292 - error: null
2022-01-14 13:07:06:321 - error: null
2022-01-14 13:07:06:335 - error: null
2022-01-14 13:07:06:351 - error: null
2022-01-14 13:07:06:365 - error: null
2022-01-14 13:07:06:381 - error: null
2022-01-14 13:07:06:395 - error: null
2022-01-14 13:07:06:410 - error: null
2022-01-14 13:07:07:558 - error: null
2022-01-14 13:07:40:102 - error: >>>>>>>>>>>>>>> fail to start freemeta game server(port = 30051, err = TypeError: Cannot read property 'data' of undefined)
