2022-01-14 13:34:11:716 - info: main : redis-connect-database = 0 : 49.50.172.145:6379
2022-01-14 13:34:11:722 - info: sub : redis-connect-database = 1 : 49.50.172.145:6379
2022-01-14 13:34:11:723 - info: connect sub redis : ["server_message"]
2022-01-14 13:34:11:725 - info: msg : redis-connect-database = 2 : 49.50.172.145:6379
2022-01-14 13:34:11:729 - info: mysql freemeta_com com db init : 49.50.172.145:3306
2022-01-14 13:34:11:729 - info: mysql freemeta_log log db init : 49.50.172.145:3306
2022-01-14 13:34:11:729 - info: mysql freemeta_msg msg db init : 49.50.172.145:3306
2022-01-14 13:34:11:744 - info: mysql freemeta_01 shard db init : 10.36.69.58:3306
2022-01-14 13:34:11:765 - info: load achievement reference table success !!
2022-01-14 13:34:11:772 - info: load character reference table success !!
2022-01-14 13:34:11:794 - info: load collection reference table success !!
2022-01-14 13:34:11:802 - info: load daily attendance reference table success !!
2022-01-14 13:34:11:847 - info: load item reference table success !!
2022-01-14 13:34:11:857 - info: load open world reference table success !!
2022-01-14 13:34:11:864 - info: load payment reference table success !!
2022-01-14 13:34:11:870 - info: load play world reference table success !!
2022-01-14 13:34:11:878 - info: load ranking reward reference table success !!
2022-01-14 13:34:11:900 - info: load reward reference table success !!
2022-01-14 13:34:11:907 - info: load reward_fishing reference table success !!
2022-01-14 13:34:11:914 - info: load system shop reference table success !!
2022-01-14 13:34:12:307 - info: 서버가 시작되었습니다. [port:30051]
2022-01-14 13:34:12:307 - info: try to start [freemeta game test mode server] : http://127.0.0.1:30051
2022-01-14 13:34:12:307 - info: packet status : packet status not recorded yet.
2022-01-14 13:34:12:334 - error: {"cmd":103,"login_id":"1642134852_0_19624_483825779","uuid":"1642134852_0_19624_483825779","version":"0.16.1","os_type":1,"login_type":1}
2022-01-14 13:34:12:334 - error: {"data":{"server_info":{"version":"0.16.1","inspect":0,"account":1,"login":1,"notice_page":"","inspect_page":"https://dev.freeblox.net/coupon","help_page":" ","time":1642134852,"timezone_offset":-32400}},"cmd":104,"status":-1023}
2022-01-14 13:34:12:334 - error: -1023
2022-01-14 13:34:12:393 - error: null
2022-01-14 13:34:12:441 - error: null
2022-01-14 13:34:12:471 - error: null
2022-01-14 13:34:12:501 - error: null
2022-01-14 13:34:12:517 - error: null
2022-01-14 13:34:12:532 - error: null
2022-01-14 13:34:12:547 - error: null
2022-01-14 13:34:12:563 - error: null
2022-01-14 13:34:12:579 - error: null
2022-01-14 13:34:12:595 - error: null
2022-01-14 13:34:12:606 - error: null
2022-01-14 13:34:12:621 - error: null
2022-01-14 13:34:12:631 - error: {"cmd":703,"aidx":111,"session":"19020198","achievement_code":2030001,"add_cnt":99}
2022-01-14 13:34:12:631 - error: {"data":{},"cmd":704,"status":-1076}
2022-01-14 13:34:12:631 - error: -1076
2022-01-14 13:34:12:642 - error: {"cmd":703,"aidx":111,"session":"19020198","achievement_code":2030001,"add_cnt":99}
2022-01-14 13:34:12:642 - error: {"data":{},"cmd":704,"status":-1076}
2022-01-14 13:34:12:642 - error: -1076
2022-01-14 13:34:12:652 - error: {"cmd":703,"aidx":111,"session":"19020198","achievement_code":2030001,"add_cnt":99}
2022-01-14 13:34:12:652 - error: {"data":{},"cmd":704,"status":-1076}
2022-01-14 13:34:12:652 - error: -1076
2022-01-14 13:34:12:662 - error: {"cmd":703,"aidx":111,"session":"19020198","achievement_code":2030001,"add_cnt":99}
2022-01-14 13:34:12:662 - error: {"data":{},"cmd":704,"status":-1076}
2022-01-14 13:34:12:662 - error: -1076
2022-01-14 13:34:12:672 - error: {"cmd":703,"aidx":111,"session":"19020198","achievement_code":2030001,"add_cnt":99}
2022-01-14 13:34:12:673 - error: {"data":{},"cmd":704,"status":-1076}
2022-01-14 13:34:12:673 - error: -1076
2022-01-14 13:34:12:682 - error: {"cmd":703,"aidx":111,"session":"19020198","achievement_code":2030001,"add_cnt":99}
2022-01-14 13:34:12:683 - error: {"data":{},"cmd":704,"status":-1076}
2022-01-14 13:34:12:683 - error: -1076
2022-01-14 13:34:12:693 - error: {"cmd":703,"aidx":111,"session":"19020198","achievement_code":2030001,"add_cnt":99}
2022-01-14 13:34:12:693 - error: {"data":{},"cmd":704,"status":-1076}
2022-01-14 13:34:12:693 - error: -1076
2022-01-14 13:34:12:703 - error: {"cmd":703,"aidx":111,"session":"19020198","achievement_code":2030001,"add_cnt":99}
2022-01-14 13:34:12:703 - error: {"data":{},"cmd":704,"status":-1076}
2022-01-14 13:34:12:703 - error: -1076
2022-01-14 13:34:12:713 - error: {"cmd":703,"aidx":111,"session":"19020198","achievement_code":2030001,"add_cnt":99}
2022-01-14 13:34:12:713 - error: {"data":{},"cmd":704,"status":-1076}
2022-01-14 13:34:12:713 - error: -1076
2022-01-14 13:34:12:723 - error: {"cmd":703,"aidx":111,"session":"19020198","achievement_code":2030001,"add_cnt":99}
2022-01-14 13:34:12:723 - error: {"data":{},"cmd":704,"status":-1076}
2022-01-14 13:34:12:723 - error: -1076
2022-01-14 13:34:12:733 - error: {"cmd":703,"aidx":111,"session":"19020198","achievement_code":2030001,"add_cnt":99}
2022-01-14 13:34:12:733 - error: {"data":{},"cmd":704,"status":-1076}
2022-01-14 13:34:12:733 - error: -1076
2022-01-14 13:34:12:743 - error: {"cmd":703,"aidx":111,"session":"19020198","achievement_code":2030001,"add_cnt":99}
2022-01-14 13:34:12:743 - error: {"data":{},"cmd":704,"status":-1076}
2022-01-14 13:34:12:743 - error: -1076
2022-01-14 13:34:12:754 - error: {"cmd":703,"aidx":111,"session":"19020198","achievement_code":2030001,"add_cnt":99}
2022-01-14 13:34:12:754 - error: {"data":{},"cmd":704,"status":-1076}
2022-01-14 13:34:12:754 - error: -1076
2022-01-14 13:34:12:763 - error: {"cmd":703,"aidx":111,"session":"19020198","achievement_code":2030001,"add_cnt":99}
2022-01-14 13:34:12:763 - error: {"data":{},"cmd":704,"status":-1076}
2022-01-14 13:34:12:764 - error: -1076
2022-01-14 13:34:12:773 - error: {"cmd":703,"aidx":111,"session":"19020198","achievement_code":2030001,"add_cnt":99}
2022-01-14 13:34:12:774 - error: {"data":{},"cmd":704,"status":-1076}
2022-01-14 13:34:12:774 - error: -1076
2022-01-14 13:34:12:786 - error: {"cmd":703,"aidx":111,"session":"19020198","achievement_code":2030001,"add_cnt":99}
2022-01-14 13:34:12:786 - error: {"data":{},"cmd":704,"status":-1076}
2022-01-14 13:34:12:786 - error: -1076
2022-01-14 13:34:12:797 - error: {"cmd":703,"aidx":111,"session":"19020198","achievement_code":2030001,"add_cnt":99}
2022-01-14 13:34:12:797 - error: {"data":{},"cmd":704,"status":-1076}
2022-01-14 13:34:12:797 - error: -1076
2022-01-14 13:34:12:807 - error: {"cmd":703,"aidx":111,"session":"19020198","achievement_code":2030001,"add_cnt":99}
2022-01-14 13:34:12:807 - error: {"data":{},"cmd":704,"status":-1076}
2022-01-14 13:34:12:807 - error: -1076
2022-01-14 13:34:12:817 - error: {"cmd":703,"aidx":111,"session":"19020198","achievement_code":2030001,"add_cnt":99}
2022-01-14 13:34:12:817 - error: {"data":{},"cmd":704,"status":-1076}
2022-01-14 13:34:12:817 - error: -1076
2022-01-14 13:34:12:827 - error: {"cmd":703,"aidx":111,"session":"19020198","achievement_code":2030001,"add_cnt":99}
2022-01-14 13:34:12:827 - error: {"data":{},"cmd":704,"status":-1076}
2022-01-14 13:34:12:827 - error: -1076
2022-01-14 13:34:12:837 - error: {"cmd":703,"aidx":111,"session":"19020198","achievement_code":2030001,"add_cnt":99}
2022-01-14 13:34:12:837 - error: {"data":{},"cmd":704,"status":-1076}
2022-01-14 13:34:12:837 - error: -1076
2022-01-14 13:34:12:847 - error: {"cmd":703,"aidx":111,"session":"19020198","achievement_code":2030001,"add_cnt":99}
2022-01-14 13:34:12:847 - error: {"data":{},"cmd":704,"status":-1076}
2022-01-14 13:34:12:848 - error: -1076
2022-01-14 13:34:12:858 - error: {"cmd":703,"aidx":111,"session":"19020198","achievement_code":2030001,"add_cnt":99}
2022-01-14 13:34:12:858 - error: {"data":{},"cmd":704,"status":-1076}
2022-01-14 13:34:12:858 - error: -1076
2022-01-14 13:34:12:868 - error: {"cmd":703,"aidx":111,"session":"19020198","achievement_code":2030001,"add_cnt":99}
2022-01-14 13:34:12:868 - error: {"data":{},"cmd":704,"status":-1076}
2022-01-14 13:34:12:869 - error: -1076
2022-01-14 13:34:12:879 - error: {"cmd":703,"aidx":111,"session":"19020198","achievement_code":2030001,"add_cnt":99}
2022-01-14 13:34:12:879 - error: {"data":{},"cmd":704,"status":-1076}
2022-01-14 13:34:12:879 - error: -1076
2022-01-14 13:34:12:889 - error: {"cmd":703,"aidx":111,"session":"19020198","achievement_code":2030001,"add_cnt":99}
2022-01-14 13:34:12:890 - error: {"data":{},"cmd":704,"status":-1076}
2022-01-14 13:34:12:890 - error: -1076
2022-01-14 13:34:12:900 - error: {"cmd":703,"aidx":111,"session":"19020198","achievement_code":2030001,"add_cnt":99}
2022-01-14 13:34:12:900 - error: {"data":{},"cmd":704,"status":-1076}
2022-01-14 13:34:12:900 - error: -1076
2022-01-14 13:34:12:910 - error: {"cmd":703,"aidx":111,"session":"19020198","achievement_code":2030001,"add_cnt":99}
2022-01-14 13:34:12:910 - error: {"data":{},"cmd":704,"status":-1076}
2022-01-14 13:34:12:912 - error: -1076
2022-01-14 13:34:12:922 - error: {"cmd":703,"aidx":111,"session":"19020198","achievement_code":2030001,"add_cnt":99}
2022-01-14 13:34:12:922 - error: {"data":{},"cmd":704,"status":-1076}
2022-01-14 13:34:12:923 - error: -1076
2022-01-14 13:34:12:932 - error: {"cmd":703,"aidx":111,"session":"19020198","achievement_code":2030001,"add_cnt":99}
2022-01-14 13:34:12:932 - error: {"data":{},"cmd":704,"status":-1076}
2022-01-14 13:34:12:933 - error: -1076
2022-01-14 13:34:12:943 - error: {"cmd":703,"aidx":111,"session":"19020198","achievement_code":2030001,"add_cnt":99}
2022-01-14 13:34:12:943 - error: {"data":{},"cmd":704,"status":-1076}
2022-01-14 13:34:12:943 - error: -1076
2022-01-14 13:34:12:952 - error: {"cmd":703,"aidx":111,"session":"19020198","achievement_code":2030001,"add_cnt":99}
2022-01-14 13:34:12:952 - error: {"data":{},"cmd":704,"status":-1076}
2022-01-14 13:34:12:953 - error: -1076
2022-01-14 13:34:12:962 - error: {"cmd":703,"aidx":111,"session":"19020198","achievement_code":2030001,"add_cnt":99}
2022-01-14 13:34:12:963 - error: {"data":{},"cmd":704,"status":-1076}
2022-01-14 13:34:12:963 - error: -1076
2022-01-14 13:34:12:972 - error: {"cmd":703,"aidx":111,"session":"19020198","achievement_code":2030001,"add_cnt":99}
2022-01-14 13:34:12:972 - error: {"data":{},"cmd":704,"status":-1076}
2022-01-14 13:34:12:973 - error: -1076
2022-01-14 13:34:12:982 - error: {"cmd":703,"aidx":111,"session":"19020198","achievement_code":2030001,"add_cnt":99}
2022-01-14 13:34:12:982 - error: {"data":{},"cmd":704,"status":-1076}
2022-01-14 13:34:12:983 - error: -1076
2022-01-14 13:34:12:992 - error: {"cmd":703,"aidx":111,"session":"19020198","achievement_code":2030001,"add_cnt":99}
2022-01-14 13:34:12:992 - error: {"data":{},"cmd":704,"status":-1076}
2022-01-14 13:34:12:992 - error: -1076
2022-01-14 13:34:13:002 - error: {"cmd":703,"aidx":111,"session":"19020198","achievement_code":2030001,"add_cnt":99}
2022-01-14 13:34:13:002 - error: {"data":{},"cmd":704,"status":-1076}
2022-01-14 13:34:13:002 - error: -1076
2022-01-14 13:34:13:013 - error: {"cmd":703,"aidx":111,"session":"19020198","achievement_code":2030001,"add_cnt":99}
2022-01-14 13:34:13:013 - error: {"data":{},"cmd":704,"status":-1076}
2022-01-14 13:34:13:013 - error: -1076
2022-01-14 13:34:13:024 - error: {"cmd":703,"aidx":111,"session":"19020198","achievement_code":2030001,"add_cnt":99}
2022-01-14 13:34:13:024 - error: {"data":{},"cmd":704,"status":-1076}
2022-01-14 13:34:13:024 - error: -1076
2022-01-14 13:34:13:033 - error: {"cmd":703,"aidx":111,"session":"19020198","achievement_code":2030001,"add_cnt":99}
2022-01-14 13:34:13:033 - error: {"data":{},"cmd":704,"status":-1076}
2022-01-14 13:34:13:033 - error: -1076
2022-01-14 13:34:13:043 - error: {"cmd":703,"aidx":111,"session":"19020198","achievement_code":2030001,"add_cnt":99}
2022-01-14 13:34:13:043 - error: {"data":{},"cmd":704,"status":-1076}
2022-01-14 13:34:13:044 - error: -1076
2022-01-14 13:34:13:054 - error: {"cmd":703,"aidx":111,"session":"19020198","achievement_code":2030001,"add_cnt":99}
2022-01-14 13:34:13:054 - error: {"data":{},"cmd":704,"status":-1076}
2022-01-14 13:34:13:054 - error: -1076
2022-01-14 13:34:13:064 - error: {"cmd":703,"aidx":111,"session":"19020198","achievement_code":2030001,"add_cnt":99}
2022-01-14 13:34:13:064 - error: {"data":{},"cmd":704,"status":-1076}
2022-01-14 13:34:13:064 - error: -1076
2022-01-14 13:34:13:074 - error: {"cmd":703,"aidx":111,"session":"19020198","achievement_code":2030001,"add_cnt":99}
2022-01-14 13:34:13:074 - error: {"data":{},"cmd":704,"status":-1076}
2022-01-14 13:34:13:074 - error: -1076
2022-01-14 13:34:13:085 - error: {"cmd":703,"aidx":111,"session":"19020198","achievement_code":2030001,"add_cnt":99}
2022-01-14 13:34:13:085 - error: {"data":{},"cmd":704,"status":-1076}
2022-01-14 13:34:13:085 - error: -1076
2022-01-14 13:34:13:095 - error: {"cmd":703,"aidx":111,"session":"19020198","achievement_code":2030001,"add_cnt":99}
2022-01-14 13:34:13:095 - error: {"data":{},"cmd":704,"status":-1076}
2022-01-14 13:34:13:095 - error: -1076
2022-01-14 13:34:13:106 - error: {"cmd":703,"aidx":111,"session":"19020198","achievement_code":2030001,"add_cnt":99}
2022-01-14 13:34:13:106 - error: {"data":{},"cmd":704,"status":-1076}
2022-01-14 13:34:13:106 - error: -1076
2022-01-14 13:34:13:115 - error: {"cmd":703,"aidx":111,"session":"19020198","achievement_code":2030001,"add_cnt":99}
2022-01-14 13:34:13:116 - error: {"data":{},"cmd":704,"status":-1076}
2022-01-14 13:34:13:116 - error: -1076
2022-01-14 13:34:13:127 - error: {"cmd":703,"aidx":111,"session":"19020198","achievement_code":2030001,"add_cnt":99}
2022-01-14 13:34:13:127 - error: {"data":{},"cmd":704,"status":-1076}
2022-01-14 13:34:13:127 - error: -1076
2022-01-14 13:34:13:137 - error: {"cmd":703,"aidx":111,"session":"19020198","achievement_code":2030001,"add_cnt":99}
2022-01-14 13:34:13:137 - error: {"data":{},"cmd":704,"status":-1076}
2022-01-14 13:34:13:137 - error: -1076
2022-01-14 13:34:13:148 - error: {"cmd":703,"aidx":111,"session":"19020198","achievement_code":2030001,"add_cnt":99}
2022-01-14 13:34:13:148 - error: {"data":{},"cmd":704,"status":-1076}
2022-01-14 13:34:13:148 - error: -1076
2022-01-14 13:34:13:160 - error: {"cmd":703,"aidx":111,"session":"19020198","achievement_code":2030001,"add_cnt":99}
2022-01-14 13:34:13:161 - error: {"data":{},"cmd":704,"status":-1076}
2022-01-14 13:34:13:161 - error: -1076
2022-01-14 13:34:13:171 - error: {"cmd":703,"aidx":111,"session":"19020198","achievement_code":2030001,"add_cnt":99}
2022-01-14 13:34:13:171 - error: {"data":{},"cmd":704,"status":-1076}
2022-01-14 13:34:13:171 - error: -1076
2022-01-14 13:34:13:182 - error: {"cmd":703,"aidx":111,"session":"19020198","achievement_code":2030001,"add_cnt":99}
2022-01-14 13:34:13:182 - error: {"data":{},"cmd":704,"status":-1076}
2022-01-14 13:34:13:182 - error: -1076
2022-01-14 13:34:13:192 - error: {"cmd":703,"aidx":111,"session":"19020198","achievement_code":2030001,"add_cnt":99}
2022-01-14 13:34:13:192 - error: {"data":{},"cmd":704,"status":-1076}
2022-01-14 13:34:13:192 - error: -1076
2022-01-14 13:34:13:203 - error: {"cmd":703,"aidx":111,"session":"19020198","achievement_code":2030001,"add_cnt":99}
2022-01-14 13:34:13:203 - error: {"data":{},"cmd":704,"status":-1076}
2022-01-14 13:34:13:203 - error: -1076
2022-01-14 13:34:13:213 - error: {"cmd":703,"aidx":111,"session":"19020198","achievement_code":2030001,"add_cnt":99}
2022-01-14 13:34:13:213 - error: {"data":{},"cmd":704,"status":-1076}
2022-01-14 13:34:13:213 - error: -1076
2022-01-14 13:34:13:223 - error: {"cmd":703,"aidx":111,"session":"19020198","achievement_code":2030001,"add_cnt":99}
2022-01-14 13:34:13:223 - error: {"data":{},"cmd":704,"status":-1076}
2022-01-14 13:34:13:223 - error: -1076
2022-01-14 13:34:13:234 - error: {"cmd":703,"aidx":111,"session":"19020198","achievement_code":2030001,"add_cnt":99}
2022-01-14 13:34:13:234 - error: {"data":{},"cmd":704,"status":-1076}
2022-01-14 13:34:13:234 - error: -1076
2022-01-14 13:34:13:244 - error: {"cmd":703,"aidx":111,"session":"19020198","achievement_code":2030001,"add_cnt":99}
2022-01-14 13:34:13:245 - error: {"data":{},"cmd":704,"status":-1076}
2022-01-14 13:34:13:245 - error: -1076
2022-01-14 13:34:13:255 - error: {"cmd":703,"aidx":111,"session":"19020198","achievement_code":2030001,"add_cnt":99}
2022-01-14 13:34:13:255 - error: {"data":{},"cmd":704,"status":-1076}
2022-01-14 13:34:13:256 - error: -1076
2022-01-14 13:34:13:266 - error: {"cmd":703,"aidx":111,"session":"19020198","achievement_code":2030001,"add_cnt":99}
2022-01-14 13:34:13:266 - error: {"data":{},"cmd":704,"status":-1076}
2022-01-14 13:34:13:266 - error: -1076
2022-01-14 13:34:13:279 - error: {"cmd":703,"aidx":111,"session":"19020198","achievement_code":2030001,"add_cnt":99}
2022-01-14 13:34:13:279 - error: {"data":{},"cmd":704,"status":-1076}
2022-01-14 13:34:13:280 - error: -1076
2022-01-14 13:34:13:290 - error: {"cmd":703,"aidx":111,"session":"19020198","achievement_code":2030001,"add_cnt":99}
2022-01-14 13:34:13:291 - error: {"data":{},"cmd":704,"status":-1076}
2022-01-14 13:34:13:291 - error: -1076
2022-01-14 13:34:13:301 - error: {"cmd":703,"aidx":111,"session":"19020198","achievement_code":2030001,"add_cnt":99}
2022-01-14 13:34:13:301 - error: {"data":{},"cmd":704,"status":-1076}
2022-01-14 13:34:13:301 - error: -1076
2022-01-14 13:34:13:310 - error: {"cmd":703,"aidx":111,"session":"19020198","achievement_code":2030001,"add_cnt":99}
2022-01-14 13:34:13:311 - error: {"data":{},"cmd":704,"status":-1076}
2022-01-14 13:34:13:311 - error: -1076
2022-01-14 13:34:13:321 - error: {"cmd":703,"aidx":111,"session":"19020198","achievement_code":2030001,"add_cnt":99}
2022-01-14 13:34:13:321 - error: {"data":{},"cmd":704,"status":-1076}
2022-01-14 13:34:13:321 - error: -1076
2022-01-14 13:34:13:331 - error: {"cmd":703,"aidx":111,"session":"19020198","achievement_code":2030001,"add_cnt":99}
2022-01-14 13:34:13:331 - error: {"data":{},"cmd":704,"status":-1076}
2022-01-14 13:34:13:331 - error: -1076
2022-01-14 13:34:13:342 - error: {"cmd":703,"aidx":111,"session":"19020198","achievement_code":2030001,"add_cnt":99}
2022-01-14 13:34:13:342 - error: {"data":{},"cmd":704,"status":-1076}
2022-01-14 13:34:13:342 - error: -1076
2022-01-14 13:34:13:352 - error: {"cmd":703,"aidx":111,"session":"19020198","achievement_code":2030001,"add_cnt":99}
2022-01-14 13:34:13:352 - error: {"data":{},"cmd":704,"status":-1076}
2022-01-14 13:34:13:352 - error: -1076
2022-01-14 13:34:13:362 - error: {"cmd":703,"aidx":111,"session":"19020198","achievement_code":2030001,"add_cnt":99}
2022-01-14 13:34:13:362 - error: {"data":{},"cmd":704,"status":-1076}
2022-01-14 13:34:13:362 - error: -1076
2022-01-14 13:34:13:372 - error: {"cmd":703,"aidx":111,"session":"19020198","achievement_code":2030001,"add_cnt":99}
2022-01-14 13:34:13:372 - error: {"data":{},"cmd":704,"status":-1076}
2022-01-14 13:34:13:372 - error: -1076
2022-01-14 13:34:13:382 - error: {"cmd":703,"aidx":111,"session":"19020198","achievement_code":2030001,"add_cnt":99}
2022-01-14 13:34:13:382 - error: {"data":{},"cmd":704,"status":-1076}
2022-01-14 13:34:13:382 - error: -1076
2022-01-14 13:34:13:392 - error: {"cmd":703,"aidx":111,"session":"19020198","achievement_code":2030001,"add_cnt":99}
2022-01-14 13:34:13:392 - error: {"data":{},"cmd":704,"status":-1076}
2022-01-14 13:34:13:392 - error: -1076
2022-01-14 13:34:13:402 - error: {"cmd":703,"aidx":111,"session":"19020198","achievement_code":2030001,"add_cnt":99}
2022-01-14 13:34:13:403 - error: {"data":{},"cmd":704,"status":-1076}
2022-01-14 13:34:13:403 - error: -1076
2022-01-14 13:34:13:413 - error: {"cmd":703,"aidx":111,"session":"19020198","achievement_code":2030001,"add_cnt":99}
2022-01-14 13:34:13:413 - error: {"data":{},"cmd":704,"status":-1076}
2022-01-14 13:34:13:413 - error: -1076
2022-01-14 13:34:13:424 - error: {"cmd":703,"aidx":111,"session":"19020198","achievement_code":2030001,"add_cnt":99}
2022-01-14 13:34:13:424 - error: {"data":{},"cmd":704,"status":-1076}
2022-01-14 13:34:13:424 - error: -1076
2022-01-14 13:34:13:434 - error: {"cmd":703,"aidx":111,"session":"19020198","achievement_code":2030001,"add_cnt":99}
2022-01-14 13:34:13:434 - error: {"data":{},"cmd":704,"status":-1076}
2022-01-14 13:34:13:434 - error: -1076
2022-01-14 13:34:13:444 - error: {"cmd":703,"aidx":111,"session":"19020198","achievement_code":2030001,"add_cnt":99}
2022-01-14 13:34:13:444 - error: {"data":{},"cmd":704,"status":-1076}
2022-01-14 13:34:13:445 - error: -1076
2022-01-14 13:34:13:455 - error: {"cmd":703,"aidx":111,"session":"19020198","achievement_code":2030001,"add_cnt":99}
2022-01-14 13:34:13:455 - error: {"data":{},"cmd":704,"status":-1076}
2022-01-14 13:34:13:455 - error: -1076
2022-01-14 13:34:13:465 - error: {"cmd":703,"aidx":111,"session":"19020198","achievement_code":2030001,"add_cnt":99}
2022-01-14 13:34:13:465 - error: {"data":{},"cmd":704,"status":-1076}
2022-01-14 13:34:13:465 - error: -1076
2022-01-14 13:34:13:475 - error: {"cmd":703,"aidx":111,"session":"19020198","achievement_code":2030001,"add_cnt":99}
2022-01-14 13:34:13:475 - error: {"data":{},"cmd":704,"status":-1076}
2022-01-14 13:34:13:475 - error: -1076
2022-01-14 13:34:13:485 - error: {"cmd":703,"aidx":111,"session":"19020198","achievement_code":2030001,"add_cnt":99}
2022-01-14 13:34:13:485 - error: {"data":{},"cmd":704,"status":-1076}
2022-01-14 13:34:13:485 - error: -1076
2022-01-14 13:34:13:496 - error: {"cmd":703,"aidx":111,"session":"19020198","achievement_code":2030001,"add_cnt":99}
2022-01-14 13:34:13:496 - error: {"data":{},"cmd":704,"status":-1076}
2022-01-14 13:34:13:496 - error: -1076
2022-01-14 13:34:13:506 - error: {"cmd":703,"aidx":111,"session":"19020198","achievement_code":2030001,"add_cnt":99}
2022-01-14 13:34:13:506 - error: {"data":{},"cmd":704,"status":-1076}
2022-01-14 13:34:13:506 - error: -1076
2022-01-14 13:34:13:516 - error: {"cmd":703,"aidx":111,"session":"19020198","achievement_code":2030001,"add_cnt":99}
2022-01-14 13:34:13:516 - error: {"data":{},"cmd":704,"status":-1076}
2022-01-14 13:34:13:516 - error: -1076
2022-01-14 13:34:13:527 - error: {"cmd":703,"aidx":111,"session":"19020198","achievement_code":2030001,"add_cnt":99}
2022-01-14 13:34:13:527 - error: {"data":{},"cmd":704,"status":-1076}
2022-01-14 13:34:13:527 - error: -1076
2022-01-14 13:34:13:537 - error: {"cmd":703,"aidx":111,"session":"19020198","achievement_code":2030001,"add_cnt":99}
2022-01-14 13:34:13:537 - error: {"data":{},"cmd":704,"status":-1076}
2022-01-14 13:34:13:538 - error: -1076
2022-01-14 13:34:13:548 - error: {"cmd":703,"aidx":111,"session":"19020198","achievement_code":2030001,"add_cnt":99}
2022-01-14 13:34:13:548 - error: {"data":{},"cmd":704,"status":-1076}
2022-01-14 13:34:13:548 - error: -1076
2022-01-14 13:34:13:557 - error: {"cmd":703,"aidx":111,"session":"19020198","achievement_code":2030001,"add_cnt":99}
2022-01-14 13:34:13:558 - error: {"data":{},"cmd":704,"status":-1076}
2022-01-14 13:34:13:558 - error: -1076
2022-01-14 13:34:13:568 - error: {"cmd":703,"aidx":111,"session":"19020198","achievement_code":2030001,"add_cnt":99}
2022-01-14 13:34:13:568 - error: {"data":{},"cmd":704,"status":-1076}
2022-01-14 13:34:13:568 - error: -1076
2022-01-14 13:34:13:578 - error: {"cmd":703,"aidx":111,"session":"19020198","achievement_code":2030001,"add_cnt":99}
2022-01-14 13:34:13:578 - error: {"data":{},"cmd":704,"status":-1076}
2022-01-14 13:34:13:579 - error: -1076
2022-01-14 13:34:13:591 - error: {"cmd":703,"aidx":111,"session":"19020198","achievement_code":2030001,"add_cnt":99}
2022-01-14 13:34:13:591 - error: {"data":{},"cmd":704,"status":-1076}
2022-01-14 13:34:13:591 - error: -1076
2022-01-14 13:34:13:602 - error: {"cmd":703,"aidx":111,"session":"19020198","achievement_code":2030001,"add_cnt":99}
2022-01-14 13:34:13:602 - error: {"data":{},"cmd":704,"status":-1076}
2022-01-14 13:34:13:602 - error: -1076
2022-01-14 13:34:13:612 - error: {"cmd":703,"aidx":111,"session":"19020198","achievement_code":2030001,"add_cnt":99}
2022-01-14 13:34:13:612 - error: {"data":{},"cmd":704,"status":-1076}
2022-01-14 13:34:13:613 - error: -1076
2022-01-14 13:34:13:622 - error: {"cmd":703,"aidx":111,"session":"19020198","achievement_code":2030001,"add_cnt":99}
2022-01-14 13:34:13:622 - error: {"data":{},"cmd":704,"status":-1076}
2022-01-14 13:34:13:622 - error: -1076
2022-01-14 13:34:13:632 - error: {"cmd":703,"aidx":111,"session":"19020198","achievement_code":2030001,"add_cnt":99}
2022-01-14 13:34:13:632 - error: {"data":{},"cmd":704,"status":-1076}
2022-01-14 13:34:13:632 - error: -1076
2022-01-14 13:34:13:643 - error: {"cmd":703,"aidx":111,"session":"19020198","achievement_code":2030001,"add_cnt":99}
2022-01-14 13:34:13:643 - error: {"data":{},"cmd":704,"status":-1076}
2022-01-14 13:34:13:643 - error: -1076
2022-01-14 13:34:13:653 - error: {"cmd":703,"aidx":111,"session":"19020198","achievement_code":2030001,"add_cnt":99}
2022-01-14 13:34:13:653 - error: {"data":{},"cmd":704,"status":-1076}
2022-01-14 13:34:13:653 - error: -1076
2022-01-14 13:34:13:662 - error: {"cmd":703,"aidx":111,"session":"19020198","achievement_code":2030001,"add_cnt":99}
2022-01-14 13:34:13:663 - error: {"data":{},"cmd":704,"status":-1076}
2022-01-14 13:34:13:663 - error: -1076
2022-01-14 13:34:13:673 - error: {"cmd":703,"aidx":111,"session":"19020198","achievement_code":2030001,"add_cnt":99}
2022-01-14 13:34:13:673 - error: {"data":{},"cmd":704,"status":-1076}
2022-01-14 13:34:13:673 - error: -1076
2022-01-14 13:34:13:683 - error: {"cmd":703,"aidx":111,"session":"19020198","achievement_code":2030001,"add_cnt":99}
2022-01-14 13:34:13:683 - error: {"data":{},"cmd":704,"status":-1076}
2022-01-14 13:34:13:683 - error: -1076
2022-01-14 13:34:13:693 - error: {"cmd":703,"aidx":111,"session":"19020198","achievement_code":2030001,"add_cnt":99}
2022-01-14 13:34:13:693 - error: {"data":{},"cmd":704,"status":-1076}
2022-01-14 13:34:13:693 - error: -1076
2022-01-14 13:34:13:702 - error: {"cmd":703,"aidx":111,"session":"19020198","achievement_code":2030001,"add_cnt":99}
2022-01-14 13:34:13:703 - error: {"data":{},"cmd":704,"status":-1076}
2022-01-14 13:34:13:703 - error: -1076
2022-01-14 13:34:13:713 - error: {"cmd":703,"aidx":111,"session":"19020198","achievement_code":2030001,"add_cnt":99}
2022-01-14 13:34:13:713 - error: {"data":{},"cmd":704,"status":-1076}
2022-01-14 13:34:13:714 - error: -1076
2022-01-14 13:34:13:724 - error: {"cmd":703,"aidx":111,"session":"19020198","achievement_code":2030001,"add_cnt":99}
2022-01-14 13:34:13:724 - error: {"data":{},"cmd":704,"status":-1076}
2022-01-14 13:34:13:724 - error: -1076
2022-01-14 13:34:13:735 - error: {"cmd":703,"aidx":111,"session":"19020198","achievement_code":2030001,"add_cnt":99}
2022-01-14 13:34:13:735 - error: {"data":{},"cmd":704,"status":-1076}
2022-01-14 13:34:13:735 - error: -1076
2022-01-14 13:34:13:746 - error: {"cmd":703,"aidx":111,"session":"19020198","achievement_code":2030001,"add_cnt":99}
2022-01-14 13:34:13:746 - error: {"data":{},"cmd":704,"status":-1076}
2022-01-14 13:34:13:746 - error: -1076
2022-01-14 13:34:13:756 - error: {"cmd":703,"aidx":111,"session":"19020198","achievement_code":2030001,"add_cnt":99}
2022-01-14 13:34:13:756 - error: {"data":{},"cmd":704,"status":-1076}
2022-01-14 13:34:13:756 - error: -1076
2022-01-14 13:34:13:766 - error: {"cmd":703,"aidx":111,"session":"19020198","achievement_code":2030001,"add_cnt":99}
2022-01-14 13:34:13:766 - error: {"data":{},"cmd":704,"status":-1076}
2022-01-14 13:34:13:766 - error: -1076
2022-01-14 13:34:13:776 - error: {"cmd":703,"aidx":111,"session":"19020198","achievement_code":2030001,"add_cnt":99}
2022-01-14 13:34:13:776 - error: {"data":{},"cmd":704,"status":-1076}
2022-01-14 13:34:13:777 - error: -1076
2022-01-14 13:34:13:786 - error: {"cmd":703,"aidx":111,"session":"19020198","achievement_code":2030001,"add_cnt":99}
2022-01-14 13:34:13:786 - error: {"data":{},"cmd":704,"status":-1076}
2022-01-14 13:34:13:786 - error: -1076
2022-01-14 13:34:13:797 - error: {"cmd":703,"aidx":111,"session":"19020198","achievement_code":2030001,"add_cnt":99}
2022-01-14 13:34:13:797 - error: {"data":{},"cmd":704,"status":-1076}
2022-01-14 13:34:13:797 - error: -1076
2022-01-14 13:34:13:806 - error: {"cmd":703,"aidx":111,"session":"19020198","achievement_code":2030001,"add_cnt":99}
2022-01-14 13:34:13:807 - error: {"data":{},"cmd":704,"status":-1076}
2022-01-14 13:34:13:807 - error: -1076
2022-01-14 13:34:13:816 - error: {"cmd":703,"aidx":111,"session":"19020198","achievement_code":2030001,"add_cnt":99}
2022-01-14 13:34:13:816 - error: {"data":{},"cmd":704,"status":-1076}
2022-01-14 13:34:13:816 - error: -1076
2022-01-14 13:34:13:826 - error: {"cmd":703,"aidx":111,"session":"19020198","achievement_code":2030001,"add_cnt":99}
2022-01-14 13:34:13:826 - error: {"data":{},"cmd":704,"status":-1076}
2022-01-14 13:34:13:826 - error: -1076
2022-01-14 13:34:13:838 - error: {"cmd":703,"aidx":111,"session":"19020198","achievement_code":2030001,"add_cnt":99}
2022-01-14 13:34:13:838 - error: {"data":{},"cmd":704,"status":-1076}
2022-01-14 13:34:13:838 - error: -1076
2022-01-14 13:34:13:848 - error: {"cmd":703,"aidx":111,"session":"19020198","achievement_code":2030001,"add_cnt":99}
2022-01-14 13:34:13:848 - error: {"data":{},"cmd":704,"status":-1076}
2022-01-14 13:34:13:848 - error: -1076
2022-01-14 13:34:13:858 - error: {"cmd":703,"aidx":111,"session":"19020198","achievement_code":2030001,"add_cnt":99}
2022-01-14 13:34:13:858 - error: {"data":{},"cmd":704,"status":-1076}
2022-01-14 13:34:13:858 - error: -1076
2022-01-14 13:34:13:868 - error: {"cmd":703,"aidx":111,"session":"19020198","achievement_code":2030001,"add_cnt":99}
2022-01-14 13:34:13:868 - error: {"data":{},"cmd":704,"status":-1076}
2022-01-14 13:34:13:868 - error: -1076
2022-01-14 13:34:13:879 - error: {"cmd":703,"aidx":111,"session":"19020198","achievement_code":2030001,"add_cnt":99}
2022-01-14 13:34:13:879 - error: {"data":{},"cmd":704,"status":-1076}
2022-01-14 13:34:13:879 - error: -1076
2022-01-14 13:34:13:890 - error: {"cmd":703,"aidx":111,"session":"19020198","achievement_code":2030001,"add_cnt":99}
2022-01-14 13:34:13:890 - error: {"data":{},"cmd":704,"status":-1076}
2022-01-14 13:34:13:890 - error: -1076
2022-01-14 13:34:13:900 - error: {"cmd":703,"aidx":111,"session":"19020198","achievement_code":2030001,"add_cnt":99}
2022-01-14 13:34:13:900 - error: {"data":{},"cmd":704,"status":-1076}
2022-01-14 13:34:13:900 - error: -1076
2022-01-14 13:34:13:911 - error: {"cmd":703,"aidx":111,"session":"19020198","achievement_code":2030001,"add_cnt":99}
2022-01-14 13:34:13:911 - error: {"data":{},"cmd":704,"status":-1076}
2022-01-14 13:34:13:911 - error: -1076
2022-01-14 13:34:13:922 - error: {"cmd":703,"aidx":111,"session":"19020198","achievement_code":2030001,"add_cnt":99}
2022-01-14 13:34:13:922 - error: {"data":{},"cmd":704,"status":-1076}
2022-01-14 13:34:13:922 - error: -1076
2022-01-14 13:34:13:932 - error: {"cmd":703,"aidx":111,"session":"19020198","achievement_code":2030001,"add_cnt":99}
2022-01-14 13:34:13:932 - error: {"data":{},"cmd":704,"status":-1076}
2022-01-14 13:34:13:932 - error: -1076
2022-01-14 13:34:13:943 - error: {"cmd":703,"aidx":111,"session":"19020198","achievement_code":2030001,"add_cnt":99}
2022-01-14 13:34:13:943 - error: {"data":{},"cmd":704,"status":-1076}
2022-01-14 13:34:13:943 - error: -1076
2022-01-14 13:34:13:952 - error: {"cmd":703,"aidx":111,"session":"19020198","achievement_code":2030001,"add_cnt":99}
2022-01-14 13:34:13:952 - error: {"data":{},"cmd":704,"status":-1076}
2022-01-14 13:34:13:952 - error: -1076
2022-01-14 13:34:13:962 - error: {"cmd":703,"aidx":111,"session":"19020198","achievement_code":2030001,"add_cnt":99}
2022-01-14 13:34:13:963 - error: {"data":{},"cmd":704,"status":-1076}
2022-01-14 13:34:13:963 - error: -1076
2022-01-14 13:34:13:974 - error: {"cmd":703,"aidx":111,"session":"19020198","achievement_code":2030001,"add_cnt":99}
2022-01-14 13:34:13:974 - error: {"data":{},"cmd":704,"status":-1076}
2022-01-14 13:34:13:974 - error: -1076
2022-01-14 13:34:13:984 - error: {"cmd":703,"aidx":111,"session":"19020198","achievement_code":2030001,"add_cnt":99}
2022-01-14 13:34:13:985 - error: {"data":{},"cmd":704,"status":-1076}
2022-01-14 13:34:13:985 - error: -1076
2022-01-14 13:34:13:995 - error: {"cmd":703,"aidx":111,"session":"19020198","achievement_code":2030001,"add_cnt":99}
2022-01-14 13:34:13:995 - error: {"data":{},"cmd":704,"status":-1076}
2022-01-14 13:34:13:995 - error: -1076
2022-01-14 13:34:14:005 - error: {"cmd":703,"aidx":111,"session":"19020198","achievement_code":2030001,"add_cnt":99}
2022-01-14 13:34:14:005 - error: {"data":{},"cmd":704,"status":-1076}
2022-01-14 13:34:14:005 - error: -1076
2022-01-14 13:34:14:015 - error: {"cmd":703,"aidx":111,"session":"19020198","achievement_code":2030001,"add_cnt":99}
2022-01-14 13:34:14:015 - error: {"data":{},"cmd":704,"status":-1076}
2022-01-14 13:34:14:015 - error: -1076
2022-01-14 13:34:14:025 - error: {"cmd":703,"aidx":111,"session":"19020198","achievement_code":2030001,"add_cnt":99}
2022-01-14 13:34:14:025 - error: {"data":{},"cmd":704,"status":-1076}
2022-01-14 13:34:14:025 - error: -1076
2022-01-14 13:34:14:035 - error: {"cmd":703,"aidx":111,"session":"19020198","achievement_code":2030001,"add_cnt":99}
2022-01-14 13:34:14:036 - error: {"data":{},"cmd":704,"status":-1076}
2022-01-14 13:34:14:036 - error: -1076
2022-01-14 13:34:14:046 - error: {"cmd":703,"aidx":111,"session":"19020198","achievement_code":2030001,"add_cnt":99}
2022-01-14 13:34:14:046 - error: {"data":{},"cmd":704,"status":-1076}
2022-01-14 13:34:14:046 - error: -1076
2022-01-14 13:34:14:056 - error: {"cmd":703,"aidx":111,"session":"19020198","achievement_code":2030001,"add_cnt":99}
2022-01-14 13:34:14:056 - error: {"data":{},"cmd":704,"status":-1076}
2022-01-14 13:34:14:057 - error: -1076
2022-01-14 13:34:14:066 - error: {"cmd":703,"aidx":111,"session":"19020198","achievement_code":2030001,"add_cnt":99}
2022-01-14 13:34:14:066 - error: {"data":{},"cmd":704,"status":-1076}
2022-01-14 13:34:14:067 - error: -1076
2022-01-14 13:34:14:076 - error: {"cmd":703,"aidx":111,"session":"19020198","achievement_code":2030001,"add_cnt":99}
2022-01-14 13:34:14:076 - error: {"data":{},"cmd":704,"status":-1076}
2022-01-14 13:34:14:076 - error: -1076
2022-01-14 13:34:14:086 - error: {"cmd":703,"aidx":111,"session":"19020198","achievement_code":2030001,"add_cnt":99}
2022-01-14 13:34:14:086 - error: {"data":{},"cmd":704,"status":-1076}
2022-01-14 13:34:14:086 - error: -1076
2022-01-14 13:34:14:096 - error: {"cmd":703,"aidx":111,"session":"19020198","achievement_code":2030001,"add_cnt":99}
2022-01-14 13:34:14:096 - error: {"data":{},"cmd":704,"status":-1076}
2022-01-14 13:34:14:096 - error: -1076
2022-01-14 13:34:14:106 - error: {"cmd":703,"aidx":111,"session":"19020198","achievement_code":2030001,"add_cnt":99}
2022-01-14 13:34:14:106 - error: {"data":{},"cmd":704,"status":-1076}
2022-01-14 13:34:14:107 - error: -1076
2022-01-14 13:34:14:116 - error: {"cmd":703,"aidx":111,"session":"19020198","achievement_code":2030001,"add_cnt":99}
2022-01-14 13:34:14:116 - error: {"data":{},"cmd":704,"status":-1076}
2022-01-14 13:34:14:116 - error: -1076
2022-01-14 13:34:14:127 - error: {"cmd":703,"aidx":111,"session":"19020198","achievement_code":2030001,"add_cnt":99}
2022-01-14 13:34:14:127 - error: {"data":{},"cmd":704,"status":-1076}
2022-01-14 13:34:14:127 - error: -1076
2022-01-14 13:34:14:136 - error: {"cmd":703,"aidx":111,"session":"19020198","achievement_code":2030001,"add_cnt":99}
2022-01-14 13:34:14:137 - error: {"data":{},"cmd":704,"status":-1076}
2022-01-14 13:34:14:137 - error: -1076
2022-01-14 13:34:14:147 - error: {"cmd":703,"aidx":111,"session":"19020198","achievement_code":2030001,"add_cnt":99}
2022-01-14 13:34:14:147 - error: {"data":{},"cmd":704,"status":-1076}
2022-01-14 13:34:14:147 - error: -1076
2022-01-14 13:34:14:158 - error: {"cmd":703,"aidx":111,"session":"19020198","achievement_code":2030001,"add_cnt":99}
2022-01-14 13:34:14:158 - error: {"data":{},"cmd":704,"status":-1076}
2022-01-14 13:34:14:158 - error: -1076
2022-01-14 13:34:14:168 - error: {"cmd":703,"aidx":111,"session":"19020198","achievement_code":2030001,"add_cnt":99}
2022-01-14 13:34:14:168 - error: {"data":{},"cmd":704,"status":-1076}
2022-01-14 13:34:14:168 - error: -1076
2022-01-14 13:34:14:178 - error: {"cmd":703,"aidx":111,"session":"19020198","achievement_code":2030001,"add_cnt":99}
2022-01-14 13:34:14:178 - error: {"data":{},"cmd":704,"status":-1076}
2022-01-14 13:34:14:178 - error: -1076
2022-01-14 13:34:14:188 - error: {"cmd":703,"aidx":111,"session":"19020198","achievement_code":2030001,"add_cnt":99}
2022-01-14 13:34:14:188 - error: {"data":{},"cmd":704,"status":-1076}
2022-01-14 13:34:14:189 - error: -1076
2022-01-14 13:34:14:199 - error: {"cmd":703,"aidx":111,"session":"19020198","achievement_code":2030001,"add_cnt":99}
2022-01-14 13:34:14:199 - error: {"data":{},"cmd":704,"status":-1076}
2022-01-14 13:34:14:199 - error: -1076
2022-01-14 13:34:14:209 - error: {"cmd":703,"aidx":111,"session":"19020198","achievement_code":2030001,"add_cnt":99}
2022-01-14 13:34:14:209 - error: {"data":{},"cmd":704,"status":-1076}
2022-01-14 13:34:14:209 - error: -1076
2022-01-14 13:34:14:219 - error: {"cmd":703,"aidx":111,"session":"19020198","achievement_code":2030001,"add_cnt":99}
2022-01-14 13:34:14:219 - error: {"data":{},"cmd":704,"status":-1076}
2022-01-14 13:34:14:219 - error: -1076
2022-01-14 13:34:14:229 - error: {"cmd":703,"aidx":111,"session":"19020198","achievement_code":2030001,"add_cnt":99}
2022-01-14 13:34:14:229 - error: {"data":{},"cmd":704,"status":-1076}
2022-01-14 13:34:14:229 - error: -1076
2022-01-14 13:34:14:239 - error: {"cmd":703,"aidx":111,"session":"19020198","achievement_code":2030001,"add_cnt":99}
2022-01-14 13:34:14:239 - error: {"data":{},"cmd":704,"status":-1076}
2022-01-14 13:34:14:239 - error: -1076
2022-01-14 13:34:14:250 - error: {"cmd":703,"aidx":111,"session":"19020198","achievement_code":2030001,"add_cnt":99}
2022-01-14 13:34:14:250 - error: {"data":{},"cmd":704,"status":-1076}
2022-01-14 13:34:14:250 - error: -1076
2022-01-14 13:34:14:260 - error: {"cmd":703,"aidx":111,"session":"19020198","achievement_code":2030001,"add_cnt":99}
2022-01-14 13:34:14:260 - error: {"data":{},"cmd":704,"status":-1076}
2022-01-14 13:34:14:260 - error: -1076
2022-01-14 13:34:14:270 - error: {"cmd":703,"aidx":111,"session":"19020198","achievement_code":2030001,"add_cnt":99}
2022-01-14 13:34:14:270 - error: {"data":{},"cmd":704,"status":-1076}
2022-01-14 13:34:14:270 - error: -1076
2022-01-14 13:34:14:279 - error: {"cmd":703,"aidx":111,"session":"19020198","achievement_code":2030001,"add_cnt":99}
2022-01-14 13:34:14:279 - error: {"data":{},"cmd":704,"status":-1076}
2022-01-14 13:34:14:280 - error: -1076
2022-01-14 13:34:14:290 - error: {"cmd":703,"aidx":111,"session":"19020198","achievement_code":2030001,"add_cnt":99}
2022-01-14 13:34:14:290 - error: {"data":{},"cmd":704,"status":-1076}
2022-01-14 13:34:14:290 - error: -1076
2022-01-14 13:34:14:300 - error: {"cmd":703,"aidx":111,"session":"19020198","achievement_code":2030001,"add_cnt":99}
2022-01-14 13:34:14:300 - error: {"data":{},"cmd":704,"status":-1076}
2022-01-14 13:34:14:300 - error: -1076
2022-01-14 13:34:14:312 - error: {"cmd":703,"aidx":111,"session":"19020198","achievement_code":2030001,"add_cnt":99}
2022-01-14 13:34:14:312 - error: {"data":{},"cmd":704,"status":-1076}
2022-01-14 13:34:14:312 - error: -1076
2022-01-14 13:34:14:322 - error: {"cmd":703,"aidx":111,"session":"19020198","achievement_code":2030001,"add_cnt":99}
2022-01-14 13:34:14:322 - error: {"data":{},"cmd":704,"status":-1076}
2022-01-14 13:34:14:322 - error: -1076
2022-01-14 13:34:14:332 - error: {"cmd":703,"aidx":111,"session":"19020198","achievement_code":2030001,"add_cnt":99}
2022-01-14 13:34:14:332 - error: {"data":{},"cmd":704,"status":-1076}
2022-01-14 13:34:14:332 - error: -1076
2022-01-14 13:34:14:343 - error: {"cmd":703,"aidx":111,"session":"19020198","achievement_code":2030001,"add_cnt":99}
2022-01-14 13:34:14:343 - error: {"data":{},"cmd":704,"status":-1076}
2022-01-14 13:34:14:343 - error: -1076
2022-01-14 13:34:14:353 - error: {"cmd":703,"aidx":111,"session":"19020198","achievement_code":2030001,"add_cnt":99}
2022-01-14 13:34:14:353 - error: {"data":{},"cmd":704,"status":-1076}
2022-01-14 13:34:14:353 - error: -1076
2022-01-14 13:34:14:363 - error: {"cmd":703,"aidx":111,"session":"19020198","achievement_code":2030001,"add_cnt":99}
2022-01-14 13:34:14:363 - error: {"data":{},"cmd":704,"status":-1076}
2022-01-14 13:34:14:363 - error: -1076
2022-01-14 13:34:14:373 - error: {"cmd":703,"aidx":111,"session":"19020198","achievement_code":2030001,"add_cnt":99}
2022-01-14 13:34:14:373 - error: {"data":{},"cmd":704,"status":-1076}
2022-01-14 13:34:14:373 - error: -1076
2022-01-14 13:34:14:382 - error: {"cmd":703,"aidx":111,"session":"19020198","achievement_code":2030001,"add_cnt":99}
2022-01-14 13:34:14:382 - error: {"data":{},"cmd":704,"status":-1076}
2022-01-14 13:34:14:382 - error: -1076
2022-01-14 13:34:14:393 - error: {"cmd":703,"aidx":111,"session":"19020198","achievement_code":2030001,"add_cnt":99}
2022-01-14 13:34:14:394 - error: {"data":{},"cmd":704,"status":-1076}
2022-01-14 13:34:14:394 - error: -1076
2022-01-14 13:34:14:403 - error: {"cmd":703,"aidx":111,"session":"19020198","achievement_code":2030001,"add_cnt":99}
2022-01-14 13:34:14:403 - error: {"data":{},"cmd":704,"status":-1076}
2022-01-14 13:34:14:403 - error: -1076
2022-01-14 13:34:14:413 - error: {"cmd":703,"aidx":111,"session":"19020198","achievement_code":2030001,"add_cnt":99}
2022-01-14 13:34:14:414 - error: {"data":{},"cmd":704,"status":-1076}
2022-01-14 13:34:14:414 - error: -1076
2022-01-14 13:34:14:424 - error: {"cmd":703,"aidx":111,"session":"19020198","achievement_code":2030001,"add_cnt":99}
2022-01-14 13:34:14:424 - error: {"data":{},"cmd":704,"status":-1076}
2022-01-14 13:34:14:425 - error: -1076
2022-01-14 13:34:14:435 - error: {"cmd":703,"aidx":111,"session":"19020198","achievement_code":2030001,"add_cnt":99}
2022-01-14 13:34:14:435 - error: {"data":{},"cmd":704,"status":-1076}
2022-01-14 13:34:14:435 - error: -1076
2022-01-14 13:34:14:444 - error: {"cmd":703,"aidx":111,"session":"19020198","achievement_code":2030001,"add_cnt":99}
2022-01-14 13:34:14:444 - error: {"data":{},"cmd":704,"status":-1076}
2022-01-14 13:34:14:444 - error: -1076
2022-01-14 13:34:14:454 - error: {"cmd":703,"aidx":111,"session":"19020198","achievement_code":2030001,"add_cnt":99}
2022-01-14 13:34:14:455 - error: {"data":{},"cmd":704,"status":-1076}
2022-01-14 13:34:14:455 - error: -1076
2022-01-14 13:34:14:466 - error: {"cmd":703,"aidx":111,"session":"19020198","achievement_code":2030001,"add_cnt":99}
2022-01-14 13:34:14:466 - error: {"data":{},"cmd":704,"status":-1076}
2022-01-14 13:34:14:466 - error: -1076
2022-01-14 13:34:14:476 - error: {"cmd":703,"aidx":111,"session":"19020198","achievement_code":2030001,"add_cnt":99}
2022-01-14 13:34:14:476 - error: {"data":{},"cmd":704,"status":-1076}
2022-01-14 13:34:14:476 - error: -1076
2022-01-14 13:34:14:486 - error: {"cmd":703,"aidx":111,"session":"19020198","achievement_code":2030001,"add_cnt":99}
2022-01-14 13:34:14:486 - error: {"data":{},"cmd":704,"status":-1076}
2022-01-14 13:34:14:486 - error: -1076
2022-01-14 13:34:14:496 - error: {"cmd":703,"aidx":111,"session":"19020198","achievement_code":2030001,"add_cnt":99}
2022-01-14 13:34:14:496 - error: {"data":{},"cmd":704,"status":-1076}
2022-01-14 13:34:14:496 - error: -1076
2022-01-14 13:34:14:506 - error: {"cmd":703,"aidx":111,"session":"19020198","achievement_code":2030001,"add_cnt":99}
2022-01-14 13:34:14:507 - error: {"data":{},"cmd":704,"status":-1076}
2022-01-14 13:34:14:507 - error: -1076
2022-01-14 13:34:14:517 - error: {"cmd":703,"aidx":111,"session":"19020198","achievement_code":2030001,"add_cnt":99}
2022-01-14 13:34:14:517 - error: {"data":{},"cmd":704,"status":-1076}
2022-01-14 13:34:14:517 - error: -1076
2022-01-14 13:34:14:527 - error: {"cmd":703,"aidx":111,"session":"19020198","achievement_code":2030001,"add_cnt":99}
2022-01-14 13:34:14:527 - error: {"data":{},"cmd":704,"status":-1076}
2022-01-14 13:34:14:527 - error: -1076
2022-01-14 13:34:14:537 - error: {"cmd":703,"aidx":111,"session":"19020198","achievement_code":2030001,"add_cnt":99}
2022-01-14 13:34:14:537 - error: {"data":{},"cmd":704,"status":-1076}
2022-01-14 13:34:14:537 - error: -1076
2022-01-14 13:34:14:547 - error: {"cmd":703,"aidx":111,"session":"19020198","achievement_code":2030001,"add_cnt":99}
2022-01-14 13:34:14:547 - error: {"data":{},"cmd":704,"status":-1076}
2022-01-14 13:34:14:547 - error: -1076
2022-01-14 13:34:14:558 - error: {"cmd":703,"aidx":111,"session":"19020198","achievement_code":2030001,"add_cnt":99}
2022-01-14 13:34:14:558 - error: {"data":{},"cmd":704,"status":-1076}
2022-01-14 13:34:14:558 - error: -1076
2022-01-14 13:34:14:568 - error: {"cmd":703,"aidx":111,"session":"19020198","achievement_code":2030001,"add_cnt":99}
2022-01-14 13:34:14:568 - error: {"data":{},"cmd":704,"status":-1076}
2022-01-14 13:34:14:568 - error: -1076
2022-01-14 13:34:14:578 - error: {"cmd":703,"aidx":111,"session":"19020198","achievement_code":2030001,"add_cnt":99}
2022-01-14 13:34:14:579 - error: {"data":{},"cmd":704,"status":-1076}
2022-01-14 13:34:14:579 - error: -1076
2022-01-14 13:34:14:588 - error: {"cmd":703,"aidx":111,"session":"19020198","achievement_code":2030001,"add_cnt":99}
2022-01-14 13:34:14:588 - error: {"data":{},"cmd":704,"status":-1076}
2022-01-14 13:34:14:588 - error: -1076
2022-01-14 13:34:14:598 - error: {"cmd":703,"aidx":111,"session":"19020198","achievement_code":2030001,"add_cnt":99}
2022-01-14 13:34:14:598 - error: {"data":{},"cmd":704,"status":-1076}
2022-01-14 13:34:14:598 - error: -1076
2022-01-14 13:34:14:608 - error: {"cmd":703,"aidx":111,"session":"19020198","achievement_code":2030001,"add_cnt":99}
2022-01-14 13:34:14:608 - error: {"data":{},"cmd":704,"status":-1076}
2022-01-14 13:34:14:609 - error: -1076
2022-01-14 13:34:14:618 - error: {"cmd":703,"aidx":111,"session":"19020198","achievement_code":2030001,"add_cnt":99}
2022-01-14 13:34:14:619 - error: {"data":{},"cmd":704,"status":-1076}
2022-01-14 13:34:14:619 - error: -1076
2022-01-14 13:34:14:628 - error: {"cmd":703,"aidx":111,"session":"19020198","achievement_code":2030001,"add_cnt":99}
2022-01-14 13:34:14:629 - error: {"data":{},"cmd":704,"status":-1076}
2022-01-14 13:34:14:629 - error: -1076
2022-01-14 13:34:14:639 - error: {"cmd":703,"aidx":111,"session":"19020198","achievement_code":2030001,"add_cnt":99}
2022-01-14 13:34:14:639 - error: {"data":{},"cmd":704,"status":-1076}
2022-01-14 13:34:14:639 - error: -1076
2022-01-14 13:34:14:649 - error: {"cmd":703,"aidx":111,"session":"19020198","achievement_code":2030001,"add_cnt":99}
2022-01-14 13:34:14:649 - error: {"data":{},"cmd":704,"status":-1076}
2022-01-14 13:34:14:649 - error: -1076
2022-01-14 13:34:14:659 - error: {"cmd":703,"aidx":111,"session":"19020198","achievement_code":2030001,"add_cnt":99}
2022-01-14 13:34:14:659 - error: {"data":{},"cmd":704,"status":-1076}
2022-01-14 13:34:14:659 - error: -1076
2022-01-14 13:34:14:668 - error: {"cmd":703,"aidx":111,"session":"19020198","achievement_code":2030001,"add_cnt":99}
2022-01-14 13:34:14:669 - error: {"data":{},"cmd":704,"status":-1076}
2022-01-14 13:34:14:669 - error: -1076
2022-01-14 13:34:14:679 - error: {"cmd":703,"aidx":111,"session":"19020198","achievement_code":2030001,"add_cnt":99}
2022-01-14 13:34:14:679 - error: {"data":{},"cmd":704,"status":-1076}
2022-01-14 13:34:14:679 - error: -1076
2022-01-14 13:34:14:689 - error: {"cmd":703,"aidx":111,"session":"19020198","achievement_code":2030001,"add_cnt":99}
2022-01-14 13:34:14:689 - error: {"data":{},"cmd":704,"status":-1076}
2022-01-14 13:34:14:689 - error: -1076
2022-01-14 13:34:14:699 - error: {"cmd":703,"aidx":111,"session":"19020198","achievement_code":2030001,"add_cnt":99}
2022-01-14 13:34:14:699 - error: {"data":{},"cmd":704,"status":-1076}
2022-01-14 13:34:14:699 - error: -1076
2022-01-14 13:34:14:709 - error: {"cmd":703,"aidx":111,"session":"19020198","achievement_code":2030001,"add_cnt":99}
2022-01-14 13:34:14:709 - error: {"data":{},"cmd":704,"status":-1076}
2022-01-14 13:34:14:709 - error: -1076
2022-01-14 13:34:14:719 - error: {"cmd":703,"aidx":111,"session":"19020198","achievement_code":2030001,"add_cnt":99}
2022-01-14 13:34:14:719 - error: {"data":{},"cmd":704,"status":-1076}
2022-01-14 13:34:14:719 - error: -1076
2022-01-14 13:34:14:730 - error: {"cmd":703,"aidx":111,"session":"19020198","achievement_code":2030001,"add_cnt":99}
2022-01-14 13:34:14:730 - error: {"data":{},"cmd":704,"status":-1076}
2022-01-14 13:34:14:730 - error: -1076
2022-01-14 13:34:14:740 - error: {"cmd":703,"aidx":111,"session":"19020198","achievement_code":2030001,"add_cnt":99}
2022-01-14 13:34:14:740 - error: {"data":{},"cmd":704,"status":-1076}
2022-01-14 13:34:14:740 - error: -1076
2022-01-14 13:34:14:750 - error: {"cmd":703,"aidx":111,"session":"19020198","achievement_code":2030001,"add_cnt":99}
2022-01-14 13:34:14:750 - error: {"data":{},"cmd":704,"status":-1076}
2022-01-14 13:34:14:750 - error: -1076
2022-01-14 13:34:14:760 - error: {"cmd":703,"aidx":111,"session":"19020198","achievement_code":2030001,"add_cnt":99}
2022-01-14 13:34:14:760 - error: {"data":{},"cmd":704,"status":-1076}
2022-01-14 13:34:14:760 - error: -1076
2022-01-14 13:34:14:771 - error: {"cmd":703,"aidx":111,"session":"19020198","achievement_code":2030001,"add_cnt":99}
2022-01-14 13:34:14:771 - error: {"data":{},"cmd":704,"status":-1076}
2022-01-14 13:34:14:771 - error: -1076
2022-01-14 13:34:14:783 - error: {"cmd":703,"aidx":111,"session":"19020198","achievement_code":2030001,"add_cnt":99}
2022-01-14 13:34:14:783 - error: {"data":{},"cmd":704,"status":-1076}
2022-01-14 13:34:14:783 - error: -1076
2022-01-14 13:34:14:793 - error: {"cmd":703,"aidx":111,"session":"19020198","achievement_code":2030001,"add_cnt":99}
2022-01-14 13:34:14:793 - error: {"data":{},"cmd":704,"status":-1076}
2022-01-14 13:34:14:794 - error: -1076
2022-01-14 13:34:14:804 - error: {"cmd":703,"aidx":111,"session":"19020198","achievement_code":2030001,"add_cnt":99}
2022-01-14 13:34:14:805 - error: {"data":{},"cmd":704,"status":-1076}
2022-01-14 13:34:14:805 - error: -1076
2022-01-14 13:34:14:815 - error: {"cmd":703,"aidx":111,"session":"19020198","achievement_code":2030001,"add_cnt":99}
2022-01-14 13:34:14:815 - error: {"data":{},"cmd":704,"status":-1076}
2022-01-14 13:34:14:815 - error: -1076
2022-01-14 13:34:14:826 - error: {"cmd":703,"aidx":111,"session":"19020198","achievement_code":2030001,"add_cnt":99}
2022-01-14 13:34:14:826 - error: {"data":{},"cmd":704,"status":-1076}
2022-01-14 13:34:14:827 - error: -1076
2022-01-14 13:34:14:836 - error: {"cmd":703,"aidx":111,"session":"19020198","achievement_code":2030001,"add_cnt":99}
2022-01-14 13:34:14:837 - error: {"data":{},"cmd":704,"status":-1076}
2022-01-14 13:34:14:837 - error: -1076
2022-01-14 13:34:14:846 - error: {"cmd":703,"aidx":111,"session":"19020198","achievement_code":2030001,"add_cnt":99}
2022-01-14 13:34:14:846 - error: {"data":{},"cmd":704,"status":-1076}
2022-01-14 13:34:14:847 - error: -1076
2022-01-14 13:34:14:857 - error: {"cmd":703,"aidx":111,"session":"19020198","achievement_code":2030001,"add_cnt":99}
2022-01-14 13:34:14:858 - error: {"data":{},"cmd":704,"status":-1076}
2022-01-14 13:34:14:858 - error: -1076
2022-01-14 13:34:14:867 - error: {"cmd":703,"aidx":111,"session":"19020198","achievement_code":2030001,"add_cnt":99}
2022-01-14 13:34:14:867 - error: {"data":{},"cmd":704,"status":-1076}
2022-01-14 13:34:14:867 - error: -1076
2022-01-14 13:34:14:877 - error: {"cmd":703,"aidx":111,"session":"19020198","achievement_code":2030001,"add_cnt":99}
2022-01-14 13:34:14:877 - error: {"data":{},"cmd":704,"status":-1076}
2022-01-14 13:34:14:878 - error: -1076
2022-01-14 13:34:14:889 - error: {"cmd":703,"aidx":111,"session":"19020198","achievement_code":2030001,"add_cnt":99}
2022-01-14 13:34:14:889 - error: {"data":{},"cmd":704,"status":-1076}
2022-01-14 13:34:14:889 - error: -1076
2022-01-14 13:34:14:900 - error: {"cmd":703,"aidx":111,"session":"19020198","achievement_code":2030001,"add_cnt":99}
2022-01-14 13:34:14:900 - error: {"data":{},"cmd":704,"status":-1076}
2022-01-14 13:34:14:900 - error: -1076
2022-01-14 13:34:14:910 - error: {"cmd":703,"aidx":111,"session":"19020198","achievement_code":2030001,"add_cnt":99}
2022-01-14 13:34:14:911 - error: {"data":{},"cmd":704,"status":-1076}
2022-01-14 13:34:14:911 - error: -1076
2022-01-14 13:34:14:921 - error: {"cmd":703,"aidx":111,"session":"19020198","achievement_code":2030001,"add_cnt":99}
2022-01-14 13:34:14:921 - error: {"data":{},"cmd":704,"status":-1076}
2022-01-14 13:34:14:922 - error: -1076
2022-01-14 13:34:14:931 - error: {"cmd":703,"aidx":111,"session":"19020198","achievement_code":2030001,"add_cnt":99}
2022-01-14 13:34:14:931 - error: {"data":{},"cmd":704,"status":-1076}
2022-01-14 13:34:14:931 - error: -1076
2022-01-14 13:34:14:941 - error: {"cmd":703,"aidx":111,"session":"19020198","achievement_code":2030001,"add_cnt":99}
2022-01-14 13:34:14:941 - error: {"data":{},"cmd":704,"status":-1076}
2022-01-14 13:34:14:941 - error: -1076
2022-01-14 13:34:14:951 - error: {"cmd":703,"aidx":111,"session":"19020198","achievement_code":2030001,"add_cnt":99}
2022-01-14 13:34:14:951 - error: {"data":{},"cmd":704,"status":-1076}
2022-01-14 13:34:14:951 - error: -1076
2022-01-14 13:34:14:961 - error: {"cmd":703,"aidx":111,"session":"19020198","achievement_code":2030001,"add_cnt":99}
2022-01-14 13:34:14:961 - error: {"data":{},"cmd":704,"status":-1076}
2022-01-14 13:34:14:961 - error: -1076
2022-01-14 13:34:14:971 - error: {"cmd":703,"aidx":111,"session":"19020198","achievement_code":2030001,"add_cnt":99}
2022-01-14 13:34:14:971 - error: {"data":{},"cmd":704,"status":-1076}
2022-01-14 13:34:14:971 - error: -1076
2022-01-14 13:34:14:981 - error: {"cmd":703,"aidx":111,"session":"19020198","achievement_code":2030001,"add_cnt":99}
2022-01-14 13:34:14:981 - error: {"data":{},"cmd":704,"status":-1076}
2022-01-14 13:34:14:981 - error: -1076
2022-01-14 13:34:14:991 - error: {"cmd":703,"aidx":111,"session":"19020198","achievement_code":2030001,"add_cnt":99}
2022-01-14 13:34:14:992 - error: {"data":{},"cmd":704,"status":-1076}
2022-01-14 13:34:14:992 - error: -1076
2022-01-14 13:34:15:001 - error: {"cmd":703,"aidx":111,"session":"19020198","achievement_code":2030001,"add_cnt":99}
2022-01-14 13:34:15:001 - error: {"data":{},"cmd":704,"status":-1076}
2022-01-14 13:34:15:001 - error: -1076
2022-01-14 13:34:15:011 - error: {"cmd":703,"aidx":111,"session":"19020198","achievement_code":2030001,"add_cnt":99}
2022-01-14 13:34:15:012 - error: {"data":{},"cmd":704,"status":-1076}
2022-01-14 13:34:15:012 - error: -1076
2022-01-14 13:34:15:023 - error: {"cmd":703,"aidx":111,"session":"19020198","achievement_code":2030001,"add_cnt":99}
2022-01-14 13:34:15:023 - error: {"data":{},"cmd":704,"status":-1076}
2022-01-14 13:34:15:023 - error: -1076
2022-01-14 13:34:15:033 - error: {"cmd":703,"aidx":111,"session":"19020198","achievement_code":2030001,"add_cnt":99}
2022-01-14 13:34:15:033 - error: {"data":{},"cmd":704,"status":-1076}
2022-01-14 13:34:15:033 - error: -1076
2022-01-14 13:34:15:045 - error: {"cmd":703,"aidx":111,"session":"19020198","achievement_code":2030001,"add_cnt":99}
2022-01-14 13:34:15:045 - error: {"data":{},"cmd":704,"status":-1076}
2022-01-14 13:34:15:045 - error: -1076
2022-01-14 13:34:15:056 - error: {"cmd":703,"aidx":111,"session":"19020198","achievement_code":2030001,"add_cnt":99}
2022-01-14 13:34:15:056 - error: {"data":{},"cmd":704,"status":-1076}
2022-01-14 13:34:15:056 - error: -1076
2022-01-14 13:34:15:066 - error: {"cmd":703,"aidx":111,"session":"19020198","achievement_code":2030001,"add_cnt":99}
2022-01-14 13:34:15:066 - error: {"data":{},"cmd":704,"status":-1076}
2022-01-14 13:34:15:066 - error: -1076
2022-01-14 13:34:15:077 - error: {"cmd":703,"aidx":111,"session":"19020198","achievement_code":2030001,"add_cnt":99}
2022-01-14 13:34:15:077 - error: {"data":{},"cmd":704,"status":-1076}
2022-01-14 13:34:15:077 - error: -1076
2022-01-14 13:34:15:086 - error: {"cmd":703,"aidx":111,"session":"19020198","achievement_code":2030001,"add_cnt":99}
2022-01-14 13:34:15:086 - error: {"data":{},"cmd":704,"status":-1076}
2022-01-14 13:34:15:087 - error: -1076
2022-01-14 13:34:15:096 - error: {"cmd":703,"aidx":111,"session":"19020198","achievement_code":2030001,"add_cnt":99}
2022-01-14 13:34:15:096 - error: {"data":{},"cmd":704,"status":-1076}
2022-01-14 13:34:15:097 - error: -1076
2022-01-14 13:34:15:106 - error: {"cmd":703,"aidx":111,"session":"19020198","achievement_code":2030001,"add_cnt":99}
2022-01-14 13:34:15:107 - error: {"data":{},"cmd":704,"status":-1076}
2022-01-14 13:34:15:107 - error: -1076
2022-01-14 13:34:15:117 - error: {"cmd":703,"aidx":111,"session":"19020198","achievement_code":2030001,"add_cnt":99}
2022-01-14 13:34:15:117 - error: {"data":{},"cmd":704,"status":-1076}
2022-01-14 13:34:15:117 - error: -1076
2022-01-14 13:34:15:127 - error: {"cmd":703,"aidx":111,"session":"19020198","achievement_code":2030001,"add_cnt":99}
2022-01-14 13:34:15:127 - error: {"data":{},"cmd":704,"status":-1076}
2022-01-14 13:34:15:127 - error: -1076
2022-01-14 13:34:15:138 - error: {"cmd":703,"aidx":111,"session":"19020198","achievement_code":2030001,"add_cnt":99}
2022-01-14 13:34:15:138 - error: {"data":{},"cmd":704,"status":-1076}
2022-01-14 13:34:15:138 - error: -1076
2022-01-14 13:34:15:148 - error: {"cmd":703,"aidx":111,"session":"19020198","achievement_code":2030001,"add_cnt":99}
2022-01-14 13:34:15:148 - error: {"data":{},"cmd":704,"status":-1076}
2022-01-14 13:34:15:148 - error: -1076
2022-01-14 13:34:15:158 - error: {"cmd":703,"aidx":111,"session":"19020198","achievement_code":2030001,"add_cnt":99}
2022-01-14 13:34:15:159 - error: {"data":{},"cmd":704,"status":-1076}
2022-01-14 13:34:15:159 - error: -1076
2022-01-14 13:34:15:168 - error: {"cmd":703,"aidx":111,"session":"19020198","achievement_code":2030001,"add_cnt":99}
2022-01-14 13:34:15:168 - error: {"data":{},"cmd":704,"status":-1076}
2022-01-14 13:34:15:169 - error: -1076
2022-01-14 13:34:15:179 - error: {"cmd":703,"aidx":111,"session":"19020198","achievement_code":2030001,"add_cnt":99}
2022-01-14 13:34:15:179 - error: {"data":{},"cmd":704,"status":-1076}
2022-01-14 13:34:15:179 - error: -1076
2022-01-14 13:34:15:190 - error: {"cmd":703,"aidx":111,"session":"19020198","achievement_code":2030001,"add_cnt":99}
2022-01-14 13:34:15:190 - error: {"data":{},"cmd":704,"status":-1076}
2022-01-14 13:34:15:190 - error: -1076
2022-01-14 13:34:15:201 - error: {"cmd":703,"aidx":111,"session":"19020198","achievement_code":2030001,"add_cnt":99}
2022-01-14 13:34:15:201 - error: {"data":{},"cmd":704,"status":-1076}
2022-01-14 13:34:15:201 - error: -1076
2022-01-14 13:34:15:211 - error: {"cmd":703,"aidx":111,"session":"19020198","achievement_code":2030001,"add_cnt":99}
2022-01-14 13:34:15:211 - error: {"data":{},"cmd":704,"status":-1076}
2022-01-14 13:34:15:211 - error: -1076
2022-01-14 13:34:15:222 - error: {"cmd":703,"aidx":111,"session":"19020198","achievement_code":2030001,"add_cnt":99}
2022-01-14 13:34:15:223 - error: {"data":{},"cmd":704,"status":-1076}
2022-01-14 13:34:15:223 - error: -1076
2022-01-14 13:34:15:233 - error: {"cmd":703,"aidx":111,"session":"19020198","achievement_code":2030001,"add_cnt":99}
2022-01-14 13:34:15:233 - error: {"data":{},"cmd":704,"status":-1076}
2022-01-14 13:34:15:233 - error: -1076
2022-01-14 13:34:15:244 - error: {"cmd":703,"aidx":111,"session":"19020198","achievement_code":2030001,"add_cnt":99}
2022-01-14 13:34:15:245 - error: {"data":{},"cmd":704,"status":-1076}
2022-01-14 13:34:15:245 - error: -1076
2022-01-14 13:34:15:256 - error: {"cmd":703,"aidx":111,"session":"19020198","achievement_code":2030001,"add_cnt":99}
2022-01-14 13:34:15:256 - error: {"data":{},"cmd":704,"status":-1076}
2022-01-14 13:34:15:256 - error: -1076
2022-01-14 13:34:15:268 - error: {"cmd":703,"aidx":111,"session":"19020198","achievement_code":2030001,"add_cnt":99}
2022-01-14 13:34:15:268 - error: {"data":{},"cmd":704,"status":-1076}
2022-01-14 13:34:15:268 - error: -1076
2022-01-14 13:34:15:280 - error: {"cmd":703,"aidx":111,"session":"19020198","achievement_code":2030001,"add_cnt":99}
2022-01-14 13:34:15:280 - error: {"data":{},"cmd":704,"status":-1076}
2022-01-14 13:34:15:280 - error: -1076
2022-01-14 13:34:15:292 - error: {"cmd":703,"aidx":111,"session":"19020198","achievement_code":2030001,"add_cnt":99}
2022-01-14 13:34:15:292 - error: {"data":{},"cmd":704,"status":-1076}
2022-01-14 13:34:15:292 - error: -1076
2022-01-14 13:34:15:305 - error: {"cmd":703,"aidx":111,"session":"19020198","achievement_code":2030001,"add_cnt":99}
2022-01-14 13:34:15:305 - error: {"data":{},"cmd":704,"status":-1076}
2022-01-14 13:34:15:305 - error: -1076
2022-01-14 13:34:15:317 - error: {"cmd":703,"aidx":111,"session":"19020198","achievement_code":2030001,"add_cnt":99}
2022-01-14 13:34:15:317 - error: {"data":{},"cmd":704,"status":-1076}
2022-01-14 13:34:15:317 - error: -1076
2022-01-14 13:34:15:327 - error: {"cmd":703,"aidx":111,"session":"19020198","achievement_code":2030001,"add_cnt":99}
2022-01-14 13:34:15:327 - error: {"data":{},"cmd":704,"status":-1076}
2022-01-14 13:34:15:327 - error: -1076
2022-01-14 13:34:15:337 - error: {"cmd":703,"aidx":111,"session":"19020198","achievement_code":2030001,"add_cnt":99}
2022-01-14 13:34:15:337 - error: {"data":{},"cmd":704,"status":-1076}
2022-01-14 13:34:15:337 - error: -1076
2022-01-14 13:34:15:347 - error: {"cmd":703,"aidx":111,"session":"19020198","achievement_code":2030001,"add_cnt":99}
2022-01-14 13:34:15:348 - error: {"data":{},"cmd":704,"status":-1076}
2022-01-14 13:34:15:348 - error: -1076
2022-01-14 13:34:15:358 - error: {"cmd":703,"aidx":111,"session":"19020198","achievement_code":2030001,"add_cnt":99}
2022-01-14 13:34:15:358 - error: {"data":{},"cmd":704,"status":-1076}
2022-01-14 13:34:15:358 - error: -1076
2022-01-14 13:34:15:367 - error: {"cmd":703,"aidx":111,"session":"19020198","achievement_code":2030001,"add_cnt":99}
2022-01-14 13:34:15:367 - error: {"data":{},"cmd":704,"status":-1076}
2022-01-14 13:34:15:367 - error: -1076
2022-01-14 13:34:15:377 - error: {"cmd":703,"aidx":111,"session":"19020198","achievement_code":2030001,"add_cnt":99}
2022-01-14 13:34:15:377 - error: {"data":{},"cmd":704,"status":-1076}
2022-01-14 13:34:15:378 - error: -1076
2022-01-14 13:34:15:388 - error: {"cmd":703,"aidx":111,"session":"19020198","achievement_code":2030001,"add_cnt":99}
2022-01-14 13:34:15:388 - error: {"data":{},"cmd":704,"status":-1076}
2022-01-14 13:34:15:388 - error: -1076
2022-01-14 13:34:15:398 - error: {"cmd":703,"aidx":111,"session":"19020198","achievement_code":2030001,"add_cnt":99}
2022-01-14 13:34:15:399 - error: {"data":{},"cmd":704,"status":-1076}
2022-01-14 13:34:15:399 - error: -1076
2022-01-14 13:34:15:409 - error: {"cmd":703,"aidx":111,"session":"19020198","achievement_code":2030001,"add_cnt":99}
2022-01-14 13:34:15:409 - error: {"data":{},"cmd":704,"status":-1076}
2022-01-14 13:34:15:409 - error: -1076
2022-01-14 13:34:15:419 - error: {"cmd":703,"aidx":111,"session":"19020198","achievement_code":2030001,"add_cnt":99}
2022-01-14 13:34:15:419 - error: {"data":{},"cmd":704,"status":-1076}
2022-01-14 13:34:15:419 - error: -1076
2022-01-14 13:34:15:429 - error: {"cmd":703,"aidx":111,"session":"19020198","achievement_code":2030001,"add_cnt":99}
2022-01-14 13:34:15:429 - error: {"data":{},"cmd":704,"status":-1076}
2022-01-14 13:34:15:429 - error: -1076
2022-01-14 13:34:15:440 - error: {"cmd":703,"aidx":111,"session":"19020198","achievement_code":2030001,"add_cnt":99}
2022-01-14 13:34:15:440 - error: {"data":{},"cmd":704,"status":-1076}
2022-01-14 13:34:15:440 - error: -1076
2022-01-14 13:34:15:449 - error: {"cmd":703,"aidx":111,"session":"19020198","achievement_code":2030001,"add_cnt":99}
2022-01-14 13:34:15:450 - error: {"data":{},"cmd":704,"status":-1076}
2022-01-14 13:34:15:450 - error: -1076
2022-01-14 13:34:15:460 - error: {"cmd":703,"aidx":111,"session":"19020198","achievement_code":2030001,"add_cnt":99}
2022-01-14 13:34:15:460 - error: {"data":{},"cmd":704,"status":-1076}
2022-01-14 13:34:15:460 - error: -1076
2022-01-14 13:34:15:470 - error: {"cmd":703,"aidx":111,"session":"19020198","achievement_code":2030001,"add_cnt":99}
2022-01-14 13:34:15:470 - error: {"data":{},"cmd":704,"status":-1076}
2022-01-14 13:34:15:470 - error: -1076
2022-01-14 13:34:15:480 - error: {"cmd":703,"aidx":111,"session":"19020198","achievement_code":2030001,"add_cnt":99}
2022-01-14 13:34:15:480 - error: {"data":{},"cmd":704,"status":-1076}
2022-01-14 13:34:15:480 - error: -1076
2022-01-14 13:34:15:490 - error: {"cmd":703,"aidx":111,"session":"19020198","achievement_code":2030001,"add_cnt":99}
2022-01-14 13:34:15:490 - error: {"data":{},"cmd":704,"status":-1076}
2022-01-14 13:34:15:491 - error: -1076
2022-01-14 13:34:15:500 - error: {"cmd":703,"aidx":111,"session":"19020198","achievement_code":2030001,"add_cnt":99}
2022-01-14 13:34:15:500 - error: {"data":{},"cmd":704,"status":-1076}
2022-01-14 13:34:15:500 - error: -1076
2022-01-14 13:34:15:510 - error: {"cmd":703,"aidx":111,"session":"19020198","achievement_code":2030001,"add_cnt":99}
2022-01-14 13:34:15:510 - error: {"data":{},"cmd":704,"status":-1076}
2022-01-14 13:34:15:510 - error: -1076
2022-01-14 13:34:15:520 - error: {"cmd":703,"aidx":111,"session":"19020198","achievement_code":2030001,"add_cnt":99}
2022-01-14 13:34:15:520 - error: {"data":{},"cmd":704,"status":-1076}
2022-01-14 13:34:15:520 - error: -1076
2022-01-14 13:34:15:530 - error: {"cmd":703,"aidx":111,"session":"19020198","achievement_code":2030001,"add_cnt":99}
2022-01-14 13:34:15:530 - error: {"data":{},"cmd":704,"status":-1076}
2022-01-14 13:34:15:530 - error: -1076
2022-01-14 13:34:15:541 - error: {"cmd":703,"aidx":111,"session":"19020198","achievement_code":2030001,"add_cnt":99}
2022-01-14 13:34:15:541 - error: {"data":{},"cmd":704,"status":-1076}
2022-01-14 13:34:15:541 - error: -1076
2022-01-14 13:34:15:550 - error: {"cmd":703,"aidx":111,"session":"19020198","achievement_code":2030001,"add_cnt":99}
2022-01-14 13:34:15:551 - error: {"data":{},"cmd":704,"status":-1076}
2022-01-14 13:34:15:551 - error: -1076
2022-01-14 13:34:15:561 - error: {"cmd":703,"aidx":111,"session":"19020198","achievement_code":2030001,"add_cnt":99}
2022-01-14 13:34:15:561 - error: {"data":{},"cmd":704,"status":-1076}
2022-01-14 13:34:15:562 - error: -1076
2022-01-14 13:34:15:572 - error: {"cmd":703,"aidx":111,"session":"19020198","achievement_code":2030001,"add_cnt":99}
2022-01-14 13:34:15:572 - error: {"data":{},"cmd":704,"status":-1076}
2022-01-14 13:34:15:572 - error: -1076
2022-01-14 13:34:15:582 - error: {"cmd":703,"aidx":111,"session":"19020198","achievement_code":2030001,"add_cnt":99}
2022-01-14 13:34:15:582 - error: {"data":{},"cmd":704,"status":-1076}
2022-01-14 13:34:15:582 - error: -1076
2022-01-14 13:34:15:593 - error: {"cmd":703,"aidx":111,"session":"19020198","achievement_code":2030001,"add_cnt":99}
2022-01-14 13:34:15:593 - error: {"data":{},"cmd":704,"status":-1076}
2022-01-14 13:34:15:593 - error: -1076
2022-01-14 13:34:15:603 - error: {"cmd":703,"aidx":111,"session":"19020198","achievement_code":2030001,"add_cnt":99}
2022-01-14 13:34:15:603 - error: {"data":{},"cmd":704,"status":-1076}
2022-01-14 13:34:15:604 - error: -1076
2022-01-14 13:34:15:614 - error: {"cmd":703,"aidx":111,"session":"19020198","achievement_code":2030001,"add_cnt":99}
2022-01-14 13:34:15:614 - error: {"data":{},"cmd":704,"status":-1076}
2022-01-14 13:34:15:614 - error: -1076
2022-01-14 13:34:15:624 - error: {"cmd":703,"aidx":111,"session":"19020198","achievement_code":2030001,"add_cnt":99}
2022-01-14 13:34:15:624 - error: {"data":{},"cmd":704,"status":-1076}
2022-01-14 13:34:15:624 - error: -1076
2022-01-14 13:34:15:634 - error: {"cmd":703,"aidx":111,"session":"19020198","achievement_code":2030001,"add_cnt":99}
2022-01-14 13:34:15:634 - error: {"data":{},"cmd":704,"status":-1076}
2022-01-14 13:34:15:635 - error: -1076
2022-01-14 13:34:15:645 - error: {"cmd":703,"aidx":111,"session":"19020198","achievement_code":2030001,"add_cnt":99}
2022-01-14 13:34:15:645 - error: {"data":{},"cmd":704,"status":-1076}
2022-01-14 13:34:15:645 - error: -1076
2022-01-14 13:34:15:655 - error: {"cmd":703,"aidx":111,"session":"19020198","achievement_code":2030001,"add_cnt":99}
2022-01-14 13:34:15:655 - error: {"data":{},"cmd":704,"status":-1076}
2022-01-14 13:34:15:655 - error: -1076
2022-01-14 13:34:15:665 - error: {"cmd":703,"aidx":111,"session":"19020198","achievement_code":2030001,"add_cnt":99}
2022-01-14 13:34:15:665 - error: {"data":{},"cmd":704,"status":-1076}
2022-01-14 13:34:15:665 - error: -1076
2022-01-14 13:34:15:675 - error: {"cmd":703,"aidx":111,"session":"19020198","achievement_code":2030001,"add_cnt":99}
2022-01-14 13:34:15:675 - error: {"data":{},"cmd":704,"status":-1076}
2022-01-14 13:34:15:676 - error: -1076
2022-01-14 13:34:15:684 - error: {"cmd":703,"aidx":111,"session":"19020198","achievement_code":2030001,"add_cnt":99}
2022-01-14 13:34:15:684 - error: {"data":{},"cmd":704,"status":-1076}
2022-01-14 13:34:15:685 - error: -1076
2022-01-14 13:34:15:694 - error: {"cmd":703,"aidx":111,"session":"19020198","achievement_code":2030001,"add_cnt":99}
2022-01-14 13:34:15:695 - error: {"data":{},"cmd":704,"status":-1076}
2022-01-14 13:34:15:695 - error: -1076
2022-01-14 13:34:15:705 - error: {"cmd":703,"aidx":111,"session":"19020198","achievement_code":2030001,"add_cnt":99}
2022-01-14 13:34:15:705 - error: {"data":{},"cmd":704,"status":-1076}
2022-01-14 13:34:15:705 - error: -1076
2022-01-14 13:34:15:715 - error: {"cmd":703,"aidx":111,"session":"19020198","achievement_code":2030001,"add_cnt":99}
2022-01-14 13:34:15:715 - error: {"data":{},"cmd":704,"status":-1076}
2022-01-14 13:34:15:716 - error: -1076
2022-01-14 13:34:15:725 - error: {"cmd":703,"aidx":111,"session":"19020198","achievement_code":2030001,"add_cnt":99}
2022-01-14 13:34:15:725 - error: {"data":{},"cmd":704,"status":-1076}
2022-01-14 13:34:15:726 - error: -1076
2022-01-14 13:34:15:735 - error: {"cmd":703,"aidx":111,"session":"19020198","achievement_code":2030001,"add_cnt":99}
2022-01-14 13:34:15:736 - error: {"data":{},"cmd":704,"status":-1076}
2022-01-14 13:34:15:736 - error: -1076
2022-01-14 13:34:15:746 - error: {"cmd":703,"aidx":111,"session":"19020198","achievement_code":2030001,"add_cnt":99}
2022-01-14 13:34:15:746 - error: {"data":{},"cmd":704,"status":-1076}
2022-01-14 13:34:15:746 - error: -1076
2022-01-14 13:34:15:756 - error: {"cmd":703,"aidx":111,"session":"19020198","achievement_code":2030001,"add_cnt":99}
2022-01-14 13:34:15:756 - error: {"data":{},"cmd":704,"status":-1076}
2022-01-14 13:34:15:756 - error: -1076
2022-01-14 13:34:15:766 - error: {"cmd":703,"aidx":111,"session":"19020198","achievement_code":2030001,"add_cnt":99}
2022-01-14 13:34:15:766 - error: {"data":{},"cmd":704,"status":-1076}
2022-01-14 13:34:15:766 - error: -1076
2022-01-14 13:34:15:776 - error: {"cmd":703,"aidx":111,"session":"19020198","achievement_code":2030001,"add_cnt":99}
2022-01-14 13:34:15:776 - error: {"data":{},"cmd":704,"status":-1076}
2022-01-14 13:34:15:776 - error: -1076
2022-01-14 13:34:15:786 - error: {"cmd":703,"aidx":111,"session":"19020198","achievement_code":2030001,"add_cnt":99}
2022-01-14 13:34:15:786 - error: {"data":{},"cmd":704,"status":-1076}
2022-01-14 13:34:15:787 - error: -1076
2022-01-14 13:34:15:797 - error: {"cmd":703,"aidx":111,"session":"19020198","achievement_code":2030001,"add_cnt":99}
2022-01-14 13:34:15:797 - error: {"data":{},"cmd":704,"status":-1076}
2022-01-14 13:34:15:797 - error: -1076
2022-01-14 13:34:15:807 - error: {"cmd":703,"aidx":111,"session":"19020198","achievement_code":2030001,"add_cnt":99}
2022-01-14 13:34:15:808 - error: {"data":{},"cmd":704,"status":-1076}
2022-01-14 13:34:15:808 - error: -1076
2022-01-14 13:34:15:817 - error: {"cmd":703,"aidx":111,"session":"19020198","achievement_code":2030001,"add_cnt":99}
2022-01-14 13:34:15:817 - error: {"data":{},"cmd":704,"status":-1076}
2022-01-14 13:34:15:818 - error: -1076
2022-01-14 13:34:15:827 - error: {"cmd":703,"aidx":111,"session":"19020198","achievement_code":2030001,"add_cnt":99}
2022-01-14 13:34:15:827 - error: {"data":{},"cmd":704,"status":-1076}
2022-01-14 13:34:15:828 - error: -1076
2022-01-14 13:34:15:837 - error: {"cmd":703,"aidx":111,"session":"19020198","achievement_code":2030001,"add_cnt":99}
2022-01-14 13:34:15:837 - error: {"data":{},"cmd":704,"status":-1076}
2022-01-14 13:34:15:837 - error: -1076
2022-01-14 13:34:15:847 - error: {"cmd":703,"aidx":111,"session":"19020198","achievement_code":2030001,"add_cnt":99}
2022-01-14 13:34:15:847 - error: {"data":{},"cmd":704,"status":-1076}
2022-01-14 13:34:15:847 - error: -1076
2022-01-14 13:34:15:859 - error: {"cmd":703,"aidx":111,"session":"19020198","achievement_code":2030001,"add_cnt":99}
2022-01-14 13:34:15:859 - error: {"data":{},"cmd":704,"status":-1076}
2022-01-14 13:34:15:859 - error: -1076
2022-01-14 13:34:16:080 - error: {"cmd":703,"aidx":111,"session":"19020198","achievement_code":2030001,"add_cnt":99}
2022-01-14 13:34:16:080 - error: {"data":{},"cmd":704,"status":-1076}
2022-01-14 13:34:16:080 - error: -1076
2022-01-14 13:34:16:089 - error: {"cmd":703,"aidx":111,"session":"19020198","achievement_code":2030001,"add_cnt":99}
2022-01-14 13:34:16:089 - error: {"data":{},"cmd":704,"status":-1076}
2022-01-14 13:34:16:090 - error: -1076
2022-01-14 13:34:16:100 - error: {"cmd":703,"aidx":111,"session":"19020198","achievement_code":2030001,"add_cnt":99}
2022-01-14 13:34:16:100 - error: {"data":{},"cmd":704,"status":-1076}
2022-01-14 13:34:16:100 - error: -1076
2022-01-14 13:34:16:111 - error: {"cmd":703,"aidx":111,"session":"19020198","achievement_code":2030001,"add_cnt":99}
2022-01-14 13:34:16:111 - error: {"data":{},"cmd":704,"status":-1076}
2022-01-14 13:34:16:111 - error: -1076
2022-01-14 13:34:16:121 - error: {"cmd":703,"aidx":111,"session":"19020198","achievement_code":2030001,"add_cnt":99}
2022-01-14 13:34:16:121 - error: {"data":{},"cmd":704,"status":-1076}
2022-01-14 13:34:16:121 - error: -1076
2022-01-14 13:34:16:132 - error: {"cmd":703,"aidx":111,"session":"19020198","achievement_code":2030001,"add_cnt":99}
2022-01-14 13:34:16:132 - error: {"data":{},"cmd":704,"status":-1076}
2022-01-14 13:34:16:132 - error: -1076
2022-01-14 13:34:16:142 - error: {"cmd":703,"aidx":111,"session":"19020198","achievement_code":2030001,"add_cnt":99}
2022-01-14 13:34:16:142 - error: {"data":{},"cmd":704,"status":-1076}
2022-01-14 13:34:16:143 - error: -1076
2022-01-14 13:34:16:153 - error: {"cmd":703,"aidx":111,"session":"19020198","achievement_code":2030001,"add_cnt":99}
2022-01-14 13:34:16:153 - error: {"data":{},"cmd":704,"status":-1076}
2022-01-14 13:34:16:153 - error: -1076
2022-01-14 13:34:16:164 - error: {"cmd":703,"aidx":111,"session":"19020198","achievement_code":2030001,"add_cnt":99}
2022-01-14 13:34:16:164 - error: {"data":{},"cmd":704,"status":-1076}
2022-01-14 13:34:16:164 - error: -1076
2022-01-14 13:34:16:174 - error: {"cmd":703,"aidx":111,"session":"19020198","achievement_code":2030001,"add_cnt":99}
2022-01-14 13:34:16:174 - error: {"data":{},"cmd":704,"status":-1076}
2022-01-14 13:34:16:174 - error: -1076
2022-01-14 13:34:16:184 - error: {"cmd":703,"aidx":111,"session":"19020198","achievement_code":2030001,"add_cnt":99}
2022-01-14 13:34:16:184 - error: {"data":{},"cmd":704,"status":-1076}
2022-01-14 13:34:16:185 - error: -1076
2022-01-14 13:34:16:194 - error: {"cmd":703,"aidx":111,"session":"19020198","achievement_code":2030001,"add_cnt":99}
2022-01-14 13:34:16:194 - error: {"data":{},"cmd":704,"status":-1076}
2022-01-14 13:34:16:194 - error: -1076
2022-01-14 13:34:16:205 - error: {"cmd":703,"aidx":111,"session":"19020198","achievement_code":2030001,"add_cnt":99}
2022-01-14 13:34:16:205 - error: {"data":{},"cmd":704,"status":-1076}
2022-01-14 13:34:16:205 - error: -1076
2022-01-14 13:34:16:214 - error: {"cmd":703,"aidx":111,"session":"19020198","achievement_code":2030001,"add_cnt":99}
2022-01-14 13:34:16:214 - error: {"data":{},"cmd":704,"status":-1076}
2022-01-14 13:34:16:215 - error: -1076
2022-01-14 13:34:16:226 - error: {"cmd":703,"aidx":111,"session":"19020198","achievement_code":2030001,"add_cnt":99}
2022-01-14 13:34:16:226 - error: {"data":{},"cmd":704,"status":-1076}
2022-01-14 13:34:16:227 - error: -1076
2022-01-14 13:34:16:236 - error: {"cmd":703,"aidx":111,"session":"19020198","achievement_code":2030001,"add_cnt":99}
2022-01-14 13:34:16:237 - error: {"data":{},"cmd":704,"status":-1076}
2022-01-14 13:34:16:237 - error: -1076
2022-01-14 13:34:16:247 - error: {"cmd":703,"aidx":111,"session":"19020198","achievement_code":2030001,"add_cnt":99}
2022-01-14 13:34:16:247 - error: {"data":{},"cmd":704,"status":-1076}
2022-01-14 13:34:16:247 - error: -1076
2022-01-14 13:34:16:257 - error: {"cmd":703,"aidx":111,"session":"19020198","achievement_code":2030001,"add_cnt":99}
2022-01-14 13:34:16:257 - error: {"data":{},"cmd":704,"status":-1076}
2022-01-14 13:34:16:257 - error: -1076
2022-01-14 13:34:16:267 - error: {"cmd":703,"aidx":111,"session":"19020198","achievement_code":2030001,"add_cnt":99}
2022-01-14 13:34:16:267 - error: {"data":{},"cmd":704,"status":-1076}
2022-01-14 13:34:16:267 - error: -1076
2022-01-14 13:34:16:277 - error: {"cmd":703,"aidx":111,"session":"19020198","achievement_code":2030001,"add_cnt":99}
2022-01-14 13:34:16:277 - error: {"data":{},"cmd":704,"status":-1076}
2022-01-14 13:34:16:278 - error: -1076
2022-01-14 13:34:16:288 - error: {"cmd":703,"aidx":111,"session":"19020198","achievement_code":2030001,"add_cnt":99}
2022-01-14 13:34:16:288 - error: {"data":{},"cmd":704,"status":-1076}
2022-01-14 13:34:16:288 - error: -1076
2022-01-14 13:34:16:298 - error: {"cmd":703,"aidx":111,"session":"19020198","achievement_code":2030001,"add_cnt":99}
2022-01-14 13:34:16:298 - error: {"data":{},"cmd":704,"status":-1076}
2022-01-14 13:34:16:298 - error: -1076
2022-01-14 13:34:16:308 - error: {"cmd":703,"aidx":111,"session":"19020198","achievement_code":2030001,"add_cnt":99}
2022-01-14 13:34:16:308 - error: {"data":{},"cmd":704,"status":-1076}
2022-01-14 13:34:16:308 - error: -1076
2022-01-14 13:34:16:318 - error: {"cmd":703,"aidx":111,"session":"19020198","achievement_code":2030001,"add_cnt":99}
2022-01-14 13:34:16:318 - error: {"data":{},"cmd":704,"status":-1076}
2022-01-14 13:34:16:318 - error: -1076
2022-01-14 13:34:16:328 - error: {"cmd":703,"aidx":111,"session":"19020198","achievement_code":2030001,"add_cnt":99}
2022-01-14 13:34:16:328 - error: {"data":{},"cmd":704,"status":-1076}
2022-01-14 13:34:16:328 - error: -1076
2022-01-14 13:34:16:339 - error: {"cmd":703,"aidx":111,"session":"19020198","achievement_code":2030001,"add_cnt":99}
2022-01-14 13:34:16:339 - error: {"data":{},"cmd":704,"status":-1076}
2022-01-14 13:34:16:339 - error: -1076
2022-01-14 13:34:16:349 - error: {"cmd":703,"aidx":111,"session":"19020198","achievement_code":2030001,"add_cnt":99}
2022-01-14 13:34:16:349 - error: {"data":{},"cmd":704,"status":-1076}
2022-01-14 13:34:16:350 - error: -1076
2022-01-14 13:34:16:359 - error: {"cmd":703,"aidx":111,"session":"19020198","achievement_code":2030001,"add_cnt":99}
2022-01-14 13:34:16:359 - error: {"data":{},"cmd":704,"status":-1076}
2022-01-14 13:34:16:359 - error: -1076
