2022-02-04 14:45:41:760 - info: main : redis-connect-database = 0 : 49.50.172.145:6379
2022-02-04 14:45:41:766 - info: sub : redis-connect-database = 1 : 49.50.172.145:6379
2022-02-04 14:45:41:767 - info: connect sub redis : ["server_message"]
2022-02-04 14:45:41:769 - info: msg : redis-connect-database = 2 : 49.50.172.145:6379
2022-02-04 14:45:41:773 - info: mysql freemeta_com com db init : 49.50.172.145:3306
2022-02-04 14:45:41:773 - info: mysql freemeta_log log db init : 49.50.172.145:3306
2022-02-04 14:45:41:773 - info: mysql freemeta_msg msg db init : 49.50.172.145:3306
2022-02-04 14:45:41:790 - info: mysql freemeta_01 shard db init : 10.36.69.58:3306
2022-02-04 14:45:41:813 - info: load achievement reference table success !!
2022-02-04 14:45:41:820 - info: load character reference table success !!
2022-02-04 14:45:41:845 - info: load collection reference table success !!
2022-02-04 14:45:41:853 - info: load daily attendance reference table success !!
2022-02-04 14:45:41:912 - info: load item reference table success !!
2022-02-04 14:45:41:923 - info: load open world reference table success !!
2022-02-04 14:45:41:930 - info: load payment reference table success !!
2022-02-04 14:45:41:937 - info: load play world reference table success !!
2022-02-04 14:45:41:945 - info: load ranking reward reference table success !!
2022-02-04 14:45:41:970 - info: load reward reference table success !!
2022-02-04 14:45:41:978 - info: load reward_fishing reference table success !!
2022-02-04 14:45:41:985 - info: load system shop reference table success !!
2022-02-04 14:45:42:373 - info: 서버가 시작되었습니다. [port:8080]
2022-02-04 14:45:42:373 - info: try to start [freemeta game server] : http://127.0.0.1:8080
2022-02-04 14:45:42:373 - info: packet status : packet status not recorded yet.
2022-02-04 14:46:22:424 - error: {"aidx":5,"session":"69380520","collection_code":101003,"seq":6,"cmd":709}
2022-02-04 14:46:22:425 - error: {"data":{},"cmd":710,"status":-1078}
2022-02-04 14:46:22:425 - error: -1078
2022-02-04 14:50:41:794 - info: [game db pool] all : 2, wait : 0, acqu : 0, free : 2
2022-02-04 14:50:41:795 - info: [log db pool ] all : 1, wait : 0, acqu : 0, free : 1
2022-02-04 14:50:41:795 - info: [msg db pool ] all : 1, wait : 0, acqu : 0, free : 1
2022-02-04 14:50:41:795 - info: [shard db pool : [1] ] all : 1, wait : 0, acqu : 0, free : 1
2022-02-04 14:50:42:380 - info: packet status : {"103":{"cmd":103,"key":"login","call":1,"total":0,"max":0,"min":0,"average":0},"707":{"cmd":707,"key":"collection_list","call":2,"total":0,"max":0,"min":0,"average":0},"709":{"cmd":709,"key":"collection_update","call":4,"total":0,"max":0,"min":0,"average":0}}
2022-02-04 14:55:41:768 - info: main: redis pong
2022-02-04 14:55:41:768 - info: sub: redis pong
2022-02-04 14:55:41:770 - info: msg: redis pong
2022-02-04 14:55:41:795 - info: [game db pool] all : 2, wait : 0, acqu : 0, free : 2
2022-02-04 14:55:41:795 - info: [log db pool ] all : 1, wait : 0, acqu : 0, free : 1
2022-02-04 14:55:41:795 - info: [msg db pool ] all : 1, wait : 0, acqu : 0, free : 1
2022-02-04 14:55:41:795 - info: [shard db pool : [1] ] all : 1, wait : 0, acqu : 0, free : 1
2022-02-04 14:55:42:388 - info: packet status : {"103":{"cmd":103,"key":"login","call":1,"total":0,"max":0,"min":0,"average":0},"707":{"cmd":707,"key":"collection_list","call":2,"total":0,"max":0,"min":0,"average":0},"709":{"cmd":709,"key":"collection_update","call":4,"total":0,"max":0,"min":0,"average":0}}
2022-02-04 15:00:41:796 - info: [game db pool] all : 2, wait : 0, acqu : 0, free : 2
2022-02-04 15:00:41:796 - info: [log db pool ] all : 1, wait : 0, acqu : 0, free : 1
2022-02-04 15:00:41:796 - info: [msg db pool ] all : 1, wait : 0, acqu : 0, free : 1
2022-02-04 15:00:41:796 - info: [shard db pool : [1] ] all : 1, wait : 0, acqu : 0, free : 1
2022-02-04 15:00:42:399 - info: packet status : {"103":{"cmd":103,"key":"login","call":1,"total":0,"max":0,"min":0,"average":0},"707":{"cmd":707,"key":"collection_list","call":2,"total":0,"max":0,"min":0,"average":0},"709":{"cmd":709,"key":"collection_update","call":4,"total":0,"max":0,"min":0,"average":0}}
2022-02-04 15:05:41:768 - info: main: redis pong
2022-02-04 15:05:41:769 - info: sub: redis pong
2022-02-04 15:05:41:771 - info: msg: redis pong
2022-02-04 15:05:41:797 - info: [game db pool] all : 2, wait : 0, acqu : 0, free : 2
2022-02-04 15:05:41:797 - info: [log db pool ] all : 1, wait : 0, acqu : 0, free : 1
2022-02-04 15:05:41:797 - info: [msg db pool ] all : 1, wait : 0, acqu : 0, free : 1
2022-02-04 15:05:41:797 - info: [shard db pool : [1] ] all : 1, wait : 0, acqu : 0, free : 1
2022-02-04 15:05:42:414 - info: packet status : {"103":{"cmd":103,"key":"login","call":1,"total":0,"max":0,"min":0,"average":0},"707":{"cmd":707,"key":"collection_list","call":2,"total":0,"max":0,"min":0,"average":0},"709":{"cmd":709,"key":"collection_update","call":4,"total":0,"max":0,"min":0,"average":0}}
2022-02-04 15:10:41:798 - info: [game db pool] all : 2, wait : 0, acqu : 0, free : 2
2022-02-04 15:10:41:798 - info: [log db pool ] all : 1, wait : 0, acqu : 0, free : 1
2022-02-04 15:10:41:798 - info: [msg db pool ] all : 1, wait : 0, acqu : 0, free : 1
2022-02-04 15:10:41:798 - info: [shard db pool : [1] ] all : 1, wait : 0, acqu : 0, free : 1
2022-02-04 15:10:42:420 - info: packet status : {"103":{"cmd":103,"key":"login","call":1,"total":0,"max":0,"min":0,"average":0},"707":{"cmd":707,"key":"collection_list","call":2,"total":0,"max":0,"min":0,"average":0},"709":{"cmd":709,"key":"collection_update","call":4,"total":0,"max":0,"min":0,"average":0}}
2022-02-04 15:15:41:780 - info: main: redis pong
2022-02-04 15:15:41:781 - info: sub: redis pong
2022-02-04 15:15:41:781 - info: msg: redis pong
2022-02-04 15:15:41:808 - info: [game db pool] all : 2, wait : 0, acqu : 0, free : 2
2022-02-04 15:15:41:808 - info: [log db pool ] all : 1, wait : 0, acqu : 0, free : 1
2022-02-04 15:15:41:808 - info: [msg db pool ] all : 1, wait : 0, acqu : 0, free : 1
2022-02-04 15:15:41:808 - info: [shard db pool : [1] ] all : 1, wait : 0, acqu : 0, free : 1
2022-02-04 15:15:42:425 - info: packet status : {"103":{"cmd":103,"key":"login","call":1,"total":0,"max":0,"min":0,"average":0},"707":{"cmd":707,"key":"collection_list","call":2,"total":0,"max":0,"min":0,"average":0},"709":{"cmd":709,"key":"collection_update","call":4,"total":0,"max":0,"min":0,"average":0}}
2022-02-04 15:20:41:814 - info: [game db pool] all : 2, wait : 0, acqu : 0, free : 2
2022-02-04 15:20:41:814 - info: [log db pool ] all : 1, wait : 0, acqu : 0, free : 1
2022-02-04 15:20:41:814 - info: [msg db pool ] all : 1, wait : 0, acqu : 0, free : 1
2022-02-04 15:20:41:814 - info: [shard db pool : [1] ] all : 1, wait : 0, acqu : 0, free : 1
2022-02-04 15:20:42:419 - info: packet status : {"103":{"cmd":103,"key":"login","call":1,"total":0,"max":0,"min":0,"average":0},"707":{"cmd":707,"key":"collection_list","call":2,"total":0,"max":0,"min":0,"average":0},"709":{"cmd":709,"key":"collection_update","call":4,"total":0,"max":0,"min":0,"average":0}}
2022-02-04 15:25:41:760 - info: main: redis pong
2022-02-04 15:25:41:760 - info: msg: redis pong
2022-02-04 15:25:41:760 - info: sub: redis pong
2022-02-04 15:25:41:802 - info: [game db pool] all : 2, wait : 0, acqu : 0, free : 2
2022-02-04 15:25:41:802 - info: [log db pool ] all : 1, wait : 0, acqu : 0, free : 1
2022-02-04 15:25:41:802 - info: [msg db pool ] all : 1, wait : 0, acqu : 0, free : 1
2022-02-04 15:25:41:802 - info: [shard db pool : [1] ] all : 1, wait : 0, acqu : 0, free : 1
2022-02-04 15:25:42:418 - info: packet status : {"103":{"cmd":103,"key":"login","call":1,"total":0,"max":0,"min":0,"average":0},"707":{"cmd":707,"key":"collection_list","call":2,"total":0,"max":0,"min":0,"average":0},"709":{"cmd":709,"key":"collection_update","call":4,"total":0,"max":0,"min":0,"average":0}}
2022-02-04 15:30:41:802 - info: [game db pool] all : 2, wait : 0, acqu : 0, free : 2
2022-02-04 15:30:41:802 - info: [log db pool ] all : 1, wait : 0, acqu : 0, free : 1
2022-02-04 15:30:41:802 - info: [msg db pool ] all : 1, wait : 0, acqu : 0, free : 1
2022-02-04 15:30:41:802 - info: [shard db pool : [1] ] all : 1, wait : 0, acqu : 0, free : 1
2022-02-04 15:30:42:419 - info: packet status : {"103":{"cmd":103,"key":"login","call":1,"total":0,"max":0,"min":0,"average":0},"707":{"cmd":707,"key":"collection_list","call":2,"total":0,"max":0,"min":0,"average":0},"709":{"cmd":709,"key":"collection_update","call":4,"total":0,"max":0,"min":0,"average":0}}
2022-02-04 15:35:41:754 - info: main: redis pong
2022-02-04 15:35:41:754 - info: msg: redis pong
2022-02-04 15:35:41:754 - info: sub: redis pong
2022-02-04 15:35:41:797 - info: [game db pool] all : 2, wait : 0, acqu : 0, free : 2
2022-02-04 15:35:41:797 - info: [log db pool ] all : 1, wait : 0, acqu : 0, free : 1
2022-02-04 15:35:41:797 - info: [msg db pool ] all : 1, wait : 0, acqu : 0, free : 1
2022-02-04 15:35:41:797 - info: [shard db pool : [1] ] all : 1, wait : 0, acqu : 0, free : 1
2022-02-04 15:35:42:415 - info: packet status : {"103":{"cmd":103,"key":"login","call":1,"total":0,"max":0,"min":0,"average":0},"707":{"cmd":707,"key":"collection_list","call":2,"total":0,"max":0,"min":0,"average":0},"709":{"cmd":709,"key":"collection_update","call":4,"total":0,"max":0,"min":0,"average":0}}
2022-02-04 15:40:41:802 - info: [game db pool] all : 2, wait : 0, acqu : 0, free : 2
2022-02-04 15:40:41:802 - info: [log db pool ] all : 1, wait : 0, acqu : 0, free : 1
2022-02-04 15:40:41:802 - info: [msg db pool ] all : 1, wait : 0, acqu : 0, free : 1
2022-02-04 15:40:41:802 - info: [shard db pool : [1] ] all : 1, wait : 0, acqu : 0, free : 1
2022-02-04 15:40:42:418 - info: packet status : {"103":{"cmd":103,"key":"login","call":1,"total":0,"max":0,"min":0,"average":0},"707":{"cmd":707,"key":"collection_list","call":2,"total":0,"max":0,"min":0,"average":0},"709":{"cmd":709,"key":"collection_update","call":4,"total":0,"max":0,"min":0,"average":0}}
2022-02-04 15:45:41:746 - info: main: redis pong
2022-02-04 15:45:41:747 - info: sub: redis pong
2022-02-04 15:45:41:747 - info: msg: redis pong
2022-02-04 15:45:41:804 - info: [game db pool] all : 2, wait : 0, acqu : 0, free : 2
2022-02-04 15:45:41:804 - info: [log db pool ] all : 1, wait : 0, acqu : 0, free : 1
2022-02-04 15:45:41:804 - info: [msg db pool ] all : 1, wait : 0, acqu : 0, free : 1
2022-02-04 15:45:41:804 - info: [shard db pool : [1] ] all : 1, wait : 0, acqu : 0, free : 1
2022-02-04 15:45:42:424 - info: packet status : {"103":{"cmd":103,"key":"login","call":1,"total":0,"max":0,"min":0,"average":0},"707":{"cmd":707,"key":"collection_list","call":2,"total":0,"max":0,"min":0,"average":0},"709":{"cmd":709,"key":"collection_update","call":4,"total":0,"max":0,"min":0,"average":0}}
2022-02-04 15:50:41:810 - info: [game db pool] all : 2, wait : 0, acqu : 0, free : 2
2022-02-04 15:50:41:810 - info: [log db pool ] all : 1, wait : 0, acqu : 0, free : 1
2022-02-04 15:50:41:810 - info: [msg db pool ] all : 1, wait : 0, acqu : 0, free : 1
2022-02-04 15:50:41:811 - info: [shard db pool : [1] ] all : 1, wait : 0, acqu : 0, free : 1
2022-02-04 15:50:42:428 - info: packet status : {"103":{"cmd":103,"key":"login","call":1,"total":0,"max":0,"min":0,"average":0},"707":{"cmd":707,"key":"collection_list","call":2,"total":0,"max":0,"min":0,"average":0},"709":{"cmd":709,"key":"collection_update","call":4,"total":0,"max":0,"min":0,"average":0}}
2022-02-04 15:55:41:747 - info: main: redis pong
2022-02-04 15:55:41:747 - info: msg: redis pong
2022-02-04 15:55:41:747 - info: sub: redis pong
2022-02-04 15:55:41:821 - info: [game db pool] all : 2, wait : 0, acqu : 0, free : 2
2022-02-04 15:55:41:821 - info: [log db pool ] all : 1, wait : 0, acqu : 0, free : 1
2022-02-04 15:55:41:821 - info: [msg db pool ] all : 1, wait : 0, acqu : 0, free : 1
2022-02-04 15:55:41:821 - info: [shard db pool : [1] ] all : 1, wait : 0, acqu : 0, free : 1
2022-02-04 15:55:42:440 - info: packet status : {"103":{"cmd":103,"key":"login","call":1,"total":0,"max":0,"min":0,"average":0},"707":{"cmd":707,"key":"collection_list","call":2,"total":0,"max":0,"min":0,"average":0},"709":{"cmd":709,"key":"collection_update","call":4,"total":0,"max":0,"min":0,"average":0}}
