2022-02-14 11:07:15:006 - info: main : redis-connect-database = 0 : 49.50.172.145:6379
2022-02-14 11:07:15:011 - info: connect sub redis : ["server_message"]
2022-02-14 11:07:15:012 - info: sub : redis-connect-database = 1 : 49.50.172.145:6379
2022-02-14 11:07:15:015 - info: msg : redis-connect-database = 2 : 49.50.172.145:6379
2022-02-14 11:07:15:019 - info: mysql freemeta_com com db init : 49.50.172.145:3306
2022-02-14 11:07:15:019 - info: mysql freemeta_log log db init : 49.50.172.145:3306
2022-02-14 11:07:15:019 - info: mysql freemeta_msg msg db init : 49.50.172.145:3306
2022-02-14 11:07:15:034 - info: mysql freemeta_01 shard db init : 10.36.69.58:3306
2022-02-14 11:07:15:057 - info: load achievement reference table success !!
2022-02-14 11:07:15:063 - info: load character reference table success !!
2022-02-14 11:07:15:089 - info: load collection reference table success !!
2022-02-14 11:07:15:096 - info: load daily attendance reference table success !!
2022-02-14 11:07:15:155 - info: load item reference table success !!
2022-02-14 11:07:15:165 - info: load open world reference table success !!
2022-02-14 11:07:15:172 - info: load payment reference table success !!
2022-02-14 11:07:15:178 - info: load play world reference table success !!
2022-02-14 11:07:15:185 - info: load ranking reward reference table success !!
2022-02-14 11:07:15:208 - info: load reward reference table success !!
2022-02-14 11:07:15:215 - info: load reward_fishing reference table success !!
2022-02-14 11:07:15:223 - info: load system shop reference table success !!
2022-02-14 11:07:15:599 - info: 서버가 시작되었습니다. [port:8080]
2022-02-14 11:07:15:599 - info: try to start [freemeta game server] : http://175.123.90.25:8080
2022-02-14 11:07:15:599 - info: packet status : packet status not recorded yet.
2022-02-14 11:12:15:041 - info: [game db pool] all : 2, wait : 0, acqu : 0, free : 2
2022-02-14 11:12:15:042 - info: [log db pool ] all : 1, wait : 0, acqu : 0, free : 1
2022-02-14 11:12:15:042 - info: [msg db pool ] all : 1, wait : 0, acqu : 0, free : 1
2022-02-14 11:12:15:042 - info: [shard db pool : [1] ] all : 1, wait : 0, acqu : 0, free : 1
2022-02-14 11:12:15:599 - info: packet status : {"103":{"cmd":103,"key":"login","call":4,"total":0,"max":0,"min":0,"average":0},"111":{"cmd":111,"key":"user_preview_list","call":16,"total":0,"max":0,"min":0,"average":0},"301":{"cmd":301,"key":"attendance_list","call":4,"total":0,"max":0,"min":0,"average":0},"327":{"cmd":327,"key":"payment_reward","call":4,"total":0,"max":0,"min":0,"average":0},"405":{"cmd":405,"key":"world_list","call":4,"total":0,"max":0,"min":0,"average":0},"415":{"cmd":415,"key":"world_item_list","call":2,"total":0,"max":0,"min":0,"average":0},"421":{"cmd":421,"key":"world_map_gather_cooltime","call":2,"total":0,"max":0,"min":0,"average":0},"603":{"cmd":603,"key":"friend_list","call":4,"total":0,"max":0,"min":0,"average":0},"605":{"cmd":605,"key":"friend_following_list","call":4,"total":0,"max":0,"min":0,"average":0},"607":{"cmd":607,"key":"friend_follower_list","call":4,"total":0,"max":0,"min":0,"average":0},"615":{"cmd":615,"key":"friend_count","call":4,"total":0,"max":0,"min":0,"average":0},"631":{"cmd":631,"key":"notify","call":4,"total":0,"max":0,"min":0,"average":0},"701":{"cmd":701,"key":"achievement_list","call":4,"total":0,"max":0,"min":0,"average":0},"707":{"cmd":707,"key":"collection_list","call":4,"total":0,"max":0,"min":0,"average":0}}
2022-02-14 11:17:15:011 - info: main: redis pong
2022-02-14 11:17:15:011 - info: msg: redis pong
2022-02-14 11:17:15:011 - info: sub: redis pong
2022-02-14 11:17:15:038 - info: [game db pool] all : 2, wait : 0, acqu : 0, free : 2
2022-02-14 11:17:15:038 - info: [log db pool ] all : 1, wait : 0, acqu : 0, free : 1
2022-02-14 11:17:15:038 - info: [msg db pool ] all : 1, wait : 0, acqu : 0, free : 1
2022-02-14 11:17:15:038 - info: [shard db pool : [1] ] all : 1, wait : 0, acqu : 0, free : 1
2022-02-14 11:17:15:596 - info: packet status : {"103":{"cmd":103,"key":"login","call":4,"total":0,"max":0,"min":0,"average":0},"111":{"cmd":111,"key":"user_preview_list","call":16,"total":0,"max":0,"min":0,"average":0},"301":{"cmd":301,"key":"attendance_list","call":4,"total":0,"max":0,"min":0,"average":0},"327":{"cmd":327,"key":"payment_reward","call":4,"total":0,"max":0,"min":0,"average":0},"405":{"cmd":405,"key":"world_list","call":4,"total":0,"max":0,"min":0,"average":0},"415":{"cmd":415,"key":"world_item_list","call":2,"total":0,"max":0,"min":0,"average":0},"421":{"cmd":421,"key":"world_map_gather_cooltime","call":2,"total":0,"max":0,"min":0,"average":0},"603":{"cmd":603,"key":"friend_list","call":4,"total":0,"max":0,"min":0,"average":0},"605":{"cmd":605,"key":"friend_following_list","call":4,"total":0,"max":0,"min":0,"average":0},"607":{"cmd":607,"key":"friend_follower_list","call":4,"total":0,"max":0,"min":0,"average":0},"615":{"cmd":615,"key":"friend_count","call":4,"total":0,"max":0,"min":0,"average":0},"631":{"cmd":631,"key":"notify","call":4,"total":0,"max":0,"min":0,"average":0},"701":{"cmd":701,"key":"achievement_list","call":4,"total":0,"max":0,"min":0,"average":0},"707":{"cmd":707,"key":"collection_list","call":4,"total":0,"max":0,"min":0,"average":0}}
2022-02-14 11:22:15:043 - info: [game db pool] all : 2, wait : 0, acqu : 0, free : 2
2022-02-14 11:22:15:044 - info: [log db pool ] all : 1, wait : 0, acqu : 0, free : 1
2022-02-14 11:22:15:044 - info: [msg db pool ] all : 2, wait : 0, acqu : 0, free : 2
2022-02-14 11:22:15:044 - info: [shard db pool : [1] ] all : 1, wait : 0, acqu : 0, free : 1
2022-02-14 11:22:15:602 - info: packet status : {"103":{"cmd":103,"key":"login","call":7,"total":0,"max":0,"min":0,"average":0},"111":{"cmd":111,"key":"user_preview_list","call":30,"total":1,"max":1,"min":0,"average":0.03333333333333333},"301":{"cmd":301,"key":"attendance_list","call":11,"total":0,"max":0,"min":0,"average":0},"327":{"cmd":327,"key":"payment_reward","call":7,"total":0,"max":0,"min":0,"average":0},"405":{"cmd":405,"key":"world_list","call":11,"total":0,"max":0,"min":0,"average":0},"415":{"cmd":415,"key":"world_item_list","call":9,"total":0,"max":0,"min":0,"average":0},"421":{"cmd":421,"key":"world_map_gather_cooltime","call":9,"total":0,"max":0,"min":0,"average":0},"437":{"cmd":437,"key":"world_read","call":1,"total":0,"max":0,"min":0,"average":0},"441":{"cmd":441,"key":"world_like_exist","call":1,"total":0,"max":0,"min":0,"average":0},"443":{"cmd":443,"key":"world_info","call":2,"total":0,"max":0,"min":0,"average":0},"603":{"cmd":603,"key":"friend_list","call":11,"total":0,"max":0,"min":0,"average":0},"605":{"cmd":605,"key":"friend_following_list","call":11,"total":0,"max":0,"min":0,"average":0},"607":{"cmd":607,"key":"friend_follower_list","call":11,"total":1,"max":1,"min":0,"average":0.09090909090909091},"615":{"cmd":615,"key":"friend_count","call":11,"total":0,"max":0,"min":0,"average":0},"631":{"cmd":631,"key":"notify","call":11,"total":0,"max":0,"min":0,"average":0},"701":{"cmd":701,"key":"achievement_list","call":11,"total":0,"max":0,"min":0,"average":0},"707":{"cmd":707,"key":"collection_list","call":11,"total":0,"max":0,"min":0,"average":0}}
2022-02-14 11:27:15:016 - info: main: redis pong
2022-02-14 11:27:15:016 - info: msg: redis pong
2022-02-14 11:27:15:017 - info: sub: redis pong
2022-02-14 11:27:15:044 - info: [game db pool] all : 2, wait : 0, acqu : 0, free : 2
2022-02-14 11:27:15:044 - info: [log db pool ] all : 1, wait : 0, acqu : 0, free : 1
2022-02-14 11:27:15:044 - info: [msg db pool ] all : 2, wait : 0, acqu : 0, free : 2
2022-02-14 11:27:15:044 - info: [shard db pool : [1] ] all : 1, wait : 0, acqu : 0, free : 1
2022-02-14 11:27:15:600 - info: packet status : {"103":{"cmd":103,"key":"login","call":9,"total":1,"max":1,"min":0,"average":0.1111111111111111},"111":{"cmd":111,"key":"user_preview_list","call":41,"total":1,"max":1,"min":0,"average":0.024390243902439025},"301":{"cmd":301,"key":"attendance_list","call":16,"total":0,"max":0,"min":0,"average":0},"327":{"cmd":327,"key":"payment_reward","call":9,"total":0,"max":0,"min":0,"average":0},"405":{"cmd":405,"key":"world_list","call":16,"total":0,"max":0,"min":0,"average":0},"415":{"cmd":415,"key":"world_item_list","call":14,"total":1,"max":1,"min":0,"average":0.07142857142857142},"421":{"cmd":421,"key":"world_map_gather_cooltime","call":14,"total":0,"max":0,"min":0,"average":0},"437":{"cmd":437,"key":"world_read","call":3,"total":0,"max":0,"min":0,"average":0},"441":{"cmd":441,"key":"world_like_exist","call":3,"total":0,"max":0,"min":0,"average":0},"443":{"cmd":443,"key":"world_info","call":4,"total":0,"max":0,"min":0,"average":0},"603":{"cmd":603,"key":"friend_list","call":16,"total":1,"max":1,"min":0,"average":0.0625},"605":{"cmd":605,"key":"friend_following_list","call":16,"total":0,"max":0,"min":0,"average":0},"607":{"cmd":607,"key":"friend_follower_list","call":16,"total":1,"max":1,"min":0,"average":0.0625},"615":{"cmd":615,"key":"friend_count","call":16,"total":0,"max":0,"min":0,"average":0},"631":{"cmd":631,"key":"notify","call":16,"total":0,"max":0,"min":0,"average":0},"701":{"cmd":701,"key":"achievement_list","call":16,"total":0,"max":0,"min":0,"average":0},"707":{"cmd":707,"key":"collection_list","call":16,"total":0,"max":0,"min":0,"average":0}}
2022-02-14 11:32:15:041 - info: [game db pool] all : 2, wait : 0, acqu : 0, free : 2
2022-02-14 11:32:15:041 - info: [log db pool ] all : 1, wait : 0, acqu : 0, free : 1
2022-02-14 11:32:15:041 - info: [msg db pool ] all : 2, wait : 0, acqu : 0, free : 2
2022-02-14 11:32:15:041 - info: [shard db pool : [1] ] all : 1, wait : 0, acqu : 0, free : 1
2022-02-14 11:32:15:598 - info: packet status : {"103":{"cmd":103,"key":"login","call":9,"total":1,"max":1,"min":0,"average":0.1111111111111111},"111":{"cmd":111,"key":"user_preview_list","call":42,"total":1,"max":1,"min":0,"average":0.023809523809523808},"301":{"cmd":301,"key":"attendance_list","call":18,"total":0,"max":0,"min":0,"average":0},"327":{"cmd":327,"key":"payment_reward","call":9,"total":0,"max":0,"min":0,"average":0},"405":{"cmd":405,"key":"world_list","call":18,"total":0,"max":0,"min":0,"average":0},"415":{"cmd":415,"key":"world_item_list","call":16,"total":1,"max":1,"min":0,"average":0.0625},"421":{"cmd":421,"key":"world_map_gather_cooltime","call":16,"total":0,"max":0,"min":0,"average":0},"437":{"cmd":437,"key":"world_read","call":4,"total":0,"max":0,"min":0,"average":0},"441":{"cmd":441,"key":"world_like_exist","call":4,"total":0,"max":0,"min":0,"average":0},"443":{"cmd":443,"key":"world_info","call":5,"total":0,"max":0,"min":0,"average":0},"603":{"cmd":603,"key":"friend_list","call":18,"total":1,"max":1,"min":0,"average":0.05555555555555555},"605":{"cmd":605,"key":"friend_following_list","call":18,"total":0,"max":0,"min":0,"average":0},"607":{"cmd":607,"key":"friend_follower_list","call":18,"total":1,"max":1,"min":0,"average":0.05555555555555555},"615":{"cmd":615,"key":"friend_count","call":18,"total":0,"max":0,"min":0,"average":0},"631":{"cmd":631,"key":"notify","call":18,"total":0,"max":0,"min":0,"average":0},"701":{"cmd":701,"key":"achievement_list","call":18,"total":0,"max":0,"min":0,"average":0},"707":{"cmd":707,"key":"collection_list","call":18,"total":0,"max":0,"min":0,"average":0}}
2022-02-14 11:37:15:008 - info: main: redis pong
2022-02-14 11:37:15:009 - info: sub: redis pong
2022-02-14 11:37:15:009 - info: msg: redis pong
2022-02-14 11:37:15:051 - info: [game db pool] all : 2, wait : 0, acqu : 0, free : 2
2022-02-14 11:37:15:051 - info: [log db pool ] all : 1, wait : 0, acqu : 0, free : 1
2022-02-14 11:37:15:051 - info: [msg db pool ] all : 2, wait : 0, acqu : 0, free : 2
2022-02-14 11:37:15:052 - info: [shard db pool : [1] ] all : 1, wait : 0, acqu : 0, free : 1
2022-02-14 11:37:15:609 - info: packet status : {"103":{"cmd":103,"key":"login","call":12,"total":1,"max":1,"min":0,"average":0.08333333333333333},"111":{"cmd":111,"key":"user_preview_list","call":57,"total":1,"max":1,"min":0,"average":0.017543859649122806},"301":{"cmd":301,"key":"attendance_list","call":22,"total":0,"max":0,"min":0,"average":0},"327":{"cmd":327,"key":"payment_reward","call":12,"total":1,"max":1,"min":0,"average":0.08333333333333333},"405":{"cmd":405,"key":"world_list","call":22,"total":1,"max":1,"min":0,"average":0.045454545454545456},"415":{"cmd":415,"key":"world_item_list","call":20,"total":1,"max":1,"min":0,"average":0.05},"421":{"cmd":421,"key":"world_map_gather_cooltime","call":20,"total":0,"max":0,"min":0,"average":0},"437":{"cmd":437,"key":"world_read","call":6,"total":0,"max":0,"min":0,"average":0},"441":{"cmd":441,"key":"world_like_exist","call":6,"total":0,"max":0,"min":0,"average":0},"443":{"cmd":443,"key":"world_info","call":6,"total":0,"max":0,"min":0,"average":0},"603":{"cmd":603,"key":"friend_list","call":22,"total":1,"max":1,"min":0,"average":0.045454545454545456},"605":{"cmd":605,"key":"friend_following_list","call":22,"total":0,"max":0,"min":0,"average":0},"607":{"cmd":607,"key":"friend_follower_list","call":22,"total":1,"max":1,"min":0,"average":0.045454545454545456},"615":{"cmd":615,"key":"friend_count","call":22,"total":0,"max":0,"min":0,"average":0},"631":{"cmd":631,"key":"notify","call":22,"total":0,"max":0,"min":0,"average":0},"701":{"cmd":701,"key":"achievement_list","call":22,"total":1,"max":1,"min":0,"average":0.045454545454545456},"707":{"cmd":707,"key":"collection_list","call":22,"total":0,"max":0,"min":0,"average":0}}
2022-02-14 11:42:15:052 - info: [game db pool] all : 2, wait : 0, acqu : 0, free : 2
2022-02-14 11:42:15:052 - info: [log db pool ] all : 1, wait : 0, acqu : 0, free : 1
2022-02-14 11:42:15:052 - info: [msg db pool ] all : 2, wait : 0, acqu : 0, free : 2
2022-02-14 11:42:15:052 - info: [shard db pool : [1] ] all : 1, wait : 0, acqu : 0, free : 1
2022-02-14 11:42:15:610 - info: packet status : {"103":{"cmd":103,"key":"login","call":12,"total":1,"max":1,"min":0,"average":0.08333333333333333},"111":{"cmd":111,"key":"user_preview_list","call":57,"total":1,"max":1,"min":0,"average":0.017543859649122806},"301":{"cmd":301,"key":"attendance_list","call":22,"total":0,"max":0,"min":0,"average":0},"327":{"cmd":327,"key":"payment_reward","call":12,"total":1,"max":1,"min":0,"average":0.08333333333333333},"405":{"cmd":405,"key":"world_list","call":22,"total":1,"max":1,"min":0,"average":0.045454545454545456},"415":{"cmd":415,"key":"world_item_list","call":20,"total":1,"max":1,"min":0,"average":0.05},"421":{"cmd":421,"key":"world_map_gather_cooltime","call":20,"total":0,"max":0,"min":0,"average":0},"437":{"cmd":437,"key":"world_read","call":6,"total":0,"max":0,"min":0,"average":0},"441":{"cmd":441,"key":"world_like_exist","call":6,"total":0,"max":0,"min":0,"average":0},"443":{"cmd":443,"key":"world_info","call":6,"total":0,"max":0,"min":0,"average":0},"603":{"cmd":603,"key":"friend_list","call":22,"total":1,"max":1,"min":0,"average":0.045454545454545456},"605":{"cmd":605,"key":"friend_following_list","call":22,"total":0,"max":0,"min":0,"average":0},"607":{"cmd":607,"key":"friend_follower_list","call":22,"total":1,"max":1,"min":0,"average":0.045454545454545456},"615":{"cmd":615,"key":"friend_count","call":22,"total":0,"max":0,"min":0,"average":0},"631":{"cmd":631,"key":"notify","call":22,"total":0,"max":0,"min":0,"average":0},"701":{"cmd":701,"key":"achievement_list","call":22,"total":1,"max":1,"min":0,"average":0.045454545454545456},"707":{"cmd":707,"key":"collection_list","call":22,"total":0,"max":0,"min":0,"average":0}}
2022-02-14 11:47:15:007 - info: main: redis pong
2022-02-14 11:47:15:008 - info: sub: redis pong
2022-02-14 11:47:15:008 - info: msg: redis pong
2022-02-14 11:47:15:050 - info: [game db pool] all : 2, wait : 0, acqu : 0, free : 2
2022-02-14 11:47:15:050 - info: [log db pool ] all : 1, wait : 0, acqu : 0, free : 1
2022-02-14 11:47:15:050 - info: [msg db pool ] all : 2, wait : 0, acqu : 0, free : 2
2022-02-14 11:47:15:050 - info: [shard db pool : [1] ] all : 1, wait : 0, acqu : 0, free : 1
2022-02-14 11:47:15:608 - info: packet status : {"103":{"cmd":103,"key":"login","call":14,"total":1,"max":1,"min":0,"average":0.07142857142857142},"111":{"cmd":111,"key":"user_preview_list","call":68,"total":1,"max":1,"min":0,"average":0.014705882352941176},"301":{"cmd":301,"key":"attendance_list","call":25,"total":0,"max":0,"min":0,"average":0},"327":{"cmd":327,"key":"payment_reward","call":14,"total":1,"max":1,"min":0,"average":0.07142857142857142},"405":{"cmd":405,"key":"world_list","call":25,"total":1,"max":1,"min":0,"average":0.04},"415":{"cmd":415,"key":"world_item_list","call":23,"total":1,"max":1,"min":0,"average":0.043478260869565216},"421":{"cmd":421,"key":"world_map_gather_cooltime","call":23,"total":0,"max":0,"min":0,"average":0},"437":{"cmd":437,"key":"world_read","call":8,"total":0,"max":0,"min":0,"average":0},"441":{"cmd":441,"key":"world_like_exist","call":8,"total":0,"max":0,"min":0,"average":0},"443":{"cmd":443,"key":"world_info","call":7,"total":0,"max":0,"min":0,"average":0},"603":{"cmd":603,"key":"friend_list","call":25,"total":1,"max":1,"min":0,"average":0.04},"605":{"cmd":605,"key":"friend_following_list","call":25,"total":0,"max":0,"min":0,"average":0},"607":{"cmd":607,"key":"friend_follower_list","call":25,"total":1,"max":1,"min":0,"average":0.04},"615":{"cmd":615,"key":"friend_count","call":25,"total":0,"max":0,"min":0,"average":0},"631":{"cmd":631,"key":"notify","call":25,"total":0,"max":0,"min":0,"average":0},"701":{"cmd":701,"key":"achievement_list","call":25,"total":1,"max":1,"min":0,"average":0.04},"707":{"cmd":707,"key":"collection_list","call":25,"total":0,"max":0,"min":0,"average":0}}
2022-02-14 11:52:15:048 - info: [game db pool] all : 2, wait : 0, acqu : 0, free : 2
2022-02-14 11:52:15:048 - info: [log db pool ] all : 1, wait : 0, acqu : 0, free : 1
2022-02-14 11:52:15:048 - info: [msg db pool ] all : 2, wait : 0, acqu : 0, free : 2
2022-02-14 11:52:15:048 - info: [shard db pool : [1] ] all : 1, wait : 0, acqu : 0, free : 1
2022-02-14 11:52:15:605 - info: packet status : {"103":{"cmd":103,"key":"login","call":16,"total":1,"max":1,"min":0,"average":0.0625},"111":{"cmd":111,"key":"user_preview_list","call":78,"total":1,"max":1,"min":0,"average":0.01282051282051282},"301":{"cmd":301,"key":"attendance_list","call":27,"total":0,"max":0,"min":0,"average":0},"327":{"cmd":327,"key":"payment_reward","call":16,"total":1,"max":1,"min":0,"average":0.0625},"405":{"cmd":405,"key":"world_list","call":27,"total":1,"max":1,"min":0,"average":0.037037037037037035},"415":{"cmd":415,"key":"world_item_list","call":25,"total":1,"max":1,"min":0,"average":0.04},"421":{"cmd":421,"key":"world_map_gather_cooltime","call":25,"total":0,"max":0,"min":0,"average":0},"437":{"cmd":437,"key":"world_read","call":9,"total":0,"max":0,"min":0,"average":0},"441":{"cmd":441,"key":"world_like_exist","call":9,"total":0,"max":0,"min":0,"average":0},"443":{"cmd":443,"key":"world_info","call":8,"total":0,"max":0,"min":0,"average":0},"603":{"cmd":603,"key":"friend_list","call":27,"total":1,"max":1,"min":0,"average":0.037037037037037035},"605":{"cmd":605,"key":"friend_following_list","call":27,"total":0,"max":0,"min":0,"average":0},"607":{"cmd":607,"key":"friend_follower_list","call":27,"total":1,"max":1,"min":0,"average":0.037037037037037035},"615":{"cmd":615,"key":"friend_count","call":27,"total":0,"max":0,"min":0,"average":0},"631":{"cmd":631,"key":"notify","call":27,"total":0,"max":0,"min":0,"average":0},"701":{"cmd":701,"key":"achievement_list","call":27,"total":1,"max":1,"min":0,"average":0.037037037037037035},"707":{"cmd":707,"key":"collection_list","call":27,"total":0,"max":0,"min":0,"average":0}}
2022-02-14 11:57:15:006 - info: main: redis pong
2022-02-14 11:57:15:006 - info: sub: redis pong
2022-02-14 11:57:15:006 - info: msg: redis pong
2022-02-14 11:57:15:049 - info: [game db pool] all : 2, wait : 0, acqu : 0, free : 2
2022-02-14 11:57:15:049 - info: [log db pool ] all : 1, wait : 0, acqu : 0, free : 1
2022-02-14 11:57:15:049 - info: [msg db pool ] all : 2, wait : 0, acqu : 0, free : 2
2022-02-14 11:57:15:049 - info: [shard db pool : [1] ] all : 1, wait : 0, acqu : 0, free : 1
2022-02-14 11:57:15:608 - info: packet status : {"103":{"cmd":103,"key":"login","call":16,"total":1,"max":1,"min":0,"average":0.0625},"111":{"cmd":111,"key":"user_preview_list","call":78,"total":1,"max":1,"min":0,"average":0.01282051282051282},"301":{"cmd":301,"key":"attendance_list","call":27,"total":0,"max":0,"min":0,"average":0},"327":{"cmd":327,"key":"payment_reward","call":16,"total":1,"max":1,"min":0,"average":0.0625},"405":{"cmd":405,"key":"world_list","call":27,"total":1,"max":1,"min":0,"average":0.037037037037037035},"415":{"cmd":415,"key":"world_item_list","call":25,"total":1,"max":1,"min":0,"average":0.04},"421":{"cmd":421,"key":"world_map_gather_cooltime","call":25,"total":0,"max":0,"min":0,"average":0},"437":{"cmd":437,"key":"world_read","call":9,"total":0,"max":0,"min":0,"average":0},"441":{"cmd":441,"key":"world_like_exist","call":9,"total":0,"max":0,"min":0,"average":0},"443":{"cmd":443,"key":"world_info","call":8,"total":0,"max":0,"min":0,"average":0},"603":{"cmd":603,"key":"friend_list","call":27,"total":1,"max":1,"min":0,"average":0.037037037037037035},"605":{"cmd":605,"key":"friend_following_list","call":27,"total":0,"max":0,"min":0,"average":0},"607":{"cmd":607,"key":"friend_follower_list","call":27,"total":1,"max":1,"min":0,"average":0.037037037037037035},"615":{"cmd":615,"key":"friend_count","call":27,"total":0,"max":0,"min":0,"average":0},"631":{"cmd":631,"key":"notify","call":27,"total":0,"max":0,"min":0,"average":0},"701":{"cmd":701,"key":"achievement_list","call":27,"total":1,"max":1,"min":0,"average":0.037037037037037035},"707":{"cmd":707,"key":"collection_list","call":27,"total":0,"max":0,"min":0,"average":0}}
