2022-01-25 14:43:29:914 - info: main : redis-connect-database = 0 : 49.50.172.145:6379
2022-01-25 14:43:29:920 - info: connect sub redis : ["server_message"]
2022-01-25 14:43:29:920 - info: sub : redis-connect-database = 1 : 49.50.172.145:6379
2022-01-25 14:43:29:923 - info: msg : redis-connect-database = 2 : 49.50.172.145:6379
2022-01-25 14:43:29:929 - info: mysql freemeta_com com db init : 49.50.172.145:3306
2022-01-25 14:43:29:930 - info: mysql freemeta_log log db init : 49.50.172.145:3306
2022-01-25 14:43:29:930 - info: mysql freemeta_msg msg db init : 49.50.172.145:3306
2022-01-25 14:43:29:947 - info: mysql freemeta_01 shard db init : 10.36.69.58:3306
2022-01-25 14:43:29:976 - info: load achievement reference table success !!
2022-01-25 14:43:29:986 - info: load character reference table success !!
2022-01-25 14:43:30:009 - info: load collection reference table success !!
2022-01-25 14:43:30:017 - info: load daily attendance reference table success !!
2022-01-25 14:43:30:073 - info: load item reference table success !!
2022-01-25 14:43:30:085 - info: load open world reference table success !!
2022-01-25 14:43:30:091 - info: load payment reference table success !!
2022-01-25 14:43:30:099 - info: load play world reference table success !!
2022-01-25 14:43:30:106 - info: load ranking reward reference table success !!
2022-01-25 14:43:30:135 - info: load reward reference table success !!
2022-01-25 14:43:30:142 - info: load reward_fishing reference table success !!
2022-01-25 14:43:30:150 - info: load system shop reference table success !!
2022-01-25 14:43:30:851 - info: 서버가 시작되었습니다. [port:8080]
2022-01-25 14:43:30:851 - info: try to start [freemeta game server] : http://127.0.0.1:8080
2022-01-25 14:43:30:852 - info: packet status : packet status not recorded yet.
2022-01-25 14:48:29:953 - info: [game db pool] all : 2, wait : 0, acqu : 0, free : 2
2022-01-25 14:48:29:953 - info: [log db pool ] all : 1, wait : 0, acqu : 0, free : 1
2022-01-25 14:48:29:953 - info: [msg db pool ] all : 1, wait : 0, acqu : 0, free : 1
2022-01-25 14:48:29:953 - info: [shard db pool : [1] ] all : 1, wait : 0, acqu : 0, free : 1
2022-01-25 14:48:30:856 - info: packet status : {"103":{"cmd":103,"key":"login","call":1,"total":0,"max":0,"min":0,"average":0},"701":{"cmd":701,"key":"achievement_list","call":2,"total":0,"max":0,"min":0,"average":0}}
2022-01-25 14:53:29:922 - info: sub: redis pong
2022-01-25 14:53:29:922 - info: main: redis pong
2022-01-25 14:53:29:923 - info: msg: redis pong
2022-01-25 14:53:29:965 - info: [game db pool] all : 2, wait : 0, acqu : 0, free : 2
2022-01-25 14:53:29:965 - info: [log db pool ] all : 1, wait : 0, acqu : 0, free : 1
2022-01-25 14:53:29:965 - info: [msg db pool ] all : 1, wait : 0, acqu : 0, free : 1
2022-01-25 14:53:29:965 - info: [shard db pool : [1] ] all : 1, wait : 0, acqu : 0, free : 1
2022-01-25 14:53:30:856 - info: packet status : {"103":{"cmd":103,"key":"login","call":1,"total":0,"max":0,"min":0,"average":0},"701":{"cmd":701,"key":"achievement_list","call":2,"total":0,"max":0,"min":0,"average":0}}
2022-01-25 14:58:29:970 - info: [game db pool] all : 2, wait : 0, acqu : 0, free : 2
2022-01-25 14:58:29:970 - info: [log db pool ] all : 1, wait : 0, acqu : 0, free : 1
2022-01-25 14:58:29:970 - info: [msg db pool ] all : 1, wait : 0, acqu : 0, free : 1
2022-01-25 14:58:29:971 - info: [shard db pool : [1] ] all : 1, wait : 0, acqu : 0, free : 1
2022-01-25 14:58:30:858 - info: packet status : {"103":{"cmd":103,"key":"login","call":1,"total":0,"max":0,"min":0,"average":0},"701":{"cmd":701,"key":"achievement_list","call":2,"total":0,"max":0,"min":0,"average":0}}
2022-01-25 15:03:29:933 - info: sub: redis pong
2022-01-25 15:03:29:934 - info: main: redis pong
2022-01-25 15:03:29:934 - info: msg: redis pong
2022-01-25 15:03:29:976 - info: [game db pool] all : 2, wait : 0, acqu : 0, free : 2
2022-01-25 15:03:29:976 - info: [log db pool ] all : 1, wait : 0, acqu : 0, free : 1
2022-01-25 15:03:29:976 - info: [msg db pool ] all : 1, wait : 0, acqu : 0, free : 1
2022-01-25 15:03:29:976 - info: [shard db pool : [1] ] all : 1, wait : 0, acqu : 0, free : 1
2022-01-25 15:03:30:867 - info: packet status : {"103":{"cmd":103,"key":"login","call":1,"total":0,"max":0,"min":0,"average":0},"701":{"cmd":701,"key":"achievement_list","call":2,"total":0,"max":0,"min":0,"average":0}}
2022-01-25 15:08:29:982 - info: [game db pool] all : 2, wait : 0, acqu : 0, free : 2
2022-01-25 15:08:29:982 - info: [log db pool ] all : 1, wait : 0, acqu : 0, free : 1
2022-01-25 15:08:29:982 - info: [msg db pool ] all : 1, wait : 0, acqu : 0, free : 1
2022-01-25 15:08:29:982 - info: [shard db pool : [1] ] all : 1, wait : 0, acqu : 0, free : 1
2022-01-25 15:08:30:874 - info: packet status : {"103":{"cmd":103,"key":"login","call":1,"total":0,"max":0,"min":0,"average":0},"701":{"cmd":701,"key":"achievement_list","call":2,"total":0,"max":0,"min":0,"average":0}}
2022-01-25 15:13:29:943 - info: main: redis pong
2022-01-25 15:13:29:943 - info: sub: redis pong
2022-01-25 15:13:29:943 - info: msg: redis pong
2022-01-25 15:13:29:986 - info: [game db pool] all : 2, wait : 0, acqu : 0, free : 2
2022-01-25 15:13:29:986 - info: [log db pool ] all : 1, wait : 0, acqu : 0, free : 1
2022-01-25 15:13:29:986 - info: [msg db pool ] all : 1, wait : 0, acqu : 0, free : 1
2022-01-25 15:13:29:986 - info: [shard db pool : [1] ] all : 1, wait : 0, acqu : 0, free : 1
2022-01-25 15:13:30:876 - info: packet status : {"103":{"cmd":103,"key":"login","call":1,"total":0,"max":0,"min":0,"average":0},"701":{"cmd":701,"key":"achievement_list","call":2,"total":0,"max":0,"min":0,"average":0},"703":{"cmd":703,"key":"achievement_update","call":1,"total":0,"max":0,"min":0,"average":0}}
2022-01-25 15:18:29:989 - info: [game db pool] all : 2, wait : 0, acqu : 0, free : 2
2022-01-25 15:18:29:989 - info: [log db pool ] all : 1, wait : 0, acqu : 0, free : 1
2022-01-25 15:18:29:989 - info: [msg db pool ] all : 1, wait : 0, acqu : 0, free : 1
2022-01-25 15:18:29:989 - info: [shard db pool : [1] ] all : 1, wait : 0, acqu : 0, free : 1
2022-01-25 15:18:30:879 - info: packet status : {"103":{"cmd":103,"key":"login","call":1,"total":0,"max":0,"min":0,"average":0},"701":{"cmd":701,"key":"achievement_list","call":2,"total":0,"max":0,"min":0,"average":0},"703":{"cmd":703,"key":"achievement_update","call":2,"total":0,"max":0,"min":0,"average":0},"705":{"cmd":705,"key":"achievement_reward","call":1,"total":0,"max":0,"min":0,"average":0}}
2022-01-25 15:19:34:432 - error: {"aidx":2,"session":"30788109","cmd":701}
2022-01-25 15:19:34:433 - error: {"data":{},"cmd":702,"status":-110}
2022-01-25 15:19:34:433 - error: -110
2022-01-25 15:20:15:511 - error: {"aidx":2,"session":"79348707","achievement_code":1040001,"add_cnt":50,"cmd":703}
2022-01-25 15:20:15:511 - error: {"data":{},"cmd":704,"status":-1076}
2022-01-25 15:20:15:511 - error: -1076
2022-01-25 15:23:29:946 - info: sub: redis pong
2022-01-25 15:23:29:947 - info: main: redis pong
2022-01-25 15:23:29:947 - info: msg: redis pong
2022-01-25 15:23:29:989 - info: [game db pool] all : 2, wait : 0, acqu : 0, free : 2
2022-01-25 15:23:29:989 - info: [log db pool ] all : 1, wait : 0, acqu : 0, free : 1
2022-01-25 15:23:29:989 - info: [msg db pool ] all : 1, wait : 0, acqu : 0, free : 1
2022-01-25 15:23:29:989 - info: [shard db pool : [1] ] all : 1, wait : 0, acqu : 0, free : 1
2022-01-25 15:23:30:893 - info: packet status : {"103":{"cmd":103,"key":"login","call":2,"total":0,"max":0,"min":0,"average":0},"701":{"cmd":701,"key":"achievement_list","call":4,"total":0,"max":0,"min":0,"average":0},"703":{"cmd":703,"key":"achievement_update","call":6,"total":0,"max":0,"min":0,"average":0},"705":{"cmd":705,"key":"achievement_reward","call":3,"total":0,"max":0,"min":0,"average":0}}
2022-01-25 15:28:29:987 - info: [game db pool] all : 2, wait : 0, acqu : 0, free : 2
2022-01-25 15:28:29:987 - info: [log db pool ] all : 1, wait : 0, acqu : 0, free : 1
2022-01-25 15:28:29:987 - info: [msg db pool ] all : 1, wait : 0, acqu : 0, free : 1
2022-01-25 15:28:29:987 - info: [shard db pool : [1] ] all : 1, wait : 0, acqu : 0, free : 1
2022-01-25 15:28:30:894 - info: packet status : {"103":{"cmd":103,"key":"login","call":3,"total":0,"max":0,"min":0,"average":0},"701":{"cmd":701,"key":"achievement_list","call":5,"total":0,"max":0,"min":0,"average":0},"703":{"cmd":703,"key":"achievement_update","call":6,"total":0,"max":0,"min":0,"average":0},"705":{"cmd":705,"key":"achievement_reward","call":3,"total":0,"max":0,"min":0,"average":0}}
2022-01-25 15:35:53:418 - info: [game db pool] all : 2, wait : 0, acqu : 0, free : 2
2022-01-25 15:35:53:418 - info: [log db pool ] all : 1, wait : 0, acqu : 0, free : 1
2022-01-25 15:35:53:418 - info: [msg db pool ] all : 1, wait : 0, acqu : 0, free : 1
2022-01-25 15:35:53:418 - info: [shard db pool : [1] ] all : 1, wait : 0, acqu : 0, free : 1
2022-01-25 15:35:53:418 - info: packet status : {"103":{"cmd":103,"key":"login","call":3,"total":0,"max":0,"min":0,"average":0},"301":{"cmd":301,"key":"attendance_list","call":1,"total":0,"max":0,"min":0,"average":0},"701":{"cmd":701,"key":"achievement_list","call":8,"total":290,"max":266,"min":0,"average":36.25},"703":{"cmd":703,"key":"achievement_update","call":6,"total":0,"max":0,"min":0,"average":0},"705":{"cmd":705,"key":"achievement_reward","call":3,"total":0,"max":0,"min":0,"average":0}}
