2022-01-14 13:53:22:142 - info: main : redis-connect-database = 0 : 49.50.172.145:6379
2022-01-14 13:53:22:148 - info: sub : redis-connect-database = 1 : 49.50.172.145:6379
2022-01-14 13:53:22:149 - info: connect sub redis : ["server_message"]
2022-01-14 13:53:22:151 - info: msg : redis-connect-database = 2 : 49.50.172.145:6379
2022-01-14 13:53:22:154 - info: mysql freemeta_com com db init : 49.50.172.145:3306
2022-01-14 13:53:22:155 - info: mysql freemeta_log log db init : 49.50.172.145:3306
2022-01-14 13:53:22:155 - info: mysql freemeta_msg msg db init : 49.50.172.145:3306
2022-01-14 13:53:22:172 - info: mysql freemeta_01 shard db init : 10.36.69.58:3306
2022-01-14 13:53:22:194 - info: load achievement reference table success !!
2022-01-14 13:53:22:201 - info: load character reference table success !!
2022-01-14 13:53:22:223 - info: load collection reference table success !!
2022-01-14 13:53:22:231 - info: load daily attendance reference table success !!
2022-01-14 13:53:22:273 - info: load item reference table success !!
2022-01-14 13:53:22:282 - info: load open world reference table success !!
2022-01-14 13:53:22:289 - info: load payment reference table success !!
2022-01-14 13:53:22:296 - info: load play world reference table success !!
2022-01-14 13:53:22:303 - info: load ranking reward reference table success !!
2022-01-14 13:53:22:324 - info: load reward reference table success !!
2022-01-14 13:53:22:332 - info: load reward_fishing reference table success !!
2022-01-14 13:53:22:338 - info: load system shop reference table success !!
2022-01-14 13:53:22:723 - info: 서버가 시작되었습니다. [port:30051]
2022-01-14 13:53:22:723 - info: try to start [freemeta game test mode server] : http://127.0.0.1:30051
2022-01-14 13:53:22:723 - info: packet status : packet status not recorded yet.
2022-01-14 13:53:22:749 - error: {"cmd":103,"login_id":"1642136002_0_28012_260599953","uuid":"1642136002_0_28012_260599953","version":"0.16.1","os_type":1,"login_type":1}
2022-01-14 13:53:22:749 - error: {"data":{"server_info":{"version":"0.16.1","inspect":0,"account":1,"login":1,"notice_page":"","inspect_page":"https://dev.freeblox.net/coupon","help_page":" ","time":1642136002,"timezone_offset":-32400}},"cmd":104,"status":-1023}
2022-01-14 13:53:22:749 - error: -1023
2022-01-14 13:53:22:812 - error: null
2022-01-14 13:53:22:859 - error: null
2022-01-14 13:53:22:889 - error: null
2022-01-14 13:53:22:919 - error: null
2022-01-14 13:53:22:935 - error: null
2022-01-14 13:53:22:951 - error: null
2022-01-14 13:53:22:968 - error: null
2022-01-14 13:53:22:989 - error: null
2022-01-14 13:53:23:005 - error: null
2022-01-14 13:53:23:021 - error: null
2022-01-14 13:53:23:033 - error: null
2022-01-14 13:53:23:049 - error: null
2022-01-14 13:53:23:066 - error: null
2022-01-14 13:53:23:082 - error: null
2022-01-14 13:53:23:093 - error: {"cmd":703,"aidx":116,"session":"41873750","achievement_code":2020002,"add_cnt":59}
2022-01-14 13:53:23:093 - error: {"data":{},"cmd":704,"status":-1076}
2022-01-14 13:53:23:093 - error: -1076
2022-01-14 13:53:23:103 - error: {"cmd":703,"aidx":116,"session":"41873750","achievement_code":2020002,"add_cnt":599}
2022-01-14 13:53:23:103 - error: {"data":{},"cmd":704,"status":-1076}
2022-01-14 13:53:23:103 - error: -1076
2022-01-14 13:53:23:113 - error: {"cmd":703,"aidx":116,"session":"41873750","achievement_code":2020002,"add_cnt":9999}
2022-01-14 13:53:23:113 - error: {"data":{},"cmd":704,"status":-1076}
2022-01-14 13:53:23:113 - error: -1076
2022-01-14 13:53:23:124 - error: {"cmd":703,"aidx":116,"session":"41873750","achievement_code":2020002,"add_cnt":59}
2022-01-14 13:53:23:124 - error: {"data":{},"cmd":704,"status":-1076}
2022-01-14 13:53:23:124 - error: -1076
2022-01-14 13:53:23:134 - error: {"cmd":703,"aidx":116,"session":"41873750","achievement_code":2020002,"add_cnt":599}
2022-01-14 13:53:23:134 - error: {"data":{},"cmd":704,"status":-1076}
2022-01-14 13:53:23:134 - error: -1076
2022-01-14 13:53:23:144 - error: {"cmd":703,"aidx":116,"session":"41873750","achievement_code":2020002,"add_cnt":9999}
2022-01-14 13:53:23:144 - error: {"data":{},"cmd":704,"status":-1076}
2022-01-14 13:53:23:144 - error: -1076
2022-01-14 13:53:23:155 - error: {"cmd":703,"aidx":116,"session":"41873750","achievement_code":2020002,"add_cnt":59}
2022-01-14 13:53:23:155 - error: {"data":{},"cmd":704,"status":-1076}
2022-01-14 13:53:23:155 - error: -1076
2022-01-14 13:53:23:165 - error: {"cmd":703,"aidx":116,"session":"41873750","achievement_code":2020002,"add_cnt":599}
2022-01-14 13:53:23:165 - error: {"data":{},"cmd":704,"status":-1076}
2022-01-14 13:53:23:165 - error: -1076
2022-01-14 13:53:23:175 - error: {"cmd":703,"aidx":116,"session":"41873750","achievement_code":2020002,"add_cnt":9999}
2022-01-14 13:53:23:175 - error: {"data":{},"cmd":704,"status":-1076}
2022-01-14 13:53:23:176 - error: -1076
2022-01-14 13:53:23:186 - error: {"cmd":703,"aidx":116,"session":"41873750","achievement_code":2020002,"add_cnt":59}
2022-01-14 13:53:23:186 - error: {"data":{},"cmd":704,"status":-1076}
2022-01-14 13:53:23:186 - error: -1076
2022-01-14 13:53:23:197 - error: {"cmd":703,"aidx":116,"session":"41873750","achievement_code":2020002,"add_cnt":599}
2022-01-14 13:53:23:197 - error: {"data":{},"cmd":704,"status":-1076}
2022-01-14 13:53:23:197 - error: -1076
2022-01-14 13:53:23:207 - error: {"cmd":703,"aidx":116,"session":"41873750","achievement_code":2020002,"add_cnt":9999}
2022-01-14 13:53:23:208 - error: {"data":{},"cmd":704,"status":-1076}
2022-01-14 13:53:23:208 - error: -1076
2022-01-14 13:53:23:219 - error: {"cmd":703,"aidx":116,"session":"41873750","achievement_code":2020002,"add_cnt":59}
2022-01-14 13:53:23:219 - error: {"data":{},"cmd":704,"status":-1076}
2022-01-14 13:53:23:221 - error: -1076
2022-01-14 13:53:23:232 - error: {"cmd":703,"aidx":116,"session":"41873750","achievement_code":2020002,"add_cnt":599}
2022-01-14 13:53:23:232 - error: {"data":{},"cmd":704,"status":-1076}
2022-01-14 13:53:23:233 - error: -1076
2022-01-14 13:53:23:244 - error: {"cmd":703,"aidx":116,"session":"41873750","achievement_code":2020002,"add_cnt":9999}
2022-01-14 13:53:23:244 - error: {"data":{},"cmd":704,"status":-1076}
2022-01-14 13:53:23:244 - error: -1076
2022-01-14 13:53:23:254 - error: {"cmd":703,"aidx":116,"session":"41873750","achievement_code":2020002,"add_cnt":59}
2022-01-14 13:53:23:254 - error: {"data":{},"cmd":704,"status":-1076}
2022-01-14 13:53:23:255 - error: -1076
2022-01-14 13:53:23:265 - error: {"cmd":703,"aidx":116,"session":"41873750","achievement_code":2020002,"add_cnt":599}
2022-01-14 13:53:23:265 - error: {"data":{},"cmd":704,"status":-1076}
2022-01-14 13:53:23:265 - error: -1076
2022-01-14 13:53:23:275 - error: {"cmd":703,"aidx":116,"session":"41873750","achievement_code":2020002,"add_cnt":9999}
2022-01-14 13:53:23:276 - error: {"data":{},"cmd":704,"status":-1076}
2022-01-14 13:53:23:276 - error: -1076
2022-01-14 13:53:23:286 - error: {"cmd":703,"aidx":116,"session":"41873750","achievement_code":2020002,"add_cnt":59}
2022-01-14 13:53:23:286 - error: {"data":{},"cmd":704,"status":-1076}
2022-01-14 13:53:23:286 - error: -1076
2022-01-14 13:53:23:297 - error: {"cmd":703,"aidx":116,"session":"41873750","achievement_code":2020002,"add_cnt":599}
2022-01-14 13:53:23:297 - error: {"data":{},"cmd":704,"status":-1076}
2022-01-14 13:53:23:297 - error: -1076
2022-01-14 13:53:23:308 - error: {"cmd":703,"aidx":116,"session":"41873750","achievement_code":2020002,"add_cnt":9999}
2022-01-14 13:53:23:308 - error: {"data":{},"cmd":704,"status":-1076}
2022-01-14 13:53:23:308 - error: -1076
2022-01-14 13:53:23:317 - error: {"cmd":703,"aidx":116,"session":"41873750","achievement_code":2020002,"add_cnt":59}
2022-01-14 13:53:23:317 - error: {"data":{},"cmd":704,"status":-1076}
2022-01-14 13:53:23:318 - error: -1076
2022-01-14 13:53:23:328 - error: {"cmd":703,"aidx":116,"session":"41873750","achievement_code":2020002,"add_cnt":599}
2022-01-14 13:53:23:328 - error: {"data":{},"cmd":704,"status":-1076}
2022-01-14 13:53:23:328 - error: -1076
2022-01-14 13:53:23:338 - error: {"cmd":703,"aidx":116,"session":"41873750","achievement_code":2020002,"add_cnt":9999}
2022-01-14 13:53:23:338 - error: {"data":{},"cmd":704,"status":-1076}
2022-01-14 13:53:23:338 - error: -1076
2022-01-14 13:53:23:349 - error: {"cmd":703,"aidx":116,"session":"41873750","achievement_code":2020002,"add_cnt":59}
2022-01-14 13:53:23:349 - error: {"data":{},"cmd":704,"status":-1076}
2022-01-14 13:53:23:349 - error: -1076
2022-01-14 13:53:23:359 - error: {"cmd":703,"aidx":116,"session":"41873750","achievement_code":2020002,"add_cnt":599}
2022-01-14 13:53:23:360 - error: {"data":{},"cmd":704,"status":-1076}
2022-01-14 13:53:23:360 - error: -1076
2022-01-14 13:53:23:371 - error: {"cmd":703,"aidx":116,"session":"41873750","achievement_code":2020002,"add_cnt":9999}
2022-01-14 13:53:23:371 - error: {"data":{},"cmd":704,"status":-1076}
2022-01-14 13:53:23:371 - error: -1076
2022-01-14 13:53:23:381 - error: {"cmd":703,"aidx":116,"session":"41873750","achievement_code":2020002,"add_cnt":59}
2022-01-14 13:53:23:381 - error: {"data":{},"cmd":704,"status":-1076}
2022-01-14 13:53:23:381 - error: -1076
2022-01-14 13:53:23:391 - error: {"cmd":703,"aidx":116,"session":"41873750","achievement_code":2020002,"add_cnt":599}
2022-01-14 13:53:23:392 - error: {"data":{},"cmd":704,"status":-1076}
2022-01-14 13:53:23:392 - error: -1076
2022-01-14 13:53:23:401 - error: {"cmd":703,"aidx":116,"session":"41873750","achievement_code":2020002,"add_cnt":9999}
2022-01-14 13:53:23:401 - error: {"data":{},"cmd":704,"status":-1076}
2022-01-14 13:53:23:401 - error: -1076
2022-01-14 13:53:23:411 - error: {"cmd":703,"aidx":116,"session":"41873750","achievement_code":2020002,"add_cnt":59}
2022-01-14 13:53:23:411 - error: {"data":{},"cmd":704,"status":-1076}
2022-01-14 13:53:23:413 - error: -1076
2022-01-14 13:53:23:422 - error: {"cmd":703,"aidx":116,"session":"41873750","achievement_code":2020002,"add_cnt":599}
2022-01-14 13:53:23:422 - error: {"data":{},"cmd":704,"status":-1076}
2022-01-14 13:53:23:422 - error: -1076
2022-01-14 13:53:23:434 - error: {"cmd":703,"aidx":116,"session":"41873750","achievement_code":2020002,"add_cnt":9999}
2022-01-14 13:53:23:434 - error: {"data":{},"cmd":704,"status":-1076}
2022-01-14 13:53:23:434 - error: -1076
2022-01-14 13:53:23:443 - error: {"cmd":703,"aidx":116,"session":"41873750","achievement_code":2020002,"add_cnt":59}
2022-01-14 13:53:23:444 - error: {"data":{},"cmd":704,"status":-1076}
2022-01-14 13:53:23:444 - error: -1076
2022-01-14 13:53:23:453 - error: {"cmd":703,"aidx":116,"session":"41873750","achievement_code":2020002,"add_cnt":599}
2022-01-14 13:53:23:454 - error: {"data":{},"cmd":704,"status":-1076}
2022-01-14 13:53:23:454 - error: -1076
2022-01-14 13:53:23:464 - error: {"cmd":703,"aidx":116,"session":"41873750","achievement_code":2020002,"add_cnt":9999}
2022-01-14 13:53:23:464 - error: {"data":{},"cmd":704,"status":-1076}
2022-01-14 13:53:23:464 - error: -1076
2022-01-14 13:53:23:475 - error: {"cmd":703,"aidx":116,"session":"41873750","achievement_code":2020002,"add_cnt":59}
2022-01-14 13:53:23:475 - error: {"data":{},"cmd":704,"status":-1076}
2022-01-14 13:53:23:475 - error: -1076
2022-01-14 13:53:23:485 - error: {"cmd":703,"aidx":116,"session":"41873750","achievement_code":2020002,"add_cnt":599}
2022-01-14 13:53:23:485 - error: {"data":{},"cmd":704,"status":-1076}
2022-01-14 13:53:23:485 - error: -1076
2022-01-14 13:53:23:497 - error: {"cmd":703,"aidx":116,"session":"41873750","achievement_code":2020002,"add_cnt":9999}
2022-01-14 13:53:23:497 - error: {"data":{},"cmd":704,"status":-1076}
2022-01-14 13:53:23:497 - error: -1076
2022-01-14 13:53:23:507 - error: {"cmd":703,"aidx":116,"session":"41873750","achievement_code":2020002,"add_cnt":59}
2022-01-14 13:53:23:507 - error: {"data":{},"cmd":704,"status":-1076}
2022-01-14 13:53:23:507 - error: -1076
2022-01-14 13:53:23:518 - error: {"cmd":703,"aidx":116,"session":"41873750","achievement_code":2020002,"add_cnt":599}
2022-01-14 13:53:23:518 - error: {"data":{},"cmd":704,"status":-1076}
2022-01-14 13:53:23:518 - error: -1076
2022-01-14 13:53:23:528 - error: {"cmd":703,"aidx":116,"session":"41873750","achievement_code":2020002,"add_cnt":9999}
2022-01-14 13:53:23:528 - error: {"data":{},"cmd":704,"status":-1076}
2022-01-14 13:53:23:528 - error: -1076
2022-01-14 13:53:23:539 - error: {"cmd":703,"aidx":116,"session":"41873750","achievement_code":2020002,"add_cnt":59}
2022-01-14 13:53:23:539 - error: {"data":{},"cmd":704,"status":-1076}
2022-01-14 13:53:23:539 - error: -1076
2022-01-14 13:53:23:549 - error: {"cmd":703,"aidx":116,"session":"41873750","achievement_code":2020002,"add_cnt":599}
2022-01-14 13:53:23:550 - error: {"data":{},"cmd":704,"status":-1076}
2022-01-14 13:53:23:550 - error: -1076
2022-01-14 13:53:23:560 - error: {"cmd":703,"aidx":116,"session":"41873750","achievement_code":2020002,"add_cnt":9999}
2022-01-14 13:53:23:560 - error: {"data":{},"cmd":704,"status":-1076}
2022-01-14 13:53:23:560 - error: -1076
2022-01-14 13:53:23:571 - error: {"cmd":703,"aidx":116,"session":"41873750","achievement_code":2020002,"add_cnt":59}
2022-01-14 13:53:23:571 - error: {"data":{},"cmd":704,"status":-1076}
2022-01-14 13:53:23:571 - error: -1076
2022-01-14 13:53:23:582 - error: {"cmd":703,"aidx":116,"session":"41873750","achievement_code":2020002,"add_cnt":599}
2022-01-14 13:53:23:582 - error: {"data":{},"cmd":704,"status":-1076}
2022-01-14 13:53:23:582 - error: -1076
2022-01-14 13:53:23:592 - error: {"cmd":703,"aidx":116,"session":"41873750","achievement_code":2020002,"add_cnt":9999}
2022-01-14 13:53:23:593 - error: {"data":{},"cmd":704,"status":-1076}
2022-01-14 13:53:23:593 - error: -1076
2022-01-14 13:53:23:602 - error: {"cmd":703,"aidx":116,"session":"41873750","achievement_code":2020002,"add_cnt":59}
2022-01-14 13:53:23:603 - error: {"data":{},"cmd":704,"status":-1076}
2022-01-14 13:53:23:603 - error: -1076
2022-01-14 13:53:23:613 - error: {"cmd":703,"aidx":116,"session":"41873750","achievement_code":2020002,"add_cnt":599}
2022-01-14 13:53:23:613 - error: {"data":{},"cmd":704,"status":-1076}
2022-01-14 13:53:23:613 - error: -1076
2022-01-14 13:53:23:624 - error: {"cmd":703,"aidx":116,"session":"41873750","achievement_code":2020002,"add_cnt":9999}
2022-01-14 13:53:23:624 - error: {"data":{},"cmd":704,"status":-1076}
2022-01-14 13:53:23:624 - error: -1076
2022-01-14 13:53:23:633 - error: {"cmd":703,"aidx":116,"session":"41873750","achievement_code":2020002,"add_cnt":59}
2022-01-14 13:53:23:633 - error: {"data":{},"cmd":704,"status":-1076}
2022-01-14 13:53:23:633 - error: -1076
2022-01-14 13:53:23:644 - error: {"cmd":703,"aidx":116,"session":"41873750","achievement_code":2020002,"add_cnt":599}
2022-01-14 13:53:23:644 - error: {"data":{},"cmd":704,"status":-1076}
2022-01-14 13:53:23:645 - error: -1076
2022-01-14 13:53:23:654 - error: {"cmd":703,"aidx":116,"session":"41873750","achievement_code":2020002,"add_cnt":9999}
2022-01-14 13:53:23:655 - error: {"data":{},"cmd":704,"status":-1076}
2022-01-14 13:53:23:655 - error: -1076
2022-01-14 13:53:23:665 - error: {"cmd":703,"aidx":116,"session":"41873750","achievement_code":2020002,"add_cnt":59}
2022-01-14 13:53:23:665 - error: {"data":{},"cmd":704,"status":-1076}
2022-01-14 13:53:23:665 - error: -1076
2022-01-14 13:53:23:675 - error: {"cmd":703,"aidx":116,"session":"41873750","achievement_code":2020002,"add_cnt":599}
2022-01-14 13:53:23:675 - error: {"data":{},"cmd":704,"status":-1076}
2022-01-14 13:53:23:675 - error: -1076
2022-01-14 13:53:23:685 - error: {"cmd":703,"aidx":116,"session":"41873750","achievement_code":2020002,"add_cnt":9999}
2022-01-14 13:53:23:685 - error: {"data":{},"cmd":704,"status":-1076}
2022-01-14 13:53:23:685 - error: -1076
2022-01-14 13:53:23:696 - error: {"cmd":703,"aidx":116,"session":"41873750","achievement_code":2020002,"add_cnt":59}
2022-01-14 13:53:23:696 - error: {"data":{},"cmd":704,"status":-1076}
2022-01-14 13:53:23:696 - error: -1076
2022-01-14 13:53:23:707 - error: {"cmd":703,"aidx":116,"session":"41873750","achievement_code":2020002,"add_cnt":599}
2022-01-14 13:53:23:707 - error: {"data":{},"cmd":704,"status":-1076}
2022-01-14 13:53:23:707 - error: -1076
2022-01-14 13:53:23:718 - error: {"cmd":703,"aidx":116,"session":"41873750","achievement_code":2020002,"add_cnt":9999}
2022-01-14 13:53:23:719 - error: {"data":{},"cmd":704,"status":-1076}
2022-01-14 13:53:23:719 - error: -1076
2022-01-14 13:53:23:731 - error: {"cmd":703,"aidx":116,"session":"41873750","achievement_code":2020002,"add_cnt":59}
2022-01-14 13:53:23:731 - error: {"data":{},"cmd":704,"status":-1076}
2022-01-14 13:53:23:731 - error: -1076
2022-01-14 13:53:23:741 - error: {"cmd":703,"aidx":116,"session":"41873750","achievement_code":2020002,"add_cnt":599}
2022-01-14 13:53:23:741 - error: {"data":{},"cmd":704,"status":-1076}
2022-01-14 13:53:23:741 - error: -1076
2022-01-14 13:53:23:754 - error: {"cmd":703,"aidx":116,"session":"41873750","achievement_code":2020002,"add_cnt":9999}
2022-01-14 13:53:23:754 - error: {"data":{},"cmd":704,"status":-1076}
2022-01-14 13:53:23:754 - error: -1076
2022-01-14 13:53:23:765 - error: {"cmd":703,"aidx":116,"session":"41873750","achievement_code":2020002,"add_cnt":59}
2022-01-14 13:53:23:766 - error: {"data":{},"cmd":704,"status":-1076}
2022-01-14 13:53:23:766 - error: -1076
2022-01-14 13:53:23:777 - error: {"cmd":703,"aidx":116,"session":"41873750","achievement_code":2020002,"add_cnt":599}
2022-01-14 13:53:23:777 - error: {"data":{},"cmd":704,"status":-1076}
2022-01-14 13:53:23:777 - error: -1076
2022-01-14 13:53:23:788 - error: {"cmd":703,"aidx":116,"session":"41873750","achievement_code":2020002,"add_cnt":9999}
2022-01-14 13:53:23:788 - error: {"data":{},"cmd":704,"status":-1076}
2022-01-14 13:53:23:788 - error: -1076
2022-01-14 13:53:23:799 - error: {"cmd":703,"aidx":116,"session":"41873750","achievement_code":2020002,"add_cnt":59}
2022-01-14 13:53:23:799 - error: {"data":{},"cmd":704,"status":-1076}
2022-01-14 13:53:23:799 - error: -1076
2022-01-14 13:53:23:809 - error: {"cmd":703,"aidx":116,"session":"41873750","achievement_code":2020002,"add_cnt":599}
2022-01-14 13:53:23:810 - error: {"data":{},"cmd":704,"status":-1076}
2022-01-14 13:53:23:810 - error: -1076
2022-01-14 13:53:23:820 - error: {"cmd":703,"aidx":116,"session":"41873750","achievement_code":2020002,"add_cnt":9999}
2022-01-14 13:53:23:820 - error: {"data":{},"cmd":704,"status":-1076}
2022-01-14 13:53:23:821 - error: -1076
2022-01-14 13:53:23:831 - error: {"cmd":703,"aidx":116,"session":"41873750","achievement_code":2020002,"add_cnt":59}
2022-01-14 13:53:23:831 - error: {"data":{},"cmd":704,"status":-1076}
2022-01-14 13:53:23:832 - error: -1076
2022-01-14 13:53:23:842 - error: {"cmd":703,"aidx":116,"session":"41873750","achievement_code":2020002,"add_cnt":599}
2022-01-14 13:53:23:842 - error: {"data":{},"cmd":704,"status":-1076}
2022-01-14 13:53:23:842 - error: -1076
2022-01-14 13:53:23:852 - error: {"cmd":703,"aidx":116,"session":"41873750","achievement_code":2020002,"add_cnt":9999}
2022-01-14 13:53:23:853 - error: {"data":{},"cmd":704,"status":-1076}
2022-01-14 13:53:23:853 - error: -1076
2022-01-14 13:53:23:864 - error: {"cmd":703,"aidx":116,"session":"41873750","achievement_code":2020002,"add_cnt":59}
2022-01-14 13:53:23:864 - error: {"data":{},"cmd":704,"status":-1076}
2022-01-14 13:53:23:864 - error: -1076
2022-01-14 13:53:23:875 - error: {"cmd":703,"aidx":116,"session":"41873750","achievement_code":2020002,"add_cnt":599}
2022-01-14 13:53:23:875 - error: {"data":{},"cmd":704,"status":-1076}
2022-01-14 13:53:23:875 - error: -1076
2022-01-14 13:53:23:885 - error: {"cmd":703,"aidx":116,"session":"41873750","achievement_code":2020002,"add_cnt":9999}
2022-01-14 13:53:23:885 - error: {"data":{},"cmd":704,"status":-1076}
2022-01-14 13:53:23:885 - error: -1076
2022-01-14 13:53:23:895 - error: {"cmd":703,"aidx":116,"session":"41873750","achievement_code":2020002,"add_cnt":59}
2022-01-14 13:53:23:895 - error: {"data":{},"cmd":704,"status":-1076}
2022-01-14 13:53:23:896 - error: -1076
2022-01-14 13:53:23:906 - error: {"cmd":703,"aidx":116,"session":"41873750","achievement_code":2020002,"add_cnt":599}
2022-01-14 13:53:23:906 - error: {"data":{},"cmd":704,"status":-1076}
2022-01-14 13:53:23:906 - error: -1076
2022-01-14 13:53:23:916 - error: {"cmd":703,"aidx":116,"session":"41873750","achievement_code":2020002,"add_cnt":9999}
2022-01-14 13:53:23:916 - error: {"data":{},"cmd":704,"status":-1076}
2022-01-14 13:53:23:917 - error: -1076
2022-01-14 13:53:23:927 - error: {"cmd":703,"aidx":116,"session":"41873750","achievement_code":2020002,"add_cnt":59}
2022-01-14 13:53:23:927 - error: {"data":{},"cmd":704,"status":-1076}
2022-01-14 13:53:23:927 - error: -1076
2022-01-14 13:53:23:937 - error: {"cmd":703,"aidx":116,"session":"41873750","achievement_code":2020002,"add_cnt":599}
2022-01-14 13:53:23:937 - error: {"data":{},"cmd":704,"status":-1076}
2022-01-14 13:53:23:937 - error: -1076
2022-01-14 13:53:23:948 - error: {"cmd":703,"aidx":116,"session":"41873750","achievement_code":2020002,"add_cnt":9999}
2022-01-14 13:53:23:948 - error: {"data":{},"cmd":704,"status":-1076}
2022-01-14 13:53:23:948 - error: -1076
2022-01-14 13:53:23:959 - error: {"cmd":703,"aidx":116,"session":"41873750","achievement_code":2020002,"add_cnt":59}
2022-01-14 13:53:23:959 - error: {"data":{},"cmd":704,"status":-1076}
2022-01-14 13:53:23:959 - error: -1076
2022-01-14 13:53:23:971 - error: {"cmd":703,"aidx":116,"session":"41873750","achievement_code":2020002,"add_cnt":599}
2022-01-14 13:53:23:971 - error: {"data":{},"cmd":704,"status":-1076}
2022-01-14 13:53:23:971 - error: -1076
2022-01-14 13:53:23:982 - error: {"cmd":703,"aidx":116,"session":"41873750","achievement_code":2020002,"add_cnt":9999}
2022-01-14 13:53:23:982 - error: {"data":{},"cmd":704,"status":-1076}
2022-01-14 13:53:23:982 - error: -1076
2022-01-14 13:53:23:994 - error: {"cmd":703,"aidx":116,"session":"41873750","achievement_code":2020002,"add_cnt":59}
2022-01-14 13:53:23:994 - error: {"data":{},"cmd":704,"status":-1076}
2022-01-14 13:53:23:994 - error: -1076
2022-01-14 13:53:24:004 - error: {"cmd":703,"aidx":116,"session":"41873750","achievement_code":2020002,"add_cnt":599}
2022-01-14 13:53:24:004 - error: {"data":{},"cmd":704,"status":-1076}
2022-01-14 13:53:24:004 - error: -1076
2022-01-14 13:53:24:014 - error: {"cmd":703,"aidx":116,"session":"41873750","achievement_code":2020002,"add_cnt":9999}
2022-01-14 13:53:24:015 - error: {"data":{},"cmd":704,"status":-1076}
2022-01-14 13:53:24:015 - error: -1076
2022-01-14 13:53:24:024 - error: {"cmd":703,"aidx":116,"session":"41873750","achievement_code":2020002,"add_cnt":59}
2022-01-14 13:53:24:025 - error: {"data":{},"cmd":704,"status":-1076}
2022-01-14 13:53:24:025 - error: -1076
2022-01-14 13:53:24:035 - error: {"cmd":703,"aidx":116,"session":"41873750","achievement_code":2020002,"add_cnt":599}
2022-01-14 13:53:24:035 - error: {"data":{},"cmd":704,"status":-1076}
2022-01-14 13:53:24:035 - error: -1076
2022-01-14 13:53:24:045 - error: {"cmd":703,"aidx":116,"session":"41873750","achievement_code":2020002,"add_cnt":9999}
2022-01-14 13:53:24:046 - error: {"data":{},"cmd":704,"status":-1076}
2022-01-14 13:53:24:046 - error: -1076
2022-01-14 13:53:24:057 - error: {"cmd":703,"aidx":116,"session":"41873750","achievement_code":2020002,"add_cnt":59}
2022-01-14 13:53:24:057 - error: {"data":{},"cmd":704,"status":-1076}
2022-01-14 13:53:24:057 - error: -1076
2022-01-14 13:53:24:068 - error: {"cmd":703,"aidx":116,"session":"41873750","achievement_code":2020002,"add_cnt":599}
2022-01-14 13:53:24:068 - error: {"data":{},"cmd":704,"status":-1076}
2022-01-14 13:53:24:068 - error: -1076
2022-01-14 13:53:24:079 - error: {"cmd":703,"aidx":116,"session":"41873750","achievement_code":2020002,"add_cnt":9999}
2022-01-14 13:53:24:079 - error: {"data":{},"cmd":704,"status":-1076}
2022-01-14 13:53:24:079 - error: -1076
2022-01-14 13:53:24:091 - error: {"cmd":703,"aidx":116,"session":"41873750","achievement_code":2020002,"add_cnt":59}
2022-01-14 13:53:24:091 - error: {"data":{},"cmd":704,"status":-1076}
2022-01-14 13:53:24:092 - error: -1076
2022-01-14 13:53:24:102 - error: {"cmd":703,"aidx":116,"session":"41873750","achievement_code":2020002,"add_cnt":599}
2022-01-14 13:53:24:102 - error: {"data":{},"cmd":704,"status":-1076}
2022-01-14 13:53:24:102 - error: -1076
2022-01-14 13:53:24:112 - error: {"cmd":703,"aidx":116,"session":"41873750","achievement_code":2020002,"add_cnt":9999}
2022-01-14 13:53:24:112 - error: {"data":{},"cmd":704,"status":-1076}
2022-01-14 13:53:24:113 - error: -1076
2022-01-14 13:53:24:123 - error: {"cmd":703,"aidx":116,"session":"41873750","achievement_code":2020002,"add_cnt":59}
2022-01-14 13:53:24:123 - error: {"data":{},"cmd":704,"status":-1076}
2022-01-14 13:53:24:123 - error: -1076
2022-01-14 13:53:24:133 - error: {"cmd":703,"aidx":116,"session":"41873750","achievement_code":2020002,"add_cnt":599}
2022-01-14 13:53:24:134 - error: {"data":{},"cmd":704,"status":-1076}
2022-01-14 13:53:24:134 - error: -1076
2022-01-14 13:53:24:145 - error: {"cmd":703,"aidx":116,"session":"41873750","achievement_code":2020002,"add_cnt":9999}
2022-01-14 13:53:24:145 - error: {"data":{},"cmd":704,"status":-1076}
2022-01-14 13:53:24:145 - error: -1076
2022-01-14 13:53:24:155 - error: {"cmd":703,"aidx":116,"session":"41873750","achievement_code":2020002,"add_cnt":59}
2022-01-14 13:53:24:155 - error: {"data":{},"cmd":704,"status":-1076}
2022-01-14 13:53:24:155 - error: -1076
2022-01-14 13:53:24:165 - error: {"cmd":703,"aidx":116,"session":"41873750","achievement_code":2020002,"add_cnt":599}
2022-01-14 13:53:24:165 - error: {"data":{},"cmd":704,"status":-1076}
2022-01-14 13:53:24:165 - error: -1076
2022-01-14 13:53:24:176 - error: {"cmd":703,"aidx":116,"session":"41873750","achievement_code":2020002,"add_cnt":9999}
2022-01-14 13:53:24:176 - error: {"data":{},"cmd":704,"status":-1076}
2022-01-14 13:53:24:176 - error: -1076
2022-01-14 13:53:24:186 - error: {"cmd":703,"aidx":116,"session":"41873750","achievement_code":2020002,"add_cnt":59}
2022-01-14 13:53:24:186 - error: {"data":{},"cmd":704,"status":-1076}
2022-01-14 13:53:24:186 - error: -1076
2022-01-14 13:53:24:196 - error: {"cmd":703,"aidx":116,"session":"41873750","achievement_code":2020002,"add_cnt":599}
2022-01-14 13:53:24:196 - error: {"data":{},"cmd":704,"status":-1076}
2022-01-14 13:53:24:196 - error: -1076
2022-01-14 13:53:24:207 - error: {"cmd":703,"aidx":116,"session":"41873750","achievement_code":2020002,"add_cnt":9999}
2022-01-14 13:53:24:207 - error: {"data":{},"cmd":704,"status":-1076}
2022-01-14 13:53:24:207 - error: -1076
2022-01-14 13:53:24:217 - error: {"cmd":703,"aidx":116,"session":"41873750","achievement_code":2020002,"add_cnt":59}
2022-01-14 13:53:24:217 - error: {"data":{},"cmd":704,"status":-1076}
2022-01-14 13:53:24:217 - error: -1076
2022-01-14 13:53:24:227 - error: {"cmd":703,"aidx":116,"session":"41873750","achievement_code":2020002,"add_cnt":599}
2022-01-14 13:53:24:227 - error: {"data":{},"cmd":704,"status":-1076}
2022-01-14 13:53:24:227 - error: -1076
2022-01-14 13:53:24:237 - error: {"cmd":703,"aidx":116,"session":"41873750","achievement_code":2020002,"add_cnt":9999}
2022-01-14 13:53:24:237 - error: {"data":{},"cmd":704,"status":-1076}
2022-01-14 13:53:24:237 - error: -1076
2022-01-14 13:53:24:248 - error: {"cmd":703,"aidx":116,"session":"41873750","achievement_code":2020002,"add_cnt":59}
2022-01-14 13:53:24:248 - error: {"data":{},"cmd":704,"status":-1076}
2022-01-14 13:53:24:248 - error: -1076
2022-01-14 13:53:24:258 - error: {"cmd":703,"aidx":116,"session":"41873750","achievement_code":2020002,"add_cnt":599}
2022-01-14 13:53:24:258 - error: {"data":{},"cmd":704,"status":-1076}
2022-01-14 13:53:24:259 - error: -1076
2022-01-14 13:53:24:269 - error: {"cmd":703,"aidx":116,"session":"41873750","achievement_code":2020002,"add_cnt":9999}
2022-01-14 13:53:24:269 - error: {"data":{},"cmd":704,"status":-1076}
2022-01-14 13:53:24:269 - error: -1076
2022-01-14 13:53:24:280 - error: {"cmd":703,"aidx":116,"session":"41873750","achievement_code":2020002,"add_cnt":59}
2022-01-14 13:53:24:280 - error: {"data":{},"cmd":704,"status":-1076}
2022-01-14 13:53:24:280 - error: -1076
2022-01-14 13:53:24:290 - error: {"cmd":703,"aidx":116,"session":"41873750","achievement_code":2020002,"add_cnt":599}
2022-01-14 13:53:24:290 - error: {"data":{},"cmd":704,"status":-1076}
2022-01-14 13:53:24:290 - error: -1076
2022-01-14 13:53:24:300 - error: {"cmd":703,"aidx":116,"session":"41873750","achievement_code":2020002,"add_cnt":9999}
2022-01-14 13:53:24:300 - error: {"data":{},"cmd":704,"status":-1076}
2022-01-14 13:53:24:300 - error: -1076
2022-01-14 13:53:24:311 - error: {"cmd":703,"aidx":116,"session":"41873750","achievement_code":2020002,"add_cnt":59}
2022-01-14 13:53:24:311 - error: {"data":{},"cmd":704,"status":-1076}
2022-01-14 13:53:24:311 - error: -1076
2022-01-14 13:53:24:321 - error: {"cmd":703,"aidx":116,"session":"41873750","achievement_code":2020002,"add_cnt":599}
2022-01-14 13:53:24:321 - error: {"data":{},"cmd":704,"status":-1076}
2022-01-14 13:53:24:321 - error: -1076
2022-01-14 13:53:24:331 - error: {"cmd":703,"aidx":116,"session":"41873750","achievement_code":2020002,"add_cnt":9999}
2022-01-14 13:53:24:332 - error: {"data":{},"cmd":704,"status":-1076}
2022-01-14 13:53:24:332 - error: -1076
2022-01-14 13:53:24:342 - error: {"cmd":703,"aidx":116,"session":"41873750","achievement_code":2020002,"add_cnt":59}
2022-01-14 13:53:24:342 - error: {"data":{},"cmd":704,"status":-1076}
2022-01-14 13:53:24:342 - error: -1076
2022-01-14 13:53:24:352 - error: {"cmd":703,"aidx":116,"session":"41873750","achievement_code":2020002,"add_cnt":599}
2022-01-14 13:53:24:352 - error: {"data":{},"cmd":704,"status":-1076}
2022-01-14 13:53:24:352 - error: -1076
2022-01-14 13:53:24:362 - error: {"cmd":703,"aidx":116,"session":"41873750","achievement_code":2020002,"add_cnt":9999}
2022-01-14 13:53:24:362 - error: {"data":{},"cmd":704,"status":-1076}
2022-01-14 13:53:24:363 - error: -1076
2022-01-14 13:53:24:373 - error: {"cmd":703,"aidx":116,"session":"41873750","achievement_code":2020002,"add_cnt":59}
2022-01-14 13:53:24:373 - error: {"data":{},"cmd":704,"status":-1076}
2022-01-14 13:53:24:373 - error: -1076
2022-01-14 13:53:24:383 - error: {"cmd":703,"aidx":116,"session":"41873750","achievement_code":2020002,"add_cnt":599}
2022-01-14 13:53:24:383 - error: {"data":{},"cmd":704,"status":-1076}
2022-01-14 13:53:24:383 - error: -1076
2022-01-14 13:53:24:393 - error: {"cmd":703,"aidx":116,"session":"41873750","achievement_code":2020002,"add_cnt":9999}
2022-01-14 13:53:24:394 - error: {"data":{},"cmd":704,"status":-1076}
2022-01-14 13:53:24:394 - error: -1076
2022-01-14 13:53:24:404 - error: {"cmd":703,"aidx":116,"session":"41873750","achievement_code":2020002,"add_cnt":59}
2022-01-14 13:53:24:404 - error: {"data":{},"cmd":704,"status":-1076}
2022-01-14 13:53:24:405 - error: -1076
2022-01-14 13:53:24:415 - error: {"cmd":703,"aidx":116,"session":"41873750","achievement_code":2020002,"add_cnt":599}
2022-01-14 13:53:24:415 - error: {"data":{},"cmd":704,"status":-1076}
2022-01-14 13:53:24:415 - error: -1076
2022-01-14 13:53:24:426 - error: {"cmd":703,"aidx":116,"session":"41873750","achievement_code":2020002,"add_cnt":9999}
2022-01-14 13:53:24:426 - error: {"data":{},"cmd":704,"status":-1076}
2022-01-14 13:53:24:426 - error: -1076
2022-01-14 13:53:24:436 - error: {"cmd":703,"aidx":116,"session":"41873750","achievement_code":2020002,"add_cnt":59}
2022-01-14 13:53:24:437 - error: {"data":{},"cmd":704,"status":-1076}
2022-01-14 13:53:24:437 - error: -1076
2022-01-14 13:53:24:448 - error: {"cmd":703,"aidx":116,"session":"41873750","achievement_code":2020002,"add_cnt":599}
2022-01-14 13:53:24:448 - error: {"data":{},"cmd":704,"status":-1076}
2022-01-14 13:53:24:448 - error: -1076
2022-01-14 13:53:24:458 - error: {"cmd":703,"aidx":116,"session":"41873750","achievement_code":2020002,"add_cnt":9999}
2022-01-14 13:53:24:458 - error: {"data":{},"cmd":704,"status":-1076}
2022-01-14 13:53:24:458 - error: -1076
2022-01-14 13:53:24:468 - error: {"cmd":703,"aidx":116,"session":"41873750","achievement_code":2020002,"add_cnt":59}
2022-01-14 13:53:24:468 - error: {"data":{},"cmd":704,"status":-1076}
2022-01-14 13:53:24:468 - error: -1076
2022-01-14 13:53:24:478 - error: {"cmd":703,"aidx":116,"session":"41873750","achievement_code":2020002,"add_cnt":599}
2022-01-14 13:53:24:478 - error: {"data":{},"cmd":704,"status":-1076}
2022-01-14 13:53:24:478 - error: -1076
2022-01-14 13:53:24:488 - error: {"cmd":703,"aidx":116,"session":"41873750","achievement_code":2020002,"add_cnt":9999}
2022-01-14 13:53:24:488 - error: {"data":{},"cmd":704,"status":-1076}
2022-01-14 13:53:24:488 - error: -1076
2022-01-14 13:53:24:498 - error: {"cmd":703,"aidx":116,"session":"41873750","achievement_code":2020002,"add_cnt":59}
2022-01-14 13:53:24:498 - error: {"data":{},"cmd":704,"status":-1076}
2022-01-14 13:53:24:498 - error: -1076
2022-01-14 13:53:24:508 - error: {"cmd":703,"aidx":116,"session":"41873750","achievement_code":2020002,"add_cnt":599}
2022-01-14 13:53:24:508 - error: {"data":{},"cmd":704,"status":-1076}
2022-01-14 13:53:24:508 - error: -1076
2022-01-14 13:53:24:518 - error: {"cmd":703,"aidx":116,"session":"41873750","achievement_code":2020002,"add_cnt":9999}
2022-01-14 13:53:24:518 - error: {"data":{},"cmd":704,"status":-1076}
2022-01-14 13:53:24:518 - error: -1076
2022-01-14 13:53:24:528 - error: {"cmd":703,"aidx":116,"session":"41873750","achievement_code":2020002,"add_cnt":59}
2022-01-14 13:53:24:528 - error: {"data":{},"cmd":704,"status":-1076}
2022-01-14 13:53:24:528 - error: -1076
2022-01-14 13:53:24:539 - error: {"cmd":703,"aidx":116,"session":"41873750","achievement_code":2020002,"add_cnt":599}
2022-01-14 13:53:24:539 - error: {"data":{},"cmd":704,"status":-1076}
2022-01-14 13:53:24:539 - error: -1076
2022-01-14 13:53:24:548 - error: {"cmd":703,"aidx":116,"session":"41873750","achievement_code":2020002,"add_cnt":9999}
2022-01-14 13:53:24:549 - error: {"data":{},"cmd":704,"status":-1076}
2022-01-14 13:53:24:549 - error: -1076
2022-01-14 13:53:24:559 - error: {"cmd":703,"aidx":116,"session":"41873750","achievement_code":2020002,"add_cnt":59}
2022-01-14 13:53:24:559 - error: {"data":{},"cmd":704,"status":-1076}
2022-01-14 13:53:24:559 - error: -1076
2022-01-14 13:53:24:569 - error: {"cmd":703,"aidx":116,"session":"41873750","achievement_code":2020002,"add_cnt":599}
2022-01-14 13:53:24:569 - error: {"data":{},"cmd":704,"status":-1076}
2022-01-14 13:53:24:569 - error: -1076
2022-01-14 13:53:24:579 - error: {"cmd":703,"aidx":116,"session":"41873750","achievement_code":2020002,"add_cnt":9999}
2022-01-14 13:53:24:579 - error: {"data":{},"cmd":704,"status":-1076}
2022-01-14 13:53:24:579 - error: -1076
2022-01-14 13:53:24:589 - error: {"cmd":703,"aidx":116,"session":"41873750","achievement_code":2020002,"add_cnt":59}
2022-01-14 13:53:24:590 - error: {"data":{},"cmd":704,"status":-1076}
2022-01-14 13:53:24:590 - error: -1076
2022-01-14 13:53:24:601 - error: {"cmd":703,"aidx":116,"session":"41873750","achievement_code":2020002,"add_cnt":599}
2022-01-14 13:53:24:601 - error: {"data":{},"cmd":704,"status":-1076}
2022-01-14 13:53:24:601 - error: -1076
2022-01-14 13:53:24:611 - error: {"cmd":703,"aidx":116,"session":"41873750","achievement_code":2020002,"add_cnt":9999}
2022-01-14 13:53:24:611 - error: {"data":{},"cmd":704,"status":-1076}
2022-01-14 13:53:24:611 - error: -1076
2022-01-14 13:53:24:621 - error: {"cmd":703,"aidx":116,"session":"41873750","achievement_code":2020002,"add_cnt":59}
2022-01-14 13:53:24:621 - error: {"data":{},"cmd":704,"status":-1076}
2022-01-14 13:53:24:621 - error: -1076
2022-01-14 13:53:24:631 - error: {"cmd":703,"aidx":116,"session":"41873750","achievement_code":2020002,"add_cnt":599}
2022-01-14 13:53:24:631 - error: {"data":{},"cmd":704,"status":-1076}
2022-01-14 13:53:24:631 - error: -1076
2022-01-14 13:53:24:641 - error: {"cmd":703,"aidx":116,"session":"41873750","achievement_code":2020002,"add_cnt":9999}
2022-01-14 13:53:24:641 - error: {"data":{},"cmd":704,"status":-1076}
2022-01-14 13:53:24:641 - error: -1076
2022-01-14 13:53:24:651 - error: {"cmd":703,"aidx":116,"session":"41873750","achievement_code":2020002,"add_cnt":59}
2022-01-14 13:53:24:651 - error: {"data":{},"cmd":704,"status":-1076}
2022-01-14 13:53:24:651 - error: -1076
2022-01-14 13:53:24:661 - error: {"cmd":703,"aidx":116,"session":"41873750","achievement_code":2020002,"add_cnt":599}
2022-01-14 13:53:24:662 - error: {"data":{},"cmd":704,"status":-1076}
2022-01-14 13:53:24:662 - error: -1076
2022-01-14 13:53:24:672 - error: {"cmd":703,"aidx":116,"session":"41873750","achievement_code":2020002,"add_cnt":9999}
2022-01-14 13:53:24:672 - error: {"data":{},"cmd":704,"status":-1076}
2022-01-14 13:53:24:672 - error: -1076
2022-01-14 13:53:24:682 - error: {"cmd":703,"aidx":116,"session":"41873750","achievement_code":2020002,"add_cnt":59}
2022-01-14 13:53:24:682 - error: {"data":{},"cmd":704,"status":-1076}
2022-01-14 13:53:24:682 - error: -1076
2022-01-14 13:53:24:691 - error: {"cmd":703,"aidx":116,"session":"41873750","achievement_code":2020002,"add_cnt":599}
2022-01-14 13:53:24:692 - error: {"data":{},"cmd":704,"status":-1076}
2022-01-14 13:53:24:692 - error: -1076
2022-01-14 13:53:24:702 - error: {"cmd":703,"aidx":116,"session":"41873750","achievement_code":2020002,"add_cnt":9999}
2022-01-14 13:53:24:702 - error: {"data":{},"cmd":704,"status":-1076}
2022-01-14 13:53:24:702 - error: -1076
2022-01-14 13:53:24:712 - error: {"cmd":703,"aidx":116,"session":"41873750","achievement_code":2020002,"add_cnt":59}
2022-01-14 13:53:24:712 - error: {"data":{},"cmd":704,"status":-1076}
2022-01-14 13:53:24:712 - error: -1076
2022-01-14 13:53:24:723 - error: {"cmd":703,"aidx":116,"session":"41873750","achievement_code":2020002,"add_cnt":599}
2022-01-14 13:53:24:723 - error: {"data":{},"cmd":704,"status":-1076}
2022-01-14 13:53:24:723 - error: -1076
2022-01-14 13:53:24:733 - error: {"cmd":703,"aidx":116,"session":"41873750","achievement_code":2020002,"add_cnt":9999}
2022-01-14 13:53:24:734 - error: {"data":{},"cmd":704,"status":-1076}
2022-01-14 13:53:24:734 - error: -1076
2022-01-14 13:53:24:744 - error: {"cmd":703,"aidx":116,"session":"41873750","achievement_code":2020002,"add_cnt":59}
2022-01-14 13:53:24:744 - error: {"data":{},"cmd":704,"status":-1076}
2022-01-14 13:53:24:744 - error: -1076
2022-01-14 13:53:24:755 - error: {"cmd":703,"aidx":116,"session":"41873750","achievement_code":2020002,"add_cnt":599}
2022-01-14 13:53:24:756 - error: {"data":{},"cmd":704,"status":-1076}
2022-01-14 13:53:24:756 - error: -1076
2022-01-14 13:53:24:765 - error: {"cmd":703,"aidx":116,"session":"41873750","achievement_code":2020002,"add_cnt":9999}
2022-01-14 13:53:24:765 - error: {"data":{},"cmd":704,"status":-1076}
2022-01-14 13:53:24:766 - error: -1076
2022-01-14 13:53:24:775 - error: {"cmd":703,"aidx":116,"session":"41873750","achievement_code":2020002,"add_cnt":59}
2022-01-14 13:53:24:775 - error: {"data":{},"cmd":704,"status":-1076}
2022-01-14 13:53:24:775 - error: -1076
2022-01-14 13:53:24:785 - error: {"cmd":703,"aidx":116,"session":"41873750","achievement_code":2020002,"add_cnt":599}
2022-01-14 13:53:24:785 - error: {"data":{},"cmd":704,"status":-1076}
2022-01-14 13:53:24:786 - error: -1076
2022-01-14 13:53:24:797 - error: {"cmd":703,"aidx":116,"session":"41873750","achievement_code":2020002,"add_cnt":9999}
2022-01-14 13:53:24:797 - error: {"data":{},"cmd":704,"status":-1076}
2022-01-14 13:53:24:797 - error: -1076
2022-01-14 13:53:24:807 - error: {"cmd":703,"aidx":116,"session":"41873750","achievement_code":2020002,"add_cnt":59}
2022-01-14 13:53:24:807 - error: {"data":{},"cmd":704,"status":-1076}
2022-01-14 13:53:24:808 - error: -1076
2022-01-14 13:53:24:817 - error: {"cmd":703,"aidx":116,"session":"41873750","achievement_code":2020002,"add_cnt":599}
2022-01-14 13:53:24:817 - error: {"data":{},"cmd":704,"status":-1076}
2022-01-14 13:53:24:817 - error: -1076
2022-01-14 13:53:24:827 - error: {"cmd":703,"aidx":116,"session":"41873750","achievement_code":2020002,"add_cnt":9999}
2022-01-14 13:53:24:827 - error: {"data":{},"cmd":704,"status":-1076}
2022-01-14 13:53:24:827 - error: -1076
2022-01-14 13:53:24:837 - error: {"cmd":703,"aidx":116,"session":"41873750","achievement_code":2020002,"add_cnt":59}
2022-01-14 13:53:24:837 - error: {"data":{},"cmd":704,"status":-1076}
2022-01-14 13:53:24:837 - error: -1076
2022-01-14 13:53:24:847 - error: {"cmd":703,"aidx":116,"session":"41873750","achievement_code":2020002,"add_cnt":599}
2022-01-14 13:53:24:847 - error: {"data":{},"cmd":704,"status":-1076}
2022-01-14 13:53:24:847 - error: -1076
2022-01-14 13:53:24:858 - error: {"cmd":703,"aidx":116,"session":"41873750","achievement_code":2020002,"add_cnt":9999}
2022-01-14 13:53:24:858 - error: {"data":{},"cmd":704,"status":-1076}
2022-01-14 13:53:24:858 - error: -1076
2022-01-14 13:53:24:874 - error: {"cmd":703,"aidx":116,"session":"41873750","achievement_code":2020002,"add_cnt":59}
2022-01-14 13:53:24:875 - error: {"data":{},"cmd":704,"status":-1076}
2022-01-14 13:53:24:875 - error: -1076
2022-01-14 13:53:24:887 - error: {"cmd":703,"aidx":116,"session":"41873750","achievement_code":2020002,"add_cnt":599}
2022-01-14 13:53:24:887 - error: {"data":{},"cmd":704,"status":-1076}
2022-01-14 13:53:24:887 - error: -1076
2022-01-14 13:53:24:897 - error: {"cmd":703,"aidx":116,"session":"41873750","achievement_code":2020002,"add_cnt":9999}
2022-01-14 13:53:24:898 - error: {"data":{},"cmd":704,"status":-1076}
2022-01-14 13:53:24:898 - error: -1076
2022-01-14 13:53:24:909 - error: {"cmd":703,"aidx":116,"session":"41873750","achievement_code":2020002,"add_cnt":59}
2022-01-14 13:53:24:909 - error: {"data":{},"cmd":704,"status":-1076}
2022-01-14 13:53:24:909 - error: -1076
2022-01-14 13:53:24:920 - error: {"cmd":703,"aidx":116,"session":"41873750","achievement_code":2020002,"add_cnt":599}
2022-01-14 13:53:24:920 - error: {"data":{},"cmd":704,"status":-1076}
2022-01-14 13:53:24:920 - error: -1076
2022-01-14 13:53:24:931 - error: {"cmd":703,"aidx":116,"session":"41873750","achievement_code":2020002,"add_cnt":9999}
2022-01-14 13:53:24:931 - error: {"data":{},"cmd":704,"status":-1076}
2022-01-14 13:53:24:931 - error: -1076
2022-01-14 13:53:24:941 - error: {"cmd":703,"aidx":116,"session":"41873750","achievement_code":2020002,"add_cnt":59}
2022-01-14 13:53:24:942 - error: {"data":{},"cmd":704,"status":-1076}
2022-01-14 13:53:24:942 - error: -1076
2022-01-14 13:53:24:952 - error: {"cmd":703,"aidx":116,"session":"41873750","achievement_code":2020002,"add_cnt":599}
2022-01-14 13:53:24:952 - error: {"data":{},"cmd":704,"status":-1076}
2022-01-14 13:53:24:952 - error: -1076
2022-01-14 13:53:24:963 - error: {"cmd":703,"aidx":116,"session":"41873750","achievement_code":2020002,"add_cnt":9999}
2022-01-14 13:53:24:963 - error: {"data":{},"cmd":704,"status":-1076}
2022-01-14 13:53:24:963 - error: -1076
2022-01-14 13:53:24:973 - error: {"cmd":703,"aidx":116,"session":"41873750","achievement_code":2020002,"add_cnt":59}
2022-01-14 13:53:24:973 - error: {"data":{},"cmd":704,"status":-1076}
2022-01-14 13:53:24:973 - error: -1076
2022-01-14 13:53:24:983 - error: {"cmd":703,"aidx":116,"session":"41873750","achievement_code":2020002,"add_cnt":599}
2022-01-14 13:53:24:983 - error: {"data":{},"cmd":704,"status":-1076}
2022-01-14 13:53:24:984 - error: -1076
2022-01-14 13:53:24:994 - error: {"cmd":703,"aidx":116,"session":"41873750","achievement_code":2020002,"add_cnt":9999}
2022-01-14 13:53:24:994 - error: {"data":{},"cmd":704,"status":-1076}
2022-01-14 13:53:24:994 - error: -1076
2022-01-14 13:53:25:004 - error: {"cmd":703,"aidx":116,"session":"41873750","achievement_code":2020002,"add_cnt":59}
2022-01-14 13:53:25:004 - error: {"data":{},"cmd":704,"status":-1076}
2022-01-14 13:53:25:004 - error: -1076
2022-01-14 13:53:25:015 - error: {"cmd":703,"aidx":116,"session":"41873750","achievement_code":2020002,"add_cnt":599}
2022-01-14 13:53:25:015 - error: {"data":{},"cmd":704,"status":-1076}
2022-01-14 13:53:25:015 - error: -1076
2022-01-14 13:53:25:025 - error: {"cmd":703,"aidx":116,"session":"41873750","achievement_code":2020002,"add_cnt":9999}
2022-01-14 13:53:25:025 - error: {"data":{},"cmd":704,"status":-1076}
2022-01-14 13:53:25:025 - error: -1076
2022-01-14 13:53:25:035 - error: {"cmd":703,"aidx":116,"session":"41873750","achievement_code":2020002,"add_cnt":59}
2022-01-14 13:53:25:035 - error: {"data":{},"cmd":704,"status":-1076}
2022-01-14 13:53:25:035 - error: -1076
2022-01-14 13:53:25:045 - error: {"cmd":703,"aidx":116,"session":"41873750","achievement_code":2020002,"add_cnt":599}
2022-01-14 13:53:25:045 - error: {"data":{},"cmd":704,"status":-1076}
2022-01-14 13:53:25:045 - error: -1076
2022-01-14 13:53:25:055 - error: {"cmd":703,"aidx":116,"session":"41873750","achievement_code":2020002,"add_cnt":9999}
2022-01-14 13:53:25:056 - error: {"data":{},"cmd":704,"status":-1076}
2022-01-14 13:53:25:056 - error: -1076
2022-01-14 13:53:25:066 - error: {"cmd":703,"aidx":116,"session":"41873750","achievement_code":2020002,"add_cnt":59}
2022-01-14 13:53:25:066 - error: {"data":{},"cmd":704,"status":-1076}
2022-01-14 13:53:25:066 - error: -1076
2022-01-14 13:53:25:076 - error: {"cmd":703,"aidx":116,"session":"41873750","achievement_code":2020002,"add_cnt":599}
2022-01-14 13:53:25:076 - error: {"data":{},"cmd":704,"status":-1076}
2022-01-14 13:53:25:076 - error: -1076
2022-01-14 13:53:25:086 - error: {"cmd":703,"aidx":116,"session":"41873750","achievement_code":2020002,"add_cnt":9999}
2022-01-14 13:53:25:086 - error: {"data":{},"cmd":704,"status":-1076}
2022-01-14 13:53:25:087 - error: -1076
2022-01-14 13:53:25:097 - error: {"cmd":703,"aidx":116,"session":"41873750","achievement_code":2020002,"add_cnt":59}
2022-01-14 13:53:25:097 - error: {"data":{},"cmd":704,"status":-1076}
2022-01-14 13:53:25:097 - error: -1076
2022-01-14 13:53:25:107 - error: {"cmd":703,"aidx":116,"session":"41873750","achievement_code":2020002,"add_cnt":599}
2022-01-14 13:53:25:107 - error: {"data":{},"cmd":704,"status":-1076}
2022-01-14 13:53:25:107 - error: -1076
2022-01-14 13:53:25:117 - error: {"cmd":703,"aidx":116,"session":"41873750","achievement_code":2020002,"add_cnt":9999}
2022-01-14 13:53:25:117 - error: {"data":{},"cmd":704,"status":-1076}
2022-01-14 13:53:25:117 - error: -1076
2022-01-14 13:53:25:128 - error: {"cmd":703,"aidx":116,"session":"41873750","achievement_code":2020002,"add_cnt":59}
2022-01-14 13:53:25:128 - error: {"data":{},"cmd":704,"status":-1076}
2022-01-14 13:53:25:128 - error: -1076
2022-01-14 13:53:25:138 - error: {"cmd":703,"aidx":116,"session":"41873750","achievement_code":2020002,"add_cnt":599}
2022-01-14 13:53:25:138 - error: {"data":{},"cmd":704,"status":-1076}
2022-01-14 13:53:25:138 - error: -1076
2022-01-14 13:53:25:149 - error: {"cmd":703,"aidx":116,"session":"41873750","achievement_code":2020002,"add_cnt":9999}
2022-01-14 13:53:25:149 - error: {"data":{},"cmd":704,"status":-1076}
2022-01-14 13:53:25:149 - error: -1076
2022-01-14 13:53:25:160 - error: {"cmd":703,"aidx":116,"session":"41873750","achievement_code":2020002,"add_cnt":59}
2022-01-14 13:53:25:160 - error: {"data":{},"cmd":704,"status":-1076}
2022-01-14 13:53:25:160 - error: -1076
2022-01-14 13:53:25:171 - error: {"cmd":703,"aidx":116,"session":"41873750","achievement_code":2020002,"add_cnt":599}
2022-01-14 13:53:25:171 - error: {"data":{},"cmd":704,"status":-1076}
2022-01-14 13:53:25:171 - error: -1076
2022-01-14 13:53:25:182 - error: {"cmd":703,"aidx":116,"session":"41873750","achievement_code":2020002,"add_cnt":9999}
2022-01-14 13:53:25:182 - error: {"data":{},"cmd":704,"status":-1076}
2022-01-14 13:53:25:183 - error: -1076
2022-01-14 13:53:25:200 - error: {"cmd":703,"aidx":116,"session":"41873750","achievement_code":2020002,"add_cnt":59}
2022-01-14 13:53:25:200 - error: {"data":{},"cmd":704,"status":-1076}
2022-01-14 13:53:25:201 - error: -1076
2022-01-14 13:53:25:211 - error: {"cmd":703,"aidx":116,"session":"41873750","achievement_code":2020002,"add_cnt":599}
2022-01-14 13:53:25:211 - error: {"data":{},"cmd":704,"status":-1076}
2022-01-14 13:53:25:211 - error: -1076
2022-01-14 13:53:25:221 - error: {"cmd":703,"aidx":116,"session":"41873750","achievement_code":2020002,"add_cnt":9999}
2022-01-14 13:53:25:221 - error: {"data":{},"cmd":704,"status":-1076}
2022-01-14 13:53:25:221 - error: -1076
2022-01-14 13:53:25:232 - error: {"cmd":703,"aidx":116,"session":"41873750","achievement_code":2020002,"add_cnt":59}
2022-01-14 13:53:25:232 - error: {"data":{},"cmd":704,"status":-1076}
2022-01-14 13:53:25:232 - error: -1076
2022-01-14 13:53:25:242 - error: {"cmd":703,"aidx":116,"session":"41873750","achievement_code":2020002,"add_cnt":599}
2022-01-14 13:53:25:242 - error: {"data":{},"cmd":704,"status":-1076}
2022-01-14 13:53:25:243 - error: -1076
2022-01-14 13:53:25:252 - error: {"cmd":703,"aidx":116,"session":"41873750","achievement_code":2020002,"add_cnt":9999}
2022-01-14 13:53:25:253 - error: {"data":{},"cmd":704,"status":-1076}
2022-01-14 13:53:25:253 - error: -1076
2022-01-14 13:53:25:263 - error: {"cmd":703,"aidx":116,"session":"41873750","achievement_code":2020002,"add_cnt":59}
2022-01-14 13:53:25:263 - error: {"data":{},"cmd":704,"status":-1076}
2022-01-14 13:53:25:263 - error: -1076
2022-01-14 13:53:25:274 - error: {"cmd":703,"aidx":116,"session":"41873750","achievement_code":2020002,"add_cnt":599}
2022-01-14 13:53:25:274 - error: {"data":{},"cmd":704,"status":-1076}
2022-01-14 13:53:25:274 - error: -1076
2022-01-14 13:53:25:285 - error: {"cmd":703,"aidx":116,"session":"41873750","achievement_code":2020002,"add_cnt":9999}
2022-01-14 13:53:25:285 - error: {"data":{},"cmd":704,"status":-1076}
2022-01-14 13:53:25:285 - error: -1076
2022-01-14 13:53:25:295 - error: {"cmd":703,"aidx":116,"session":"41873750","achievement_code":2020002,"add_cnt":59}
2022-01-14 13:53:25:295 - error: {"data":{},"cmd":704,"status":-1076}
2022-01-14 13:53:25:295 - error: -1076
2022-01-14 13:53:25:305 - error: {"cmd":703,"aidx":116,"session":"41873750","achievement_code":2020002,"add_cnt":599}
2022-01-14 13:53:25:305 - error: {"data":{},"cmd":704,"status":-1076}
2022-01-14 13:53:25:305 - error: -1076
2022-01-14 13:53:25:315 - error: {"cmd":703,"aidx":116,"session":"41873750","achievement_code":2020002,"add_cnt":9999}
2022-01-14 13:53:25:315 - error: {"data":{},"cmd":704,"status":-1076}
2022-01-14 13:53:25:315 - error: -1076
2022-01-14 13:53:25:325 - error: {"cmd":703,"aidx":116,"session":"41873750","achievement_code":2020002,"add_cnt":59}
2022-01-14 13:53:25:325 - error: {"data":{},"cmd":704,"status":-1076}
2022-01-14 13:53:25:325 - error: -1076
2022-01-14 13:53:25:336 - error: {"cmd":703,"aidx":116,"session":"41873750","achievement_code":2020002,"add_cnt":599}
2022-01-14 13:53:25:336 - error: {"data":{},"cmd":704,"status":-1076}
2022-01-14 13:53:25:336 - error: -1076
2022-01-14 13:53:25:347 - error: {"cmd":703,"aidx":116,"session":"41873750","achievement_code":2020002,"add_cnt":9999}
2022-01-14 13:53:25:347 - error: {"data":{},"cmd":704,"status":-1076}
2022-01-14 13:53:25:347 - error: -1076
2022-01-14 13:53:25:357 - error: {"cmd":703,"aidx":116,"session":"41873750","achievement_code":2020002,"add_cnt":59}
2022-01-14 13:53:25:357 - error: {"data":{},"cmd":704,"status":-1076}
2022-01-14 13:53:25:358 - error: -1076
2022-01-14 13:53:25:368 - error: {"cmd":703,"aidx":116,"session":"41873750","achievement_code":2020002,"add_cnt":599}
2022-01-14 13:53:25:368 - error: {"data":{},"cmd":704,"status":-1076}
2022-01-14 13:53:25:369 - error: -1076
2022-01-14 13:53:25:379 - error: {"cmd":703,"aidx":116,"session":"41873750","achievement_code":2020002,"add_cnt":9999}
2022-01-14 13:53:25:379 - error: {"data":{},"cmd":704,"status":-1076}
2022-01-14 13:53:25:380 - error: -1076
2022-01-14 13:53:25:389 - error: {"cmd":703,"aidx":116,"session":"41873750","achievement_code":2020002,"add_cnt":59}
2022-01-14 13:53:25:390 - error: {"data":{},"cmd":704,"status":-1076}
2022-01-14 13:53:25:390 - error: -1076
2022-01-14 13:53:25:400 - error: {"cmd":703,"aidx":116,"session":"41873750","achievement_code":2020002,"add_cnt":599}
2022-01-14 13:53:25:400 - error: {"data":{},"cmd":704,"status":-1076}
2022-01-14 13:53:25:400 - error: -1076
2022-01-14 13:53:25:411 - error: {"cmd":703,"aidx":116,"session":"41873750","achievement_code":2020002,"add_cnt":9999}
2022-01-14 13:53:25:411 - error: {"data":{},"cmd":704,"status":-1076}
2022-01-14 13:53:25:411 - error: -1076
2022-01-14 13:53:25:421 - error: {"cmd":703,"aidx":116,"session":"41873750","achievement_code":2020002,"add_cnt":59}
2022-01-14 13:53:25:421 - error: {"data":{},"cmd":704,"status":-1076}
2022-01-14 13:53:25:422 - error: -1076
2022-01-14 13:53:25:432 - error: {"cmd":703,"aidx":116,"session":"41873750","achievement_code":2020002,"add_cnt":599}
2022-01-14 13:53:25:432 - error: {"data":{},"cmd":704,"status":-1076}
2022-01-14 13:53:25:432 - error: -1076
2022-01-14 13:53:25:442 - error: {"cmd":703,"aidx":116,"session":"41873750","achievement_code":2020002,"add_cnt":9999}
2022-01-14 13:53:25:442 - error: {"data":{},"cmd":704,"status":-1076}
2022-01-14 13:53:25:443 - error: -1076
2022-01-14 13:53:25:454 - error: {"cmd":703,"aidx":116,"session":"41873750","achievement_code":2020002,"add_cnt":59}
2022-01-14 13:53:25:454 - error: {"data":{},"cmd":704,"status":-1076}
2022-01-14 13:53:25:454 - error: -1076
2022-01-14 13:53:25:464 - error: {"cmd":703,"aidx":116,"session":"41873750","achievement_code":2020002,"add_cnt":599}
2022-01-14 13:53:25:465 - error: {"data":{},"cmd":704,"status":-1076}
2022-01-14 13:53:25:465 - error: -1076
2022-01-14 13:53:25:475 - error: {"cmd":703,"aidx":116,"session":"41873750","achievement_code":2020002,"add_cnt":9999}
2022-01-14 13:53:25:476 - error: {"data":{},"cmd":704,"status":-1076}
2022-01-14 13:53:25:476 - error: -1076
2022-01-14 13:53:25:486 - error: {"cmd":703,"aidx":116,"session":"41873750","achievement_code":2020002,"add_cnt":59}
2022-01-14 13:53:25:486 - error: {"data":{},"cmd":704,"status":-1076}
2022-01-14 13:53:25:486 - error: -1076
2022-01-14 13:53:25:496 - error: {"cmd":703,"aidx":116,"session":"41873750","achievement_code":2020002,"add_cnt":599}
2022-01-14 13:53:25:496 - error: {"data":{},"cmd":704,"status":-1076}
2022-01-14 13:53:25:497 - error: -1076
2022-01-14 13:53:25:506 - error: {"cmd":703,"aidx":116,"session":"41873750","achievement_code":2020002,"add_cnt":9999}
2022-01-14 13:53:25:506 - error: {"data":{},"cmd":704,"status":-1076}
2022-01-14 13:53:25:507 - error: -1076
2022-01-14 13:53:25:517 - error: {"cmd":703,"aidx":116,"session":"41873750","achievement_code":2020002,"add_cnt":59}
2022-01-14 13:53:25:517 - error: {"data":{},"cmd":704,"status":-1076}
2022-01-14 13:53:25:517 - error: -1076
2022-01-14 13:53:25:527 - error: {"cmd":703,"aidx":116,"session":"41873750","achievement_code":2020002,"add_cnt":599}
2022-01-14 13:53:25:527 - error: {"data":{},"cmd":704,"status":-1076}
2022-01-14 13:53:25:527 - error: -1076
2022-01-14 13:53:25:538 - error: {"cmd":703,"aidx":116,"session":"41873750","achievement_code":2020002,"add_cnt":9999}
2022-01-14 13:53:25:539 - error: {"data":{},"cmd":704,"status":-1076}
2022-01-14 13:53:25:539 - error: -1076
2022-01-14 13:53:25:550 - error: {"cmd":703,"aidx":116,"session":"41873750","achievement_code":2020002,"add_cnt":59}
2022-01-14 13:53:25:550 - error: {"data":{},"cmd":704,"status":-1076}
2022-01-14 13:53:25:550 - error: -1076
2022-01-14 13:53:25:561 - error: {"cmd":703,"aidx":116,"session":"41873750","achievement_code":2020002,"add_cnt":599}
2022-01-14 13:53:25:561 - error: {"data":{},"cmd":704,"status":-1076}
2022-01-14 13:53:25:561 - error: -1076
2022-01-14 13:53:25:572 - error: {"cmd":703,"aidx":116,"session":"41873750","achievement_code":2020002,"add_cnt":9999}
2022-01-14 13:53:25:572 - error: {"data":{},"cmd":704,"status":-1076}
2022-01-14 13:53:25:572 - error: -1076
2022-01-14 13:53:25:583 - error: {"cmd":703,"aidx":116,"session":"41873750","achievement_code":2020002,"add_cnt":59}
2022-01-14 13:53:25:583 - error: {"data":{},"cmd":704,"status":-1076}
2022-01-14 13:53:25:583 - error: -1076
2022-01-14 13:53:25:594 - error: {"cmd":703,"aidx":116,"session":"41873750","achievement_code":2020002,"add_cnt":599}
2022-01-14 13:53:25:594 - error: {"data":{},"cmd":704,"status":-1076}
2022-01-14 13:53:25:594 - error: -1076
