2022-03-14 11:42:52:129 - info: main : redis-connect-database = 0 : 49.50.172.145:6379
2022-03-14 11:42:52:139 - info: msg : redis-connect-database = 2 : 49.50.172.145:6379
2022-03-14 11:42:52:145 - info: mysql freemeta_com com db init : 49.50.172.145:3306
2022-03-14 11:42:52:145 - info: mysql freemeta_log log db init : 49.50.172.145:3306
2022-03-14 11:42:52:145 - info: mysql freemeta_msg msg db init : 49.50.172.145:3306
2022-03-14 11:42:52:162 - info: mysql freemeta_01 shard db init : 10.36.69.58:3306
2022-03-14 11:42:52:188 - info: load achievement reference table success !!
2022-03-14 11:42:52:196 - info: load character reference table success !!
2022-03-14 11:42:52:223 - info: load collection reference table success !!
2022-03-14 11:42:52:231 - info: load daily attendance reference table success !!
2022-03-14 11:42:52:292 - info: load item reference table success !!
2022-03-14 11:42:52:304 - info: load open world reference table success !!
2022-03-14 11:42:52:312 - info: load payment reference table success !!
2022-03-14 11:42:52:318 - info: load play world reference table success !!
2022-03-14 11:42:52:326 - info: load ranking reward reference table success !!
2022-03-14 11:42:52:348 - info: load reward reference table success !!
2022-03-14 11:42:52:357 - info: load reward_fishing reference table success !!
2022-03-14 11:42:52:364 - info: load system shop reference table success !!
2022-03-14 11:42:53:029 - info: 서버가 시작되었습니다. [port:8080]
2022-03-14 11:42:53:030 - info: try to start [freemeta game server] : http://175.123.90.25:8080
2022-03-14 11:42:53:030 - info: packet status : packet status not recorded yet.
2022-03-14 11:42:52:134 - info: sub : redis-connect-database = 1 : 49.50.172.145:6379
2022-03-14 11:42:52:136 - info: connect sub redis : ["server_message"]
2022-03-14 11:45:54:343 - error: parameter error : {"aidx":5,"session":"48699959","world_item_code":150404002,"world_item_local_id":15,"equip_item_idx":5,"target_obj":{"widx":233,"target_aidx":242,"world_code":2},"world_type":2,"parameter":1,"cmd":419}
2022-03-14 11:47:52:172 - info: [game db pool] all : 2, wait : 0, acqu : 0, free : 2
2022-03-14 11:47:52:173 - info: [log db pool ] all : 1, wait : 0, acqu : 0, free : 1
2022-03-14 11:47:52:173 - info: [msg db pool ] all : 0, wait : 0, acqu : 0, free : 0
2022-03-14 11:47:52:173 - info: [shard db pool : [1] ] all : 1, wait : 0, acqu : 0, free : 1
2022-03-14 11:47:53:034 - info: packet status : {"103":{"cmd":103,"key":"login","call":1,"total":0,"max":0,"min":0,"average":0}}
2022-03-14 11:52:52:136 - info: main: redis pong
2022-03-14 11:52:52:136 - info: msg: redis pong
2022-03-14 11:52:52:136 - info: sub: redis pong
2022-03-14 11:52:52:178 - info: [game db pool] all : 2, wait : 0, acqu : 0, free : 2
2022-03-14 11:52:52:178 - info: [log db pool ] all : 1, wait : 0, acqu : 0, free : 1
2022-03-14 11:52:52:178 - info: [msg db pool ] all : 0, wait : 0, acqu : 0, free : 0
2022-03-14 11:52:52:178 - info: [shard db pool : [1] ] all : 1, wait : 0, acqu : 0, free : 1
2022-03-14 11:52:53:033 - info: packet status : {"103":{"cmd":103,"key":"login","call":1,"total":0,"max":0,"min":0,"average":0}}
2022-03-14 11:57:52:180 - info: [game db pool] all : 2, wait : 0, acqu : 0, free : 2
2022-03-14 11:57:52:180 - info: [log db pool ] all : 1, wait : 0, acqu : 0, free : 1
2022-03-14 11:57:52:180 - info: [msg db pool ] all : 0, wait : 0, acqu : 0, free : 0
2022-03-14 11:57:52:181 - info: [shard db pool : [1] ] all : 1, wait : 0, acqu : 0, free : 1
2022-03-14 11:57:53:035 - info: packet status : {"103":{"cmd":103,"key":"login","call":1,"total":0,"max":0,"min":0,"average":0}}
2022-03-14 12:02:52:136 - info: sub: redis pong
2022-03-14 12:02:52:137 - info: msg: redis pong
2022-03-14 12:02:52:137 - info: main: redis pong
2022-03-14 12:02:52:180 - info: [game db pool] all : 2, wait : 0, acqu : 0, free : 2
2022-03-14 12:02:52:180 - info: [log db pool ] all : 1, wait : 0, acqu : 0, free : 1
2022-03-14 12:02:52:180 - info: [msg db pool ] all : 0, wait : 0, acqu : 0, free : 0
2022-03-14 12:02:52:180 - info: [shard db pool : [1] ] all : 1, wait : 0, acqu : 0, free : 1
2022-03-14 12:02:53:041 - info: packet status : {"103":{"cmd":103,"key":"login","call":1,"total":0,"max":0,"min":0,"average":0}}
