2022-01-14 13:07:45:951 - info: main : redis-connect-database = 0 : 49.50.172.145:6379
2022-01-14 13:07:45:957 - info: connect sub redis : ["server_message"]
2022-01-14 13:07:45:958 - info: sub : redis-connect-database = 1 : 49.50.172.145:6379
2022-01-14 13:07:45:962 - info: msg : redis-connect-database = 2 : 49.50.172.145:6379
2022-01-14 13:07:45:966 - info: mysql freemeta_com com db init : 49.50.172.145:3306
2022-01-14 13:07:45:966 - info: mysql freemeta_log log db init : 49.50.172.145:3306
2022-01-14 13:07:45:966 - info: mysql freemeta_msg msg db init : 49.50.172.145:3306
2022-01-14 13:07:46:987 - info: mysql freemeta_01 shard db init : 10.36.69.58:3306
2022-01-14 13:07:48:012 - info: load achievement reference table success !!
2022-01-14 13:07:48:019 - info: load character reference table success !!
2022-01-14 13:07:48:040 - info: load collection reference table success !!
2022-01-14 13:07:48:047 - info: load daily attendance reference table success !!
2022-01-14 13:07:48:091 - info: load item reference table success !!
2022-01-14 13:07:48:100 - info: load open world reference table success !!
2022-01-14 13:07:48:107 - info: load payment reference table success !!
2022-01-14 13:07:48:114 - info: load play world reference table success !!
2022-01-14 13:07:48:121 - info: load ranking reward reference table success !!
2022-01-14 13:07:48:146 - info: load reward reference table success !!
2022-01-14 13:07:48:154 - info: load reward_fishing reference table success !!
2022-01-14 13:07:48:160 - info: load system shop reference table success !!
2022-01-14 13:07:48:605 - info: 서버가 시작되었습니다. [port:30051]
2022-01-14 13:07:48:605 - info: try to start [freemeta game test mode server] : http://127.0.0.1:30051
2022-01-14 13:07:48:605 - info: packet status : packet status not recorded yet.
2022-01-14 13:07:48:651 - error: {"cmd":103,"login_id":"1642133268_0_6396_364355130","uuid":"1642133268_0_6396_364355130","version":"0.16.1","os_type":1,"login_type":1}
2022-01-14 13:07:48:651 - error: {"data":{"server_info":{"version":"0.16.1","inspect":0,"account":1,"login":1,"notice_page":"","inspect_page":"https://dev.freeblox.net/coupon","help_page":" ","time":1642133268,"timezone_offset":-32400}},"cmd":104,"status":-1023}
2022-01-14 13:07:48:652 - error: -1023
2022-01-14 13:07:48:710 - error: null
2022-01-14 13:07:48:760 - error: null
2022-01-14 13:07:48:791 - error: null
2022-01-14 13:07:57:906 - error: null
2022-01-14 13:11:07:549 - error: null
2022-01-14 13:11:17:955 - error: null
2022-01-14 13:12:44:096 - error: null
2022-01-14 13:13:14:940 - info: [game db pool] all : 2, wait : 0, acqu : 0, free : 2
2022-01-14 13:13:14:940 - info: [log db pool ] all : 1, wait : 0, acqu : 0, free : 1
2022-01-14 13:13:14:940 - info: [msg db pool ] all : 1, wait : 0, acqu : 0, free : 1
2022-01-14 13:13:14:940 - info: [shard db pool : [1] ] all : 2, wait : 0, acqu : 0, free : 2
2022-01-14 13:13:14:941 - info: packet status : {"101":{"cmd":101,"key":"reg_id","call":1,"total":0,"max":0,"min":0,"average":0},"103":{"cmd":103,"key":"login","call":2,"total":0,"max":0,"min":0,"average":0},"415":{"cmd":415,"key":"world_item_list","call":1,"total":0,"max":0,"min":0,"average":0},"703":{"cmd":703,"key":"achievement_update","call":4,"total":91,"max":74,"min":0,"average":22.75}}
2022-01-14 13:13:17:944 - error: null
2022-01-14 13:13:31:322 - error: null
2022-01-14 13:13:31:339 - error: null
2022-01-14 13:14:12:589 - error: null
2022-01-14 13:14:12:589 - error: >>>>>>>>>>>>>>> fail to start freemeta game server(port = 30051, err = TypeError: Cannot read property 'data' of undefined)
