2022-01-07 10:29:38:357 - info: main : redis-connect-database = 0 : 49.50.172.145:6379
2022-01-07 10:29:38:363 - info: sub : redis-connect-database = 1 : 49.50.172.145:6379
2022-01-07 10:29:38:364 - info: connect sub redis : ["server_message"]
2022-01-07 10:29:38:367 - info: msg : redis-connect-database = 2 : 49.50.172.145:6379
2022-01-07 10:29:38:370 - info: mysql freemeta_com com db init : 49.50.172.145:3306
2022-01-07 10:29:38:370 - info: mysql freemeta_log log db init : 49.50.172.145:3306
2022-01-07 10:29:38:370 - info: mysql freemeta_msg msg db init : 49.50.172.145:3306
2022-01-07 10:29:38:386 - info: mysql freemeta_01 shard db init : 10.36.69.58:3306
2022-01-07 10:29:38:408 - info: load achievement reference table success !!
2022-01-07 10:29:38:414 - info: load character reference table success !!
2022-01-07 10:29:38:427 - info: load collection reference table success !!
2022-01-07 10:29:38:434 - info: load daily attendance reference table success !!
2022-01-07 10:29:38:480 - info: load item reference table success !!
2022-01-07 10:29:38:489 - info: load open world reference table success !!
2022-01-07 10:29:38:497 - info: load payment reference table success !!
2022-01-07 10:29:38:503 - info: load play world reference table success !!
2022-01-07 10:29:38:510 - info: load ranking reward reference table success !!
2022-01-07 10:29:38:532 - info: load reward reference table success !!
2022-01-07 10:29:38:539 - info: load reward_fishing reference table success !!
2022-01-07 10:29:38:546 - info: load system shop reference table success !!
2022-01-07 10:29:38:892 - info: 서버가 시작되었습니다. [port:30051]
2022-01-07 10:29:38:893 - info: try to start [freemeta game test mode server] : http://127.0.0.1:30051
2022-01-07 10:29:38:893 - info: packet status : packet status not recorded yet.
2022-01-07 10:29:39:329 - error: {"cmd":615,"aidx":69,"session":"63333870","collection_code":101001,"seq":1}
2022-01-07 10:29:39:329 - error: {"data":{},"cmd":616,"status":-1081}
2022-01-07 10:29:39:329 - error: -1081
2022-01-07 10:29:39:340 - error: {"cmd":615,"aidx":69,"session":"63333870","collection_code":101002,"seq":1}
2022-01-07 10:29:39:340 - error: {"data":{},"cmd":616,"status":-1081}
2022-01-07 10:29:39:341 - error: -1081
2022-01-07 10:29:39:349 - error: {"cmd":615,"aidx":69,"session":"63333870","collection_code":101003,"seq":1}
2022-01-07 10:29:39:349 - error: {"data":{},"cmd":616,"status":-1081}
2022-01-07 10:29:39:350 - error: -1081
2022-01-07 10:29:39:360 - error: {"cmd":615,"aidx":69,"session":"63333870","collection_code":101004,"seq":1}
2022-01-07 10:29:39:360 - error: {"data":{},"cmd":616,"status":-1081}
2022-01-07 10:29:39:360 - error: -1081
2022-01-07 10:29:39:371 - error: {"cmd":615,"aidx":69,"session":"63333870","collection_code":101005,"seq":1}
2022-01-07 10:29:39:371 - error: {"data":{},"cmd":616,"status":-1081}
2022-01-07 10:29:39:371 - error: -1081
2022-01-07 10:29:39:382 - error: {"cmd":615,"aidx":69,"session":"63333870","collection_code":101006,"seq":1}
2022-01-07 10:29:39:382 - error: {"data":{},"cmd":616,"status":-1081}
2022-01-07 10:29:39:382 - error: -1081
2022-01-07 10:29:39:391 - error: {"cmd":615,"aidx":69,"session":"63333870","collection_code":101007,"seq":1}
2022-01-07 10:29:39:391 - error: {"data":{},"cmd":616,"status":-1081}
2022-01-07 10:29:39:391 - error: -1081
2022-01-07 10:29:39:402 - error: {"cmd":615,"aidx":69,"session":"63333870","collection_code":101008,"seq":1}
2022-01-07 10:29:39:402 - error: {"data":{},"cmd":616,"status":-1081}
2022-01-07 10:29:39:402 - error: -1081
2022-01-07 10:29:39:412 - error: {"cmd":615,"aidx":69,"session":"63333870","collection_code":101009,"seq":1}
2022-01-07 10:29:39:412 - error: {"data":{},"cmd":616,"status":-1081}
2022-01-07 10:29:39:412 - error: -1081
2022-01-07 10:29:39:422 - error: {"cmd":615,"aidx":69,"session":"63333870","collection_code":101010,"seq":1}
2022-01-07 10:29:39:422 - error: {"data":{},"cmd":616,"status":-1081}
2022-01-07 10:29:39:422 - error: -1081
2022-01-07 10:29:39:432 - error: {"cmd":615,"aidx":69,"session":"63333870","collection_code":101011,"seq":1}
2022-01-07 10:29:39:432 - error: {"data":{},"cmd":616,"status":-1081}
2022-01-07 10:29:39:433 - error: -1081
2022-01-07 10:29:39:442 - error: {"cmd":615,"aidx":69,"session":"63333870","collection_code":101012,"seq":1}
2022-01-07 10:29:39:443 - error: {"data":{},"cmd":616,"status":-1081}
2022-01-07 10:29:39:443 - error: -1081
2022-01-07 10:29:39:453 - error: {"cmd":615,"aidx":69,"session":"63333870","collection_code":101013,"seq":1}
2022-01-07 10:29:39:453 - error: {"data":{},"cmd":616,"status":-1081}
2022-01-07 10:29:39:453 - error: -1081
2022-01-07 10:29:39:463 - error: {"cmd":615,"aidx":69,"session":"63333870","collection_code":101014,"seq":1}
2022-01-07 10:29:39:463 - error: {"data":{},"cmd":616,"status":-1081}
2022-01-07 10:29:39:463 - error: -1081
2022-01-07 10:29:39:473 - error: {"cmd":615,"aidx":69,"session":"63333870","collection_code":101015,"seq":1}
2022-01-07 10:29:39:473 - error: {"data":{},"cmd":616,"status":-1081}
2022-01-07 10:29:39:473 - error: -1081
2022-01-07 10:29:39:483 - error: {"cmd":615,"aidx":69,"session":"63333870","collection_code":101016,"seq":1}
2022-01-07 10:29:39:483 - error: {"data":{},"cmd":616,"status":-1081}
2022-01-07 10:29:39:483 - error: -1081
2022-01-07 10:29:39:493 - error: {"cmd":615,"aidx":69,"session":"63333870","collection_code":101017,"seq":1}
2022-01-07 10:29:39:493 - error: {"data":{},"cmd":616,"status":-1081}
2022-01-07 10:29:39:493 - error: -1081
2022-01-07 10:29:39:503 - error: {"cmd":615,"aidx":69,"session":"63333870","collection_code":101018,"seq":1}
2022-01-07 10:29:39:503 - error: {"data":{},"cmd":616,"status":-1081}
2022-01-07 10:29:39:503 - error: -1081
2022-01-07 10:29:39:512 - error: {"cmd":615,"aidx":69,"session":"63333870","collection_code":101019,"seq":1}
2022-01-07 10:29:39:513 - error: {"data":{},"cmd":616,"status":-1081}
2022-01-07 10:29:39:513 - error: -1081
2022-01-07 10:29:39:522 - error: {"cmd":615,"aidx":69,"session":"63333870","collection_code":101020,"seq":1}
2022-01-07 10:29:39:522 - error: {"data":{},"cmd":616,"status":-1081}
2022-01-07 10:29:39:522 - error: -1081
2022-01-07 10:29:39:532 - error: {"cmd":615,"aidx":69,"session":"63333870","collection_code":101021,"seq":1}
2022-01-07 10:29:39:533 - error: {"data":{},"cmd":616,"status":-1081}
2022-01-07 10:29:39:533 - error: -1081
2022-01-07 10:29:39:543 - error: {"cmd":615,"aidx":69,"session":"63333870","collection_code":101022,"seq":1}
2022-01-07 10:29:39:543 - error: {"data":{},"cmd":616,"status":-1081}
2022-01-07 10:29:39:543 - error: -1081
2022-01-07 10:29:39:553 - error: {"cmd":615,"aidx":69,"session":"63333870","collection_code":101023,"seq":1}
2022-01-07 10:29:39:553 - error: {"data":{},"cmd":616,"status":-1081}
2022-01-07 10:29:39:553 - error: -1081
2022-01-07 10:29:39:564 - error: {"cmd":615,"aidx":69,"session":"63333870","collection_code":101024,"seq":1}
2022-01-07 10:29:39:564 - error: {"data":{},"cmd":616,"status":-1081}
2022-01-07 10:29:39:564 - error: -1081
