2022-01-28 13:04:34:077 - info: main : redis-connect-database = 0 : 49.50.172.145:6379
2022-01-28 13:04:34:083 - info: sub : redis-connect-database = 1 : 49.50.172.145:6379
2022-01-28 13:04:34:084 - info: connect sub redis : ["server_message"]
2022-01-28 13:04:34:087 - info: msg : redis-connect-database = 2 : 49.50.172.145:6379
2022-01-28 13:04:34:091 - info: mysql freemeta_com com db init : 49.50.172.145:3306
2022-01-28 13:04:34:091 - info: mysql freemeta_log log db init : 49.50.172.145:3306
2022-01-28 13:04:34:091 - info: mysql freemeta_msg msg db init : 49.50.172.145:3306
2022-01-28 13:04:34:106 - info: mysql freemeta_01 shard db init : 10.36.69.58:3306
2022-01-28 13:04:34:128 - info: load achievement reference table success !!
2022-01-28 13:04:34:135 - info: load character reference table success !!
2022-01-28 13:04:34:159 - info: load collection reference table success !!
2022-01-28 13:04:34:167 - info: load daily attendance reference table success !!
2022-01-28 13:04:34:223 - info: load item reference table success !!
2022-01-28 13:04:34:234 - info: load open world reference table success !!
2022-01-28 13:04:34:241 - info: load payment reference table success !!
2022-01-28 13:04:34:248 - info: load play world reference table success !!
2022-01-28 13:04:34:255 - info: load ranking reward reference table success !!
2022-01-28 13:04:34:278 - info: load reward reference table success !!
2022-01-28 13:04:34:286 - info: load reward_fishing reference table success !!
2022-01-28 13:04:34:292 - info: load system shop reference table success !!
2022-01-28 13:04:34:984 - info: 서버가 시작되었습니다. [port:8080]
2022-01-28 13:04:34:984 - info: try to start [freemeta game server] : http://127.0.0.1:8080
2022-01-28 13:04:34:984 - info: packet status : packet status not recorded yet.
2022-01-28 13:09:34:114 - info: [game db pool] all : 2, wait : 0, acqu : 0, free : 2
2022-01-28 13:09:34:114 - info: [log db pool ] all : 1, wait : 0, acqu : 0, free : 1
2022-01-28 13:09:34:114 - info: [msg db pool ] all : 1, wait : 0, acqu : 0, free : 1
2022-01-28 13:09:34:114 - info: [shard db pool : [1] ] all : 1, wait : 0, acqu : 0, free : 1
2022-01-28 13:09:34:989 - info: packet status : {"103":{"cmd":103,"key":"login","call":1,"total":0,"max":0,"min":0,"average":0},"301":{"cmd":301,"key":"attendance_list","call":1,"total":0,"max":0,"min":0,"average":0}}
2022-01-28 13:14:34:080 - info: sub: redis pong
2022-01-28 13:14:34:080 - info: main: redis pong
2022-01-28 13:14:34:082 - info: msg: redis pong
2022-01-28 13:14:34:122 - info: [game db pool] all : 2, wait : 0, acqu : 0, free : 2
2022-01-28 13:14:34:122 - info: [log db pool ] all : 1, wait : 0, acqu : 0, free : 1
2022-01-28 13:14:34:122 - info: [msg db pool ] all : 1, wait : 0, acqu : 0, free : 1
2022-01-28 13:14:34:122 - info: [shard db pool : [1] ] all : 1, wait : 0, acqu : 0, free : 1
2022-01-28 13:14:34:996 - info: packet status : {"103":{"cmd":103,"key":"login","call":1,"total":0,"max":0,"min":0,"average":0},"301":{"cmd":301,"key":"attendance_list","call":1,"total":0,"max":0,"min":0,"average":0}}
2022-01-28 13:19:34:134 - info: [game db pool] all : 2, wait : 0, acqu : 0, free : 2
2022-01-28 13:19:34:134 - info: [log db pool ] all : 1, wait : 0, acqu : 0, free : 1
2022-01-28 13:19:34:134 - info: [msg db pool ] all : 1, wait : 0, acqu : 0, free : 1
2022-01-28 13:19:34:134 - info: [shard db pool : [1] ] all : 1, wait : 0, acqu : 0, free : 1
2022-01-28 13:19:35:007 - info: packet status : {"103":{"cmd":103,"key":"login","call":1,"total":0,"max":0,"min":0,"average":0},"301":{"cmd":301,"key":"attendance_list","call":1,"total":0,"max":0,"min":0,"average":0}}
2022-01-28 13:24:34:084 - info: sub: redis pong
2022-01-28 13:24:34:084 - info: msg: redis pong
2022-01-28 13:24:34:084 - info: main: redis pong
2022-01-28 13:24:34:142 - info: [game db pool] all : 2, wait : 0, acqu : 0, free : 2
2022-01-28 13:24:34:142 - info: [log db pool ] all : 1, wait : 0, acqu : 0, free : 1
2022-01-28 13:24:34:142 - info: [msg db pool ] all : 1, wait : 0, acqu : 0, free : 1
2022-01-28 13:24:34:142 - info: [shard db pool : [1] ] all : 1, wait : 0, acqu : 0, free : 1
2022-01-28 13:24:35:017 - info: packet status : {"103":{"cmd":103,"key":"login","call":1,"total":0,"max":0,"min":0,"average":0},"301":{"cmd":301,"key":"attendance_list","call":1,"total":0,"max":0,"min":0,"average":0}}
2022-01-28 13:29:34:150 - info: [game db pool] all : 2, wait : 0, acqu : 0, free : 2
2022-01-28 13:29:34:150 - info: [log db pool ] all : 1, wait : 0, acqu : 0, free : 1
2022-01-28 13:29:34:150 - info: [msg db pool ] all : 1, wait : 0, acqu : 0, free : 1
2022-01-28 13:29:34:150 - info: [shard db pool : [1] ] all : 1, wait : 0, acqu : 0, free : 1
2022-01-28 13:29:35:021 - info: packet status : {"103":{"cmd":103,"key":"login","call":1,"total":0,"max":0,"min":0,"average":0},"301":{"cmd":301,"key":"attendance_list","call":1,"total":0,"max":0,"min":0,"average":0}}
2022-01-28 13:34:34:083 - info: sub: redis pong
2022-01-28 13:34:34:083 - info: msg: redis pong
2022-01-28 13:34:34:083 - info: main: redis pong
2022-01-28 13:34:34:155 - info: [game db pool] all : 2, wait : 0, acqu : 0, free : 2
2022-01-28 13:34:34:155 - info: [log db pool ] all : 1, wait : 0, acqu : 0, free : 1
2022-01-28 13:34:34:155 - info: [msg db pool ] all : 1, wait : 0, acqu : 0, free : 1
2022-01-28 13:34:34:155 - info: [shard db pool : [1] ] all : 1, wait : 0, acqu : 0, free : 1
2022-01-28 13:34:35:014 - info: packet status : {"103":{"cmd":103,"key":"login","call":1,"total":0,"max":0,"min":0,"average":0},"301":{"cmd":301,"key":"attendance_list","call":1,"total":0,"max":0,"min":0,"average":0}}
2022-01-28 13:39:34:159 - info: [game db pool] all : 2, wait : 0, acqu : 0, free : 2
2022-01-28 13:39:34:159 - info: [log db pool ] all : 1, wait : 0, acqu : 0, free : 1
2022-01-28 13:39:34:159 - info: [msg db pool ] all : 1, wait : 0, acqu : 0, free : 1
2022-01-28 13:39:34:159 - info: [shard db pool : [1] ] all : 1, wait : 0, acqu : 0, free : 1
2022-01-28 13:39:35:022 - info: packet status : {"103":{"cmd":103,"key":"login","call":1,"total":0,"max":0,"min":0,"average":0},"301":{"cmd":301,"key":"attendance_list","call":1,"total":0,"max":0,"min":0,"average":0}}
2022-01-28 13:44:34:079 - info: sub: redis pong
2022-01-28 13:44:34:079 - info: msg: redis pong
2022-01-28 13:44:34:079 - info: main: redis pong
2022-01-28 13:44:34:168 - info: [game db pool] all : 2, wait : 0, acqu : 0, free : 2
2022-01-28 13:44:34:168 - info: [log db pool ] all : 1, wait : 0, acqu : 0, free : 1
2022-01-28 13:44:34:168 - info: [msg db pool ] all : 1, wait : 0, acqu : 0, free : 1
2022-01-28 13:44:34:168 - info: [shard db pool : [1] ] all : 1, wait : 0, acqu : 0, free : 1
2022-01-28 13:44:35:021 - info: packet status : {"103":{"cmd":103,"key":"login","call":1,"total":0,"max":0,"min":0,"average":0},"301":{"cmd":301,"key":"attendance_list","call":1,"total":0,"max":0,"min":0,"average":0}}
2022-01-28 13:49:34:172 - info: [game db pool] all : 2, wait : 0, acqu : 0, free : 2
2022-01-28 13:49:34:172 - info: [log db pool ] all : 1, wait : 0, acqu : 0, free : 1
2022-01-28 13:49:34:173 - info: [msg db pool ] all : 1, wait : 0, acqu : 0, free : 1
2022-01-28 13:49:34:173 - info: [shard db pool : [1] ] all : 1, wait : 0, acqu : 0, free : 1
2022-01-28 13:49:35:030 - info: packet status : {"103":{"cmd":103,"key":"login","call":1,"total":0,"max":0,"min":0,"average":0},"301":{"cmd":301,"key":"attendance_list","call":1,"total":0,"max":0,"min":0,"average":0}}
2022-01-28 13:54:34:081 - info: sub: redis pong
2022-01-28 13:54:34:081 - info: msg: redis pong
2022-01-28 13:54:34:081 - info: main: redis pong
2022-01-28 13:54:34:184 - info: [game db pool] all : 2, wait : 0, acqu : 0, free : 2
2022-01-28 13:54:34:184 - info: [log db pool ] all : 1, wait : 0, acqu : 0, free : 1
2022-01-28 13:54:34:184 - info: [msg db pool ] all : 1, wait : 0, acqu : 0, free : 1
2022-01-28 13:54:34:184 - info: [shard db pool : [1] ] all : 1, wait : 0, acqu : 0, free : 1
2022-01-28 13:54:35:029 - info: packet status : {"103":{"cmd":103,"key":"login","call":1,"total":0,"max":0,"min":0,"average":0},"301":{"cmd":301,"key":"attendance_list","call":1,"total":0,"max":0,"min":0,"average":0}}
2022-01-28 13:59:34:190 - info: [game db pool] all : 2, wait : 0, acqu : 0, free : 2
2022-01-28 13:59:34:190 - info: [log db pool ] all : 1, wait : 0, acqu : 0, free : 1
2022-01-28 13:59:34:190 - info: [msg db pool ] all : 1, wait : 0, acqu : 0, free : 1
2022-01-28 13:59:34:190 - info: [shard db pool : [1] ] all : 1, wait : 0, acqu : 0, free : 1
2022-01-28 13:59:35:037 - info: packet status : {"103":{"cmd":103,"key":"login","call":1,"total":0,"max":0,"min":0,"average":0},"301":{"cmd":301,"key":"attendance_list","call":1,"total":0,"max":0,"min":0,"average":0}}
2022-01-28 14:04:34:080 - info: sub: redis pong
2022-01-28 14:04:34:080 - info: msg: redis pong
2022-01-28 14:04:34:081 - info: main: redis pong
2022-01-28 14:04:34:198 - info: [game db pool] all : 2, wait : 0, acqu : 0, free : 2
2022-01-28 14:04:34:198 - info: [log db pool ] all : 1, wait : 0, acqu : 0, free : 1
2022-01-28 14:04:34:198 - info: [msg db pool ] all : 1, wait : 0, acqu : 0, free : 1
2022-01-28 14:04:34:198 - info: [shard db pool : [1] ] all : 1, wait : 0, acqu : 0, free : 1
2022-01-28 14:04:35:044 - info: packet status : {"103":{"cmd":103,"key":"login","call":1,"total":0,"max":0,"min":0,"average":0},"301":{"cmd":301,"key":"attendance_list","call":1,"total":0,"max":0,"min":0,"average":0}}
2022-01-28 14:09:34:204 - info: [game db pool] all : 2, wait : 0, acqu : 0, free : 2
2022-01-28 14:09:34:204 - info: [log db pool ] all : 1, wait : 0, acqu : 0, free : 1
2022-01-28 14:09:34:204 - info: [msg db pool ] all : 1, wait : 0, acqu : 0, free : 1
2022-01-28 14:09:34:204 - info: [shard db pool : [1] ] all : 1, wait : 0, acqu : 0, free : 1
2022-01-28 14:09:35:049 - info: packet status : {"103":{"cmd":103,"key":"login","call":1,"total":0,"max":0,"min":0,"average":0},"301":{"cmd":301,"key":"attendance_list","call":1,"total":0,"max":0,"min":0,"average":0}}
2022-01-28 14:14:34:079 - info: sub: redis pong
2022-01-28 14:14:34:079 - info: msg: redis pong
2022-01-28 14:14:34:079 - info: main: redis pong
2022-01-28 14:14:34:213 - info: [game db pool] all : 2, wait : 0, acqu : 0, free : 2
2022-01-28 14:14:34:213 - info: [log db pool ] all : 1, wait : 0, acqu : 0, free : 1
2022-01-28 14:14:34:213 - info: [msg db pool ] all : 1, wait : 0, acqu : 0, free : 1
2022-01-28 14:14:34:213 - info: [shard db pool : [1] ] all : 1, wait : 0, acqu : 0, free : 1
2022-01-28 14:14:35:058 - info: packet status : {"103":{"cmd":103,"key":"login","call":1,"total":0,"max":0,"min":0,"average":0},"301":{"cmd":301,"key":"attendance_list","call":1,"total":0,"max":0,"min":0,"average":0}}
2022-01-28 14:19:34:212 - info: [game db pool] all : 2, wait : 0, acqu : 0, free : 2
2022-01-28 14:19:34:212 - info: [log db pool ] all : 1, wait : 0, acqu : 0, free : 1
2022-01-28 14:19:34:212 - info: [msg db pool ] all : 1, wait : 0, acqu : 0, free : 1
2022-01-28 14:19:34:212 - info: [shard db pool : [1] ] all : 1, wait : 0, acqu : 0, free : 1
2022-01-28 14:19:35:059 - info: packet status : {"103":{"cmd":103,"key":"login","call":1,"total":0,"max":0,"min":0,"average":0},"301":{"cmd":301,"key":"attendance_list","call":1,"total":0,"max":0,"min":0,"average":0}}
2022-01-28 14:24:34:076 - info: sub: redis pong
2022-01-28 14:24:34:076 - info: msg: redis pong
2022-01-28 14:24:34:076 - info: main: redis pong
2022-01-28 14:24:34:210 - info: [game db pool] all : 2, wait : 0, acqu : 0, free : 2
2022-01-28 14:24:34:210 - info: [log db pool ] all : 1, wait : 0, acqu : 0, free : 1
2022-01-28 14:24:34:210 - info: [msg db pool ] all : 1, wait : 0, acqu : 0, free : 1
2022-01-28 14:24:34:210 - info: [shard db pool : [1] ] all : 1, wait : 0, acqu : 0, free : 1
2022-01-28 14:24:35:069 - info: packet status : {"103":{"cmd":103,"key":"login","call":1,"total":0,"max":0,"min":0,"average":0},"301":{"cmd":301,"key":"attendance_list","call":1,"total":0,"max":0,"min":0,"average":0}}
2022-01-28 14:29:34:221 - info: [game db pool] all : 2, wait : 0, acqu : 0, free : 2
2022-01-28 14:29:34:221 - info: [log db pool ] all : 1, wait : 0, acqu : 0, free : 1
2022-01-28 14:29:34:221 - info: [msg db pool ] all : 1, wait : 0, acqu : 0, free : 1
2022-01-28 14:29:34:221 - info: [shard db pool : [1] ] all : 1, wait : 0, acqu : 0, free : 1
2022-01-28 14:29:35:068 - info: packet status : {"103":{"cmd":103,"key":"login","call":1,"total":0,"max":0,"min":0,"average":0},"301":{"cmd":301,"key":"attendance_list","call":1,"total":0,"max":0,"min":0,"average":0}}
2022-01-28 14:34:34:081 - info: main: redis pong
2022-01-28 14:34:34:081 - info: sub: redis pong
2022-01-28 14:34:34:082 - info: msg: redis pong
2022-01-28 14:34:34:230 - info: [game db pool] all : 2, wait : 0, acqu : 0, free : 2
2022-01-28 14:34:34:230 - info: [log db pool ] all : 1, wait : 0, acqu : 0, free : 1
2022-01-28 14:34:34:230 - info: [msg db pool ] all : 1, wait : 0, acqu : 0, free : 1
2022-01-28 14:34:34:231 - info: [shard db pool : [1] ] all : 1, wait : 0, acqu : 0, free : 1
2022-01-28 14:34:35:080 - info: packet status : {"103":{"cmd":103,"key":"login","call":1,"total":0,"max":0,"min":0,"average":0},"301":{"cmd":301,"key":"attendance_list","call":1,"total":0,"max":0,"min":0,"average":0}}
2022-01-28 14:39:34:231 - info: [game db pool] all : 2, wait : 0, acqu : 0, free : 2
2022-01-28 14:39:34:231 - info: [log db pool ] all : 1, wait : 0, acqu : 0, free : 1
2022-01-28 14:39:34:231 - info: [msg db pool ] all : 1, wait : 0, acqu : 0, free : 1
2022-01-28 14:39:34:231 - info: [shard db pool : [1] ] all : 1, wait : 0, acqu : 0, free : 1
2022-01-28 14:39:35:088 - info: packet status : {"103":{"cmd":103,"key":"login","call":1,"total":0,"max":0,"min":0,"average":0},"301":{"cmd":301,"key":"attendance_list","call":1,"total":0,"max":0,"min":0,"average":0}}
2022-01-28 14:44:34:084 - info: sub: redis pong
2022-01-28 14:44:34:084 - info: main: redis pong
2022-01-28 14:44:34:085 - info: msg: redis pong
2022-01-28 14:44:34:233 - info: [game db pool] all : 2, wait : 0, acqu : 0, free : 2
2022-01-28 14:44:34:233 - info: [log db pool ] all : 1, wait : 0, acqu : 0, free : 1
2022-01-28 14:44:34:233 - info: [msg db pool ] all : 1, wait : 0, acqu : 0, free : 1
2022-01-28 14:44:34:233 - info: [shard db pool : [1] ] all : 1, wait : 0, acqu : 0, free : 1
2022-01-28 14:44:35:091 - info: packet status : {"103":{"cmd":103,"key":"login","call":1,"total":0,"max":0,"min":0,"average":0},"301":{"cmd":301,"key":"attendance_list","call":1,"total":0,"max":0,"min":0,"average":0}}
