2022-06-10 10:55:29:012 - info: main : redis-connect-database = 0 : 49.50.172.145:6379
2022-06-10 10:55:29:019 - info: sub : redis-connect-database = 1 : 49.50.172.145:6379
2022-06-10 10:55:29:020 - info: connect sub redis : ["server_message"]
2022-06-10 10:55:29:023 - info: msg : redis-connect-database = 2 : 49.50.172.145:6379
2022-06-10 10:55:29:029 - info: mysql freemeta_com com db init : 49.50.172.145:3306
2022-06-10 10:55:29:029 - info: mysql freemeta_log log db init : 49.50.172.145:3306
2022-06-10 10:55:29:029 - info: mysql freemeta_msg msg db init : 49.50.172.145:3306
2022-06-10 10:55:29:046 - info: mysql freemeta_01 shard db init : 10.36.69.58:3306
2022-06-10 10:55:29:068 - info: load achievement reference table success !!
2022-06-10 10:55:29:077 - info: load character reference table success !!
2022-06-10 10:55:29:102 - info: load collection reference table success !!
2022-06-10 10:55:29:110 - info: load daily attendance reference table success !!
2022-06-10 10:55:29:118 - info: load system shop reference table success !!
2022-06-10 10:55:29:181 - info: load item reference table success !!
2022-06-10 10:55:29:188 - info: load open world reference table success !!
2022-06-10 10:55:29:196 - info: load payment reference table success !!
2022-06-10 10:55:29:205 - info: load play rank group reference table success !!
2022-06-10 10:55:29:215 - info: load play world reference table success !!
2022-06-10 10:55:29:226 - info: load ranking reward reference table success !!
2022-06-10 10:55:29:249 - info: load reward reference table success !!
2022-06-10 10:55:29:256 - info: load reward_fishing reference table success !!
2022-06-10 10:55:29:263 - info: load system shop reference table success !!
2022-06-10 10:55:29:591 - info: 서버가 시작되었습니다. [port:8080]
2022-06-10 10:55:29:591 - info: try to start [freemeta game test mode server] : http://127.0.0.1:8080
2022-06-10 10:55:29:591 - info: packet status : packet status not recorded yet.
2022-06-10 10:55:29:605 - error: >>>>>>>>>>>>>>> fail to start freemeta game server(port = 8080, err = Error: Cannot find module 'game/handlers/login'
Require stack:
- C:\workspace\FM_DEV_NCloud\server\trunk\fm_node_server\game_server\test_logic\test_com.js
- C:\workspace\FM_DEV_NCloud\server\trunk\fm_node_server\game_server\test_logic\test_fn_login.js
- C:\workspace\FM_DEV_NCloud\server\trunk\fm_node_server\game_server\test_logic\test_senario3.js
- C:\workspace\FM_DEV_NCloud\server\trunk\fm_node_server\game_server\test_main.js)
2022-06-10 11:00:29:058 - info: [game db pool] all : 2, wait : 0, acqu : 0, free : 2
2022-06-10 11:00:29:058 - info: [log db pool ] all : 0, wait : 0, acqu : 0, free : 0
2022-06-10 11:00:29:058 - info: [msg db pool ] all : 0, wait : 0, acqu : 0, free : 0
2022-06-10 11:00:29:058 - info: [shard db pool : [1] ] all : 0, wait : 0, acqu : 0, free : 0
2022-06-10 11:00:29:602 - info: packet status : packet status not recorded yet.
2022-06-10 11:05:29:019 - info: main: redis pong
2022-06-10 11:05:29:019 - info: sub: redis pong
2022-06-10 11:05:29:020 - info: msg: redis pong
2022-06-10 11:05:29:061 - info: [game db pool] all : 2, wait : 0, acqu : 0, free : 2
2022-06-10 11:05:29:062 - info: [log db pool ] all : 0, wait : 0, acqu : 0, free : 0
2022-06-10 11:05:29:062 - info: [msg db pool ] all : 0, wait : 0, acqu : 0, free : 0
2022-06-10 11:05:29:062 - info: [shard db pool : [1] ] all : 0, wait : 0, acqu : 0, free : 0
2022-06-10 11:05:29:602 - info: packet status : packet status not recorded yet.
2022-06-10 11:10:29:060 - info: [game db pool] all : 2, wait : 0, acqu : 0, free : 2
2022-06-10 11:10:29:061 - info: [log db pool ] all : 0, wait : 0, acqu : 0, free : 0
2022-06-10 11:10:29:061 - info: [msg db pool ] all : 0, wait : 0, acqu : 0, free : 0
2022-06-10 11:10:29:061 - info: [shard db pool : [1] ] all : 0, wait : 0, acqu : 0, free : 0
2022-06-10 11:10:29:605 - info: packet status : packet status not recorded yet.
2022-06-10 11:15:29:024 - info: main: redis pong
2022-06-10 11:15:29:025 - info: sub: redis pong
2022-06-10 11:15:29:067 - info: [game db pool] all : 2, wait : 0, acqu : 0, free : 2
2022-06-10 11:15:29:068 - info: [log db pool ] all : 0, wait : 0, acqu : 0, free : 0
2022-06-10 11:15:29:068 - info: [msg db pool ] all : 0, wait : 0, acqu : 0, free : 0
2022-06-10 11:15:29:068 - info: [shard db pool : [1] ] all : 0, wait : 0, acqu : 0, free : 0
2022-06-10 11:15:29:607 - info: packet status : packet status not recorded yet.
2022-06-10 11:15:29:025 - info: msg: redis pong
2022-06-10 11:20:29:070 - info: [game db pool] all : 2, wait : 0, acqu : 0, free : 2
2022-06-10 11:20:29:071 - info: [log db pool ] all : 0, wait : 0, acqu : 0, free : 0
2022-06-10 11:20:29:071 - info: [msg db pool ] all : 0, wait : 0, acqu : 0, free : 0
2022-06-10 11:20:29:071 - info: [shard db pool : [1] ] all : 0, wait : 0, acqu : 0, free : 0
2022-06-10 11:20:29:612 - info: packet status : packet status not recorded yet.
2022-06-10 11:25:29:021 - info: main: redis pong
2022-06-10 11:25:29:022 - info: sub: redis pong
2022-06-10 11:25:29:022 - info: msg: redis pong
2022-06-10 11:25:29:079 - info: [game db pool] all : 2, wait : 0, acqu : 0, free : 2
2022-06-10 11:25:29:080 - info: [log db pool ] all : 0, wait : 0, acqu : 0, free : 0
2022-06-10 11:25:29:080 - info: [msg db pool ] all : 0, wait : 0, acqu : 0, free : 0
2022-06-10 11:25:29:080 - info: [shard db pool : [1] ] all : 0, wait : 0, acqu : 0, free : 0
2022-06-10 11:25:29:620 - info: packet status : packet status not recorded yet.
2022-06-10 11:30:29:079 - info: [game db pool] all : 2, wait : 0, acqu : 0, free : 2
2022-06-10 11:30:29:080 - info: [log db pool ] all : 0, wait : 0, acqu : 0, free : 0
2022-06-10 11:30:29:080 - info: [msg db pool ] all : 0, wait : 0, acqu : 0, free : 0
2022-06-10 11:30:29:080 - info: [shard db pool : [1] ] all : 0, wait : 0, acqu : 0, free : 0
2022-06-10 11:30:29:623 - info: packet status : packet status not recorded yet.
2022-06-10 11:35:29:018 - info: main: redis pong
2022-06-10 11:35:29:019 - info: sub: redis pong
2022-06-10 11:35:29:019 - info: msg: redis pong
2022-06-10 11:35:29:076 - info: [game db pool] all : 2, wait : 0, acqu : 0, free : 2
2022-06-10 11:35:29:076 - info: [log db pool ] all : 0, wait : 0, acqu : 0, free : 0
2022-06-10 11:35:29:077 - info: [msg db pool ] all : 0, wait : 0, acqu : 0, free : 0
2022-06-10 11:35:29:077 - info: [shard db pool : [1] ] all : 0, wait : 0, acqu : 0, free : 0
2022-06-10 11:35:29:631 - info: packet status : packet status not recorded yet.
2022-06-10 11:40:29:081 - info: [game db pool] all : 2, wait : 0, acqu : 0, free : 2
2022-06-10 11:40:29:081 - info: [log db pool ] all : 0, wait : 0, acqu : 0, free : 0
2022-06-10 11:40:29:083 - info: [msg db pool ] all : 0, wait : 0, acqu : 0, free : 0
2022-06-10 11:40:29:083 - info: [shard db pool : [1] ] all : 0, wait : 0, acqu : 0, free : 0
2022-06-10 11:40:29:640 - info: packet status : packet status not recorded yet.
