2022-02-28 10:33:30:975 - info: main : redis-connect-database = 0 : 49.50.172.145:6379
2022-02-28 10:33:30:981 - info: connect sub redis : ["server_message"]
2022-02-28 10:33:30:981 - info: sub : redis-connect-database = 1 : 49.50.172.145:6379
2022-02-28 10:33:30:986 - info: msg : redis-connect-database = 2 : 49.50.172.145:6379
2022-02-28 10:33:30:989 - info: mysql freemeta_com com db init : 49.50.172.145:3306
2022-02-28 10:33:30:989 - info: mysql freemeta_log log db init : 49.50.172.145:3306
2022-02-28 10:33:30:989 - info: mysql freemeta_msg msg db init : 49.50.172.145:3306
2022-02-28 10:33:31:007 - info: mysql freemeta_01 shard db init : 10.36.69.58:3306
2022-02-28 10:33:31:028 - info: load achievement reference table success !!
2022-02-28 10:33:31:035 - info: load character reference table success !!
2022-02-28 10:33:31:059 - info: load collection reference table success !!
2022-02-28 10:33:31:066 - info: load daily attendance reference table success !!
2022-02-28 10:33:31:123 - info: load item reference table success !!
2022-02-28 10:33:31:133 - info: load open world reference table success !!
2022-02-28 10:33:31:139 - info: load payment reference table success !!
2022-02-28 10:33:31:147 - info: load play world reference table success !!
2022-02-28 10:33:31:154 - info: load ranking reward reference table success !!
2022-02-28 10:33:31:178 - info: load reward reference table success !!
2022-02-28 10:33:31:187 - info: load reward_fishing reference table success !!
2022-02-28 10:33:31:194 - info: load system shop reference table success !!
2022-02-28 10:33:31:587 - info: 서버가 시작되었습니다. [port:8080]
2022-02-28 10:33:31:587 - info: try to start [freemeta game server] : http://175.123.90.25:8080
2022-02-28 10:33:31:587 - info: packet status : packet status not recorded yet.
2022-02-28 10:38:31:018 - info: [game db pool] all : 2, wait : 0, acqu : 0, free : 2
2022-02-28 10:38:31:018 - info: [log db pool ] all : 0, wait : 0, acqu : 0, free : 0
2022-02-28 10:38:31:018 - info: [msg db pool ] all : 0, wait : 0, acqu : 0, free : 0
2022-02-28 10:38:31:018 - info: [shard db pool : [1] ] all : 0, wait : 0, acqu : 0, free : 0
2022-02-28 10:38:31:589 - info: packet status : packet status not recorded yet.
2022-02-28 10:43:30:981 - info: main: redis pong
2022-02-28 10:43:30:983 - info: sub: redis pong
2022-02-28 10:43:30:995 - info: msg: redis pong
2022-02-28 10:43:31:023 - info: [game db pool] all : 2, wait : 0, acqu : 0, free : 2
2022-02-28 10:43:31:023 - info: [log db pool ] all : 0, wait : 0, acqu : 0, free : 0
2022-02-28 10:43:31:023 - info: [msg db pool ] all : 0, wait : 0, acqu : 0, free : 0
2022-02-28 10:43:31:023 - info: [shard db pool : [1] ] all : 0, wait : 0, acqu : 0, free : 0
2022-02-28 10:43:31:597 - info: packet status : packet status not recorded yet.
2022-02-28 10:48:31:032 - info: [game db pool] all : 2, wait : 0, acqu : 0, free : 2
2022-02-28 10:48:31:032 - info: [log db pool ] all : 0, wait : 0, acqu : 0, free : 0
2022-02-28 10:48:31:032 - info: [msg db pool ] all : 0, wait : 0, acqu : 0, free : 0
2022-02-28 10:48:31:032 - info: [shard db pool : [1] ] all : 0, wait : 0, acqu : 0, free : 0
2022-02-28 10:48:31:603 - info: packet status : packet status not recorded yet.
2022-02-28 10:53:30:976 - info: main: redis pong
2022-02-28 10:53:30:976 - info: sub: redis pong
2022-02-28 10:53:30:990 - info: msg: redis pong
2022-02-28 10:53:31:033 - info: [game db pool] all : 2, wait : 0, acqu : 0, free : 2
2022-02-28 10:53:31:033 - info: [log db pool ] all : 0, wait : 0, acqu : 0, free : 0
2022-02-28 10:53:31:033 - info: [msg db pool ] all : 0, wait : 0, acqu : 0, free : 0
2022-02-28 10:53:31:033 - info: [shard db pool : [1] ] all : 0, wait : 0, acqu : 0, free : 0
2022-02-28 10:53:31:604 - info: packet status : packet status not recorded yet.
2022-02-28 10:58:31:037 - info: [game db pool] all : 2, wait : 0, acqu : 0, free : 2
2022-02-28 10:58:31:037 - info: [log db pool ] all : 0, wait : 0, acqu : 0, free : 0
2022-02-28 10:58:31:037 - info: [msg db pool ] all : 0, wait : 0, acqu : 0, free : 0
2022-02-28 10:58:31:037 - info: [shard db pool : [1] ] all : 0, wait : 0, acqu : 0, free : 0
2022-02-28 10:58:31:612 - info: packet status : packet status not recorded yet.
2022-02-28 11:03:30:983 - info: main: redis pong
2022-02-28 11:03:30:984 - info: sub: redis pong
2022-02-28 11:03:30:998 - info: msg: redis pong
2022-02-28 11:03:31:041 - info: [game db pool] all : 2, wait : 0, acqu : 0, free : 2
2022-02-28 11:03:31:041 - info: [log db pool ] all : 0, wait : 0, acqu : 0, free : 0
2022-02-28 11:03:31:041 - info: [msg db pool ] all : 0, wait : 0, acqu : 0, free : 0
2022-02-28 11:03:31:041 - info: [shard db pool : [1] ] all : 0, wait : 0, acqu : 0, free : 0
2022-02-28 11:03:31:615 - info: packet status : packet status not recorded yet.
2022-02-28 11:08:31:042 - info: [game db pool] all : 2, wait : 0, acqu : 0, free : 2
2022-02-28 11:08:31:043 - info: [log db pool ] all : 0, wait : 0, acqu : 0, free : 0
2022-02-28 11:08:31:043 - info: [msg db pool ] all : 0, wait : 0, acqu : 0, free : 0
2022-02-28 11:08:31:043 - info: [shard db pool : [1] ] all : 0, wait : 0, acqu : 0, free : 0
2022-02-28 11:08:31:615 - info: packet status : packet status not recorded yet.
2022-02-28 11:13:30:986 - info: sub: redis pong
2022-02-28 11:13:30:986 - info: main: redis pong
2022-02-28 11:13:30:988 - info: msg: redis pong
2022-02-28 11:13:31:043 - info: [game db pool] all : 2, wait : 0, acqu : 0, free : 2
2022-02-28 11:13:31:043 - info: [log db pool ] all : 0, wait : 0, acqu : 0, free : 0
2022-02-28 11:13:31:043 - info: [msg db pool ] all : 0, wait : 0, acqu : 0, free : 0
2022-02-28 11:13:31:043 - info: [shard db pool : [1] ] all : 0, wait : 0, acqu : 0, free : 0
2022-02-28 11:13:31:628 - info: packet status : packet status not recorded yet.
2022-02-28 11:18:31:045 - info: [game db pool] all : 2, wait : 0, acqu : 0, free : 2
2022-02-28 11:18:31:045 - info: [log db pool ] all : 0, wait : 0, acqu : 0, free : 0
2022-02-28 11:18:31:045 - info: [msg db pool ] all : 0, wait : 0, acqu : 0, free : 0
2022-02-28 11:18:31:045 - info: [shard db pool : [1] ] all : 0, wait : 0, acqu : 0, free : 0
2022-02-28 11:18:31:633 - info: packet status : packet status not recorded yet.
2022-02-28 11:23:30:991 - info: main: redis pong
2022-02-28 11:23:30:991 - info: msg: redis pong
2022-02-28 11:23:30:991 - info: sub: redis pong
2022-02-28 11:23:31:046 - info: [game db pool] all : 2, wait : 0, acqu : 0, free : 2
2022-02-28 11:23:31:046 - info: [log db pool ] all : 0, wait : 0, acqu : 0, free : 0
2022-02-28 11:23:31:046 - info: [msg db pool ] all : 0, wait : 0, acqu : 0, free : 0
2022-02-28 11:23:31:046 - info: [shard db pool : [1] ] all : 0, wait : 0, acqu : 0, free : 0
2022-02-28 11:23:31:632 - info: packet status : packet status not recorded yet.
2022-02-28 11:28:31:057 - info: [game db pool] all : 2, wait : 0, acqu : 0, free : 2
2022-02-28 11:28:31:057 - info: [log db pool ] all : 0, wait : 0, acqu : 0, free : 0
2022-02-28 11:28:31:057 - info: [msg db pool ] all : 0, wait : 0, acqu : 0, free : 0
2022-02-28 11:28:31:057 - info: [shard db pool : [1] ] all : 0, wait : 0, acqu : 0, free : 0
2022-02-28 11:28:31:629 - info: packet status : packet status not recorded yet.
2022-02-28 11:33:30:999 - info: msg: redis pong
2022-02-28 11:33:31:000 - info: main: redis pong
2022-02-28 11:33:31:000 - info: sub: redis pong
2022-02-28 11:33:31:057 - info: [game db pool] all : 2, wait : 0, acqu : 0, free : 2
2022-02-28 11:33:31:057 - info: [log db pool ] all : 0, wait : 0, acqu : 0, free : 0
2022-02-28 11:33:31:057 - info: [msg db pool ] all : 0, wait : 0, acqu : 0, free : 0
2022-02-28 11:33:31:057 - info: [shard db pool : [1] ] all : 0, wait : 0, acqu : 0, free : 0
2022-02-28 11:33:31:630 - info: packet status : packet status not recorded yet.
