2022-05-27 11:13:10:285 - info: main : redis-connect-database = 0 : 49.50.172.145:6379
2022-05-27 11:13:10:298 - info: msg : redis-connect-database = 2 : 49.50.172.145:6379
2022-05-27 11:13:10:302 - info: mysql freemeta_com com db init : 49.50.172.145:3306
2022-05-27 11:13:10:303 - info: mysql freemeta_log log db init : 49.50.172.145:3306
2022-05-27 11:13:10:303 - info: mysql freemeta_msg msg db init : 49.50.172.145:3306
2022-05-27 11:13:10:319 - info: mysql freemeta_01 shard db init : 10.36.69.58:3306
2022-05-27 11:13:10:341 - info: load achievement reference table success !!
2022-05-27 11:13:10:348 - info: load character reference table success !!
2022-05-27 11:13:10:375 - info: load collection reference table success !!
2022-05-27 11:13:10:384 - info: load daily attendance reference table success !!
2022-05-27 11:13:10:391 - info: load system shop reference table success !!
2022-05-27 11:13:10:456 - info: load item reference table success !!
2022-05-27 11:13:10:467 - info: load open world reference table success !!
2022-05-27 11:13:10:476 - info: load payment reference table success !!
2022-05-27 11:13:10:500 - info: load play rank group reference table success !!
2022-05-27 11:13:10:514 - info: load play world reference table success !!
2022-05-27 11:13:10:524 - info: load ranking reward reference table success !!
2022-05-27 11:13:10:553 - info: load reward reference table success !!
2022-05-27 11:13:10:568 - info: load reward_fishing reference table success !!
2022-05-27 11:13:10:578 - info: load system shop reference table success !!
2022-05-27 11:13:10:655 - info: delete expire exchange item schedule success~~
2022-05-27 11:13:10:670 - info: delete mail cnt = 0
2022-05-27 11:13:10:670 - info: delete expire mail schedule success~~
2022-05-27 11:13:10:699 - info: delete expire mail schedule success~~
2022-05-27 11:13:10:712 - info: iocp junk room clear schedule success~~
2022-05-27 11:13:10:756 - info: nft item cnt = 18
2022-05-27 11:13:10:756 - info: nft item sync schedule success~~
2022-05-27 11:13:22:519 - info: rank schedule success~~
2022-05-27 11:13:10:294 - info: sub : redis-connect-database = 1 : 49.50.172.145:6379
2022-05-27 11:14:00:009 - info: iocp junk room clear schedule success~~
2022-05-27 11:15:00:012 - info: iocp junk room clear schedule success~~
2022-05-27 11:16:00:020 - info: iocp junk room clear schedule success~~
2022-05-27 11:17:00:007 - info: iocp junk room clear schedule success~~
2022-05-27 11:18:00:008 - info: iocp junk room clear schedule success~~
2022-05-27 11:18:10:332 - info: [game db pool] all : 2, wait : 0, acqu : 0, free : 2
2022-05-27 11:18:10:332 - info: [log db pool ] all : 0, wait : 0, acqu : 0, free : 0
2022-05-27 11:18:10:332 - info: [msg db pool ] all : 1, wait : 0, acqu : 0, free : 1
2022-05-27 11:18:10:332 - info: [shard db pool : [1] ] all : 1, wait : 0, acqu : 0, free : 1
2022-05-27 11:19:00:021 - info: iocp junk room clear schedule success~~
2022-05-27 11:20:00:015 - info: iocp junk room clear schedule success~~
