2021-12-29 16:30:07:675 - info: main : redis-connect-database = 0 : 49.50.172.145:6379
2021-12-29 16:30:07:681 - info: sub : redis-connect-database = 1 : 49.50.172.145:6379
2021-12-29 16:30:07:683 - info: connect sub redis : ["server_message"]
2021-12-29 16:30:07:685 - info: msg : redis-connect-database = 2 : 49.50.172.145:6379
2021-12-29 16:30:07:688 - info: mysql freemeta_com com db init : 49.50.172.145:3306
2021-12-29 16:30:07:688 - info: mysql freemeta_log log db init : 49.50.172.145:3306
2021-12-29 16:30:07:688 - info: mysql freemeta_msg msg db init : 49.50.172.145:3306
2021-12-29 16:30:07:703 - info: mysql freemeta_01 shard db init : 10.36.69.58:3306
2021-12-29 16:30:08:032 - info: load achievement reference table success !!
2021-12-29 16:30:08:039 - info: load character reference table success !!
2021-12-29 16:30:08:051 - info: load collection reference table success !!
2021-12-29 16:30:08:057 - info: load daily attendance reference table success !!
2021-12-29 16:30:08:103 - info: load item reference table success !!
2021-12-29 16:30:08:112 - info: load open world reference table success !!
2021-12-29 16:30:08:118 - info: load payment reference table success !!
2021-12-29 16:30:08:124 - info: load play world reference table success !!
2021-12-29 16:30:08:130 - info: load ranking reward reference table success !!
2021-12-29 16:30:08:157 - info: load reward reference table success !!
2021-12-29 16:30:08:164 - info: load reward_fishing reference table success !!
2021-12-29 16:30:08:181 - info: open_world_init
2021-12-29 16:31:22:897 - info: delete expire exchange item schedule success~~
2021-12-29 16:31:24:017 - info: delete mail cnt = 0
2021-12-29 16:31:24:017 - info: delete expire mail schedule success~~
2021-12-29 16:31:24:027 - info: iocp junk room clear schedule success~~
2021-12-29 16:31:24:052 - info: nft item cnt = 3
2021-12-29 16:31:24:052 - info: nft item sync schedule success~~
2021-12-29 16:32:00:018 - info: iocp junk room clear schedule success~~
2021-12-29 16:33:00:024 - info: iocp junk room clear schedule success~~
2021-12-29 16:34:00:012 - info: iocp junk room clear schedule success~~
2021-12-29 16:35:00:016 - info: iocp junk room clear schedule success~~
2021-12-29 16:35:07:692 - info: [game db pool] all : 2, wait : 0, acqu : 0, free : 2
2021-12-29 16:35:07:692 - info: [log db pool ] all : 0, wait : 0, acqu : 0, free : 0
2021-12-29 16:35:07:692 - info: [msg db pool ] all : 1, wait : 0, acqu : 0, free : 1
2021-12-29 16:35:07:692 - info: [shard db pool : [1] ] all : 0, wait : 0, acqu : 0, free : 0
2021-12-29 16:36:00:010 - info: iocp junk room clear schedule success~~
2021-12-29 16:37:00:011 - info: iocp junk room clear schedule success~~
2021-12-29 16:38:00:014 - info: iocp junk room clear schedule success~~
2021-12-29 16:39:00:011 - info: iocp junk room clear schedule success~~
2021-12-29 16:40:00:018 - info: room_key = P1000005_1, update_time = 2021-12-29 16:39:26, current_time = 2021-12-29 16:39:59
2021-12-29 16:40:00:018 - info: server_no = 1, delete_keys = ["P1000005_1"]
2021-12-29 16:40:00:021 - info: iocp junk room clear schedule success~~
2021-12-29 16:40:07:660 - info: main: redis pong
2021-12-29 16:40:07:660 - info: sub: redis pong
2021-12-29 16:40:07:675 - info: msg: redis pong
2021-12-29 16:40:07:689 - info: [game db pool] all : 2, wait : 0, acqu : 0, free : 2
2021-12-29 16:40:07:689 - info: [log db pool ] all : 0, wait : 0, acqu : 0, free : 0
2021-12-29 16:40:07:689 - info: [msg db pool ] all : 1, wait : 0, acqu : 0, free : 1
2021-12-29 16:40:07:689 - info: [shard db pool : [1] ] all : 0, wait : 0, acqu : 0, free : 0
2021-12-29 16:41:00:008 - info: iocp junk room clear schedule success~~
2021-12-29 16:42:00:015 - info: iocp junk room clear schedule success~~
2021-12-29 16:43:00:019 - info: iocp junk room clear schedule success~~
2021-12-29 16:44:00:015 - info: iocp junk room clear schedule success~~
2021-12-29 16:45:00:019 - info: iocp junk room clear schedule success~~
2021-12-29 16:45:07:694 - info: [game db pool] all : 2, wait : 0, acqu : 0, free : 2
2021-12-29 16:45:07:694 - info: [log db pool ] all : 0, wait : 0, acqu : 0, free : 0
2021-12-29 16:45:07:695 - info: [msg db pool ] all : 1, wait : 0, acqu : 0, free : 1
2021-12-29 16:45:07:695 - info: [shard db pool : [1] ] all : 0, wait : 0, acqu : 0, free : 0
2021-12-29 16:46:00:007 - info: iocp junk room clear schedule success~~
2021-12-29 16:47:00:012 - info: iocp junk room clear schedule success~~
2021-12-29 16:48:00:011 - info: iocp junk room clear schedule success~~
