2022-01-20 12:27:00:805 - info: main : redis-connect-database = 0 : 49.50.172.145:6379
2022-01-20 12:27:00:817 - info: sub : redis-connect-database = 1 : 49.50.172.145:6379
2022-01-20 12:27:00:818 - info: connect sub redis : ["server_message"]
2022-01-20 12:27:00:824 - info: msg : redis-connect-database = 2 : 49.50.172.145:6379
2022-01-20 12:27:00:828 - info: mysql freemeta_com com db init : 49.50.172.145:3306
2022-01-20 12:27:00:828 - info: mysql freemeta_log log db init : 49.50.172.145:3306
2022-01-20 12:27:00:828 - info: mysql freemeta_msg msg db init : 49.50.172.145:3306
2022-01-20 12:27:00:844 - info: mysql freemeta_01 shard db init : 10.36.69.58:3306
2022-01-20 12:27:00:867 - info: load achievement reference table success !!
2022-01-20 12:27:00:874 - info: load character reference table success !!
2022-01-20 12:27:00:896 - info: load collection reference table success !!
2022-01-20 12:27:00:904 - info: load daily attendance reference table success !!
2022-01-20 12:27:00:964 - info: load item reference table success !!
2022-01-20 12:27:00:973 - info: load open world reference table success !!
2022-01-20 12:27:00:980 - info: load payment reference table success !!
2022-01-20 12:27:00:987 - info: load play world reference table success !!
2022-01-20 12:27:00:994 - info: load ranking reward reference table success !!
2022-01-20 12:27:01:016 - info: load reward reference table success !!
2022-01-20 12:27:01:024 - info: load reward_fishing reference table success !!
2022-01-20 12:27:01:030 - info: load system shop reference table success !!
2022-01-20 12:27:01:051 - info: open_world_init
2022-01-20 12:27:01:312 - info: delete expire exchange item schedule success~~
2022-01-20 12:27:01:322 - info: delete mail cnt = 0
2022-01-20 12:27:01:323 - info: delete expire mail schedule success~~
2022-01-20 12:27:01:334 - info: delete expire mail schedule success~~
2022-01-20 12:27:01:351 - info: iocp junk room clear schedule success~~
2022-01-20 12:27:01:374 - info: nft item cnt = 4
2022-01-20 12:27:01:374 - info: nft item sync schedule success~~
2022-01-20 12:28:00:020 - info: iocp junk room clear schedule success~~
2022-01-20 12:29:00:010 - info: iocp junk room clear schedule success~~
2022-01-20 12:30:00:020 - info: iocp junk room clear schedule success~~
2022-01-20 12:30:00:037 - info: nft item cnt = 4
2022-01-20 12:30:00:037 - info: nft item sync schedule success~~
2022-01-20 12:31:00:016 - info: iocp junk room clear schedule success~~
2022-01-20 12:32:00:013 - info: iocp junk room clear schedule success~~
2022-01-20 12:32:00:847 - info: [game db pool] all : 2, wait : 0, acqu : 0, free : 2
2022-01-20 12:32:00:847 - info: [log db pool ] all : 0, wait : 0, acqu : 0, free : 0
2022-01-20 12:32:00:847 - info: [msg db pool ] all : 1, wait : 0, acqu : 0, free : 1
2022-01-20 12:32:00:847 - info: [shard db pool : [1] ] all : 1, wait : 0, acqu : 0, free : 1
2022-01-20 12:33:00:014 - info: iocp junk room clear schedule success~~
2022-01-20 12:34:00:012 - info: iocp junk room clear schedule success~~
2022-01-20 12:35:00:016 - info: iocp junk room clear schedule success~~
2022-01-20 12:36:00:016 - info: iocp junk room clear schedule success~~
2022-01-20 12:37:00:011 - info: iocp junk room clear schedule success~~
2022-01-20 12:37:00:802 - info: main: redis pong
2022-01-20 12:37:00:817 - info: sub: redis pong
2022-01-20 12:37:00:819 - info: msg: redis pong
2022-01-20 12:37:00:845 - info: [game db pool] all : 2, wait : 0, acqu : 0, free : 2
2022-01-20 12:37:00:845 - info: [log db pool ] all : 0, wait : 0, acqu : 0, free : 0
2022-01-20 12:37:00:845 - info: [msg db pool ] all : 1, wait : 0, acqu : 0, free : 1
2022-01-20 12:37:00:845 - info: [shard db pool : [1] ] all : 1, wait : 0, acqu : 0, free : 1
2022-01-20 12:38:00:020 - info: iocp junk room clear schedule success~~
2022-01-20 12:39:00:009 - info: iocp junk room clear schedule success~~
2022-01-20 12:40:00:012 - info: iocp junk room clear schedule success~~
2022-01-20 12:41:00:014 - info: iocp junk room clear schedule success~~
