2022-03-23 14:46:07:262 - info: main : redis-connect-database = 0 : 49.50.172.145:6379
2022-03-23 14:46:07:267 - info: connect sub redis : ["server_message"]
2022-03-23 14:46:07:267 - info: sub : redis-connect-database = 1 : 49.50.172.145:6379
2022-03-23 14:46:07:273 - info: msg : redis-connect-database = 2 : 49.50.172.145:6379
2022-03-23 14:46:07:278 - info: mysql freemeta_com com db init : 49.50.172.145:3306
2022-03-23 14:46:07:278 - info: mysql freemeta_log log db init : 49.50.172.145:3306
2022-03-23 14:46:07:279 - info: mysql freemeta_msg msg db init : 49.50.172.145:3306
2022-03-23 14:46:07:296 - info: mysql freemeta_01 shard db init : 10.36.69.58:3306
2022-03-23 14:46:07:319 - info: load achievement reference table success !!
2022-03-23 14:46:07:326 - info: load character reference table success !!
2022-03-23 14:46:07:352 - info: load collection reference table success !!
2022-03-23 14:46:07:360 - info: load daily attendance reference table success !!
2022-03-23 14:46:07:434 - info: load item reference table success !!
2022-03-23 14:46:07:445 - info: load open world reference table success !!
2022-03-23 14:46:07:452 - info: load payment reference table success !!
2022-03-23 14:46:07:459 - info: load play rank group reference table success !!
2022-03-23 14:46:07:465 - info: load play world reference table success !!
2022-03-23 14:46:07:472 - info: load ranking reward reference table success !!
2022-03-23 14:46:07:494 - info: load reward reference table success !!
2022-03-23 14:46:07:501 - info: load reward_fishing reference table success !!
2022-03-23 14:46:07:507 - info: load system shop reference table success !!
2022-03-23 14:46:07:514 - error: _2022_03_23 : 패치 시작
2022-03-23 14:46:07:515 - error: 장착된 모든 아바타의 장비를 인벤으로 넣어줍니다.
2022-03-23 14:46:07:515 - error: 모든 프리뷰 데이타를 리셋합니다.
2022-03-23 14:46:07:515 - error: 모든 유저의 프리셋 데이타를 리셋합니다.
2022-03-23 14:46:07:515 - error: 모든 아이템의 코드를 변경합니다.
2022-03-23 14:46:07:515 - error: 15403024 => 15403036
2022-03-23 14:46:07:515 - error: 15403023 => 15403035
2022-03-23 14:46:07:515 - error: 15403022 => 15403034
2022-03-23 14:46:07:515 - error: 15403021 => 15403033
2022-03-23 14:46:07:516 - error: 15403020 => 15403032
2022-03-23 14:46:07:516 - error: 15403019 => 15403031
2022-03-23 14:46:07:516 - error: 15403018 => 15403026
2022-03-23 14:46:07:516 - error: 15403017 => 15403025
2022-03-23 14:46:07:516 - error: 15403016 => 15403024
2022-03-23 14:46:07:516 - error: 15403015 => 15403023
2022-03-23 14:46:07:516 - error: 15403014 => 15403022
2022-03-23 14:46:07:516 - error: 15403013 => 15403021
2022-03-23 14:46:07:516 - error: 15403012 => 15403016
2022-03-23 14:46:07:516 - error: 15403011 => 15403015
2022-03-23 14:46:07:516 - error: 15403010 => 15403014
2022-03-23 14:46:07:517 - error: 15403009 => 15403013
2022-03-23 14:46:07:517 - error: 15403008 => 15403012
2022-03-23 14:46:07:517 - error: 15403007 => 15403011
2022-03-23 14:46:07:517 - error: 15401019 => 15401027
2022-03-23 14:46:07:517 - error: 15401018 => 15401026
2022-03-23 14:46:07:517 - error: 15401017 => 15401025
2022-03-23 14:46:07:517 - error: 15401016 => 15401024
2022-03-23 14:46:07:517 - error: 15401015 => 15401023
2022-03-23 14:46:07:517 - error: 15401014 => 15401022
2022-03-23 14:46:07:517 - error: 15401013 => 15401017
2022-03-23 14:46:07:518 - error: 15401012 => 15401016
2022-03-23 14:46:07:518 - error: 15401011 => 15401015
2022-03-23 14:46:07:518 - error: 15401010 => 15401014
2022-03-23 14:46:07:518 - error: 15401009 => 15401013
2022-03-23 14:46:07:518 - error: 15401008 => 15401012
2022-03-23 14:46:07:518 - error: 10403012 => 10403016
2022-03-23 14:46:07:518 - error: 10403011 => 10403015
2022-03-23 14:46:07:518 - error: 10403010 => 10403014
2022-03-23 14:46:07:518 - error: 10403009 => 10403013
2022-03-23 14:46:07:519 - error: 10403008 => 10403012
2022-03-23 14:46:07:519 - error: 10403007 => 10403011
2022-03-23 14:46:07:519 - error: 10402012 => 10402016
2022-03-23 14:46:07:519 - error: 10402011 => 10402015
2022-03-23 14:46:07:519 - error: 10402010 => 10402014
2022-03-23 14:46:07:519 - error: 10402009 => 10402013
2022-03-23 14:46:07:519 - error: 10402008 => 10402012
2022-03-23 14:46:07:519 - error: 10402007 => 10402011
2022-03-23 14:46:07:519 - error: 10401019 => 10401027
2022-03-23 14:46:07:519 - error: 10401018 => 10401026
2022-03-23 14:46:07:520 - error: 10401017 => 10401025
2022-03-23 14:46:07:520 - error: 10401016 => 10401024
2022-03-23 14:46:07:520 - error: 10401015 => 10401023
2022-03-23 14:46:07:520 - error: 10401014 => 10401022
2022-03-23 14:46:07:520 - error: 10401013 => 10401017
2022-03-23 14:46:07:520 - error: 10401012 => 10401016
2022-03-23 14:46:07:520 - error: 10401011 => 10401015
2022-03-23 14:46:07:520 - error: 10401010 => 10401014
2022-03-23 14:46:07:520 - error: 10401009 => 10401013
2022-03-23 14:46:07:520 - error: 10401008 => 10401012
2022-03-23 14:46:07:520 - error: _2022_03_23 : 패치 성공
