2021-12-29 17:18:20:458 - info: main : redis-connect-database = 0 : 49.50.172.145:6379
2021-12-29 17:18:20:469 - info: msg : redis-connect-database = 2 : 49.50.172.145:6379
2021-12-29 17:18:20:473 - info: mysql freemeta_com com db init : 49.50.172.145:3306
2021-12-29 17:18:20:473 - info: mysql freemeta_log log db init : 49.50.172.145:3306
2021-12-29 17:18:20:473 - info: mysql freemeta_msg msg db init : 49.50.172.145:3306
2021-12-29 17:18:20:489 - info: mysql freemeta_01 shard db init : 10.36.69.58:3306
2021-12-29 17:18:20:510 - info: load achievement reference table success !!
2021-12-29 17:18:20:517 - info: load character reference table success !!
2021-12-29 17:18:20:531 - info: load collection reference table success !!
2021-12-29 17:18:20:537 - info: load daily attendance reference table success !!
2021-12-29 17:18:20:586 - info: load item reference table success !!
2021-12-29 17:18:20:594 - info: load open world reference table success !!
2021-12-29 17:18:20:601 - info: load payment reference table success !!
2021-12-29 17:18:20:608 - info: load play world reference table success !!
2021-12-29 17:18:20:614 - info: load ranking reward reference table success !!
2021-12-29 17:18:20:636 - info: load reward reference table success !!
2021-12-29 17:18:20:645 - info: load reward_fishing reference table success !!
2021-12-29 17:18:20:662 - info: open_world_init
2021-12-29 17:18:29:807 - info: delete expire exchange item schedule success~~
2021-12-29 17:18:30:833 - info: delete mail cnt = 0
2021-12-29 17:18:30:834 - info: delete expire mail schedule success~~
2021-12-29 17:18:30:843 - info: iocp junk room clear schedule success~~
2021-12-29 17:18:30:867 - info: nft item cnt = 3
2021-12-29 17:18:30:868 - info: nft item sync schedule success~~
2021-12-29 17:18:20:466 - info: sub : redis-connect-database = 1 : 49.50.172.145:6379
2021-12-29 17:18:20:467 - info: connect sub redis : ["server_message"]
2021-12-29 17:19:00:017 - info: iocp junk room clear schedule success~~
2021-12-29 17:20:00:016 - info: iocp junk room clear schedule success~~
2021-12-29 17:21:00:019 - info: iocp junk room clear schedule success~~
2021-12-29 17:22:00:012 - info: iocp junk room clear schedule success~~
2021-12-29 17:23:00:022 - info: iocp junk room clear schedule success~~
2021-12-29 17:23:20:504 - info: [game db pool] all : 2, wait : 0, acqu : 0, free : 2
2021-12-29 17:23:20:504 - info: [log db pool ] all : 0, wait : 0, acqu : 0, free : 0
2021-12-29 17:23:20:504 - info: [msg db pool ] all : 1, wait : 0, acqu : 0, free : 1
2021-12-29 17:23:20:504 - info: [shard db pool : [1] ] all : 1, wait : 0, acqu : 0, free : 1
2021-12-29 17:24:00:013 - info: iocp junk room clear schedule success~~
2021-12-29 17:25:00:015 - info: iocp junk room clear schedule success~~
2021-12-29 17:26:00:018 - info: iocp junk room clear schedule success~~
