2022-01-19 17:22:42:391 - info: main : redis-connect-database = 0 : 49.50.172.145:6379
2022-01-19 17:22:42:396 - info: sub : redis-connect-database = 1 : 49.50.172.145:6379
2022-01-19 17:22:42:401 - info: msg : redis-connect-database = 2 : 49.50.172.145:6379
2022-01-19 17:22:42:404 - info: mysql freemeta_com com db init : 49.50.172.145:3306
2022-01-19 17:22:42:404 - info: mysql freemeta_log log db init : 49.50.172.145:3306
2022-01-19 17:22:42:405 - info: mysql freemeta_msg msg db init : 49.50.172.145:3306
2022-01-19 17:22:42:420 - info: mysql freemeta_01 shard db init : 10.36.69.58:3306
2022-01-19 17:22:42:449 - info: load achievement reference table success !!
2022-01-19 17:22:42:454 - info: load character reference table success !!
2022-01-19 17:22:42:481 - info: load collection reference table success !!
2022-01-19 17:22:42:488 - info: load daily attendance reference table success !!
2022-01-19 17:22:42:544 - info: load item reference table success !!
2022-01-19 17:22:42:556 - info: load open world reference table success !!
2022-01-19 17:22:42:562 - info: load payment reference table success !!
2022-01-19 17:22:42:569 - info: load play world reference table success !!
2022-01-19 17:22:42:576 - info: load ranking reward reference table success !!
2022-01-19 17:22:42:596 - info: load reward reference table success !!
2022-01-19 17:22:42:604 - info: load reward_fishing reference table success !!
2022-01-19 17:22:42:610 - info: load system shop reference table success !!
2022-01-19 17:22:42:641 - info: 서버가 시작되었습니다. [port:30052]
2022-01-19 17:22:42:641 - info: try to start [freemeta match server] : http://127.0.0.1:30052
2022-01-19 17:22:42:642 - info: packet status : packet status not recorded yet.
2022-01-19 17:27:42:425 - info: [game db pool] all : 2, wait : 0, acqu : 0, free : 2
2022-01-19 17:27:42:425 - info: [log db pool ] all : 0, wait : 0, acqu : 0, free : 0
2022-01-19 17:27:42:425 - info: [msg db pool ] all : 0, wait : 0, acqu : 0, free : 0
2022-01-19 17:27:42:425 - info: [shard db pool : [1] ] all : 0, wait : 0, acqu : 0, free : 0
2022-01-19 17:27:42:649 - info: packet status : packet status not recorded yet.
2022-01-19 17:32:42:393 - info: main: redis pong
2022-01-19 17:32:42:397 - info: sub: redis pong
2022-01-19 17:32:42:407 - info: msg: redis pong
2022-01-19 17:32:42:436 - info: [game db pool] all : 2, wait : 0, acqu : 0, free : 2
2022-01-19 17:32:42:436 - info: [log db pool ] all : 0, wait : 0, acqu : 0, free : 0
2022-01-19 17:32:42:436 - info: [msg db pool ] all : 0, wait : 0, acqu : 0, free : 0
2022-01-19 17:32:42:436 - info: [shard db pool : [1] ] all : 0, wait : 0, acqu : 0, free : 0
2022-01-19 17:32:42:648 - info: packet status : packet status not recorded yet.
2022-01-19 17:37:42:440 - info: [game db pool] all : 2, wait : 0, acqu : 0, free : 2
2022-01-19 17:37:42:440 - info: [log db pool ] all : 0, wait : 0, acqu : 0, free : 0
2022-01-19 17:37:42:440 - info: [msg db pool ] all : 0, wait : 0, acqu : 0, free : 0
2022-01-19 17:37:42:440 - info: [shard db pool : [1] ] all : 0, wait : 0, acqu : 0, free : 0
2022-01-19 17:37:42:652 - info: packet status : packet status not recorded yet.
2022-01-19 17:42:42:399 - info: sub: redis pong
2022-01-19 17:42:42:399 - info: main: redis pong
2022-01-19 17:42:42:415 - info: msg: redis pong
2022-01-19 17:42:42:442 - info: [game db pool] all : 2, wait : 0, acqu : 0, free : 2
2022-01-19 17:42:42:442 - info: [log db pool ] all : 0, wait : 0, acqu : 0, free : 0
2022-01-19 17:42:42:442 - info: [msg db pool ] all : 0, wait : 0, acqu : 0, free : 0
2022-01-19 17:42:42:442 - info: [shard db pool : [1] ] all : 0, wait : 0, acqu : 0, free : 0
2022-01-19 17:42:42:652 - info: packet status : packet status not recorded yet.
2022-01-19 17:47:42:443 - info: [game db pool] all : 2, wait : 0, acqu : 0, free : 2
2022-01-19 17:47:42:444 - info: [log db pool ] all : 0, wait : 0, acqu : 0, free : 0
2022-01-19 17:47:42:444 - info: [msg db pool ] all : 0, wait : 0, acqu : 0, free : 0
2022-01-19 17:47:42:444 - info: [shard db pool : [1] ] all : 0, wait : 0, acqu : 0, free : 0
2022-01-19 17:47:42:653 - info: packet status : packet status not recorded yet.
2022-01-19 17:52:42:388 - info: sub: redis pong
2022-01-19 17:52:42:388 - info: main: redis pong
2022-01-19 17:52:42:404 - info: msg: redis pong
2022-01-19 17:52:42:446 - info: [game db pool] all : 2, wait : 0, acqu : 0, free : 2
2022-01-19 17:52:42:446 - info: [log db pool ] all : 0, wait : 0, acqu : 0, free : 0
2022-01-19 17:52:42:446 - info: [msg db pool ] all : 0, wait : 0, acqu : 0, free : 0
2022-01-19 17:52:42:446 - info: [shard db pool : [1] ] all : 0, wait : 0, acqu : 0, free : 0
2022-01-19 17:52:42:656 - info: packet status : packet status not recorded yet.
2022-01-19 17:57:42:454 - info: [game db pool] all : 2, wait : 0, acqu : 0, free : 2
2022-01-19 17:57:42:454 - info: [log db pool ] all : 0, wait : 0, acqu : 0, free : 0
2022-01-19 17:57:42:454 - info: [msg db pool ] all : 0, wait : 0, acqu : 0, free : 0
2022-01-19 17:57:42:454 - info: [shard db pool : [1] ] all : 0, wait : 0, acqu : 0, free : 0
2022-01-19 17:57:42:650 - info: packet status : packet status not recorded yet.
2022-01-19 18:02:42:386 - info: main: redis pong
2022-01-19 18:02:42:386 - info: sub: redis pong
2022-01-19 18:02:42:401 - info: msg: redis pong
2022-01-19 18:02:42:459 - info: [game db pool] all : 2, wait : 0, acqu : 0, free : 2
2022-01-19 18:02:42:459 - info: [log db pool ] all : 0, wait : 0, acqu : 0, free : 0
2022-01-19 18:02:42:459 - info: [msg db pool ] all : 0, wait : 0, acqu : 0, free : 0
2022-01-19 18:02:42:459 - info: [shard db pool : [1] ] all : 0, wait : 0, acqu : 0, free : 0
2022-01-19 18:02:42:654 - info: packet status : packet status not recorded yet.
2022-01-19 18:07:42:458 - info: [game db pool] all : 2, wait : 0, acqu : 0, free : 2
2022-01-19 18:07:42:458 - info: [log db pool ] all : 0, wait : 0, acqu : 0, free : 0
2022-01-19 18:07:42:458 - info: [msg db pool ] all : 0, wait : 0, acqu : 0, free : 0
2022-01-19 18:07:42:458 - info: [shard db pool : [1] ] all : 0, wait : 0, acqu : 0, free : 0
2022-01-19 18:07:42:654 - info: packet status : packet status not recorded yet.
2022-01-19 18:12:42:381 - info: sub: redis pong
2022-01-19 18:12:42:382 - info: main: redis pong
2022-01-19 18:12:42:397 - info: msg: redis pong
2022-01-19 18:12:42:470 - info: [game db pool] all : 2, wait : 0, acqu : 0, free : 2
2022-01-19 18:12:42:470 - info: [log db pool ] all : 0, wait : 0, acqu : 0, free : 0
2022-01-19 18:12:42:471 - info: [msg db pool ] all : 0, wait : 0, acqu : 0, free : 0
2022-01-19 18:12:42:471 - info: [shard db pool : [1] ] all : 0, wait : 0, acqu : 0, free : 0
2022-01-19 18:12:42:665 - info: packet status : packet status not recorded yet.
