2022-02-14 11:07:15:010 - info: main : redis-connect-database = 0 : 49.50.172.145:6379
2022-02-14 11:07:15:015 - info: sub : redis-connect-database = 1 : 49.50.172.145:6379
2022-02-14 11:07:15:016 - info: connect sub redis : ["iocp_cmd"]
2022-02-14 11:07:15:019 - info: msg : redis-connect-database = 2 : 49.50.172.145:6379
2022-02-14 11:07:15:022 - info: mysql freemeta_com com db init : 49.50.172.145:3306
2022-02-14 11:07:15:022 - info: mysql freemeta_log log db init : 49.50.172.145:3306
2022-02-14 11:07:15:022 - info: mysql freemeta_msg msg db init : 49.50.172.145:3306
2022-02-14 11:07:15:039 - info: mysql freemeta_01 shard db init : 10.36.69.58:3306
2022-02-14 11:07:15:061 - info: load achievement reference table success !!
2022-02-14 11:07:15:068 - info: load character reference table success !!
2022-02-14 11:07:15:092 - info: load collection reference table success !!
2022-02-14 11:07:15:099 - info: load daily attendance reference table success !!
2022-02-14 11:07:15:163 - info: load item reference table success !!
2022-02-14 11:07:15:173 - info: load open world reference table success !!
2022-02-14 11:07:15:180 - info: load payment reference table success !!
2022-02-14 11:07:15:186 - info: load play world reference table success !!
2022-02-14 11:07:15:193 - info: load ranking reward reference table success !!
2022-02-14 11:07:15:220 - info: load reward reference table success !!
2022-02-14 11:07:15:228 - info: load reward_fishing reference table success !!
2022-02-14 11:07:15:235 - info: load system shop reference table success !!
2022-02-14 11:07:15:248 - info: 서버가 시작되었습니다. [port:10001]
2022-02-14 11:07:15:248 - info: try to start [freemeta match server] : http://175.123.90.25:10001
2022-02-14 11:07:15:248 - info: packet status : packet status not recorded yet.
2022-02-14 11:10:36:179 - info: room_key = M7_7, update_time = 2022-02-14 11:10:24, current_time = 2022-02-14 11:10:36
2022-02-14 11:12:15:041 - info: [game db pool] all : 2, wait : 0, acqu : 0, free : 2
2022-02-14 11:12:15:041 - info: [log db pool ] all : 0, wait : 0, acqu : 0, free : 0
2022-02-14 11:12:15:041 - info: [msg db pool ] all : 0, wait : 0, acqu : 0, free : 0
2022-02-14 11:12:15:042 - info: [shard db pool : [1] ] all : 0, wait : 0, acqu : 0, free : 0
2022-02-14 11:12:15:251 - info: packet status : {"401":{"cmd":401,"key":"world_join","call":1,"total":0,"max":0,"min":0,"average":0},"413":{"cmd":413,"key":"world_live_list","call":14,"total":0,"max":0,"min":0,"average":0}}
2022-02-14 11:17:15:011 - info: main: redis pong
2022-02-14 11:17:15:011 - info: sub: redis pong
2022-02-14 11:17:15:011 - info: msg: redis pong
2022-02-14 11:17:15:038 - info: [game db pool] all : 2, wait : 0, acqu : 0, free : 2
2022-02-14 11:17:15:038 - info: [log db pool ] all : 0, wait : 0, acqu : 0, free : 0
2022-02-14 11:17:15:038 - info: [msg db pool ] all : 0, wait : 0, acqu : 0, free : 0
2022-02-14 11:17:15:038 - info: [shard db pool : [1] ] all : 0, wait : 0, acqu : 0, free : 0
2022-02-14 11:17:15:250 - info: packet status : {"401":{"cmd":401,"key":"world_join","call":1,"total":0,"max":0,"min":0,"average":0},"413":{"cmd":413,"key":"world_live_list","call":14,"total":0,"max":0,"min":0,"average":0}}
2022-02-14 11:17:41:857 - info: room_key = M7_7, update_time = 2022-02-14 11:17:30, current_time = 2022-02-14 11:17:41
2022-02-14 11:19:24:202 - info: room_key = M6_6, update_time = 2022-02-14 11:19:13, current_time = 2022-02-14 11:19:24
2022-02-14 11:19:48:304 - info: room_key = M6_6, update_time = 2022-02-14 11:19:37, current_time = 2022-02-14 11:19:48
2022-02-14 11:20:28:481 - info: room_key = M6_6, update_time = 2022-02-14 11:20:17, current_time = 2022-02-14 11:20:28
2022-02-14 11:22:15:043 - info: [game db pool] all : 2, wait : 0, acqu : 0, free : 2
2022-02-14 11:22:15:043 - info: [log db pool ] all : 0, wait : 0, acqu : 0, free : 0
2022-02-14 11:22:15:043 - info: [msg db pool ] all : 0, wait : 0, acqu : 0, free : 0
2022-02-14 11:22:15:043 - info: [shard db pool : [1] ] all : 0, wait : 0, acqu : 0, free : 0
2022-02-14 11:22:15:255 - info: packet status : {"401":{"cmd":401,"key":"world_join","call":7,"total":0,"max":0,"min":0,"average":0},"409":{"cmd":409,"key":"world_live_on","call":2,"total":3,"max":3,"min":0,"average":1.5},"411":{"cmd":411,"key":"world_live_off","call":1,"total":0,"max":0,"min":0,"average":0},"413":{"cmd":413,"key":"world_live_list","call":21,"total":0,"max":0,"min":0,"average":0},"427":{"cmd":427,"key":"world_join_reconnect","call":1,"total":0,"max":0,"min":0,"average":0}}
2022-02-14 11:24:41:521 - info: room_key = M7_7, update_time = 2022-02-14 11:24:30, current_time = 2022-02-14 11:24:41
2022-02-14 11:27:15:017 - info: sub: redis pong
2022-02-14 11:27:15:017 - info: main: redis pong
2022-02-14 11:27:15:018 - info: msg: redis pong
2022-02-14 11:27:15:045 - info: [game db pool] all : 2, wait : 0, acqu : 0, free : 2
2022-02-14 11:27:15:045 - info: [log db pool ] all : 0, wait : 0, acqu : 0, free : 0
2022-02-14 11:27:15:045 - info: [msg db pool ] all : 0, wait : 0, acqu : 0, free : 0
2022-02-14 11:27:15:045 - info: [shard db pool : [1] ] all : 0, wait : 0, acqu : 0, free : 0
2022-02-14 11:27:15:254 - info: packet status : {"401":{"cmd":401,"key":"world_join","call":9,"total":0,"max":0,"min":0,"average":0},"409":{"cmd":409,"key":"world_live_on","call":7,"total":3,"max":3,"min":0,"average":0.42857142857142855},"411":{"cmd":411,"key":"world_live_off","call":2,"total":0,"max":0,"min":0,"average":0},"413":{"cmd":413,"key":"world_live_list","call":28,"total":0,"max":0,"min":0,"average":0},"427":{"cmd":427,"key":"world_join_reconnect","call":3,"total":0,"max":0,"min":0,"average":0}}
2022-02-14 11:32:15:042 - info: [game db pool] all : 2, wait : 0, acqu : 0, free : 2
2022-02-14 11:32:15:042 - info: [log db pool ] all : 0, wait : 0, acqu : 0, free : 0
2022-02-14 11:32:15:042 - info: [msg db pool ] all : 0, wait : 0, acqu : 0, free : 0
2022-02-14 11:32:15:042 - info: [shard db pool : [1] ] all : 0, wait : 0, acqu : 0, free : 0
2022-02-14 11:32:15:253 - info: packet status : {"401":{"cmd":401,"key":"world_join","call":10,"total":0,"max":0,"min":0,"average":0},"409":{"cmd":409,"key":"world_live_on","call":12,"total":3,"max":3,"min":0,"average":0.25},"411":{"cmd":411,"key":"world_live_off","call":3,"total":0,"max":0,"min":0,"average":0},"413":{"cmd":413,"key":"world_live_list","call":31,"total":0,"max":0,"min":0,"average":0},"427":{"cmd":427,"key":"world_join_reconnect","call":4,"total":0,"max":0,"min":0,"average":0}}
2022-02-14 11:33:20:914 - info: room_key = M7_7, update_time = 2022-02-14 11:33:09, current_time = 2022-02-14 11:33:20
2022-02-14 11:33:36:849 - error: {"cmd":409,"aidx":7,"session":"47872467","room_key":"M7_7","msg":"MTEx","image_url":"/default/def.jpg","world_data_url":"/default/def.fmw","world_read":11,"world_like":0}
2022-02-14 11:33:36:849 - error: {"data":{},"cmd":410,"status":-1065}
2022-02-14 11:33:36:849 - error: -1065
2022-02-14 11:37:15:007 - info: main: redis pong
2022-02-14 11:37:15:008 - info: sub: redis pong
2022-02-14 11:37:15:008 - info: msg: redis pong
2022-02-14 11:37:15:050 - info: [game db pool] all : 2, wait : 0, acqu : 0, free : 2
2022-02-14 11:37:15:050 - info: [log db pool ] all : 0, wait : 0, acqu : 0, free : 0
2022-02-14 11:37:15:050 - info: [msg db pool ] all : 0, wait : 0, acqu : 0, free : 0
2022-02-14 11:37:15:050 - info: [shard db pool : [1] ] all : 0, wait : 0, acqu : 0, free : 0
2022-02-14 11:37:15:261 - info: packet status : {"401":{"cmd":401,"key":"world_join","call":11,"total":0,"max":0,"min":0,"average":0},"409":{"cmd":409,"key":"world_live_on","call":17,"total":3,"max":3,"min":0,"average":0.17647058823529413},"411":{"cmd":411,"key":"world_live_off","call":3,"total":0,"max":0,"min":0,"average":0},"413":{"cmd":413,"key":"world_live_list","call":36,"total":0,"max":0,"min":0,"average":0},"427":{"cmd":427,"key":"world_join_reconnect","call":6,"total":1,"max":1,"min":0,"average":0.16666666666666666}}
2022-02-14 11:42:15:051 - info: [game db pool] all : 2, wait : 0, acqu : 0, free : 2
2022-02-14 11:42:15:051 - info: [log db pool ] all : 0, wait : 0, acqu : 0, free : 0
2022-02-14 11:42:15:051 - info: [msg db pool ] all : 0, wait : 0, acqu : 0, free : 0
2022-02-14 11:42:15:051 - info: [shard db pool : [1] ] all : 0, wait : 0, acqu : 0, free : 0
2022-02-14 11:42:15:262 - info: packet status : {"401":{"cmd":401,"key":"world_join","call":11,"total":0,"max":0,"min":0,"average":0},"409":{"cmd":409,"key":"world_live_on","call":22,"total":3,"max":3,"min":0,"average":0.13636363636363635},"411":{"cmd":411,"key":"world_live_off","call":3,"total":0,"max":0,"min":0,"average":0},"413":{"cmd":413,"key":"world_live_list","call":36,"total":0,"max":0,"min":0,"average":0},"427":{"cmd":427,"key":"world_join_reconnect","call":6,"total":1,"max":1,"min":0,"average":0.16666666666666666}}
2022-02-14 11:45:04:742 - info: room_key = M7_7, update_time = 2022-02-14 11:44:53, current_time = 2022-02-14 11:45:04
2022-02-14 11:46:33:017 - info: room_key = M7_7, update_time = 2022-02-14 11:46:22, current_time = 2022-02-14 11:46:33
2022-02-14 11:46:47:091 - error: {"cmd":409,"aidx":7,"session":"28677662","room_key":"M7_7","msg":"MTIzMTIz","image_url":"/default/def.jpg","world_data_url":"/default/def.fmw","world_read":14,"world_like":0}
2022-02-14 11:46:47:092 - error: {"data":{},"cmd":410,"status":-1065}
2022-02-14 11:46:47:092 - error: -1065
2022-02-14 11:47:15:007 - info: sub: redis pong
2022-02-14 11:47:15:008 - info: main: redis pong
2022-02-14 11:47:15:008 - info: msg: redis pong
2022-02-14 11:47:15:050 - info: [game db pool] all : 2, wait : 0, acqu : 0, free : 2
2022-02-14 11:47:15:050 - info: [log db pool ] all : 0, wait : 0, acqu : 0, free : 0
2022-02-14 11:47:15:050 - info: [msg db pool ] all : 0, wait : 0, acqu : 0, free : 0
2022-02-14 11:47:15:050 - info: [shard db pool : [1] ] all : 0, wait : 0, acqu : 0, free : 0
2022-02-14 11:47:15:261 - info: packet status : {"401":{"cmd":401,"key":"world_join","call":12,"total":0,"max":0,"min":0,"average":0},"409":{"cmd":409,"key":"world_live_on","call":27,"total":3,"max":3,"min":0,"average":0.1111111111111111},"411":{"cmd":411,"key":"world_live_off","call":4,"total":0,"max":0,"min":0,"average":0},"413":{"cmd":413,"key":"world_live_list","call":39,"total":0,"max":0,"min":0,"average":0},"427":{"cmd":427,"key":"world_join_reconnect","call":8,"total":1,"max":1,"min":0,"average":0.125}}
2022-02-14 11:52:15:049 - info: [game db pool] all : 2, wait : 0, acqu : 0, free : 2
2022-02-14 11:52:15:049 - info: [log db pool ] all : 0, wait : 0, acqu : 0, free : 0
2022-02-14 11:52:15:049 - info: [msg db pool ] all : 0, wait : 0, acqu : 0, free : 0
2022-02-14 11:52:15:049 - info: [shard db pool : [1] ] all : 0, wait : 0, acqu : 0, free : 0
2022-02-14 11:52:15:261 - info: packet status : {"401":{"cmd":401,"key":"world_join","call":13,"total":0,"max":0,"min":0,"average":0},"409":{"cmd":409,"key":"world_live_on","call":31,"total":3,"max":3,"min":0,"average":0.0967741935483871},"411":{"cmd":411,"key":"world_live_off","call":4,"total":0,"max":0,"min":0,"average":0},"413":{"cmd":413,"key":"world_live_list","call":42,"total":0,"max":0,"min":0,"average":0},"427":{"cmd":427,"key":"world_join_reconnect","call":9,"total":1,"max":1,"min":0,"average":0.1111111111111111}}
2022-02-14 11:57:15:006 - info: main: redis pong
2022-02-14 11:57:15:006 - info: sub: redis pong
2022-02-14 11:57:15:006 - info: msg: redis pong
2022-02-14 11:57:15:049 - info: [game db pool] all : 2, wait : 0, acqu : 0, free : 2
2022-02-14 11:57:15:050 - info: [log db pool ] all : 0, wait : 0, acqu : 0, free : 0
2022-02-14 11:57:15:050 - info: [msg db pool ] all : 0, wait : 0, acqu : 0, free : 0
2022-02-14 11:57:15:051 - info: [shard db pool : [1] ] all : 0, wait : 0, acqu : 0, free : 0
2022-02-14 11:57:15:261 - info: packet status : {"401":{"cmd":401,"key":"world_join","call":13,"total":0,"max":0,"min":0,"average":0},"409":{"cmd":409,"key":"world_live_on","call":36,"total":4,"max":3,"min":0,"average":0.1111111111111111},"411":{"cmd":411,"key":"world_live_off","call":4,"total":0,"max":0,"min":0,"average":0},"413":{"cmd":413,"key":"world_live_list","call":42,"total":0,"max":0,"min":0,"average":0},"427":{"cmd":427,"key":"world_join_reconnect","call":9,"total":1,"max":1,"min":0,"average":0.1111111111111111}}
2022-02-14 12:01:21:872 - info: room_key = M7_7, update_time = 2022-02-14 12:01:10, current_time = 2022-02-14 12:01:21
