2022-01-19 16:17:55:266 - info: main : redis-connect-database = 0 : 49.50.172.145:6379
2022-01-19 16:17:55:272 - info: sub : redis-connect-database = 1 : 49.50.172.145:6379
2022-01-19 16:17:55:274 - info: msg : redis-connect-database = 2 : 49.50.172.145:6379
2022-01-19 16:17:55:278 - info: mysql freemeta_com com db init : 49.50.172.145:3306
2022-01-19 16:17:55:279 - info: mysql freemeta_log log db init : 49.50.172.145:3306
2022-01-19 16:17:55:279 - info: mysql freemeta_msg msg db init : 49.50.172.145:3306
2022-01-19 16:17:55:293 - info: mysql freemeta_01 shard db init : 10.36.69.58:3306
2022-01-19 16:17:55:313 - info: load achievement reference table success !!
2022-01-19 16:17:55:318 - info: load character reference table success !!
2022-01-19 16:17:55:342 - info: load collection reference table success !!
2022-01-19 16:17:55:348 - info: load daily attendance reference table success !!
2022-01-19 16:17:55:405 - info: load item reference table success !!
2022-01-19 16:17:55:413 - info: load open world reference table success !!
2022-01-19 16:17:55:423 - info: load payment reference table success !!
2022-01-19 16:17:55:429 - info: load play world reference table success !!
2022-01-19 16:17:55:435 - info: load ranking reward reference table success !!
2022-01-19 16:17:55:458 - info: load reward reference table success !!
2022-01-19 16:17:55:464 - info: load reward_fishing reference table success !!
2022-01-19 16:17:55:471 - info: load system shop reference table success !!
2022-01-19 16:17:55:484 - info: 서버가 시작되었습니다. [port:30052]
2022-01-19 16:17:55:485 - info: try to start [freemeta match server] : http://127.0.0.1:30052
2022-01-19 16:17:55:485 - info: packet status : packet status not recorded yet.
2022-01-19 16:21:56:388 - info: room_key = P1000001_0, update_time = 2022-01-19 16:21:44, current_time = 2022-01-19 16:21:56
2022-01-19 16:22:55:301 - info: [game db pool] all : 2, wait : 0, acqu : 0, free : 2
2022-01-19 16:22:55:301 - info: [log db pool ] all : 0, wait : 0, acqu : 0, free : 0
2022-01-19 16:22:55:301 - info: [msg db pool ] all : 0, wait : 0, acqu : 0, free : 0
2022-01-19 16:22:55:302 - info: [shard db pool : [1] ] all : 0, wait : 0, acqu : 0, free : 0
2022-01-19 16:22:55:496 - info: packet status : {"401":{"cmd":401,"key":"world_join","call":1,"total":0,"max":0,"min":0,"average":0}}
2022-01-19 16:26:17:597 - error: {"aidx":53,"session":"34893633","room_key":"M53_66","target_aidx":53,"widx":66,"host":"175.123.90.25","port":10000,"msg":"live message test 입니다.","cmd":409}
2022-01-19 16:26:17:597 - error: {"data":{},"cmd":410,"status":-1065}
2022-01-19 16:26:17:598 - error: -1065
2022-01-19 16:27:55:281 - info: msg: redis pong
2022-01-19 16:27:55:281 - info: sub: redis pong
2022-01-19 16:27:55:281 - info: main: redis pong
2022-01-19 16:27:55:309 - info: [game db pool] all : 2, wait : 0, acqu : 0, free : 2
2022-01-19 16:27:55:309 - info: [log db pool ] all : 0, wait : 0, acqu : 0, free : 0
2022-01-19 16:27:55:309 - info: [msg db pool ] all : 0, wait : 0, acqu : 0, free : 0
2022-01-19 16:27:55:309 - info: [shard db pool : [1] ] all : 0, wait : 0, acqu : 0, free : 0
2022-01-19 16:27:55:504 - info: packet status : {"401":{"cmd":401,"key":"world_join","call":1,"total":0,"max":0,"min":0,"average":0},"409":{"cmd":409,"key":"world_live_on","call":1,"total":0,"max":0,"min":0,"average":0}}
2022-01-19 16:32:55:321 - info: [game db pool] all : 2, wait : 0, acqu : 0, free : 2
2022-01-19 16:32:55:321 - info: [log db pool ] all : 0, wait : 0, acqu : 0, free : 0
2022-01-19 16:32:55:321 - info: [msg db pool ] all : 0, wait : 0, acqu : 0, free : 0
2022-01-19 16:32:55:321 - info: [shard db pool : [1] ] all : 0, wait : 0, acqu : 0, free : 0
2022-01-19 16:32:55:518 - info: packet status : {"401":{"cmd":401,"key":"world_join","call":1,"total":0,"max":0,"min":0,"average":0},"409":{"cmd":409,"key":"world_live_on","call":1,"total":0,"max":0,"min":0,"average":0}}
2022-01-19 16:37:55:275 - info: main: redis pong
2022-01-19 16:37:55:275 - info: msg: redis pong
2022-01-19 16:37:55:275 - info: sub: redis pong
2022-01-19 16:37:55:319 - info: [game db pool] all : 2, wait : 0, acqu : 0, free : 2
2022-01-19 16:37:55:319 - info: [log db pool ] all : 0, wait : 0, acqu : 0, free : 0
2022-01-19 16:37:55:319 - info: [msg db pool ] all : 0, wait : 0, acqu : 0, free : 0
2022-01-19 16:37:55:319 - info: [shard db pool : [1] ] all : 0, wait : 0, acqu : 0, free : 0
2022-01-19 16:37:55:515 - info: packet status : {"401":{"cmd":401,"key":"world_join","call":1,"total":0,"max":0,"min":0,"average":0},"409":{"cmd":409,"key":"world_live_on","call":1,"total":0,"max":0,"min":0,"average":0}}
2022-01-19 16:42:55:322 - info: [game db pool] all : 2, wait : 0, acqu : 0, free : 2
2022-01-19 16:42:55:322 - info: [log db pool ] all : 0, wait : 0, acqu : 0, free : 0
2022-01-19 16:42:55:323 - info: [msg db pool ] all : 0, wait : 0, acqu : 0, free : 0
2022-01-19 16:42:55:323 - info: [shard db pool : [1] ] all : 0, wait : 0, acqu : 0, free : 0
2022-01-19 16:42:55:518 - info: packet status : {"401":{"cmd":401,"key":"world_join","call":1,"total":0,"max":0,"min":0,"average":0},"409":{"cmd":409,"key":"world_live_on","call":1,"total":0,"max":0,"min":0,"average":0}}
2022-01-19 16:47:55:270 - info: main: redis pong
2022-01-19 16:47:55:270 - info: sub: redis pong
2022-01-19 16:47:55:271 - info: msg: redis pong
2022-01-19 16:47:55:327 - info: [game db pool] all : 2, wait : 0, acqu : 0, free : 2
2022-01-19 16:47:55:327 - info: [log db pool ] all : 0, wait : 0, acqu : 0, free : 0
2022-01-19 16:47:55:327 - info: [msg db pool ] all : 0, wait : 0, acqu : 0, free : 0
2022-01-19 16:47:55:327 - info: [shard db pool : [1] ] all : 0, wait : 0, acqu : 0, free : 0
2022-01-19 16:47:55:523 - info: packet status : {"401":{"cmd":401,"key":"world_join","call":1,"total":0,"max":0,"min":0,"average":0},"409":{"cmd":409,"key":"world_live_on","call":1,"total":0,"max":0,"min":0,"average":0}}
