2022-01-19 16:48:06:642 - info: main : redis-connect-database = 0 : 49.50.172.145:6379
2022-01-19 16:48:06:648 - info: sub : redis-connect-database = 1 : 49.50.172.145:6379
2022-01-19 16:48:06:651 - info: msg : redis-connect-database = 2 : 49.50.172.145:6379
2022-01-19 16:48:06:654 - info: mysql freemeta_com com db init : 49.50.172.145:3306
2022-01-19 16:48:06:655 - info: mysql freemeta_log log db init : 49.50.172.145:3306
2022-01-19 16:48:06:655 - info: mysql freemeta_msg msg db init : 49.50.172.145:3306
2022-01-19 16:48:06:669 - info: mysql freemeta_01 shard db init : 10.36.69.58:3306
2022-01-19 16:48:06:692 - info: load achievement reference table success !!
2022-01-19 16:48:06:698 - info: load character reference table success !!
2022-01-19 16:48:06:723 - info: load collection reference table success !!
2022-01-19 16:48:06:730 - info: load daily attendance reference table success !!
2022-01-19 16:48:06:797 - info: load item reference table success !!
2022-01-19 16:48:06:806 - info: load open world reference table success !!
2022-01-19 16:48:06:816 - info: load payment reference table success !!
2022-01-19 16:48:06:822 - info: load play world reference table success !!
2022-01-19 16:48:06:830 - info: load ranking reward reference table success !!
2022-01-19 16:48:06:855 - info: load reward reference table success !!
2022-01-19 16:48:06:863 - info: load reward_fishing reference table success !!
2022-01-19 16:48:06:870 - info: load system shop reference table success !!
2022-01-19 16:48:06:885 - info: 서버가 시작되었습니다. [port:30052]
2022-01-19 16:48:06:885 - info: try to start [freemeta match server] : http://127.0.0.1:30052
2022-01-19 16:48:06:885 - info: packet status : packet status not recorded yet.
2022-01-19 16:50:39:558 - info: room_key = M5_5, update_time = 2022-01-19 16:50:28, current_time = 2022-01-19 16:50:39
2022-01-19 16:53:06:670 - info: [game db pool] all : 2, wait : 0, acqu : 0, free : 2
2022-01-19 16:53:06:670 - info: [log db pool ] all : 0, wait : 0, acqu : 0, free : 0
2022-01-19 16:53:06:671 - info: [msg db pool ] all : 0, wait : 0, acqu : 0, free : 0
2022-01-19 16:53:06:671 - info: [shard db pool : [1] ] all : 0, wait : 0, acqu : 0, free : 0
2022-01-19 16:53:06:881 - info: packet status : {"401":{"cmd":401,"key":"world_join","call":1,"total":0,"max":0,"min":0,"average":0}}
2022-01-19 16:58:06:650 - info: sub: redis pong
2022-01-19 16:58:06:650 - info: msg: redis pong
2022-01-19 16:58:06:651 - info: main: redis pong
2022-01-19 16:58:06:678 - info: [game db pool] all : 2, wait : 0, acqu : 0, free : 2
2022-01-19 16:58:06:678 - info: [log db pool ] all : 0, wait : 0, acqu : 0, free : 0
2022-01-19 16:58:06:678 - info: [msg db pool ] all : 0, wait : 0, acqu : 0, free : 0
2022-01-19 16:58:06:678 - info: [shard db pool : [1] ] all : 0, wait : 0, acqu : 0, free : 0
2022-01-19 16:58:06:889 - info: packet status : {"401":{"cmd":401,"key":"world_join","call":1,"total":0,"max":0,"min":0,"average":0}}
2022-01-19 16:58:53:569 - info: room_key = M5_5, update_time = 2022-01-19 16:58:42, current_time = 2022-01-19 16:58:53
2022-01-19 17:03:06:678 - info: [game db pool] all : 2, wait : 0, acqu : 0, free : 2
2022-01-19 17:03:06:678 - info: [log db pool ] all : 0, wait : 0, acqu : 0, free : 0
2022-01-19 17:03:06:678 - info: [msg db pool ] all : 0, wait : 0, acqu : 0, free : 0
2022-01-19 17:03:06:678 - info: [shard db pool : [1] ] all : 0, wait : 0, acqu : 0, free : 0
2022-01-19 17:03:06:888 - info: packet status : {"401":{"cmd":401,"key":"world_join","call":2,"total":1,"max":1,"min":0,"average":0.5}}
2022-01-19 17:08:06:659 - info: main: redis pong
2022-01-19 17:08:06:659 - info: msg: redis pong
2022-01-19 17:08:06:660 - info: sub: redis pong
2022-01-19 17:08:06:687 - info: [game db pool] all : 2, wait : 0, acqu : 0, free : 2
2022-01-19 17:08:06:687 - info: [log db pool ] all : 0, wait : 0, acqu : 0, free : 0
2022-01-19 17:08:06:687 - info: [msg db pool ] all : 0, wait : 0, acqu : 0, free : 0
2022-01-19 17:08:06:687 - info: [shard db pool : [1] ] all : 0, wait : 0, acqu : 0, free : 0
2022-01-19 17:08:06:897 - info: packet status : {"401":{"cmd":401,"key":"world_join","call":2,"total":1,"max":1,"min":0,"average":0.5}}
2022-01-19 17:13:06:693 - info: [game db pool] all : 2, wait : 0, acqu : 0, free : 2
2022-01-19 17:13:06:693 - info: [log db pool ] all : 0, wait : 0, acqu : 0, free : 0
2022-01-19 17:13:06:693 - info: [msg db pool ] all : 0, wait : 0, acqu : 0, free : 0
2022-01-19 17:13:06:693 - info: [shard db pool : [1] ] all : 0, wait : 0, acqu : 0, free : 0
2022-01-19 17:13:06:904 - info: packet status : {"401":{"cmd":401,"key":"world_join","call":2,"total":1,"max":1,"min":0,"average":0.5}}
2022-01-19 17:14:57:516 - info: room_key = M5_5, update_time = 2022-01-19 17:14:46, current_time = 2022-01-19 17:14:57
2022-01-19 17:15:34:538 - error: {"aidx":5,"session":"75227615","room_key":"M5_5","world_type":2,"host":"118.67.142.205","port":10000,"cmd":427}
2022-01-19 17:15:34:538 - error: {"data":{},"cmd":428,"status":-1065}
2022-01-19 17:15:34:538 - error: -1065
2022-01-19 17:16:19:800 - info: room_key = M5_5, update_time = 2022-01-19 17:16:08, current_time = 2022-01-19 17:16:19
2022-01-19 17:16:29:275 - error: {"aidx":5,"session":"75227615","room_key":"M5_5","world_type":2,"host":"118.67.142.205","port":10001,"cmd":427}
2022-01-19 17:16:29:275 - error: {"data":{},"cmd":428,"status":-1065}
2022-01-19 17:16:29:275 - error: -1065
2022-01-19 17:17:59:271 - error: {"aidx":5,"session":"75227615","room_key":"M5_5","world_type":2,"host":"118.67.142.205","port":10001,"cmd":427}
2022-01-19 17:17:59:272 - error: {"data":{},"cmd":428,"status":-1065}
2022-01-19 17:17:59:272 - error: -1065
2022-01-19 17:18:06:668 - info: msg: redis pong
2022-01-19 17:18:06:668 - info: sub: redis pong
2022-01-19 17:18:06:668 - info: main: redis pong
2022-01-19 17:18:06:696 - info: [game db pool] all : 2, wait : 0, acqu : 0, free : 2
2022-01-19 17:18:06:696 - info: [log db pool ] all : 0, wait : 0, acqu : 0, free : 0
2022-01-19 17:18:06:696 - info: [msg db pool ] all : 0, wait : 0, acqu : 0, free : 0
2022-01-19 17:18:06:696 - info: [shard db pool : [1] ] all : 0, wait : 0, acqu : 0, free : 0
2022-01-19 17:18:06:907 - info: packet status : {"401":{"cmd":401,"key":"world_join","call":4,"total":1,"max":1,"min":0,"average":0.25},"427":{"cmd":427,"key":"world_join_reconnect","call":3,"total":56,"max":56,"min":0,"average":18.666666666666668}}
2022-01-19 17:19:53:717 - info: room_key = M5_5, update_time = 2022-01-19 17:19:42, current_time = 2022-01-19 17:19:53
